Brand: alfa-romeo
Referer header: https://www.alfaromeousa.com/
Found 28 image entries across 3 models.

[1/28] giulia/giulia/front_three_quarter  ok (42306 bytes, image/avif)
[2/28] giulia/giulia/rear_three_quarter  FAIL (wrong-content-type — content-type text/html;charset=utf-8)
[3/28] giulia/giulia/side_profile  ok (29729 bytes, image/avif)
[4/28] giulia/giulia/interior_dashboard  ok (11878 bytes, image/avif)
[5/28] giulia/giulia-veloce/front_three_quarter  ok (13698 bytes, image/avif)
[6/28] giulia/giulia-veloce/rear_three_quarter  FAIL (wrong-content-type — content-type text/html;charset=utf-8)
[7/28] giulia/giulia-veloce/side_profile  ok (32370 bytes, image/webp)
[8/28] giulia/giulia-veloce/interior_dashboard  ok (40211 bytes, image/avif)
[9/28] stelvio/stelvio/front_three_quarter  ok (50594 bytes, image/avif)
[10/28] stelvio/stelvio/rear_three_quarter  ok (32578 bytes, image/avif)
[11/28] stelvio/stelvio/side_profile  ok (35629 bytes, image/avif)
[12/28] stelvio/stelvio/interior_dashboard  ok (11488 bytes, image/avif)
[13/28] stelvio/stelvio-veloce/front_three_quarter  ok (11244 bytes, image/avif)
[14/28] stelvio/stelvio-veloce/rear_three_quarter  FAIL (wrong-content-type — content-type text/html;charset=utf-8)
[15/28] stelvio/stelvio-veloce/side_profile  FAIL (wrong-content-type — content-type text/html;charset=utf-8)
[16/28] stelvio/stelvio-veloce/interior_dashboard  ok (17693 bytes, image/avif)
[17/28] tonale/sprint/front_three_quarter  ok (16125 bytes, image/avif)
[18/28] tonale/sprint/rear_three_quarter  FAIL (wrong-content-type — content-type text/html;charset=utf-8)
[19/28] tonale/sprint/side_profile  FAIL (wrong-content-type — content-type text/html;charset=utf-8)
[20/28] tonale/sprint/interior_dashboard  ok (18617 bytes, image/avif)
[21/28] tonale/veloce/front_three_quarter  ok (34738 bytes, image/avif)
[22/28] tonale/veloce/rear_three_quarter  FAIL (wrong-content-type — content-type text/html;charset=utf-8)
[23/28] tonale/veloce/side_profile  FAIL (wrong-content-type — content-type text/html;charset=utf-8)
[24/28] tonale/veloce/interior_dashboard  ok (36518 bytes, image/avif)
[25/28] tonale/sport-speciale/front_three_quarter  ok (14547 bytes, image/avif)
[26/28] tonale/sport-speciale/rear_three_quarter  FAIL (wrong-content-type — content-type text/html;charset=utf-8)
[27/28] tonale/sport-speciale/side_profile  FAIL (wrong-content-type — content-type text/html;charset=utf-8)
[28/28] tonale/sport-speciale/interior_dashboard  ok (114103 bytes, image/jpeg)

Updated catalog/data/alfa-romeo.json and data/alfa-romeo.json with downloaded flags.

========================================
  SUMMARY
========================================
Brand:                  alfa-romeo
Total images attempted: 28
Successful:             18 (64.3%)
Failed:                 10

Failed by HTTP status:
  (none)

Failed by other error kind:
  wrong-content-type: 10

Models with zero successful images: 0 of 3

Failure breakdown (one example per group):
  [wrong-content-type (text/html;charset=utf-8)] x10 — e.g. https://www.alfaromeousa.com/models/giulia
