bentley                88/  88  100.00%
buick                  48/  48  100.00%
infiniti               32/  32  100.00%
mclaren                24/  24  100.00%
mini                   38/  38  100.00%
audi                  126/ 128   98.44%
bmw                   270/ 284   95.07%
toyota                133/ 140   95.00%
nissan                140/ 150   93.33%
jaguar                 11/  12   91.67%
volvo                  86/  95   90.53%
aston-martin           47/  52   90.38%
chevrolet             256/ 288   88.89%
mitsubishi             84/  96   87.50%
lucid                  20/  24   83.33%
honda                 174/ 212   82.08%
acura                  59/  72   81.94%
genesis                77/  94   81.91%
hyundai               120/ 152   78.95%
rivian                 15/  19   78.95%
gmc                   158/ 208   75.96%
cadillac              127/ 168   75.60%
lotus                  18/  24   75.00%
alfa-romeo             20/  28   71.43%
lexus                 153/ 216   70.83%
subaru                 91/ 131   69.47%
jeep                  142/ 220   64.55%
mazda                  53/  84   63.10%
porsche                78/ 155   50.32%
ford                   96/ 203   47.29%
maserati               21/  48   43.75%
lamborghini             5/  12   41.67%
polestar                5/  12   41.67%
rolls-royce            15/  38   39.47%
volkswagen             19/  49   38.78%
ram                    29/  88   32.95%
mercedes-benz         103/ 317   32.49%
land-rover             46/ 144   31.94%
kia                    16/  64   25.00%
ferrari                11/  48   22.92%
tesla                   0/  64    0.00%
TOTAL                3054/4369   69.90%
