# Ferrari candidate dump (STATIC FETCH) — generated 2026-05-15T05:14:11.785Z
# Loaded slug_variants for: 296-gtb, 296-gts, 296-speciale, 296-speciale-a, 12cilindri, 12cilindri-spider, 849-testarossa, 849-testarossa-spider

========================================================================
# MODEL: roma-spider
# URL:   https://www.ferrari.com/en-EN/auto/ferrari-roma-spider
========================================================================
# finalUrl: https://www.ferrari.com/en-EN/auto/ferrari-roma-spider
# html bytes: 526841
# raw candidates (deduped by URL): 0
# slug-matching (variant for "roma-spider"): 0
# host histogram:
# top URL-path tokens:
# candidates whose URL or alt contains the model name: 0
# first 40 raw candidates (URL + first 100 chars of alt):

# any-model-name mentions on this page (URL+alt):

========================================================================
# MODEL: amalfi
# URL:   https://www.ferrari.com/en-EN/auto/ferrari-amalfi
========================================================================
# finalUrl: https://www.ferrari.com/en-EN/auto/ferrari-amalfi
# html bytes: 507375
# raw candidates (deduped by URL): 0
# slug-matching (variant for "amalfi"): 0
# host histogram:
# top URL-path tokens:
# candidates whose URL or alt contains the model name: 0
# first 40 raw candidates (URL + first 100 chars of alt):

# any-model-name mentions on this page (URL+alt):

========================================================================
# MODEL: 296-gtb
# URL:   https://www.ferrari.com/en-EN/auto/296-gtb
========================================================================
# finalUrl: https://www.ferrari.com/en-EN/auto/296-gtb
# html bytes: 559936
# raw candidates (deduped by URL): 0
# slug-matching (variant for "296-gtb"): 0
# host histogram:
# top URL-path tokens:
# candidates whose URL or alt contains the model name: 0
# first 40 raw candidates (URL + first 100 chars of alt):

# any-model-name mentions on this page (URL+alt):

========================================================================
# MODEL: 12cilindri
# URL:   https://www.ferrari.com/en-EN/auto/ferrari-12cilindri
========================================================================
# finalUrl: https://www.ferrari.com/en-EN/auto/ferrari-12cilindri
# html bytes: 521901
# raw candidates (deduped by URL): 0
# slug-matching (variant for "12cilindri"): 0
# host histogram:
# top URL-path tokens:
# candidates whose URL or alt contains the model name: 0
# first 40 raw candidates (URL + first 100 chars of alt):

# any-model-name mentions on this page (URL+alt):

========================================================================
# MODEL: purosangue
# URL:   https://www.ferrari.com/en-EN/auto/ferrari-purosangue
========================================================================
# finalUrl: https://www.ferrari.com/en-EN/auto/ferrari-purosangue
# html bytes: 578455
# raw candidates (deduped by URL): 0
# slug-matching (variant for "purosangue"): 0
# host histogram:
# top URL-path tokens:
# candidates whose URL or alt contains the model name: 0
# first 40 raw candidates (URL + first 100 chars of alt):

# any-model-name mentions on this page (URL+alt):
