Brand: ford
Referer header: https://www.ford.com/
Found 203 image entries across 22 models.

[1/203] mustang/ecoboost-fastback/front_three_quarter  cached (284695 bytes)
[2/203] mustang/ecoboost-fastback/rear_three_quarter  cached (114201 bytes)
[3/203] mustang/ecoboost-fastback/side_profile  cached (23386 bytes)
[4/203] mustang/ecoboost-fastback/interior_dashboard  cached (60522 bytes)
[5/203] mustang/ecoboost-premium-fastback/front_three_quarter  FAIL (wrong-content-type — content-type text/html;charset=utf-8)
[6/203] mustang/ecoboost-convertible/front_three_quarter  cached (284695 bytes)
[7/203] mustang/ecoboost-convertible/rear_three_quarter  cached (114201 bytes)
[8/203] mustang/ecoboost-convertible/side_profile  cached (23386 bytes)
[9/203] mustang/ecoboost-convertible/interior_dashboard  cached (60522 bytes)
[10/203] mustang/ecoboost-premium-convertible/front_three_quarter  FAIL (wrong-content-type — content-type text/html;charset=utf-8)
[11/203] mustang/gt-fastback/front_three_quarter  cached (284695 bytes)
[12/203] mustang/gt-fastback/rear_three_quarter  cached (114201 bytes)
[13/203] mustang/gt-fastback/side_profile  cached (23386 bytes)
[14/203] mustang/gt-fastback/interior_dashboard  cached (60522 bytes)
[15/203] mustang/gt-premium-fastback/front_three_quarter  FAIL (wrong-content-type — content-type text/html;charset=utf-8)
[16/203] mustang/gt-premium-convertible/front_three_quarter  cached (284695 bytes)
[17/203] mustang/gt-premium-convertible/rear_three_quarter  cached (114201 bytes)
[18/203] mustang/gt-premium-convertible/side_profile  cached (23386 bytes)
[19/203] mustang/gt-premium-convertible/interior_dashboard  cached (60522 bytes)
[20/203] mustang-dark-horse/dark-horse/front_three_quarter  FAIL (wrong-content-type — content-type text/html;charset=utf-8)
[21/203] mustang-dark-horse/dark-horse/rear_three_quarter  FAIL (wrong-content-type — content-type text/html;charset=utf-8)
[22/203] mustang-dark-horse/dark-horse/side_profile  FAIL (wrong-content-type — content-type text/html;charset=utf-8)
[23/203] mustang-dark-horse/dark-horse/interior_dashboard  FAIL (wrong-content-type — content-type text/html;charset=utf-8)
[24/203] mustang-dark-horse/dark-horse-premium/front_three_quarter  FAIL (wrong-content-type — content-type text/html;charset=utf-8)
[25/203] mustang-dark-horse-sc/dark-horse-sc/front_three_quarter  FAIL (wrong-content-type — content-type text/html;charset=utf-8)
[26/203] mustang-dark-horse-sc/dark-horse-sc/rear_three_quarter  FAIL (wrong-content-type — content-type text/html;charset=utf-8)
[27/203] mustang-dark-horse-sc/dark-horse-sc/side_profile  FAIL (wrong-content-type — content-type text/html;charset=utf-8)
[28/203] mustang-dark-horse-sc/dark-horse-sc/interior_dashboard  FAIL (wrong-content-type — content-type text/html;charset=utf-8)
[29/203] mustang-gtd/gtd/front_three_quarter  cached (29496 bytes)
[30/203] mustang-gtd/gtd/rear_three_quarter  cached (51936 bytes)
[31/203] mustang-gtd/gtd/side_profile  cached (102021 bytes)
[32/203] mustang-gtd/gtd/interior_dashboard  cached (327483 bytes)
[33/203] mustang-mach-e/select/front_three_quarter  cached (285479 bytes)
[34/203] mustang-mach-e/select/rear_three_quarter  cached (150829 bytes)
[35/203] mustang-mach-e/select/side_profile  FAIL (wrong-content-type — content-type text/html;charset=utf-8)
[36/203] mustang-mach-e/select/interior_dashboard  cached (57751 bytes)
[37/203] mustang-mach-e/premium/front_three_quarter  cached (285479 bytes)
[38/203] mustang-mach-e/premium/rear_three_quarter  cached (150829 bytes)
[39/203] mustang-mach-e/premium/side_profile  FAIL (wrong-content-type — content-type text/html;charset=utf-8)
[40/203] mustang-mach-e/premium/interior_dashboard  cached (57751 bytes)
[41/203] mustang-mach-e/gt/front_three_quarter  cached (285479 bytes)
[42/203] mustang-mach-e/gt/rear_three_quarter  cached (150829 bytes)
[43/203] mustang-mach-e/gt/side_profile  FAIL (wrong-content-type — content-type text/html;charset=utf-8)
[44/203] mustang-mach-e/gt/interior_dashboard  cached (57751 bytes)
[45/203] mustang-mach-e-rally/rally/front_three_quarter  FAIL (wrong-content-type — content-type text/html;charset=utf-8)
[46/203] mustang-mach-e-rally/rally/rear_three_quarter  FAIL (wrong-content-type — content-type text/html;charset=utf-8)
[47/203] mustang-mach-e-rally/rally/side_profile  FAIL (wrong-content-type — content-type text/html;charset=utf-8)
[48/203] mustang-mach-e-rally/rally/interior_dashboard  FAIL (wrong-content-type — content-type text/html;charset=utf-8)
[49/203] bronco-sport/big-bend/front_three_quarter  cached (40213 bytes)
[50/203] bronco-sport/big-bend/rear_three_quarter  cached (495772 bytes)
[51/203] bronco-sport/big-bend/side_profile  FAIL (wrong-content-type — content-type text/html;charset=utf-8)
[52/203] bronco-sport/big-bend/interior_dashboard  cached (60338 bytes)
[53/203] bronco-sport/heritage/front_three_quarter  cached (40213 bytes)
[54/203] bronco-sport/heritage/rear_three_quarter  cached (495772 bytes)
[55/203] bronco-sport/heritage/side_profile  FAIL (wrong-content-type — content-type text/html;charset=utf-8)
[56/203] bronco-sport/heritage/interior_dashboard  cached (60338 bytes)
[57/203] bronco-sport/outer-banks/front_three_quarter  cached (40213 bytes)
[58/203] bronco-sport/outer-banks/rear_three_quarter  cached (495772 bytes)
[59/203] bronco-sport/outer-banks/side_profile  FAIL (wrong-content-type — content-type text/html;charset=utf-8)
[60/203] bronco-sport/outer-banks/interior_dashboard  cached (60338 bytes)
[61/203] bronco-sport/badlands/front_three_quarter  cached (40213 bytes)
[62/203] bronco-sport/badlands/rear_three_quarter  cached (495772 bytes)
[63/203] bronco-sport/badlands/side_profile  FAIL (wrong-content-type — content-type text/html;charset=utf-8)
[64/203] bronco-sport/badlands/interior_dashboard  cached (60338 bytes)
[65/203] bronco/base/front_three_quarter  cached (130534 bytes)
[66/203] bronco/base/rear_three_quarter  cached (300908 bytes)
[67/203] bronco/base/side_profile  cached (518427 bytes)
[68/203] bronco/base/interior_dashboard  cached (219048 bytes)
[69/203] bronco/big-bend/front_three_quarter  cached (130534 bytes)
[70/203] bronco/big-bend/rear_three_quarter  cached (300908 bytes)
[71/203] bronco/big-bend/side_profile  cached (518427 bytes)
[72/203] bronco/big-bend/interior_dashboard  cached (219048 bytes)
[73/203] bronco/black-diamond/front_three_quarter  cached (305150 bytes)
[74/203] bronco/outer-banks/front_three_quarter  cached (77228 bytes)
[75/203] bronco/badlands/front_three_quarter  cached (130534 bytes)
[76/203] bronco/badlands/rear_three_quarter  cached (300908 bytes)
[77/203] bronco/badlands/side_profile  cached (518427 bytes)
[78/203] bronco/badlands/interior_dashboard  cached (219048 bytes)
[79/203] bronco/heritage-edition/front_three_quarter  cached (282176 bytes)
[80/203] bronco/stroppe-edition/front_three_quarter  cached (130534 bytes)
[81/203] bronco/stroppe-edition/rear_three_quarter  cached (300908 bytes)
[82/203] bronco/stroppe-edition/side_profile  cached (518427 bytes)
[83/203] bronco/stroppe-edition/interior_dashboard  cached (219048 bytes)
[84/203] bronco-raptor/bronco-raptor/front_three_quarter  FAIL (wrong-content-type — content-type text/html;charset=utf-8)
[85/203] bronco-raptor/bronco-raptor/rear_three_quarter  FAIL (wrong-content-type — content-type text/html;charset=utf-8)
[86/203] bronco-raptor/bronco-raptor/side_profile  FAIL (wrong-content-type — content-type text/html;charset=utf-8)
[87/203] bronco-raptor/bronco-raptor/interior_dashboard  FAIL (wrong-content-type — content-type text/html;charset=utf-8)
[88/203] escape/active/front_three_quarter  cached (297724 bytes)
[89/203] escape/active/rear_three_quarter  FAIL (wrong-content-type — content-type text/html;charset=utf-8)
[90/203] escape/active/side_profile  FAIL (wrong-content-type — content-type text/html;charset=utf-8)
[91/203] escape/active/interior_dashboard  FAIL (wrong-content-type — content-type text/html;charset=utf-8)
[92/203] escape/st-line/front_three_quarter  FAIL (wrong-content-type — content-type text/html;charset=utf-8)
[93/203] escape/st-line-select-hybrid/front_three_quarter  cached (297724 bytes)
[94/203] escape/st-line-select-hybrid/rear_three_quarter  FAIL (wrong-content-type — content-type text/html;charset=utf-8)
[95/203] escape/st-line-select-hybrid/side_profile  FAIL (wrong-content-type — content-type text/html;charset=utf-8)
[96/203] escape/st-line-select-hybrid/interior_dashboard  FAIL (wrong-content-type — content-type text/html;charset=utf-8)
[97/203] escape/platinum-hybrid/front_three_quarter  cached (297724 bytes)
[98/203] escape/platinum-hybrid/rear_three_quarter  FAIL (wrong-content-type — content-type text/html;charset=utf-8)
[99/203] escape/platinum-hybrid/side_profile  FAIL (wrong-content-type — content-type text/html;charset=utf-8)
[100/203] escape/platinum-hybrid/interior_dashboard  FAIL (wrong-content-type — content-type text/html;charset=utf-8)
[101/203] escape/plug-in-hybrid/front_three_quarter  cached (297724 bytes)
[102/203] escape/plug-in-hybrid/rear_three_quarter  FAIL (wrong-content-type — content-type text/html;charset=utf-8)
[103/203] escape/plug-in-hybrid/side_profile  FAIL (wrong-content-type — content-type text/html;charset=utf-8)
[104/203] escape/plug-in-hybrid/interior_dashboard  FAIL (wrong-content-type — content-type text/html;charset=utf-8)
[105/203] explorer/active/front_three_quarter  FAIL (wrong-content-type — content-type text/html;charset=utf-8)
[106/203] explorer/active/rear_three_quarter  cached (93432 bytes)
[107/203] explorer/active/side_profile  FAIL (wrong-content-type — content-type text/html;charset=utf-8)
[108/203] explorer/active/interior_dashboard  FAIL (wrong-content-type — content-type text/html;charset=utf-8)
[109/203] explorer/st-line/front_three_quarter  FAIL (wrong-content-type — content-type text/html;charset=utf-8)
[110/203] explorer/tremor/front_three_quarter  FAIL (wrong-content-type — content-type text/html;charset=utf-8)
[111/203] explorer/tremor/rear_three_quarter  cached (93432 bytes)
[112/203] explorer/tremor/side_profile  FAIL (wrong-content-type — content-type text/html;charset=utf-8)
[113/203] explorer/tremor/interior_dashboard  FAIL (wrong-content-type — content-type text/html;charset=utf-8)
[114/203] explorer/platinum/front_three_quarter  FAIL (wrong-content-type — content-type text/html;charset=utf-8)
[115/203] explorer/st/front_three_quarter  FAIL (wrong-content-type — content-type text/html;charset=utf-8)
[116/203] explorer/st/rear_three_quarter  cached (93432 bytes)
[117/203] explorer/st/side_profile  FAIL (wrong-content-type — content-type text/html;charset=utf-8)
[118/203] explorer/st/interior_dashboard  FAIL (wrong-content-type — content-type text/html;charset=utf-8)
[119/203] expedition/active/front_three_quarter  FAIL (wrong-content-type — content-type text/html;charset=utf-8)
[120/203] expedition/active/rear_three_quarter  FAIL (wrong-content-type — content-type text/html;charset=utf-8)
[121/203] expedition/active/side_profile  FAIL (wrong-content-type — content-type text/html;charset=utf-8)
[122/203] expedition/active/interior_dashboard  cached (269705 bytes)
[123/203] expedition/platinum/front_three_quarter  FAIL (wrong-content-type — content-type text/html;charset=utf-8)
[124/203] expedition/tremor/front_three_quarter  FAIL (wrong-content-type — content-type text/html;charset=utf-8)
[125/203] expedition/tremor/rear_three_quarter  FAIL (wrong-content-type — content-type text/html;charset=utf-8)
[126/203] expedition/tremor/side_profile  FAIL (wrong-content-type — content-type text/html;charset=utf-8)
[127/203] expedition/tremor/interior_dashboard  cached (269705 bytes)
[128/203] expedition/king-ranch/front_three_quarter  FAIL (wrong-content-type — content-type text/html;charset=utf-8)
[129/203] maverick/xl/front_three_quarter  cached (244638 bytes)
[130/203] maverick/xl/rear_three_quarter  cached (216158 bytes)
[131/203] maverick/xl/side_profile  FAIL (wrong-content-type — content-type text/html;charset=utf-8)
[132/203] maverick/xl/interior_dashboard  cached (199666 bytes)
[133/203] maverick/xlt/front_three_quarter  cached (151535 bytes)
[134/203] maverick/lariat/front_three_quarter  cached (205620 bytes)
[135/203] maverick/lobo/front_three_quarter  cached (244638 bytes)
[136/203] maverick/lobo/rear_three_quarter  cached (216158 bytes)
[137/203] maverick/lobo/side_profile  FAIL (wrong-content-type — content-type text/html;charset=utf-8)
[138/203] maverick/lobo/interior_dashboard  cached (199666 bytes)
[139/203] maverick/tremor/front_three_quarter  cached (244638 bytes)
[140/203] maverick/tremor/rear_three_quarter  cached (216158 bytes)
[141/203] maverick/tremor/side_profile  FAIL (wrong-content-type — content-type text/html;charset=utf-8)
[142/203] maverick/tremor/interior_dashboard  cached (199666 bytes)
[143/203] ranger/xl/front_three_quarter  FAIL (wrong-content-type — content-type text/html;charset=utf-8)
[144/203] ranger/xl/rear_three_quarter  FAIL (wrong-content-type — content-type text/html;charset=utf-8)
[145/203] ranger/xl/side_profile  FAIL (wrong-content-type — content-type text/html;charset=utf-8)
[146/203] ranger/xl/interior_dashboard  FAIL (wrong-content-type — content-type text/html;charset=utf-8)
[147/203] ranger/xlt/front_three_quarter  FAIL (wrong-content-type — content-type text/html;charset=utf-8)
[148/203] ranger/lariat/front_three_quarter  FAIL (wrong-content-type — content-type text/html;charset=utf-8)
[149/203] ranger-raptor/ranger-raptor/front_three_quarter  FAIL (wrong-content-type — content-type text/html;charset=utf-8)
[150/203] ranger-raptor/ranger-raptor/rear_three_quarter  FAIL (wrong-content-type — content-type text/html;charset=utf-8)
[151/203] ranger-raptor/ranger-raptor/side_profile  FAIL (wrong-content-type — content-type text/html;charset=utf-8)
[152/203] ranger-raptor/ranger-raptor/interior_dashboard  FAIL (wrong-content-type — content-type text/html;charset=utf-8)
[153/203] f-150/xl/front_three_quarter  cached (161516 bytes)
[154/203] f-150/xl/rear_three_quarter  cached (469068 bytes)
[155/203] f-150/xl/side_profile  FAIL (wrong-content-type — content-type text/html;charset=utf-8)
[156/203] f-150/xl/interior_dashboard  cached (472368 bytes)
[157/203] f-150/stx/front_three_quarter  FAIL (wrong-content-type — content-type text/html;charset=utf-8)
[158/203] f-150/xlt/front_three_quarter  FAIL (wrong-content-type — content-type text/html;charset=utf-8)
[159/203] f-150/lariat/front_three_quarter  FAIL (wrong-content-type — content-type text/html;charset=utf-8)
[160/203] f-150/tremor/front_three_quarter  cached (161516 bytes)
[161/203] f-150/tremor/rear_three_quarter  cached (469068 bytes)
[162/203] f-150/tremor/side_profile  FAIL (wrong-content-type — content-type text/html;charset=utf-8)
[163/203] f-150/tremor/interior_dashboard  cached (472368 bytes)
[164/203] f-150/king-ranch/front_three_quarter  FAIL (wrong-content-type — content-type text/html;charset=utf-8)
[165/203] f-150/platinum/front_three_quarter  FAIL (wrong-content-type — content-type text/html;charset=utf-8)
[166/203] f-150/powerboost-hybrid/front_three_quarter  cached (161516 bytes)
[167/203] f-150/powerboost-hybrid/rear_three_quarter  cached (469068 bytes)
[168/203] f-150/powerboost-hybrid/side_profile  FAIL (wrong-content-type — content-type text/html;charset=utf-8)
[169/203] f-150/powerboost-hybrid/interior_dashboard  cached (472368 bytes)
[170/203] f-150-raptor/f-150-raptor/front_three_quarter  FAIL (wrong-content-type — content-type text/html;charset=utf-8)
[171/203] f-150-raptor/f-150-raptor/rear_three_quarter  FAIL (wrong-content-type — content-type text/html;charset=utf-8)
[172/203] f-150-raptor/f-150-raptor/side_profile  FAIL (wrong-content-type — content-type text/html;charset=utf-8)
[173/203] f-150-raptor/f-150-raptor/interior_dashboard  FAIL (wrong-content-type — content-type text/html;charset=utf-8)
[174/203] f-150-raptor-r/f-150-raptor-r/front_three_quarter  FAIL (wrong-content-type — content-type text/html;charset=utf-8)
[175/203] f-150-raptor-r/f-150-raptor-r/rear_three_quarter  FAIL (wrong-content-type — content-type text/html;charset=utf-8)
[176/203] f-150-raptor-r/f-150-raptor-r/side_profile  FAIL (wrong-content-type — content-type text/html;charset=utf-8)
[177/203] f-150-raptor-r/f-150-raptor-r/interior_dashboard  FAIL (wrong-content-type — content-type text/html;charset=utf-8)
[178/203] f-150-lightning/stx/front_three_quarter  cached (82217 bytes)
[179/203] f-150-lightning/stx/rear_three_quarter  cached (152907 bytes)
[180/203] f-150-lightning/stx/side_profile  cached (760511 bytes)
[181/203] f-150-lightning/stx/interior_dashboard  cached (168719 bytes)
[182/203] f-150-lightning/flash/front_three_quarter  FAIL (wrong-content-type — content-type text/html;charset=utf-8)
[183/203] f-150-lightning/lariat/front_three_quarter  FAIL (wrong-content-type — content-type text/html;charset=utf-8)
[184/203] f-150-lightning/platinum/front_three_quarter  FAIL (wrong-content-type — content-type text/html;charset=utf-8)
[185/203] f-250-super-duty/xl/front_three_quarter  FAIL (wrong-content-type — content-type text/html;charset=utf-8)
[186/203] f-250-super-duty/xl/rear_three_quarter  FAIL (wrong-content-type — content-type text/html;charset=utf-8)
[187/203] f-250-super-duty/xl/side_profile  cached (384382 bytes)
[188/203] f-250-super-duty/xl/interior_dashboard  cached (107834 bytes)
[189/203] f-250-super-duty/xlt/front_three_quarter  FAIL (wrong-content-type — content-type text/html;charset=utf-8)
[190/203] f-250-super-duty/lariat/front_three_quarter  FAIL (wrong-content-type — content-type text/html;charset=utf-8)
[191/203] f-250-super-duty/king-ranch/front_three_quarter  FAIL (wrong-content-type — content-type text/html;charset=utf-8)
[192/203] f-250-super-duty/platinum/front_three_quarter  FAIL (wrong-content-type — content-type text/html;charset=utf-8)
[193/203] f-250-super-duty/limited/front_three_quarter  FAIL (wrong-content-type — content-type text/html;charset=utf-8)
[194/203] f-350-super-duty/xl/front_three_quarter  FAIL (wrong-content-type — content-type text/html;charset=utf-8)
[195/203] f-350-super-duty/xl/rear_three_quarter  FAIL (wrong-content-type — content-type text/html;charset=utf-8)
[196/203] f-350-super-duty/xl/side_profile  FAIL (wrong-content-type — content-type text/html;charset=utf-8)
[197/203] f-350-super-duty/xl/interior_dashboard  cached (172304 bytes)
[198/203] f-350-super-duty/limited/front_three_quarter  FAIL (wrong-content-type — content-type text/html;charset=utf-8)
[199/203] f-450-super-duty/xl/front_three_quarter  FAIL (wrong-content-type — content-type text/html;charset=utf-8)
[200/203] f-450-super-duty/xl/rear_three_quarter  FAIL (wrong-content-type — content-type text/html;charset=utf-8)
[201/203] f-450-super-duty/xl/side_profile  FAIL (wrong-content-type — content-type text/html;charset=utf-8)
[202/203] f-450-super-duty/xl/interior_dashboard  FAIL (wrong-content-type — content-type text/html;charset=utf-8)
[203/203] f-450-super-duty/limited/front_three_quarter  FAIL (wrong-content-type — content-type text/html;charset=utf-8)

Updated catalog/data/ford.json and data/ford.json with downloaded flags.

========================================
  SUMMARY
========================================
Brand:                  ford
Total images attempted: 203
Successful:             96 (47.3%)
Failed:                 107

Failed by HTTP status:
  (none)

Failed by other error kind:
  wrong-content-type: 107

Models with zero successful images: 9 of 22
  - mustang-dark-horse (5 attempted)
  - mustang-dark-horse-sc (4 attempted)
  - mustang-mach-e-rally (4 attempted)
  - bronco-raptor (4 attempted)
  - ranger (6 attempted)
  - ranger-raptor (4 attempted)
  - f-150-raptor (4 attempted)
  - f-150-raptor-r (4 attempted)
  - f-450-super-duty (5 attempted)

Failure breakdown (one example per group):
  [wrong-content-type (text/html;charset=utf-8)] x107 — e.g. https://www.ford.com/cars/mustang/
