Brand: genesis
Referer header: https://www.genesis.com/
Found 94 image entries across 8 models.

[1/94] g70/2-5t-rwd/front_three_quarter  cached (73364 bytes)
[2/94] g70/2-5t-rwd/rear_three_quarter  cached (103038 bytes)
[3/94] g70/2-5t-rwd/side_profile  cached (21450 bytes)
[4/94] g70/2-5t-rwd/interior_dashboard  cached (157334 bytes)
[5/94] g70/2-5t-awd/front_three_quarter  cached (73364 bytes)
[6/94] g70/2-5t-prestige-rwd/interior_dashboard  cached (157334 bytes)
[7/94] g70/2-5t-prestige-awd/front_three_quarter  cached (73364 bytes)
[8/94] g70/3-3t-sport-prestige-rwd/front_three_quarter  cached (76950 bytes)
[9/94] g70/3-3t-sport-prestige-rwd/rear_three_quarter  cached (123804 bytes)
[10/94] g70/3-3t-sport-prestige-rwd/side_profile  cached (21450 bytes)
[11/94] g70/3-3t-sport-prestige-rwd/interior_dashboard  FAIL (wrong-content-type — content-type text/html; charset=utf-8)
[12/94] g70/3-3t-sport-prestige-awd/front_three_quarter  cached (76950 bytes)
[13/94] g70/3-3t-prestige-graphite-rwd/front_three_quarter  cached (76950 bytes)
[14/94] g70/3-3t-prestige-graphite-rwd/rear_three_quarter  cached (123804 bytes)
[15/94] g70/3-3t-prestige-graphite-rwd/side_profile  cached (21450 bytes)
[16/94] g70/3-3t-prestige-graphite-rwd/interior_dashboard  FAIL (wrong-content-type — content-type text/html; charset=utf-8)
[17/94] g70/3-3t-prestige-graphite-awd/front_three_quarter  cached (76950 bytes)
[18/94] g80/2-5t-awd/front_three_quarter  cached (82112 bytes)
[19/94] g80/2-5t-awd/rear_three_quarter  cached (29094 bytes)
[20/94] g80/2-5t-awd/side_profile  cached (67668 bytes)
[21/94] g80/2-5t-awd/interior_dashboard  cached (82002 bytes)
[22/94] g80/2-5t-advanced-awd/front_three_quarter  cached (82112 bytes)
[23/94] g80/3-5t-sport-prestige-awd/front_three_quarter  cached (53628 bytes)
[24/94] g80/3-5t-sport-prestige-awd/rear_three_quarter  cached (33808 bytes)
[25/94] g80/3-5t-sport-prestige-awd/side_profile  cached (67668 bytes)
[26/94] g80/3-5t-sport-prestige-awd/interior_dashboard  cached (39038 bytes)
[27/94] g80/3-5t-prestige-black-awd/front_three_quarter  FAIL (wrong-content-type — content-type text/html; charset=utf-8)
[28/94] g80/3-5t-prestige-black-awd/rear_three_quarter  FAIL (wrong-content-type — content-type text/html; charset=utf-8)
[29/94] g80/3-5t-prestige-black-awd/side_profile  FAIL (wrong-content-type — content-type text/html; charset=utf-8)
[30/94] g80/3-5t-prestige-black-awd/interior_dashboard  FAIL (wrong-content-type — content-type text/html; charset=utf-8)
[31/94] g90/3-5t-awd/front_three_quarter  cached (87392 bytes)
[32/94] g90/3-5t-awd/rear_three_quarter  cached (50778 bytes)
[33/94] g90/3-5t-awd/side_profile  cached (90338 bytes)
[34/94] g90/3-5t-awd/interior_dashboard  cached (93622 bytes)
[35/94] g90/3-5t-e-supercharger-awd/front_three_quarter  cached (87392 bytes)
[36/94] g90/3-5t-e-supercharger-awd/rear_three_quarter  cached (50778 bytes)
[37/94] g90/3-5t-e-supercharger-awd/side_profile  cached (90338 bytes)
[38/94] g90/3-5t-e-supercharger-awd/interior_dashboard  cached (156932 bytes)
[39/94] g90/3-5t-e-sc-prestige-black-awd/front_three_quarter  FAIL (wrong-content-type — content-type text/html; charset=utf-8)
[40/94] g90/3-5t-e-sc-prestige-black-awd/rear_three_quarter  FAIL (wrong-content-type — content-type text/html; charset=utf-8)
[41/94] g90/3-5t-e-sc-prestige-black-awd/side_profile  FAIL (wrong-content-type — content-type text/html; charset=utf-8)
[42/94] g90/3-5t-e-sc-prestige-black-awd/interior_dashboard  FAIL (wrong-content-type — content-type text/html; charset=utf-8)
[43/94] gv60/standard-rwd/front_three_quarter  cached (220478 bytes)
[44/94] gv60/standard-rwd/rear_three_quarter  cached (24340 bytes)
[45/94] gv60/standard-rwd/side_profile  cached (30714 bytes)
[46/94] gv60/standard-rwd/interior_dashboard  cached (185384 bytes)
[47/94] gv60/standard-awd/front_three_quarter  cached (220478 bytes)
[48/94] gv60/advanced-awd/front_three_quarter  cached (220478 bytes)
[49/94] gv60/performance-awd/front_three_quarter  cached (220478 bytes)
[50/94] gv60/performance-awd/rear_three_quarter  cached (24340 bytes)
[51/94] gv60/performance-awd/side_profile  cached (30714 bytes)
[52/94] gv60/performance-awd/interior_dashboard  cached (185384 bytes)
[53/94] gv70/2-5t-awd/front_three_quarter  cached (194642 bytes)
[54/94] gv70/2-5t-awd/rear_three_quarter  cached (166874 bytes)
[55/94] gv70/2-5t-awd/side_profile  cached (20584 bytes)
[56/94] gv70/2-5t-awd/interior_dashboard  cached (103786 bytes)
[57/94] gv70/2-5t-select-awd/front_three_quarter  cached (194642 bytes)
[58/94] gv70/2-5t-sport-prestige-awd/front_three_quarter  cached (194642 bytes)
[59/94] gv70/2-5t-sport-prestige-awd/interior_dashboard  cached (112784 bytes)
[60/94] gv70/3-5t-sport-advanced-awd/front_three_quarter  cached (194642 bytes)
[61/94] gv70/3-5t-sport-advanced-awd/rear_three_quarter  cached (166874 bytes)
[62/94] gv70/3-5t-sport-advanced-awd/side_profile  cached (20584 bytes)
[63/94] gv70/3-5t-sport-advanced-awd/interior_dashboard  cached (103786 bytes)
[64/94] gv70/3-5t-sport-prestige-awd/front_three_quarter  cached (194642 bytes)
[65/94] electrified-gv70/awd/front_three_quarter  cached (81206 bytes)
[66/94] electrified-gv70/awd/rear_three_quarter  cached (68518 bytes)
[67/94] electrified-gv70/awd/side_profile  cached (29622 bytes)
[68/94] electrified-gv70/awd/interior_dashboard  cached (205298 bytes)
[69/94] electrified-gv70/advanced-awd/front_three_quarter  cached (81206 bytes)
[70/94] electrified-gv70/prestige-awd/front_three_quarter  cached (51206 bytes)
[71/94] gv80/2-5t-rwd/front_three_quarter  cached (87674 bytes)
[72/94] gv80/2-5t-rwd/rear_three_quarter  cached (21656 bytes)
[73/94] gv80/2-5t-rwd/side_profile  cached (123624 bytes)
[74/94] gv80/2-5t-rwd/interior_dashboard  cached (169246 bytes)
[75/94] gv80/2-5t-awd/front_three_quarter  cached (87674 bytes)
[76/94] gv80/2-5t-advanced-awd/interior_dashboard  cached (185608 bytes)
[77/94] gv80/3-5t-advanced-awd/front_three_quarter  cached (202858 bytes)
[78/94] gv80/3-5t-advanced-awd/interior_dashboard  cached (48048 bytes)
[79/94] gv80/3-5t-prestige-black-awd/front_three_quarter  FAIL (wrong-content-type — content-type text/html; charset=utf-8)
[80/94] gv80/3-5t-prestige-black-awd/rear_three_quarter  FAIL (wrong-content-type — content-type text/html; charset=utf-8)
[81/94] gv80/3-5t-prestige-black-awd/side_profile  FAIL (wrong-content-type — content-type text/html; charset=utf-8)
[82/94] gv80/3-5t-prestige-black-awd/interior_dashboard  FAIL (wrong-content-type — content-type text/html; charset=utf-8)
[83/94] gv80-coupe/3-5t-awd/front_three_quarter  cached (127714 bytes)
[84/94] gv80-coupe/3-5t-awd/rear_three_quarter  cached (54010 bytes)
[85/94] gv80-coupe/3-5t-awd/side_profile  cached (113742 bytes)
[86/94] gv80-coupe/3-5t-awd/interior_dashboard  cached (35440 bytes)
[87/94] gv80-coupe/3-5t-e-supercharger-awd/front_three_quarter  cached (29138 bytes)
[88/94] gv80-coupe/3-5t-e-supercharger-awd/rear_three_quarter  cached (36886 bytes)
[89/94] gv80-coupe/3-5t-e-supercharger-awd/side_profile  cached (66582 bytes)
[90/94] gv80-coupe/3-5t-e-supercharger-awd/interior_dashboard  cached (68640 bytes)
[91/94] gv80-coupe/3-5t-e-sc-prestige-black-awd/front_three_quarter  cached (105500 bytes)
[92/94] gv80-coupe/3-5t-e-sc-prestige-black-awd/rear_three_quarter  FAIL (wrong-content-type — content-type text/html; charset=utf-8)
[93/94] gv80-coupe/3-5t-e-sc-prestige-black-awd/side_profile  FAIL (wrong-content-type — content-type text/html; charset=utf-8)
[94/94] gv80-coupe/3-5t-e-sc-prestige-black-awd/interior_dashboard  FAIL (wrong-content-type — content-type text/html; charset=utf-8)

Updated catalog/data/genesis.json and data/genesis.json with downloaded flags.

========================================
  SUMMARY
========================================
Brand:                  genesis
Total images attempted: 94
Successful:             77 (81.9%)
Failed:                 17

Failed by HTTP status:
  (none)

Failed by other error kind:
  wrong-content-type: 17

Models with zero successful images: 0 of 8

Failure breakdown (one example per group):
  [wrong-content-type (text/html; charset=utf-8)] x17 — e.g. https://www.genesis.com/us/en/g70
