Brand: gmc
Referer header: https://www.gmc.com/
Found 208 image entries across 10 models.

[1/208] sierra-1500/pro/front_three_quarter  ok (98619 bytes, image/avif)
[2/208] sierra-1500/pro/rear_three_quarter  FAIL (wrong-content-type — content-type text/html;charset=utf-8)
[3/208] sierra-1500/pro/side_profile  ok (129003 bytes, image/avif)
[4/208] sierra-1500/pro/interior_dashboard  ok (87268 bytes, image/avif)
[5/208] sierra-1500/sle/front_three_quarter  ok (98619 bytes, image/avif)
[6/208] sierra-1500/sle/rear_three_quarter  FAIL (wrong-content-type — content-type text/html;charset=utf-8)
[7/208] sierra-1500/sle/side_profile  ok (129003 bytes, image/avif)
[8/208] sierra-1500/sle/interior_dashboard  ok (87268 bytes, image/avif)
[9/208] sierra-1500/elevation/front_three_quarter  ok (98619 bytes, image/avif)
[10/208] sierra-1500/elevation/rear_three_quarter  FAIL (wrong-content-type — content-type text/html;charset=utf-8)
[11/208] sierra-1500/elevation/side_profile  ok (129003 bytes, image/avif)
[12/208] sierra-1500/elevation/interior_dashboard  ok (87268 bytes, image/avif)
[13/208] sierra-1500/slt/front_three_quarter  ok (98619 bytes, image/avif)
[14/208] sierra-1500/slt/rear_three_quarter  FAIL (wrong-content-type — content-type text/html;charset=utf-8)
[15/208] sierra-1500/slt/side_profile  ok (129003 bytes, image/avif)
[16/208] sierra-1500/slt/interior_dashboard  ok (87268 bytes, image/avif)
[17/208] sierra-1500/at4/front_three_quarter  ok (98619 bytes, image/avif)
[18/208] sierra-1500/at4/rear_three_quarter  FAIL (wrong-content-type — content-type text/html;charset=utf-8)
[19/208] sierra-1500/at4/side_profile  ok (129003 bytes, image/avif)
[20/208] sierra-1500/at4/interior_dashboard  ok (87268 bytes, image/avif)
[21/208] sierra-1500/at4x/front_three_quarter  ok (98619 bytes, image/avif)
[22/208] sierra-1500/at4x/rear_three_quarter  FAIL (wrong-content-type — content-type text/html;charset=utf-8)
[23/208] sierra-1500/at4x/side_profile  ok (129003 bytes, image/avif)
[24/208] sierra-1500/at4x/interior_dashboard  ok (87268 bytes, image/avif)
[25/208] sierra-1500/denali/front_three_quarter  ok (98619 bytes, image/avif)
[26/208] sierra-1500/denali/rear_three_quarter  FAIL (wrong-content-type — content-type text/html;charset=utf-8)
[27/208] sierra-1500/denali/side_profile  ok (129003 bytes, image/avif)
[28/208] sierra-1500/denali/interior_dashboard  ok (87268 bytes, image/avif)
[29/208] sierra-1500/denali-ultimate/front_three_quarter  ok (98619 bytes, image/avif)
[30/208] sierra-1500/denali-ultimate/rear_three_quarter  FAIL (wrong-content-type — content-type text/html;charset=utf-8)
[31/208] sierra-1500/denali-ultimate/side_profile  ok (129003 bytes, image/avif)
[32/208] sierra-1500/denali-ultimate/interior_dashboard  ok (87268 bytes, image/avif)
[33/208] sierra-1500/pro-diesel/front_three_quarter  ok (98619 bytes, image/avif)
[34/208] sierra-1500/pro-diesel/rear_three_quarter  FAIL (wrong-content-type — content-type text/html;charset=utf-8)
[35/208] sierra-1500/pro-diesel/side_profile  ok (129003 bytes, image/avif)
[36/208] sierra-1500/pro-diesel/interior_dashboard  ok (87268 bytes, image/avif)
[37/208] sierra-hd/sierra-2500hd-pro/front_three_quarter  ok (121370 bytes, image/avif)
[38/208] sierra-hd/sierra-2500hd-pro/rear_three_quarter  FAIL (wrong-content-type — content-type text/html;charset=utf-8)
[39/208] sierra-hd/sierra-2500hd-pro/side_profile  ok (141906 bytes, image/avif)
[40/208] sierra-hd/sierra-2500hd-pro/interior_dashboard  ok (119288 bytes, image/avif)
[41/208] sierra-hd/sierra-2500hd-sle/front_three_quarter  ok (121370 bytes, image/avif)
[42/208] sierra-hd/sierra-2500hd-sle/rear_three_quarter  FAIL (wrong-content-type — content-type text/html;charset=utf-8)
[43/208] sierra-hd/sierra-2500hd-sle/side_profile  ok (141906 bytes, image/avif)
[44/208] sierra-hd/sierra-2500hd-sle/interior_dashboard  ok (119288 bytes, image/avif)
[45/208] sierra-hd/sierra-2500hd-slt/front_three_quarter  ok (121370 bytes, image/avif)
[46/208] sierra-hd/sierra-2500hd-slt/rear_three_quarter  FAIL (wrong-content-type — content-type text/html;charset=utf-8)
[47/208] sierra-hd/sierra-2500hd-slt/side_profile  ok (141906 bytes, image/avif)
[48/208] sierra-hd/sierra-2500hd-slt/interior_dashboard  ok (119288 bytes, image/avif)
[49/208] sierra-hd/sierra-2500hd-at4/front_three_quarter  ok (121370 bytes, image/avif)
[50/208] sierra-hd/sierra-2500hd-at4/rear_three_quarter  FAIL (wrong-content-type — content-type text/html;charset=utf-8)
[51/208] sierra-hd/sierra-2500hd-at4/side_profile  ok (141906 bytes, image/avif)
[52/208] sierra-hd/sierra-2500hd-at4/interior_dashboard  ok (119288 bytes, image/avif)
[53/208] sierra-hd/sierra-2500hd-at4x/front_three_quarter  ok (121370 bytes, image/avif)
[54/208] sierra-hd/sierra-2500hd-at4x/rear_three_quarter  FAIL (wrong-content-type — content-type text/html;charset=utf-8)
[55/208] sierra-hd/sierra-2500hd-at4x/side_profile  ok (141906 bytes, image/avif)
[56/208] sierra-hd/sierra-2500hd-at4x/interior_dashboard  ok (119288 bytes, image/avif)
[57/208] sierra-hd/sierra-2500hd-denali/front_three_quarter  ok (121370 bytes, image/avif)
[58/208] sierra-hd/sierra-2500hd-denali/rear_three_quarter  FAIL (wrong-content-type — content-type text/html;charset=utf-8)
[59/208] sierra-hd/sierra-2500hd-denali/side_profile  ok (141906 bytes, image/avif)
[60/208] sierra-hd/sierra-2500hd-denali/interior_dashboard  ok (119288 bytes, image/avif)
[61/208] sierra-hd/sierra-2500hd-denali-ultimate/front_three_quarter  ok (121370 bytes, image/avif)
[62/208] sierra-hd/sierra-2500hd-denali-ultimate/rear_three_quarter  FAIL (wrong-content-type — content-type text/html;charset=utf-8)
[63/208] sierra-hd/sierra-2500hd-denali-ultimate/side_profile  ok (141906 bytes, image/avif)
[64/208] sierra-hd/sierra-2500hd-denali-ultimate/interior_dashboard  ok (119288 bytes, image/avif)
[65/208] sierra-hd/sierra-3500hd-pro/front_three_quarter  ok (121370 bytes, image/avif)
[66/208] sierra-hd/sierra-3500hd-pro/rear_three_quarter  FAIL (wrong-content-type — content-type text/html;charset=utf-8)
[67/208] sierra-hd/sierra-3500hd-pro/side_profile  ok (141906 bytes, image/avif)
[68/208] sierra-hd/sierra-3500hd-pro/interior_dashboard  ok (119288 bytes, image/avif)
[69/208] sierra-hd/sierra-3500hd-sle/front_three_quarter  ok (121370 bytes, image/avif)
[70/208] sierra-hd/sierra-3500hd-sle/rear_three_quarter  FAIL (wrong-content-type — content-type text/html;charset=utf-8)
[71/208] sierra-hd/sierra-3500hd-sle/side_profile  ok (141906 bytes, image/avif)
[72/208] sierra-hd/sierra-3500hd-sle/interior_dashboard  ok (119288 bytes, image/avif)
[73/208] sierra-hd/sierra-3500hd-slt/front_three_quarter  ok (121370 bytes, image/avif)
[74/208] sierra-hd/sierra-3500hd-slt/rear_three_quarter  FAIL (wrong-content-type — content-type text/html;charset=utf-8)
[75/208] sierra-hd/sierra-3500hd-slt/side_profile  ok (141906 bytes, image/avif)
[76/208] sierra-hd/sierra-3500hd-slt/interior_dashboard  ok (119288 bytes, image/avif)
[77/208] sierra-hd/sierra-3500hd-at4/front_three_quarter  ok (121370 bytes, image/avif)
[78/208] sierra-hd/sierra-3500hd-at4/rear_three_quarter  FAIL (wrong-content-type — content-type text/html;charset=utf-8)
[79/208] sierra-hd/sierra-3500hd-at4/side_profile  ok (141906 bytes, image/avif)
[80/208] sierra-hd/sierra-3500hd-at4/interior_dashboard  ok (119288 bytes, image/avif)
[81/208] sierra-hd/sierra-3500hd-denali/front_three_quarter  ok (121370 bytes, image/avif)
[82/208] sierra-hd/sierra-3500hd-denali/rear_three_quarter  FAIL (wrong-content-type — content-type text/html;charset=utf-8)
[83/208] sierra-hd/sierra-3500hd-denali/side_profile  ok (141906 bytes, image/avif)
[84/208] sierra-hd/sierra-3500hd-denali/interior_dashboard  ok (119288 bytes, image/avif)
[85/208] sierra-hd/sierra-3500hd-denali-ultimate/front_three_quarter  ok (121370 bytes, image/avif)
[86/208] sierra-hd/sierra-3500hd-denali-ultimate/rear_three_quarter  FAIL (wrong-content-type — content-type text/html;charset=utf-8)
[87/208] sierra-hd/sierra-3500hd-denali-ultimate/side_profile  ok (141906 bytes, image/avif)
[88/208] sierra-hd/sierra-3500hd-denali-ultimate/interior_dashboard  ok (119288 bytes, image/avif)
[89/208] canyon/elevation/front_three_quarter  ok (77485 bytes, image/avif)
[90/208] canyon/elevation/rear_three_quarter  FAIL (wrong-content-type — content-type text/html;charset=utf-8)
[91/208] canyon/elevation/side_profile  FAIL (wrong-content-type — content-type text/html;charset=utf-8)
[92/208] canyon/elevation/interior_dashboard  ok (122356 bytes, image/avif)
[93/208] canyon/at4/front_three_quarter  ok (77485 bytes, image/avif)
[94/208] canyon/at4/rear_three_quarter  FAIL (wrong-content-type — content-type text/html;charset=utf-8)
[95/208] canyon/at4/side_profile  FAIL (wrong-content-type — content-type text/html;charset=utf-8)
[96/208] canyon/at4/interior_dashboard  ok (122356 bytes, image/avif)
[97/208] canyon/denali/front_three_quarter  ok (77485 bytes, image/avif)
[98/208] canyon/denali/rear_three_quarter  FAIL (wrong-content-type — content-type text/html;charset=utf-8)
[99/208] canyon/denali/side_profile  FAIL (wrong-content-type — content-type text/html;charset=utf-8)
[100/208] canyon/denali/interior_dashboard  ok (122356 bytes, image/avif)
[101/208] canyon/at4x/front_three_quarter  ok (77485 bytes, image/avif)
[102/208] canyon/at4x/rear_three_quarter  FAIL (wrong-content-type — content-type text/html;charset=utf-8)
[103/208] canyon/at4x/side_profile  FAIL (wrong-content-type — content-type text/html;charset=utf-8)
[104/208] canyon/at4x/interior_dashboard  ok (122356 bytes, image/avif)
[105/208] sierra-ev/elevation-standard-range/front_three_quarter  ok (252512 bytes, image/avif)
[106/208] sierra-ev/elevation-standard-range/rear_three_quarter  ok (149856 bytes, image/avif)
[107/208] sierra-ev/elevation-standard-range/side_profile  ok (113034 bytes, image/avif)
[108/208] sierra-ev/elevation-standard-range/interior_dashboard  ok (76982 bytes, image/avif)
[109/208] sierra-ev/elevation-extended-range/front_three_quarter  ok (82879 bytes, image/avif)
[110/208] sierra-ev/elevation-extended-range/rear_three_quarter  ok (40373 bytes, image/avif)
[111/208] sierra-ev/elevation-extended-range/side_profile  ok (161765 bytes, image/avif)
[112/208] sierra-ev/elevation-extended-range/interior_dashboard  ok (43071 bytes, image/avif)
[113/208] sierra-ev/at4/front_three_quarter  ok (252512 bytes, image/avif)
[114/208] sierra-ev/at4/rear_three_quarter  ok (149856 bytes, image/avif)
[115/208] sierra-ev/at4/side_profile  ok (113034 bytes, image/avif)
[116/208] sierra-ev/at4/interior_dashboard  ok (76982 bytes, image/avif)
[117/208] sierra-ev/denali-extended-range/front_three_quarter  ok (252512 bytes, image/avif)
[118/208] sierra-ev/denali-extended-range/rear_three_quarter  ok (149856 bytes, image/avif)
[119/208] sierra-ev/denali-extended-range/side_profile  ok (113034 bytes, image/avif)
[120/208] sierra-ev/denali-extended-range/interior_dashboard  ok (76982 bytes, image/avif)
[121/208] sierra-ev/denali-max-range/front_three_quarter  ok (82879 bytes, image/avif)
[122/208] sierra-ev/denali-max-range/rear_three_quarter  ok (40373 bytes, image/avif)
[123/208] sierra-ev/denali-max-range/side_profile  ok (161765 bytes, image/avif)
[124/208] sierra-ev/denali-max-range/interior_dashboard  ok (43071 bytes, image/avif)
[125/208] yukon/elevation/front_three_quarter  ok (55573 bytes, image/avif)
[126/208] yukon/elevation/rear_three_quarter  ok (48915 bytes, image/avif)
[127/208] yukon/elevation/side_profile  ok (56502 bytes, image/avif)
[128/208] yukon/elevation/interior_dashboard  ok (87411 bytes, image/avif)
[129/208] yukon/at4/front_three_quarter  ok (55573 bytes, image/avif)
[130/208] yukon/at4/rear_three_quarter  ok (48915 bytes, image/avif)
[131/208] yukon/at4/side_profile  ok (56502 bytes, image/avif)
[132/208] yukon/at4/interior_dashboard  ok (87411 bytes, image/avif)
[133/208] yukon/denali/front_three_quarter  ok (55573 bytes, image/avif)
[134/208] yukon/denali/rear_three_quarter  ok (48915 bytes, image/avif)
[135/208] yukon/denali/side_profile  ok (56502 bytes, image/avif)
[136/208] yukon/denali/interior_dashboard  ok (87411 bytes, image/avif)
[137/208] yukon/at4-ultimate/front_three_quarter  ok (55573 bytes, image/avif)
[138/208] yukon/at4-ultimate/rear_three_quarter  ok (48915 bytes, image/avif)
[139/208] yukon/at4-ultimate/side_profile  ok (56502 bytes, image/avif)
[140/208] yukon/at4-ultimate/interior_dashboard  ok (87411 bytes, image/avif)
[141/208] yukon/denali-ultimate/front_three_quarter  ok (55573 bytes, image/avif)
[142/208] yukon/denali-ultimate/rear_three_quarter  ok (48915 bytes, image/avif)
[143/208] yukon/denali-ultimate/side_profile  ok (56502 bytes, image/avif)
[144/208] yukon/denali-ultimate/interior_dashboard  ok (87411 bytes, image/avif)
[145/208] yukon-xl/elevation/front_three_quarter  FAIL (wrong-content-type — content-type text/html;charset=utf-8)
[146/208] yukon-xl/elevation/rear_three_quarter  FAIL (wrong-content-type — content-type text/html;charset=utf-8)
[147/208] yukon-xl/elevation/side_profile  FAIL (wrong-content-type — content-type text/html;charset=utf-8)
[148/208] yukon-xl/elevation/interior_dashboard  FAIL (wrong-content-type — content-type text/html;charset=utf-8)
[149/208] yukon-xl/at4/front_three_quarter  FAIL (wrong-content-type — content-type text/html;charset=utf-8)
[150/208] yukon-xl/at4/rear_three_quarter  FAIL (wrong-content-type — content-type text/html;charset=utf-8)
[151/208] yukon-xl/at4/side_profile  FAIL (wrong-content-type — content-type text/html;charset=utf-8)
[152/208] yukon-xl/at4/interior_dashboard  FAIL (wrong-content-type — content-type text/html;charset=utf-8)
[153/208] yukon-xl/denali/front_three_quarter  FAIL (wrong-content-type — content-type text/html;charset=utf-8)
[154/208] yukon-xl/denali/rear_three_quarter  FAIL (wrong-content-type — content-type text/html;charset=utf-8)
[155/208] yukon-xl/denali/side_profile  FAIL (wrong-content-type — content-type text/html;charset=utf-8)
[156/208] yukon-xl/denali/interior_dashboard  FAIL (wrong-content-type — content-type text/html;charset=utf-8)
[157/208] yukon-xl/at4-ultimate/front_three_quarter  FAIL (wrong-content-type — content-type text/html;charset=utf-8)
[158/208] yukon-xl/at4-ultimate/rear_three_quarter  FAIL (wrong-content-type — content-type text/html;charset=utf-8)
[159/208] yukon-xl/at4-ultimate/side_profile  FAIL (wrong-content-type — content-type text/html;charset=utf-8)
[160/208] yukon-xl/at4-ultimate/interior_dashboard  FAIL (wrong-content-type — content-type text/html;charset=utf-8)
[161/208] yukon-xl/denali-ultimate/front_three_quarter  FAIL (wrong-content-type — content-type text/html;charset=utf-8)
[162/208] yukon-xl/denali-ultimate/rear_three_quarter  FAIL (wrong-content-type — content-type text/html;charset=utf-8)
[163/208] yukon-xl/denali-ultimate/side_profile  FAIL (wrong-content-type — content-type text/html;charset=utf-8)
[164/208] yukon-xl/denali-ultimate/interior_dashboard  FAIL (wrong-content-type — content-type text/html;charset=utf-8)
[165/208] terrain/elevation/front_three_quarter  ok (168124 bytes, image/avif)
[166/208] terrain/elevation/rear_three_quarter  ok (199070 bytes, image/avif)
[167/208] terrain/elevation/side_profile  ok (84172 bytes, image/avif)
[168/208] terrain/elevation/interior_dashboard  ok (47579 bytes, image/avif)
[169/208] terrain/at4/front_three_quarter  ok (168124 bytes, image/avif)
[170/208] terrain/at4/rear_three_quarter  ok (199070 bytes, image/avif)
[171/208] terrain/at4/side_profile  ok (84172 bytes, image/avif)
[172/208] terrain/at4/interior_dashboard  ok (47579 bytes, image/avif)
[173/208] terrain/denali/front_three_quarter  ok (168124 bytes, image/avif)
[174/208] terrain/denali/rear_three_quarter  ok (199070 bytes, image/avif)
[175/208] terrain/denali/side_profile  ok (84172 bytes, image/avif)
[176/208] terrain/denali/interior_dashboard  ok (47579 bytes, image/avif)
[177/208] acadia/elevation/front_three_quarter  ok (147056 bytes, image/avif)
[178/208] acadia/elevation/rear_three_quarter  ok (53392 bytes, image/avif)
[179/208] acadia/elevation/side_profile  ok (107024 bytes, image/avif)
[180/208] acadia/elevation/interior_dashboard  ok (73885 bytes, image/avif)
[181/208] acadia/at4/front_three_quarter  ok (147056 bytes, image/avif)
[182/208] acadia/at4/rear_three_quarter  ok (53392 bytes, image/avif)
[183/208] acadia/at4/side_profile  ok (107024 bytes, image/avif)
[184/208] acadia/at4/interior_dashboard  ok (73885 bytes, image/avif)
[185/208] acadia/denali/front_three_quarter  ok (147056 bytes, image/avif)
[186/208] acadia/denali/rear_three_quarter  ok (53392 bytes, image/avif)
[187/208] acadia/denali/side_profile  ok (107024 bytes, image/avif)
[188/208] acadia/denali/interior_dashboard  ok (73885 bytes, image/avif)
[189/208] acadia/denali-ultimate/front_three_quarter  ok (147056 bytes, image/avif)
[190/208] acadia/denali-ultimate/rear_three_quarter  ok (53392 bytes, image/avif)
[191/208] acadia/denali-ultimate/side_profile  ok (107024 bytes, image/avif)
[192/208] acadia/denali-ultimate/interior_dashboard  ok (73885 bytes, image/avif)
[193/208] hummer-ev-pickup/2x/front_three_quarter  ok (40097 bytes, image/avif)
[194/208] hummer-ev-pickup/2x/rear_three_quarter  ok (35241 bytes, image/avif)
[195/208] hummer-ev-pickup/2x/side_profile  ok (92683 bytes, image/avif)
[196/208] hummer-ev-pickup/2x/interior_dashboard  ok (68668 bytes, image/avif)
[197/208] hummer-ev-pickup/3x/front_three_quarter  ok (40097 bytes, image/avif)
[198/208] hummer-ev-pickup/3x/rear_three_quarter  ok (35241 bytes, image/avif)
[199/208] hummer-ev-pickup/3x/side_profile  ok (92683 bytes, image/avif)
[200/208] hummer-ev-pickup/3x/interior_dashboard  ok (68668 bytes, image/avif)
[201/208] hummer-ev-suv/2x/front_three_quarter  ok (32452 bytes, image/avif)
[202/208] hummer-ev-suv/2x/rear_three_quarter  ok (27185 bytes, image/avif)
[203/208] hummer-ev-suv/2x/side_profile  ok (166002 bytes, image/avif)
[204/208] hummer-ev-suv/2x/interior_dashboard  ok (68668 bytes, image/avif)
[205/208] hummer-ev-suv/3x/front_three_quarter  ok (32452 bytes, image/avif)
[206/208] hummer-ev-suv/3x/rear_three_quarter  ok (27185 bytes, image/avif)
[207/208] hummer-ev-suv/3x/side_profile  ok (166002 bytes, image/avif)
[208/208] hummer-ev-suv/3x/interior_dashboard  ok (68668 bytes, image/avif)

Updated catalog/data/gmc.json and data/gmc.json with downloaded flags.

========================================
  SUMMARY
========================================
Brand:                  gmc
Total images attempted: 208
Successful:             158 (76.0%)
Failed:                 50

Failed by HTTP status:
  (none)

Failed by other error kind:
  wrong-content-type: 50

Models with zero successful images: 1 of 10
  - yukon-xl (20 attempted)

Failure breakdown (one example per group):
  [wrong-content-type (text/html;charset=utf-8)] x50 — e.g. https://www.gmc.com/trucks/sierra/1500
