Brand: honda
Referer header: https://automobiles.honda.com/
Found 212 image entries across 13 models.

[1/212] civic/lx/front_three_quarter  ok (250172 bytes, image/jpeg)
[2/212] civic/lx/rear_three_quarter  cached (275534 bytes)
[3/212] civic/lx/side_profile  ok (458866 bytes, image/jpeg)
[4/212] civic/lx/interior_dashboard  ok (237383 bytes, image/jpeg)
[5/212] civic/sport/front_three_quarter  ok (68728 bytes, image/avif)
[6/212] civic/sport/side_profile  ok (215267 bytes, image/avif)
[7/212] civic/sport/rear_three_quarter  ok (371287 bytes, image/avif)
[8/212] civic/sport/interior_dashboard  ok (185101 bytes, image/avif)
[9/212] civic/sport-hybrid/front_three_quarter  ok (250172 bytes, image/jpeg)
[10/212] civic/sport-hybrid/side_profile  ok (458866 bytes, image/jpeg)
[11/212] civic/sport-hybrid/rear_three_quarter  cached (275534 bytes)
[12/212] civic/sport-hybrid/interior_dashboard  ok (237383 bytes, image/jpeg)
[13/212] civic/sport-touring-hybrid/front_three_quarter  ok (68728 bytes, image/avif)
[14/212] civic/sport-touring-hybrid/side_profile  ok (215267 bytes, image/avif)
[15/212] civic/sport-touring-hybrid/rear_three_quarter  ok (371287 bytes, image/avif)
[16/212] civic/sport-touring-hybrid/interior_dashboard  ok (185101 bytes, image/avif)
[17/212] civic-hatchback/sport/front_three_quarter  cached (114379 bytes)
[18/212] civic-hatchback/sport/rear_three_quarter  cached (114379 bytes)
[19/212] civic-hatchback/sport/side_profile  FAIL (wrong-content-type — content-type text/html; charset=utf-8)
[20/212] civic-hatchback/sport/interior_dashboard  cached (133051 bytes)
[21/212] civic-hatchback/sport-hybrid/front_three_quarter  cached (51245 bytes)
[22/212] civic-hatchback/sport-hybrid/side_profile  FAIL (wrong-content-type — content-type text/html; charset=utf-8)
[23/212] civic-hatchback/sport-hybrid/rear_three_quarter  cached (114379 bytes)
[24/212] civic-hatchback/sport-hybrid/interior_dashboard  cached (75357 bytes)
[25/212] civic-hatchback/sport-touring-hybrid/front_three_quarter  cached (51245 bytes)
[26/212] civic-hatchback/sport-touring-hybrid/side_profile  FAIL (wrong-content-type — content-type text/html; charset=utf-8)
[27/212] civic-hatchback/sport-touring-hybrid/rear_three_quarter  FAIL (wrong-content-type — content-type text/html; charset=utf-8)
[28/212] civic-hatchback/sport-touring-hybrid/interior_dashboard  cached (75357 bytes)
[29/212] civic-si/si/front_three_quarter  cached (35865 bytes)
[30/212] civic-si/si/rear_three_quarter  cached (306911 bytes)
[31/212] civic-si/si/side_profile  cached (68366 bytes)
[32/212] civic-si/si/interior_dashboard  cached (163908 bytes)
[33/212] civic-type-r/type-r/front_three_quarter  cached (81320 bytes)
[34/212] civic-type-r/type-r/rear_three_quarter  cached (152659 bytes)
[35/212] civic-type-r/type-r/side_profile  FAIL (wrong-content-type — content-type text/html; charset=utf-8)
[36/212] civic-type-r/type-r/interior_dashboard  cached (482930 bytes)
[37/212] accord/lx/front_three_quarter  ok (243801 bytes, image/avif)
[38/212] accord/lx/rear_three_quarter  cached (28102 bytes)
[39/212] accord/lx/side_profile  cached (9240 bytes)
[40/212] accord/lx/interior_dashboard  cached (72021 bytes)
[41/212] accord/se/front_three_quarter  ok (17280 bytes, image/avif)
[42/212] accord/se/side_profile  cached (9240 bytes)
[43/212] accord/se/rear_three_quarter  FAIL (wrong-content-type — content-type text/html; charset=utf-8)
[44/212] accord/se/interior_dashboard  cached (72021 bytes)
[45/212] accord/sport-hybrid/front_three_quarter  ok (243801 bytes, image/avif)
[46/212] accord/sport-hybrid/side_profile  cached (8242 bytes)
[47/212] accord/sport-hybrid/rear_three_quarter  cached (28102 bytes)
[48/212] accord/sport-hybrid/interior_dashboard  cached (124583 bytes)
[49/212] accord/ex-l-hybrid/front_three_quarter  ok (17280 bytes, image/avif)
[50/212] accord/ex-l-hybrid/side_profile  cached (8242 bytes)
[51/212] accord/ex-l-hybrid/rear_three_quarter  FAIL (wrong-content-type — content-type text/html; charset=utf-8)
[52/212] accord/ex-l-hybrid/interior_dashboard  cached (124583 bytes)
[53/212] accord/sport-l-hybrid/front_three_quarter  cached (17280 bytes)
[54/212] accord/sport-l-hybrid/side_profile  cached (8242 bytes)
[55/212] accord/sport-l-hybrid/rear_three_quarter  FAIL (wrong-content-type — content-type text/html; charset=utf-8)
[56/212] accord/sport-l-hybrid/interior_dashboard  ok (124583 bytes, image/avif)
[57/212] accord/touring-hybrid/front_three_quarter  cached (17280 bytes)
[58/212] accord/touring-hybrid/side_profile  cached (8242 bytes)
[59/212] accord/touring-hybrid/rear_three_quarter  FAIL (wrong-content-type — content-type text/html; charset=utf-8)
[60/212] accord/touring-hybrid/interior_dashboard  ok (72021 bytes, image/avif)
[61/212] prelude/hybrid/front_three_quarter  cached (13725 bytes)
[62/212] prelude/hybrid/rear_three_quarter  cached (58611 bytes)
[63/212] prelude/hybrid/side_profile  cached (53264 bytes)
[64/212] prelude/hybrid/interior_dashboard  ok (77360 bytes, image/avif)
[65/212] prelude/hybrid-two-tone/front_three_quarter  cached (75566 bytes)
[66/212] prelude/hybrid-two-tone/rear_three_quarter  FAIL (wrong-content-type — content-type text/html; charset=utf-8)
[67/212] prelude/hybrid-two-tone/side_profile  cached (198694 bytes)
[68/212] prelude/hybrid-two-tone/interior_dashboard  ok (175338 bytes, image/webp)
[69/212] hr-v/lx/front_three_quarter  ok (79278 bytes, image/avif)
[70/212] hr-v/lx/rear_three_quarter  cached (280663 bytes)
[71/212] hr-v/lx/side_profile  cached (241966 bytes)
[72/212] hr-v/lx/interior_dashboard  cached (232597 bytes)
[73/212] hr-v/sport/front_three_quarter  ok (144281 bytes, image/avif)
[74/212] hr-v/sport/rear_three_quarter  FAIL (wrong-content-type — content-type text/html; charset=utf-8)
[75/212] hr-v/sport/side_profile  cached (241966 bytes)
[76/212] hr-v/sport/interior_dashboard  cached (232597 bytes)
[77/212] hr-v/ex-l/front_three_quarter  cached (144281 bytes)
[78/212] hr-v/ex-l/rear_three_quarter  FAIL (wrong-content-type — content-type text/html; charset=utf-8)
[79/212] hr-v/ex-l/side_profile  ok (298563 bytes, image/avif)
[80/212] hr-v/ex-l/interior_dashboard  cached (232597 bytes)
[81/212] cr-v/lx/front_three_quarter  ok (113166 bytes, image/avif)
[82/212] cr-v/lx/rear_three_quarter  cached (408 bytes)
[83/212] cr-v/lx/side_profile  cached (3738 bytes)
[84/212] cr-v/lx/interior_dashboard  cached (287022 bytes)
[85/212] cr-v/ex/front_three_quarter  ok (171457 bytes, image/jpeg)
[86/212] cr-v/ex/side_profile  cached (3738 bytes)
[87/212] cr-v/ex/rear_three_quarter  FAIL (wrong-content-type — content-type text/html; charset=utf-8)
[88/212] cr-v/ex/interior_dashboard  cached (287022 bytes)
[89/212] cr-v/ex-l/front_three_quarter  cached (171457 bytes)
[90/212] cr-v/ex-l/side_profile  FAIL (wrong-content-type — content-type text/html; charset=utf-8)
[91/212] cr-v/ex-l/rear_three_quarter  FAIL (wrong-content-type — content-type text/html; charset=utf-8)
[92/212] cr-v/ex-l/interior_dashboard  cached (287022 bytes)
[93/212] cr-v/sport-hybrid/front_three_quarter  ok (113166 bytes, image/avif)
[94/212] cr-v/sport-hybrid/side_profile  cached (3738 bytes)
[95/212] cr-v/sport-hybrid/rear_three_quarter  cached (408 bytes)
[96/212] cr-v/sport-hybrid/interior_dashboard  cached (287022 bytes)
[97/212] cr-v/trailsport-hybrid/front_three_quarter  ok (113166 bytes, image/avif)
[98/212] cr-v/trailsport-hybrid/side_profile  cached (12352 bytes)
[99/212] cr-v/trailsport-hybrid/rear_three_quarter  cached (408 bytes)
[100/212] cr-v/trailsport-hybrid/interior_dashboard  cached (243799 bytes)
[101/212] cr-v/sport-l-hybrid/front_three_quarter  ok (171457 bytes, image/jpeg)
[102/212] cr-v/sport-l-hybrid/side_profile  cached (3738 bytes)
[103/212] cr-v/sport-l-hybrid/rear_three_quarter  FAIL (wrong-content-type — content-type text/html; charset=utf-8)
[104/212] cr-v/sport-l-hybrid/interior_dashboard  cached (287022 bytes)
[105/212] cr-v/sport-touring-hybrid/front_three_quarter  cached (171457 bytes)
[106/212] cr-v/sport-touring-hybrid/side_profile  FAIL (wrong-content-type — content-type text/html; charset=utf-8)
[107/212] cr-v/sport-touring-hybrid/rear_three_quarter  FAIL (wrong-content-type — content-type text/html; charset=utf-8)
[108/212] cr-v/sport-touring-hybrid/interior_dashboard  cached (287022 bytes)
[109/212] passport/rtl/front_three_quarter  cached (374822 bytes)
[110/212] passport/rtl/rear_three_quarter  ok (428768 bytes, image/webp)
[111/212] passport/rtl/side_profile  ok (418103 bytes, image/jpeg)
[112/212] passport/rtl/interior_dashboard  ok (577522 bytes, image/jpeg)
[113/212] passport/rtl-towing/front_three_quarter  cached (374822 bytes)
[114/212] passport/rtl-towing/side_profile  ok (329416 bytes, image/webp)
[115/212] passport/rtl-towing/rear_three_quarter  ok (208542 bytes, image/avif)
[116/212] passport/rtl-towing/interior_dashboard  ok (247361 bytes, image/jpeg)
[117/212] passport/rtl-blackout/front_three_quarter  ok (295229 bytes, image/avif)
[118/212] passport/rtl-blackout/side_profile  ok (416374 bytes, image/jpeg)
[119/212] passport/rtl-blackout/rear_three_quarter  ok (66913 bytes, image/avif)
[120/212] passport/rtl-blackout/interior_dashboard  ok (376805 bytes, image/avif)
[121/212] passport/trailsport/front_three_quarter  cached (383350 bytes)
[122/212] passport/trailsport/rear_three_quarter  ok (428768 bytes, image/webp)
[123/212] passport/trailsport/side_profile  ok (418103 bytes, image/jpeg)
[124/212] passport/trailsport/interior_dashboard  ok (577522 bytes, image/jpeg)
[125/212] passport/trailsport-blackout/front_three_quarter  cached (374822 bytes)
[126/212] passport/trailsport-blackout/side_profile  ok (329416 bytes, image/webp)
[127/212] passport/trailsport-blackout/rear_three_quarter  ok (208542 bytes, image/avif)
[128/212] passport/trailsport-blackout/interior_dashboard  ok (247361 bytes, image/jpeg)
[129/212] passport/trailsport-elite/front_three_quarter  cached (383350 bytes)
[130/212] passport/trailsport-elite/side_profile  ok (418103 bytes, image/jpeg)
[131/212] passport/trailsport-elite/rear_three_quarter  ok (428768 bytes, image/webp)
[132/212] passport/trailsport-elite/interior_dashboard  ok (577522 bytes, image/jpeg)
[133/212] passport/trailsport-elite-blackout/front_three_quarter  cached (374822 bytes)
[134/212] passport/trailsport-elite-blackout/side_profile  ok (329416 bytes, image/webp)
[135/212] passport/trailsport-elite-blackout/rear_three_quarter  ok (208542 bytes, image/avif)
[136/212] passport/trailsport-elite-blackout/interior_dashboard  ok (247361 bytes, image/jpeg)
[137/212] pilot/sport/front_three_quarter  cached (136759 bytes)
[138/212] pilot/sport/rear_three_quarter  FAIL (wrong-content-type — content-type text/html; charset=utf-8)
[139/212] pilot/sport/side_profile  FAIL (wrong-content-type — content-type text/html; charset=utf-8)
[140/212] pilot/sport/interior_dashboard  cached (125912 bytes)
[141/212] pilot/ex-l/front_three_quarter  cached (136759 bytes)
[142/212] pilot/ex-l/side_profile  FAIL (wrong-content-type — content-type text/html; charset=utf-8)
[143/212] pilot/ex-l/rear_three_quarter  FAIL (wrong-content-type — content-type text/html; charset=utf-8)
[144/212] pilot/ex-l/interior_dashboard  cached (125912 bytes)
[145/212] pilot/trailsport/front_three_quarter  cached (337688 bytes)
[146/212] pilot/trailsport/side_profile  FAIL (wrong-content-type — content-type text/html; charset=utf-8)
[147/212] pilot/trailsport/rear_three_quarter  FAIL (wrong-content-type — content-type text/html; charset=utf-8)
[148/212] pilot/trailsport/interior_dashboard  cached (91519 bytes)
[149/212] pilot/touring/front_three_quarter  cached (337688 bytes)
[150/212] pilot/touring/side_profile  FAIL (wrong-content-type — content-type text/html; charset=utf-8)
[151/212] pilot/touring/rear_three_quarter  FAIL (wrong-content-type — content-type text/html; charset=utf-8)
[152/212] pilot/touring/interior_dashboard  cached (125912 bytes)
[153/212] pilot/touring-blackout/front_three_quarter  cached (136759 bytes)
[154/212] pilot/touring-blackout/side_profile  FAIL (wrong-content-type — content-type text/html; charset=utf-8)
[155/212] pilot/touring-blackout/rear_three_quarter  FAIL (wrong-content-type — content-type text/html; charset=utf-8)
[156/212] pilot/touring-blackout/interior_dashboard  cached (125912 bytes)
[157/212] pilot/elite/front_three_quarter  cached (337688 bytes)
[158/212] pilot/elite/side_profile  FAIL (wrong-content-type — content-type text/html; charset=utf-8)
[159/212] pilot/elite/rear_three_quarter  FAIL (wrong-content-type — content-type text/html; charset=utf-8)
[160/212] pilot/elite/interior_dashboard  cached (125912 bytes)
[161/212] pilot/black-edition/front_three_quarter  cached (136759 bytes)
[162/212] pilot/black-edition/side_profile  FAIL (wrong-content-type — content-type text/html; charset=utf-8)
[163/212] pilot/black-edition/rear_three_quarter  FAIL (wrong-content-type — content-type text/html; charset=utf-8)
[164/212] pilot/black-edition/interior_dashboard  cached (125912 bytes)
[165/212] prologue/ex/front_three_quarter  cached (40716 bytes)
[166/212] prologue/ex/rear_three_quarter  FAIL (wrong-content-type — content-type text/html; charset=utf-8)
[167/212] prologue/ex/side_profile  FAIL (wrong-content-type — content-type text/html; charset=utf-8)
[168/212] prologue/ex/interior_dashboard  cached (115406 bytes)
[169/212] prologue/touring/front_three_quarter  cached (40716 bytes)
[170/212] prologue/touring/side_profile  FAIL (wrong-content-type — content-type text/html; charset=utf-8)
[171/212] prologue/touring/rear_three_quarter  FAIL (wrong-content-type — content-type text/html; charset=utf-8)
[172/212] prologue/touring/interior_dashboard  cached (115406 bytes)
[173/212] prologue/elite/front_three_quarter  cached (40716 bytes)
[174/212] prologue/elite/side_profile  FAIL (wrong-content-type — content-type text/html; charset=utf-8)
[175/212] prologue/elite/rear_three_quarter  FAIL (wrong-content-type — content-type text/html; charset=utf-8)
[176/212] prologue/elite/interior_dashboard  cached (115406 bytes)
[177/212] ridgeline/sport/front_three_quarter  cached (74630 bytes)
[178/212] ridgeline/sport/rear_three_quarter  cached (408769 bytes)
[179/212] ridgeline/sport/side_profile  FAIL (wrong-content-type — content-type text/html; charset=utf-8)
[180/212] ridgeline/sport/interior_dashboard  cached (240052 bytes)
[181/212] ridgeline/rtl/front_three_quarter  cached (74630 bytes)
[182/212] ridgeline/rtl/side_profile  FAIL (wrong-content-type — content-type text/html; charset=utf-8)
[183/212] ridgeline/rtl/rear_three_quarter  cached (408769 bytes)
[184/212] ridgeline/rtl/interior_dashboard  cached (240052 bytes)
[185/212] ridgeline/trailsport/front_three_quarter  cached (74630 bytes)
[186/212] ridgeline/trailsport/side_profile  FAIL (wrong-content-type — content-type text/html; charset=utf-8)
[187/212] ridgeline/trailsport/rear_three_quarter  cached (408769 bytes)
[188/212] ridgeline/trailsport/interior_dashboard  cached (240052 bytes)
[189/212] ridgeline/trailsport-hpd-wheels/front_three_quarter  cached (74630 bytes)
[190/212] ridgeline/trailsport-hpd-wheels/side_profile  FAIL (wrong-content-type — content-type text/html; charset=utf-8)
[191/212] ridgeline/trailsport-hpd-wheels/rear_three_quarter  cached (408769 bytes)
[192/212] ridgeline/trailsport-hpd-wheels/interior_dashboard  cached (240052 bytes)
[193/212] ridgeline/black-edition/front_three_quarter  cached (74630 bytes)
[194/212] ridgeline/black-edition/side_profile  FAIL (wrong-content-type — content-type text/html; charset=utf-8)
[195/212] ridgeline/black-edition/rear_three_quarter  cached (408769 bytes)
[196/212] ridgeline/black-edition/interior_dashboard  cached (233750 bytes)
[197/212] odyssey/ex-l/front_three_quarter  cached (101614 bytes)
[198/212] odyssey/ex-l/rear_three_quarter  FAIL (wrong-content-type — content-type text/html; charset=utf-8)
[199/212] odyssey/ex-l/side_profile  FAIL (wrong-content-type — content-type text/html; charset=utf-8)
[200/212] odyssey/ex-l/interior_dashboard  cached (469731 bytes)
[201/212] odyssey/sport-l/front_three_quarter  cached (101614 bytes)
[202/212] odyssey/sport-l/side_profile  FAIL (wrong-content-type — content-type text/html; charset=utf-8)
[203/212] odyssey/sport-l/rear_three_quarter  FAIL (wrong-content-type — content-type text/html; charset=utf-8)
[204/212] odyssey/sport-l/interior_dashboard  cached (469731 bytes)
[205/212] odyssey/touring/front_three_quarter  cached (296878 bytes)
[206/212] odyssey/touring/side_profile  FAIL (wrong-content-type — content-type text/html; charset=utf-8)
[207/212] odyssey/touring/rear_three_quarter  FAIL (wrong-content-type — content-type text/html; charset=utf-8)
[208/212] odyssey/touring/interior_dashboard  cached (124553 bytes)
[209/212] odyssey/elite/front_three_quarter  cached (296878 bytes)
[210/212] odyssey/elite/side_profile  FAIL (wrong-content-type — content-type text/html; charset=utf-8)
[211/212] odyssey/elite/rear_three_quarter  FAIL (wrong-content-type — content-type text/html; charset=utf-8)
[212/212] odyssey/elite/interior_dashboard  cached (124553 bytes)

Updated catalog/data/honda.json and data/honda.json with downloaded flags.

========================================
  SUMMARY
========================================
Brand:                  honda
Total images attempted: 212
Successful:             161 (75.9%)
Failed:                 51

Failed by HTTP status:
  (none)

Failed by other error kind:
  wrong-content-type: 51

Models with zero successful images: 0 of 13

Failure breakdown (one example per group):
  [wrong-content-type (text/html; charset=utf-8)] x51 — e.g. https://automobiles.honda.com/civic-hatchback
