Brand: honda
Found 212 image entries across 13 models.

[1/212] civic/lx/front_three_quarter  ok (68728 bytes, image/avif)
[2/212] civic/lx/rear_three_quarter  ok (102929 bytes, image/avif)
[3/212] civic/lx/side_profile  ok (215267 bytes, image/avif)
[4/212] civic/lx/interior_dashboard  ok (103966 bytes, image/webp)
[5/212] civic/sport/front_three_quarter  ok (250172 bytes, image/jpeg)
[6/212] civic/sport/side_profile  ok (458866 bytes, image/jpeg)
[7/212] civic/sport/rear_three_quarter  ok (275534 bytes, image/webp)
[8/212] civic/sport/interior_dashboard  ok (237383 bytes, image/jpeg)
[9/212] civic/sport-hybrid/front_three_quarter  ok (68728 bytes, image/avif)
[10/212] civic/sport-hybrid/side_profile  ok (215267 bytes, image/avif)
[11/212] civic/sport-hybrid/rear_three_quarter  ok (102929 bytes, image/avif)
[12/212] civic/sport-hybrid/interior_dashboard  ok (103966 bytes, image/webp)
[13/212] civic/sport-touring-hybrid/front_three_quarter  ok (250172 bytes, image/jpeg)
[14/212] civic/sport-touring-hybrid/side_profile  ok (458866 bytes, image/jpeg)
[15/212] civic/sport-touring-hybrid/rear_three_quarter  ok (275534 bytes, image/webp)
[16/212] civic/sport-touring-hybrid/interior_dashboard  ok (237383 bytes, image/jpeg)
[17/212] civic-hatchback/sport/front_three_quarter  FAIL (wrong-content-type — content-type text/html; charset=utf-8)
[18/212] civic-hatchback/sport/rear_three_quarter  ok (114379 bytes, image/avif)
[19/212] civic-hatchback/sport/side_profile  FAIL (wrong-content-type — content-type text/html; charset=utf-8)
[20/212] civic-hatchback/sport/interior_dashboard  ok (133051 bytes, image/avif)
[21/212] civic-hatchback/sport-hybrid/front_three_quarter  FAIL (wrong-content-type — content-type text/html; charset=utf-8)
[22/212] civic-hatchback/sport-hybrid/side_profile  FAIL (wrong-content-type — content-type text/html; charset=utf-8)
[23/212] civic-hatchback/sport-hybrid/rear_three_quarter  ok (114379 bytes, image/avif)
[24/212] civic-hatchback/sport-hybrid/interior_dashboard  ok (133051 bytes, image/avif)
[25/212] civic-hatchback/sport-touring-hybrid/front_three_quarter  FAIL (wrong-content-type — content-type text/html; charset=utf-8)
[26/212] civic-hatchback/sport-touring-hybrid/side_profile  FAIL (wrong-content-type — content-type text/html; charset=utf-8)
[27/212] civic-hatchback/sport-touring-hybrid/rear_three_quarter  FAIL (wrong-content-type — content-type text/html; charset=utf-8)
[28/212] civic-hatchback/sport-touring-hybrid/interior_dashboard  ok (75357 bytes, image/avif)
[29/212] civic-si/si/front_three_quarter  ok (35865 bytes, image/avif)
[30/212] civic-si/si/rear_three_quarter  ok (306911 bytes, image/jpeg)
[31/212] civic-si/si/side_profile  ok (68366 bytes, image/avif)
[32/212] civic-si/si/interior_dashboard  ok (163908 bytes, image/webp)
[33/212] civic-type-r/type-r/front_three_quarter  FAIL (wrong-content-type — content-type text/html; charset=utf-8)
[34/212] civic-type-r/type-r/rear_three_quarter  ok (152659 bytes, image/jpeg)
[35/212] civic-type-r/type-r/side_profile  FAIL (wrong-content-type — content-type text/html; charset=utf-8)
[36/212] civic-type-r/type-r/interior_dashboard  ok (482930 bytes, image/jpeg)
[37/212] accord/lx/front_three_quarter  ok (17280 bytes, image/avif)
[38/212] accord/lx/rear_three_quarter  ok (28102 bytes, image/avif)
[39/212] accord/lx/side_profile  ok (8345 bytes, image/avif)
[40/212] accord/lx/interior_dashboard  ok (124583 bytes, image/avif)
[41/212] accord/se/front_three_quarter  ok (243801 bytes, image/avif)
[42/212] accord/se/side_profile  ok (9240 bytes, image/avif)
[43/212] accord/se/rear_three_quarter  FAIL (wrong-content-type — content-type text/html; charset=utf-8)
[44/212] accord/se/interior_dashboard  ok (72021 bytes, image/avif)
[45/212] accord/sport-hybrid/front_three_quarter  ok (17280 bytes, image/avif)
[46/212] accord/sport-hybrid/side_profile  ok (8345 bytes, image/avif)
[47/212] accord/sport-hybrid/rear_three_quarter  ok (28102 bytes, image/avif)
[48/212] accord/sport-hybrid/interior_dashboard  ok (124583 bytes, image/avif)
[49/212] accord/ex-l-hybrid/front_three_quarter  ok (243801 bytes, image/avif)
[50/212] accord/ex-l-hybrid/side_profile  ok (9240 bytes, image/avif)
[51/212] accord/ex-l-hybrid/rear_three_quarter  FAIL (wrong-content-type — content-type text/html; charset=utf-8)
[52/212] accord/ex-l-hybrid/interior_dashboard  ok (72021 bytes, image/avif)
[53/212] accord/sport-l-hybrid/front_three_quarter  FAIL (wrong-content-type — content-type text/html; charset=utf-8)
[54/212] accord/sport-l-hybrid/side_profile  ok (8388 bytes, image/avif)
[55/212] accord/sport-l-hybrid/rear_three_quarter  FAIL (wrong-content-type — content-type text/html; charset=utf-8)
[56/212] accord/sport-l-hybrid/interior_dashboard  ok (44659 bytes, image/avif)
[57/212] accord/touring-hybrid/front_three_quarter  FAIL (wrong-content-type — content-type text/html; charset=utf-8)
[58/212] accord/touring-hybrid/side_profile  ok (8242 bytes, image/avif)
[59/212] accord/touring-hybrid/rear_three_quarter  FAIL (wrong-content-type — content-type text/html; charset=utf-8)
[60/212] accord/touring-hybrid/interior_dashboard  ok (124583 bytes, image/avif)
[61/212] prelude/hybrid/front_three_quarter  ok (13725 bytes, image/avif)
[62/212] prelude/hybrid/rear_three_quarter  ok (58611 bytes, image/avif)
[63/212] prelude/hybrid/side_profile  ok (53264 bytes, image/webp)
[64/212] prelude/hybrid/interior_dashboard  ok (215377 bytes, image/avif)
[65/212] prelude/hybrid-two-tone/front_three_quarter  FAIL (wrong-content-type — content-type text/html; charset=utf-8)
[66/212] prelude/hybrid-two-tone/rear_three_quarter  FAIL (wrong-content-type — content-type text/html; charset=utf-8)
[67/212] prelude/hybrid-two-tone/side_profile  ok (198694 bytes, image/webp)
[68/212] prelude/hybrid-two-tone/interior_dashboard  ok (241752 bytes, image/webp)
[69/212] hr-v/lx/front_three_quarter  ok (305290 bytes, image/jpeg)
[70/212] hr-v/lx/rear_three_quarter  ok (280663 bytes, image/avif)
[71/212] hr-v/lx/side_profile  ok (269958 bytes, image/avif)
[72/212] hr-v/lx/interior_dashboard  ok (155402 bytes, image/webp)
[73/212] hr-v/sport/front_three_quarter  ok (79278 bytes, image/avif)
[74/212] hr-v/sport/rear_three_quarter  FAIL (wrong-content-type — content-type text/html; charset=utf-8)
[75/212] hr-v/sport/side_profile  ok (241966 bytes, image/avif)
[76/212] hr-v/sport/interior_dashboard  ok (302180 bytes, image/jpeg)
[77/212] hr-v/ex-l/front_three_quarter  ok (291096 bytes, image/jpeg)
[78/212] hr-v/ex-l/rear_three_quarter  FAIL (wrong-content-type — content-type text/html; charset=utf-8)
[79/212] hr-v/ex-l/side_profile  ok (241966 bytes, image/avif)
[80/212] hr-v/ex-l/interior_dashboard  ok (232597 bytes, image/jpeg)
[81/212] cr-v/lx/front_three_quarter  ok (171457 bytes, image/jpeg)
[82/212] cr-v/lx/rear_three_quarter  ok (408 bytes, image/webp)
[83/212] cr-v/lx/side_profile  ok (12352 bytes, image/avif)
[84/212] cr-v/lx/interior_dashboard  ok (243799 bytes, image/avif)
[85/212] cr-v/ex/front_three_quarter  ok (113166 bytes, image/avif)
[86/212] cr-v/ex/side_profile  ok (3738 bytes, image/avif)
[87/212] cr-v/ex/rear_three_quarter  FAIL (wrong-content-type — content-type text/html; charset=utf-8)
[88/212] cr-v/ex/interior_dashboard  ok (330764 bytes, image/webp)
[89/212] cr-v/ex-l/front_three_quarter  ok (72164 bytes, image/jpeg)
[90/212] cr-v/ex-l/side_profile  FAIL (wrong-content-type — content-type text/html; charset=utf-8)
[91/212] cr-v/ex-l/rear_three_quarter  FAIL (wrong-content-type — content-type text/html; charset=utf-8)
[92/212] cr-v/ex-l/interior_dashboard  ok (287022 bytes, image/webp)
[93/212] cr-v/sport-hybrid/front_three_quarter  ok (171457 bytes, image/jpeg)
[94/212] cr-v/sport-hybrid/side_profile  ok (12352 bytes, image/avif)
[95/212] cr-v/sport-hybrid/rear_three_quarter  ok (408 bytes, image/webp)
[96/212] cr-v/sport-hybrid/interior_dashboard  ok (243799 bytes, image/avif)
[97/212] cr-v/trailsport-hybrid/front_three_quarter  ok (171457 bytes, image/jpeg)
[98/212] cr-v/trailsport-hybrid/side_profile  ok (12352 bytes, image/avif)
[99/212] cr-v/trailsport-hybrid/rear_three_quarter  ok (408 bytes, image/webp)
[100/212] cr-v/trailsport-hybrid/interior_dashboard  ok (243799 bytes, image/avif)
[101/212] cr-v/sport-l-hybrid/front_three_quarter  ok (113166 bytes, image/avif)
[102/212] cr-v/sport-l-hybrid/side_profile  ok (3738 bytes, image/avif)
[103/212] cr-v/sport-l-hybrid/rear_three_quarter  FAIL (wrong-content-type — content-type text/html; charset=utf-8)
[104/212] cr-v/sport-l-hybrid/interior_dashboard  ok (330764 bytes, image/webp)
[105/212] cr-v/sport-touring-hybrid/front_three_quarter  ok (72164 bytes, image/jpeg)
[106/212] cr-v/sport-touring-hybrid/side_profile  FAIL (wrong-content-type — content-type text/html; charset=utf-8)
[107/212] cr-v/sport-touring-hybrid/rear_three_quarter  FAIL (wrong-content-type — content-type text/html; charset=utf-8)
[108/212] cr-v/sport-touring-hybrid/interior_dashboard  ok (287022 bytes, image/webp)
[109/212] passport/rtl/front_three_quarter  ok (383350 bytes, image/webp)
[110/212] passport/rtl/rear_three_quarter  ok (208542 bytes, image/avif)
[111/212] passport/rtl/side_profile  ok (261309 bytes, image/avif)
[112/212] passport/rtl/interior_dashboard  ok (231609 bytes, image/avif)
[113/212] passport/rtl-towing/front_three_quarter  ok (374822 bytes, image/jpeg)
[114/212] passport/rtl-towing/side_profile  ok (418103 bytes, image/jpeg)
[115/212] passport/rtl-towing/rear_three_quarter  ok (428768 bytes, image/webp)
[116/212] passport/rtl-towing/interior_dashboard  ok (577522 bytes, image/jpeg)
[117/212] passport/rtl-blackout/front_three_quarter  ok (620973 bytes, image/avif)
[118/212] passport/rtl-blackout/side_profile  ok (258848 bytes, image/webp)
[119/212] passport/rtl-blackout/rear_three_quarter  ok (38477 bytes, image/avif)
[120/212] passport/rtl-blackout/interior_dashboard  ok (197172 bytes, image/webp)
[121/212] passport/trailsport/front_three_quarter  ok (383350 bytes, image/webp)
[122/212] passport/trailsport/rear_three_quarter  ok (208542 bytes, image/avif)
[123/212] passport/trailsport/side_profile  ok (261309 bytes, image/avif)
[124/212] passport/trailsport/interior_dashboard  ok (231609 bytes, image/avif)
[125/212] passport/trailsport-blackout/front_three_quarter  ok (374822 bytes, image/jpeg)
[126/212] passport/trailsport-blackout/side_profile  ok (418103 bytes, image/jpeg)
[127/212] passport/trailsport-blackout/rear_three_quarter  ok (428768 bytes, image/webp)
[128/212] passport/trailsport-blackout/interior_dashboard  ok (577522 bytes, image/jpeg)
[129/212] passport/trailsport-elite/front_three_quarter  ok (383350 bytes, image/webp)
[130/212] passport/trailsport-elite/side_profile  ok (261309 bytes, image/avif)
[131/212] passport/trailsport-elite/rear_three_quarter  ok (208542 bytes, image/avif)
[132/212] passport/trailsport-elite/interior_dashboard  ok (231609 bytes, image/avif)
[133/212] passport/trailsport-elite-blackout/front_three_quarter  ok (374822 bytes, image/jpeg)
[134/212] passport/trailsport-elite-blackout/side_profile  ok (418103 bytes, image/jpeg)
[135/212] passport/trailsport-elite-blackout/rear_three_quarter  ok (428768 bytes, image/webp)
[136/212] passport/trailsport-elite-blackout/interior_dashboard  ok (577522 bytes, image/jpeg)
[137/212] pilot/sport/front_three_quarter  FAIL (wrong-content-type — content-type text/html; charset=utf-8)
[138/212] pilot/sport/rear_three_quarter  FAIL (wrong-content-type — content-type text/html; charset=utf-8)
[139/212] pilot/sport/side_profile  FAIL (wrong-content-type — content-type text/html; charset=utf-8)
[140/212] pilot/sport/interior_dashboard  ok (91519 bytes, image/avif)
[141/212] pilot/ex-l/front_three_quarter  FAIL (wrong-content-type — content-type text/html; charset=utf-8)
[142/212] pilot/ex-l/side_profile  FAIL (wrong-content-type — content-type text/html; charset=utf-8)
[143/212] pilot/ex-l/rear_three_quarter  FAIL (wrong-content-type — content-type text/html; charset=utf-8)
[144/212] pilot/ex-l/interior_dashboard  ok (125912 bytes, image/avif)
[145/212] pilot/trailsport/front_three_quarter  FAIL (wrong-content-type — content-type text/html; charset=utf-8)
[146/212] pilot/trailsport/side_profile  FAIL (wrong-content-type — content-type text/html; charset=utf-8)
[147/212] pilot/trailsport/rear_three_quarter  FAIL (wrong-content-type — content-type text/html; charset=utf-8)
[148/212] pilot/trailsport/interior_dashboard  ok (91519 bytes, image/avif)
[149/212] pilot/touring/front_three_quarter  FAIL (wrong-content-type — content-type text/html; charset=utf-8)
[150/212] pilot/touring/side_profile  FAIL (wrong-content-type — content-type text/html; charset=utf-8)
[151/212] pilot/touring/rear_three_quarter  FAIL (wrong-content-type — content-type text/html; charset=utf-8)
[152/212] pilot/touring/interior_dashboard  ok (91519 bytes, image/avif)
[153/212] pilot/touring-blackout/front_three_quarter  FAIL (wrong-content-type — content-type text/html; charset=utf-8)
[154/212] pilot/touring-blackout/side_profile  FAIL (wrong-content-type — content-type text/html; charset=utf-8)
[155/212] pilot/touring-blackout/rear_three_quarter  FAIL (wrong-content-type — content-type text/html; charset=utf-8)
[156/212] pilot/touring-blackout/interior_dashboard  ok (125912 bytes, image/avif)
[157/212] pilot/elite/front_three_quarter  FAIL (wrong-content-type — content-type text/html; charset=utf-8)
[158/212] pilot/elite/side_profile  FAIL (wrong-content-type — content-type text/html; charset=utf-8)
[159/212] pilot/elite/rear_three_quarter  FAIL (wrong-content-type — content-type text/html; charset=utf-8)
[160/212] pilot/elite/interior_dashboard  ok (91519 bytes, image/avif)
[161/212] pilot/black-edition/front_three_quarter  FAIL (wrong-content-type — content-type text/html; charset=utf-8)
[162/212] pilot/black-edition/side_profile  FAIL (wrong-content-type — content-type text/html; charset=utf-8)
[163/212] pilot/black-edition/rear_three_quarter  FAIL (wrong-content-type — content-type text/html; charset=utf-8)
[164/212] pilot/black-edition/interior_dashboard  ok (125912 bytes, image/avif)
[165/212] prologue/ex/front_three_quarter  ok (74893 bytes, image/avif)
[166/212] prologue/ex/rear_three_quarter  FAIL (wrong-content-type — content-type text/html; charset=utf-8)
[167/212] prologue/ex/side_profile  FAIL (wrong-content-type — content-type text/html; charset=utf-8)
[168/212] prologue/ex/interior_dashboard  ok (137422 bytes, image/avif)
[169/212] prologue/touring/front_three_quarter  ok (44811 bytes, image/avif)
[170/212] prologue/touring/side_profile  FAIL (wrong-content-type — content-type text/html; charset=utf-8)
[171/212] prologue/touring/rear_three_quarter  FAIL (wrong-content-type — content-type text/html; charset=utf-8)
[172/212] prologue/touring/interior_dashboard  ok (198195 bytes, image/avif)
[173/212] prologue/elite/front_three_quarter  ok (40716 bytes, image/avif)
[174/212] prologue/elite/side_profile  FAIL (wrong-content-type — content-type text/html; charset=utf-8)
[175/212] prologue/elite/rear_three_quarter  FAIL (wrong-content-type — content-type text/html; charset=utf-8)
[176/212] prologue/elite/interior_dashboard  ok (115406 bytes, image/avif)
[177/212] ridgeline/sport/front_three_quarter  ok (74630 bytes, image/avif)
[178/212] ridgeline/sport/rear_three_quarter  ok (408769 bytes, image/avif)
[179/212] ridgeline/sport/side_profile  FAIL (wrong-content-type — content-type text/html; charset=utf-8)
[180/212] ridgeline/sport/interior_dashboard  ok (233750 bytes, image/webp)
[181/212] ridgeline/rtl/front_three_quarter  FAIL (wrong-content-type — content-type text/html; charset=utf-8)
[182/212] ridgeline/rtl/side_profile  FAIL (wrong-content-type — content-type text/html; charset=utf-8)
[183/212] ridgeline/rtl/rear_three_quarter  ok (408769 bytes, image/avif)
[184/212] ridgeline/rtl/interior_dashboard  ok (240052 bytes, image/avif)
[185/212] ridgeline/trailsport/front_three_quarter  ok (74630 bytes, image/avif)
[186/212] ridgeline/trailsport/side_profile  FAIL (wrong-content-type — content-type text/html; charset=utf-8)
[187/212] ridgeline/trailsport/rear_three_quarter  ok (408769 bytes, image/avif)
[188/212] ridgeline/trailsport/interior_dashboard  ok (233750 bytes, image/webp)
[189/212] ridgeline/trailsport-hpd-wheels/front_three_quarter  FAIL (wrong-content-type — content-type text/html; charset=utf-8)
[190/212] ridgeline/trailsport-hpd-wheels/side_profile  FAIL (wrong-content-type — content-type text/html; charset=utf-8)
[191/212] ridgeline/trailsport-hpd-wheels/rear_three_quarter  ok (408769 bytes, image/avif)
[192/212] ridgeline/trailsport-hpd-wheels/interior_dashboard  ok (240052 bytes, image/avif)
[193/212] ridgeline/black-edition/front_three_quarter  ok (74630 bytes, image/avif)
[194/212] ridgeline/black-edition/side_profile  FAIL (wrong-content-type — content-type text/html; charset=utf-8)
[195/212] ridgeline/black-edition/rear_three_quarter  ok (408769 bytes, image/avif)
[196/212] ridgeline/black-edition/interior_dashboard  ok (233750 bytes, image/webp)
[197/212] odyssey/ex-l/front_three_quarter  FAIL (wrong-content-type — content-type text/html; charset=utf-8)
[198/212] odyssey/ex-l/rear_three_quarter  FAIL (wrong-content-type — content-type text/html; charset=utf-8)
[199/212] odyssey/ex-l/side_profile  FAIL (wrong-content-type — content-type text/html; charset=utf-8)
[200/212] odyssey/ex-l/interior_dashboard  ok (124553 bytes, image/avif)
[201/212] odyssey/sport-l/front_three_quarter  FAIL (wrong-content-type — content-type text/html; charset=utf-8)
[202/212] odyssey/sport-l/side_profile  FAIL (wrong-content-type — content-type text/html; charset=utf-8)
[203/212] odyssey/sport-l/rear_three_quarter  FAIL (wrong-content-type — content-type text/html; charset=utf-8)
[204/212] odyssey/sport-l/interior_dashboard  ok (469731 bytes, image/avif)
[205/212] odyssey/touring/front_three_quarter  FAIL (wrong-content-type — content-type text/html; charset=utf-8)
[206/212] odyssey/touring/side_profile  FAIL (wrong-content-type — content-type text/html; charset=utf-8)
[207/212] odyssey/touring/rear_three_quarter  FAIL (wrong-content-type — content-type text/html; charset=utf-8)
[208/212] odyssey/touring/interior_dashboard  ok (124553 bytes, image/avif)
[209/212] odyssey/elite/front_three_quarter  FAIL (wrong-content-type — content-type text/html; charset=utf-8)
[210/212] odyssey/elite/side_profile  FAIL (wrong-content-type — content-type text/html; charset=utf-8)
[211/212] odyssey/elite/rear_three_quarter  FAIL (wrong-content-type — content-type text/html; charset=utf-8)
[212/212] odyssey/elite/interior_dashboard  ok (124553 bytes, image/avif)

Updated catalog/data/honda.json and data/honda.json with downloaded flags.

========================================
  SUMMARY
========================================
Brand:                  honda
Total images attempted: 212
Successful:             141 (66.5%)
Failed:                 71

Failed by HTTP status:
  (none)

Failed by other error kind:
  wrong-content-type: 71

Models with zero successful images: 0 of 13

Failure breakdown (one example per group):
  [wrong-content-type (text/html; charset=utf-8)] x71 — e.g. https://automobiles.honda.com/civic-hatchback
