Reset 152 image entries with needs_scraping:true to their model page URLs.
Brand: hyundai
Models in JSON: 14
Models with page URLs: 14
Playwright fallback: enabled
Brand-specific angle patterns: 2 regex(es) across 2 angle(s) — front_three_quarter, side_profile

Scraping 14 model pages…

  fetch https://www.hyundaiusa.com/us/en/vehicles/venue  …  static ok (110 raw, 37 slug-matching)
  fetch https://www.hyundaiusa.com/us/en/vehicles/elantra  …  static ok (126 raw, 45 slug-matching)
  fetch https://www.hyundaiusa.com/us/en/vehicles/elantra-n  …  static ok (132 raw, 48 slug-matching)
  fetch https://www.hyundaiusa.com/us/en/vehicles/sonata  …  static ok (456 raw, 210 slug-matching)
  fetch https://www.hyundaiusa.com/us/en/vehicles/kona  …  static ok (94 raw, 29 slug-matching)
  fetch https://www.hyundaiusa.com/us/en/vehicles/tucson  …  static ok (222 raw, 93 slug-matching)
  fetch https://www.hyundaiusa.com/us/en/vehicles/santa-cruz  …  static ok (164 raw, 64 slug-matching)
  fetch https://www.hyundaiusa.com/us/en/vehicles/santa-fe  …  static ok (206 raw, 85 slug-matching)
  fetch https://www.hyundaiusa.com/us/en/vehicles/palisade  …  static ok (43 raw, 0 slug-matching)
    playwright https://www.hyundaiusa.com/us/en/vehicles/palisade  …  ok (240 raw candidates)
  fetch https://www.hyundaiusa.com/us/en/vehicles/ioniq-5  …  static ok (190 raw, 69 slug-matching)
  fetch https://www.hyundaiusa.com/us/en/vehicles/ioniq-5-n  …  static ok (158 raw, 45 slug-matching)
  fetch https://www.hyundaiusa.com/us/en/vehicles/ioniq-6-n  …  static ok (60 raw, 18 slug-matching)
  fetch https://www.hyundaiusa.com/us/en/vehicles/ioniq-9  …  static ok (286 raw, 117 slug-matching)
  fetch https://www.hyundainews.com/models/hyundai-nexo-2026-nexo/overview  …  static ok (0 raw, 0 slug-matching)
    playwright https://www.hyundainews.com/models/hyundai-nexo-2026-nexo/overview  …  ok but 0 candidates

========================================
  SCRAPE SUMMARY
========================================
Brand:                          hyundai
Pages attempted:                14
Pages failed:                   1
  - https://www.hyundainews.com/models/hyundai-nexo-2026-nexo/overview  (no candidates after static + playwright)
Pages escalated to Playwright:  2 of 14
  Playwright successes:         1
  Playwright failures:          1
Image entries rewritten:        43
  via text/URL pattern match:   0
  via brand-specific angle:     43
  via positional fallback:      0
Brand-specific angle matches:   43
Resolution upgrades:            43 URLs preferred larger variants
Image entries unchanged:        109

Sample rewrites:
  [B10.0] venue/se/front_three_quarter
        → https://s7d1.scene7.com/is/image/hyundai/2026-venue-vlp-hero-1440-1919?wid=1919&qlt=85
  [B10.0] venue/sel/front_three_quarter
        → https://s7d1.scene7.com/is/image/hyundai/2026-venue-vlp-hero-1920-2560?wid=2560&qlt=85
  [B10.0] elantra/se/front_three_quarter
        → https://s7d1.scene7.com/is/image/hyundai/2026-elantra-vlp-hero-1440-1919?wid=1919&qlt=85
  [B10.0] elantra/sel-sport/front_three_quarter
        → https://s7d1.scene7.com/is/image/hyundai/2026-elantra-vlp-hero-1920-2560?wid=2560&qlt=85
  [B10.0] elantra/sel-sport-premium/front_three_quarter
        → https://s7d1.scene7.com/is/image/hyundai/2026-elantra-vlp-hero-1440-1919x850?wid=1919&qlt=85
  [B10.0] elantra/limited/front_three_quarter
        → https://s7d1.scene7.com/is/image/hyundai/2026-elantra-vlp-hero-2560-2560x850?wid=2560&qlt=85
  [B10.0] elantra/n-line/front_three_quarter
        → https://s7d1.scene7.com/is/image/hyundai/2026-elantra-vlp-hero-1440-1919?wid=1919&qlt=85
  [B10.0] elantra/hybrid-blue/front_three_quarter
        → https://s7d1.scene7.com/is/image/hyundai/2026-elantra-vlp-hero-1440-1919?wid=1919&qlt=85
  [B10.0] elantra/hybrid-sel-sport/front_three_quarter
        → https://s7d1.scene7.com/is/image/hyundai/2026-elantra-vlp-hero-1920-2560?wid=2560&qlt=85
  [B10.0] elantra/hybrid-limited/front_three_quarter
        → https://s7d1.scene7.com/is/image/hyundai/2026-elantra-vlp-hero-1440-1919x850?wid=1919&qlt=85
  [B10.0] sonata/se/front_three_quarter
        → https://s7d1.scene7.com/is/image/hyundai/2026-sonata-ice-vlp-hero-1440-1919?wid=1919&qlt=85
  [B10.0] sonata/se/side_profile
        → https://s7d1.scene7.com/is/image/hyundai/2026-sonata-hev-vlp-hero-1440-1919?wid=1919&qlt=85

Models with unresolved angles:
  venue: 3 entries  (e.g. se/rear_three_quarter, se/side_profile, se/interior_dashboard)
  elantra: 9 entries  (e.g. se/rear_three_quarter, se/side_profile, se/interior_dashboard)
  elantra-n: 4 entries  (e.g. elantra-n/front_three_quarter, elantra-n/rear_three_quarter, elantra-n/side_profile)
  sonata: 6 entries  (e.g. se/rear_three_quarter, se/interior_dashboard, n-line/rear_three_quarter)
  kona: 7 entries  (e.g. se/front_three_quarter, se/rear_three_quarter, se/side_profile)
  tucson: 12 entries  (e.g. se/rear_three_quarter, se/side_profile, se/interior_dashboard)
  santa-cruz: 11 entries  (e.g. se/front_three_quarter, se/rear_three_quarter, se/side_profile)
  santa-fe: 9 entries  (e.g. se/rear_three_quarter, se/side_profile, se/interior_dashboard)
  palisade: 19 entries  (e.g. se/front_three_quarter, se/rear_three_quarter, se/side_profile)
  ioniq-5: 9 entries  (e.g. se-standard-range/front_three_quarter, se-standard-range/rear_three_quarter, se-standard-range/interior_dashboard)
  ioniq-5-n: 3 entries  (e.g. ioniq-5-n/front_three_quarter, ioniq-5-n/rear_three_quarter, ioniq-5-n/interior_dashboard)
  ioniq-6-n: 4 entries  (e.g. ioniq-6-n/front_three_quarter, ioniq-6-n/rear_three_quarter, ioniq-6-n/side_profile)
  ioniq-9: 8 entries  (e.g. s/front_three_quarter, s/rear_three_quarter, s/interior_dashboard)
  nexo: 5 entries  (e.g. blue/front_three_quarter, blue/rear_three_quarter, blue/side_profile)
