Brand: hyundai
Referer header: https://www.hyundaiusa.com/
Found 152 image entries across 14 models.

[1/152] venue/se/front_three_quarter  ok (66468 bytes, image/webp)
[2/152] venue/se/rear_three_quarter  ok (83692 bytes, image/webp)
[3/152] venue/se/side_profile  ok (38198 bytes, image/webp)
[4/152] venue/se/interior_dashboard  ok (41302 bytes, image/webp)
[5/152] venue/sel/front_three_quarter  ok (54944 bytes, image/webp)
[6/152] elantra/se/front_three_quarter  ok (36724 bytes, image/webp)
[7/152] elantra/se/rear_three_quarter  ok (72648 bytes, image/webp)
[8/152] elantra/se/side_profile  ok (21156 bytes, image/webp)
[9/152] elantra/se/interior_dashboard  ok (40822 bytes, image/webp)
[10/152] elantra/sel-sport/front_three_quarter  ok (51922 bytes, image/webp)
[11/152] elantra/sel-sport-premium/front_three_quarter  ok (45202 bytes, image/webp)
[12/152] elantra/limited/front_three_quarter  ok (463684 bytes, image/webp)
[13/152] elantra/n-line/front_three_quarter  ok (36724 bytes, image/webp)
[14/152] elantra/n-line/rear_three_quarter  ok (72648 bytes, image/webp)
[15/152] elantra/n-line/side_profile  ok (21156 bytes, image/webp)
[16/152] elantra/n-line/interior_dashboard  ok (40822 bytes, image/webp)
[17/152] elantra/hybrid-blue/front_three_quarter  ok (36724 bytes, image/webp)
[18/152] elantra/hybrid-blue/rear_three_quarter  ok (72648 bytes, image/webp)
[19/152] elantra/hybrid-blue/side_profile  ok (21156 bytes, image/webp)
[20/152] elantra/hybrid-blue/interior_dashboard  ok (40822 bytes, image/webp)
[21/152] elantra/hybrid-sel-sport/front_three_quarter  ok (51922 bytes, image/webp)
[22/152] elantra/hybrid-limited/front_three_quarter  ok (45202 bytes, image/webp)
[23/152] elantra-n/elantra-n/front_three_quarter  ok (27028 bytes, image/webp)
[24/152] elantra-n/elantra-n/rear_three_quarter  ok (62214 bytes, image/webp)
[25/152] elantra-n/elantra-n/side_profile  ok (25230 bytes, image/webp)
[26/152] elantra-n/elantra-n/interior_dashboard  FAIL (wrong-content-type — content-type text/html; charset=utf-8)
[27/152] sonata/se/front_three_quarter  ok (57086 bytes, image/webp)
[28/152] sonata/se/rear_three_quarter  ok (12692 bytes, image/webp)
[29/152] sonata/se/side_profile  ok (38694 bytes, image/webp)
[30/152] sonata/se/interior_dashboard  ok (137170 bytes, image/webp)
[31/152] sonata/sel-sport/front_three_quarter  ok (76384 bytes, image/webp)
[32/152] sonata/n-line/front_three_quarter  ok (57086 bytes, image/webp)
[33/152] sonata/n-line/rear_three_quarter  ok (12692 bytes, image/webp)
[34/152] sonata/n-line/side_profile  ok (38694 bytes, image/webp)
[35/152] sonata/n-line/interior_dashboard  ok (137170 bytes, image/webp)
[36/152] sonata/hybrid-blue/front_three_quarter  ok (57086 bytes, image/webp)
[37/152] sonata/hybrid-blue/rear_three_quarter  ok (12692 bytes, image/webp)
[38/152] sonata/hybrid-blue/side_profile  ok (38694 bytes, image/webp)
[39/152] sonata/hybrid-blue/interior_dashboard  ok (137170 bytes, image/webp)
[40/152] sonata/hybrid-sel/front_three_quarter  ok (76384 bytes, image/webp)
[41/152] sonata/hybrid-limited/front_three_quarter  ok (55698 bytes, image/webp)
[42/152] kona/se/front_three_quarter  ok (90128 bytes, image/webp)
[43/152] kona/se/rear_three_quarter  ok (118428 bytes, image/webp)
[44/152] kona/se/side_profile  ok (9882 bytes, image/webp)
[45/152] kona/se/interior_dashboard  ok (50300 bytes, image/webp)
[46/152] kona/sel-sport/front_three_quarter  ok (109064 bytes, image/webp)
[47/152] kona/sel-premium/front_three_quarter  ok (90750 bytes, image/webp)
[48/152] kona/limited/front_three_quarter  FAIL (wrong-content-type — content-type text/html; charset=utf-8)
[49/152] tucson/se/front_three_quarter  ok (67762 bytes, image/webp)
[50/152] tucson/se/rear_three_quarter  ok (66126 bytes, image/webp)
[51/152] tucson/se/side_profile  ok (77230 bytes, image/webp)
[52/152] tucson/se/interior_dashboard  FAIL (wrong-content-type — content-type text/html; charset=utf-8)
[53/152] tucson/sel/front_three_quarter  ok (635086 bytes, image/webp)
[54/152] tucson/xrt/front_three_quarter  ok (67762 bytes, image/webp)
[55/152] tucson/xrt/rear_three_quarter  ok (66126 bytes, image/webp)
[56/152] tucson/xrt/side_profile  ok (77230 bytes, image/webp)
[57/152] tucson/xrt/interior_dashboard  FAIL (wrong-content-type — content-type text/html; charset=utf-8)
[58/152] tucson/sel-premium/front_three_quarter  ok (473580 bytes, image/webp)
[59/152] tucson/limited/front_three_quarter  ok (490241 bytes, image/jpeg)
[60/152] tucson/hybrid-blue-se/front_three_quarter  ok (67762 bytes, image/webp)
[61/152] tucson/hybrid-blue-se/rear_three_quarter  ok (66126 bytes, image/webp)
[62/152] tucson/hybrid-blue-se/side_profile  ok (77230 bytes, image/webp)
[63/152] tucson/hybrid-blue-se/interior_dashboard  FAIL (wrong-content-type — content-type text/html; charset=utf-8)
[64/152] tucson/hybrid-sel/front_three_quarter  ok (635086 bytes, image/webp)
[65/152] tucson/hybrid-sel-convenience/front_three_quarter  ok (473580 bytes, image/webp)
[66/152] tucson/hybrid-limited/front_three_quarter  ok (490241 bytes, image/jpeg)
[67/152] tucson/phev-sel/front_three_quarter  ok (67762 bytes, image/webp)
[68/152] tucson/phev-sel/rear_three_quarter  ok (66126 bytes, image/webp)
[69/152] tucson/phev-sel/side_profile  ok (77230 bytes, image/webp)
[70/152] tucson/phev-sel/interior_dashboard  FAIL (wrong-content-type — content-type text/html; charset=utf-8)
[71/152] tucson/phev-limited/front_three_quarter  ok (635086 bytes, image/webp)
[72/152] santa-cruz/se/front_three_quarter  ok (55246 bytes, image/webp)
[73/152] santa-cruz/se/rear_three_quarter  ok (37614 bytes, image/webp)
[74/152] santa-cruz/se/side_profile  ok (56676 bytes, image/webp)
[75/152] santa-cruz/se/interior_dashboard  ok (59084 bytes, image/webp)
[76/152] santa-cruz/sel/front_three_quarter  ok (28598 bytes, image/webp)
[77/152] santa-cruz/sel-activity/front_three_quarter  FAIL (wrong-content-type — content-type text/html; charset=utf-8)
[78/152] santa-cruz/xrt/front_three_quarter  ok (55246 bytes, image/webp)
[79/152] santa-cruz/xrt/rear_three_quarter  ok (37614 bytes, image/webp)
[80/152] santa-cruz/xrt/side_profile  ok (56676 bytes, image/webp)
[81/152] santa-cruz/xrt/interior_dashboard  ok (59084 bytes, image/webp)
[82/152] santa-cruz/limited/front_three_quarter  FAIL (wrong-content-type — content-type text/html; charset=utf-8)
[83/152] santa-fe/se/front_three_quarter  ok (79146 bytes, image/webp)
[84/152] santa-fe/se/rear_three_quarter  ok (68790 bytes, image/webp)
[85/152] santa-fe/se/side_profile  FAIL (wrong-content-type — content-type text/html; charset=utf-8)
[86/152] santa-fe/se/interior_dashboard  ok (54098 bytes, image/webp)
[87/152] santa-fe/sel/front_three_quarter  ok (40702 bytes, image/webp)
[88/152] santa-fe/xrt/front_three_quarter  ok (79146 bytes, image/webp)
[89/152] santa-fe/xrt/rear_three_quarter  ok (68790 bytes, image/webp)
[90/152] santa-fe/xrt/side_profile  FAIL (wrong-content-type — content-type text/html; charset=utf-8)
[91/152] santa-fe/xrt/interior_dashboard  ok (54098 bytes, image/webp)
[92/152] santa-fe/limited/front_three_quarter  ok (104146 bytes, image/webp)
[93/152] santa-fe/calligraphy/front_three_quarter  ok (274862 bytes, image/webp)
[94/152] santa-fe/hybrid-se/front_three_quarter  ok (79146 bytes, image/webp)
[95/152] santa-fe/hybrid-se/rear_three_quarter  ok (68790 bytes, image/webp)
[96/152] santa-fe/hybrid-se/side_profile  FAIL (wrong-content-type — content-type text/html; charset=utf-8)
[97/152] santa-fe/hybrid-se/interior_dashboard  ok (54098 bytes, image/webp)
[98/152] santa-fe/hybrid-sel/front_three_quarter  ok (40702 bytes, image/webp)
[99/152] santa-fe/hybrid-limited/front_three_quarter  ok (104146 bytes, image/webp)
[100/152] santa-fe/hybrid-calligraphy/front_three_quarter  ok (274862 bytes, image/webp)
[101/152] palisade/se/front_three_quarter  ok (41160 bytes, image/webp)
[102/152] palisade/se/rear_three_quarter  ok (95026 bytes, image/webp)
[103/152] palisade/se/side_profile  ok (31704 bytes, image/webp)
[104/152] palisade/se/interior_dashboard  ok (126360 bytes, image/webp)
[105/152] palisade/sel/front_three_quarter  ok (44694 bytes, image/webp)
[106/152] palisade/sel-convenience/front_three_quarter  FAIL (wrong-content-type — content-type text/html; charset=utf-8)
[107/152] palisade/sel-premium/front_three_quarter  FAIL (wrong-content-type — content-type text/html; charset=utf-8)
[108/152] palisade/limited/front_three_quarter  FAIL (wrong-content-type — content-type text/html; charset=utf-8)
[109/152] palisade/xrt-pro/front_three_quarter  ok (41160 bytes, image/webp)
[110/152] palisade/xrt-pro/rear_three_quarter  ok (95026 bytes, image/webp)
[111/152] palisade/xrt-pro/side_profile  ok (31704 bytes, image/webp)
[112/152] palisade/xrt-pro/interior_dashboard  ok (126360 bytes, image/webp)
[113/152] palisade/calligraphy/front_three_quarter  FAIL (wrong-content-type — content-type text/html; charset=utf-8)
[114/152] palisade/hybrid-blue-sel/front_three_quarter  ok (41160 bytes, image/webp)
[115/152] palisade/hybrid-blue-sel/rear_three_quarter  ok (95026 bytes, image/webp)
[116/152] palisade/hybrid-blue-sel/side_profile  ok (31704 bytes, image/webp)
[117/152] palisade/hybrid-blue-sel/interior_dashboard  ok (126360 bytes, image/webp)
[118/152] palisade/hybrid-limited/front_three_quarter  ok (44694 bytes, image/webp)
[119/152] palisade/hybrid-calligraphy/front_three_quarter  FAIL (wrong-content-type — content-type text/html; charset=utf-8)
[120/152] ioniq-5/se-standard-range/front_three_quarter  FAIL (wrong-content-type — content-type text/html; charset=utf-8)
[121/152] ioniq-5/se-standard-range/rear_three_quarter  ok (27604 bytes, image/webp)
[122/152] ioniq-5/se-standard-range/side_profile  ok (56648 bytes, image/webp)
[123/152] ioniq-5/se-standard-range/interior_dashboard  ok (37214 bytes, image/webp)
[124/152] ioniq-5/se/front_three_quarter  FAIL (wrong-content-type — content-type text/html; charset=utf-8)
[125/152] ioniq-5/sel/front_three_quarter  FAIL (wrong-content-type — content-type text/html; charset=utf-8)
[126/152] ioniq-5/xrt/front_three_quarter  FAIL (wrong-content-type — content-type text/html; charset=utf-8)
[127/152] ioniq-5/xrt/rear_three_quarter  ok (27604 bytes, image/webp)
[128/152] ioniq-5/xrt/side_profile  ok (56648 bytes, image/webp)
[129/152] ioniq-5/xrt/interior_dashboard  ok (37214 bytes, image/webp)
[130/152] ioniq-5/limited/front_three_quarter  FAIL (wrong-content-type — content-type text/html; charset=utf-8)
[131/152] ioniq-5-n/ioniq-5-n/front_three_quarter  FAIL (wrong-content-type — content-type text/html; charset=utf-8)
[132/152] ioniq-5-n/ioniq-5-n/rear_three_quarter  ok (30000 bytes, image/webp)
[133/152] ioniq-5-n/ioniq-5-n/side_profile  ok (22752 bytes, image/webp)
[134/152] ioniq-5-n/ioniq-5-n/interior_dashboard  FAIL (wrong-content-type — content-type text/html; charset=utf-8)
[135/152] ioniq-6-n/ioniq-6-n/front_three_quarter  ok (104668 bytes, image/webp)
[136/152] ioniq-6-n/ioniq-6-n/rear_three_quarter  ok (14470 bytes, image/webp)
[137/152] ioniq-6-n/ioniq-6-n/side_profile  ok (22510 bytes, image/webp)
[138/152] ioniq-6-n/ioniq-6-n/interior_dashboard  ok (39752 bytes, image/webp)
[139/152] ioniq-9/s/front_three_quarter  ok (37318 bytes, image/webp)
[140/152] ioniq-9/s/rear_three_quarter  ok (128596 bytes, image/webp)
[141/152] ioniq-9/s/side_profile  ok (20936 bytes, image/webp)
[142/152] ioniq-9/s/interior_dashboard  ok (34054 bytes, image/webp)
[143/152] ioniq-9/se/front_three_quarter  ok (44520 bytes, image/webp)
[144/152] ioniq-9/sel/front_three_quarter  FAIL (wrong-content-type — content-type text/html; charset=utf-8)
[145/152] ioniq-9/performance-limited/front_three_quarter  FAIL (wrong-content-type — content-type text/html; charset=utf-8)
[146/152] ioniq-9/performance-calligraphy/front_three_quarter  FAIL (wrong-content-type — content-type text/html; charset=utf-8)
[147/152] ioniq-9/performance-calligraphy-design/front_three_quarter  FAIL (wrong-content-type — content-type text/html; charset=utf-8)
[148/152] nexo/blue/front_three_quarter  FAIL (wrong-content-type — content-type text/html)
[149/152] nexo/blue/rear_three_quarter  FAIL (wrong-content-type — content-type text/html)
[150/152] nexo/blue/side_profile  FAIL (wrong-content-type — content-type text/html)
[151/152] nexo/blue/interior_dashboard  FAIL (wrong-content-type — content-type text/html)
[152/152] nexo/limited/front_three_quarter  FAIL (wrong-content-type — content-type text/html)

Updated catalog/data/hyundai.json and data/hyundai.json with downloaded flags.

========================================
  SUMMARY
========================================
Brand:                  hyundai
Total images attempted: 152
Successful:             120 (78.9%)
Failed:                 32

Failed by HTTP status:
  (none)

Failed by other error kind:
  wrong-content-type: 32

Models with zero successful images: 1 of 14
  - nexo (5 attempted)

Failure breakdown (one example per group):
  [wrong-content-type (text/html; charset=utf-8)] x27 — e.g. https://www.hyundaiusa.com/us/en/vehicles/elantra-n
  [wrong-content-type (text/html)] x5 — e.g. https://www.hyundainews.com/models/hyundai-nexo-2026-nexo/overview
