Brand: hyundai
Referer header: https://www.hyundaiusa.com/
Found 152 image entries across 14 models.

[1/152] venue/se/front_three_quarter  FAIL (wrong-content-type — content-type text/html; charset=utf-8)
[2/152] venue/se/rear_three_quarter  FAIL (wrong-content-type — content-type text/html; charset=utf-8)
[3/152] venue/se/side_profile  FAIL (wrong-content-type — content-type text/html; charset=utf-8)
[4/152] venue/se/interior_dashboard  FAIL (wrong-content-type — content-type text/html; charset=utf-8)
[5/152] venue/sel/front_three_quarter  FAIL (wrong-content-type — content-type text/html; charset=utf-8)
[6/152] elantra/se/front_three_quarter  FAIL (wrong-content-type — content-type text/html; charset=utf-8)
[7/152] elantra/se/rear_three_quarter  FAIL (wrong-content-type — content-type text/html; charset=utf-8)
[8/152] elantra/se/side_profile  FAIL (wrong-content-type — content-type text/html; charset=utf-8)
[9/152] elantra/se/interior_dashboard  FAIL (wrong-content-type — content-type text/html; charset=utf-8)
[10/152] elantra/sel-sport/front_three_quarter  FAIL (wrong-content-type — content-type text/html; charset=utf-8)
[11/152] elantra/sel-sport-premium/front_three_quarter  FAIL (wrong-content-type — content-type text/html; charset=utf-8)
[12/152] elantra/limited/front_three_quarter  FAIL (wrong-content-type — content-type text/html; charset=utf-8)
[13/152] elantra/n-line/front_three_quarter  FAIL (wrong-content-type — content-type text/html; charset=utf-8)
[14/152] elantra/n-line/rear_three_quarter  FAIL (wrong-content-type — content-type text/html; charset=utf-8)
[15/152] elantra/n-line/side_profile  FAIL (wrong-content-type — content-type text/html; charset=utf-8)
[16/152] elantra/n-line/interior_dashboard  FAIL (wrong-content-type — content-type text/html; charset=utf-8)
[17/152] elantra/hybrid-blue/front_three_quarter  FAIL (wrong-content-type — content-type text/html; charset=utf-8)
[18/152] elantra/hybrid-blue/rear_three_quarter  FAIL (wrong-content-type — content-type text/html; charset=utf-8)
[19/152] elantra/hybrid-blue/side_profile  FAIL (wrong-content-type — content-type text/html; charset=utf-8)
[20/152] elantra/hybrid-blue/interior_dashboard  FAIL (wrong-content-type — content-type text/html; charset=utf-8)
[21/152] elantra/hybrid-sel-sport/front_three_quarter  FAIL (wrong-content-type — content-type text/html; charset=utf-8)
[22/152] elantra/hybrid-limited/front_three_quarter  FAIL (wrong-content-type — content-type text/html; charset=utf-8)
[23/152] elantra-n/elantra-n/front_three_quarter  FAIL (wrong-content-type — content-type text/html; charset=utf-8)
[24/152] elantra-n/elantra-n/rear_three_quarter  FAIL (wrong-content-type — content-type text/html; charset=utf-8)
[25/152] elantra-n/elantra-n/side_profile  FAIL (wrong-content-type — content-type text/html; charset=utf-8)
[26/152] elantra-n/elantra-n/interior_dashboard  FAIL (wrong-content-type — content-type text/html; charset=utf-8)
[27/152] sonata/se/front_three_quarter  FAIL (wrong-content-type — content-type text/html; charset=utf-8)
[28/152] sonata/se/rear_three_quarter  FAIL (wrong-content-type — content-type text/html; charset=utf-8)
[29/152] sonata/se/side_profile  FAIL (wrong-content-type — content-type text/html; charset=utf-8)
[30/152] sonata/se/interior_dashboard  FAIL (wrong-content-type — content-type text/html; charset=utf-8)
[31/152] sonata/sel-sport/front_three_quarter  FAIL (wrong-content-type — content-type text/html; charset=utf-8)
[32/152] sonata/n-line/front_three_quarter  FAIL (wrong-content-type — content-type text/html; charset=utf-8)
[33/152] sonata/n-line/rear_three_quarter  FAIL (wrong-content-type — content-type text/html; charset=utf-8)
[34/152] sonata/n-line/side_profile  FAIL (wrong-content-type — content-type text/html; charset=utf-8)
[35/152] sonata/n-line/interior_dashboard  FAIL (wrong-content-type — content-type text/html; charset=utf-8)
[36/152] sonata/hybrid-blue/front_three_quarter  FAIL (wrong-content-type — content-type text/html; charset=utf-8)
[37/152] sonata/hybrid-blue/rear_three_quarter  FAIL (wrong-content-type — content-type text/html; charset=utf-8)
[38/152] sonata/hybrid-blue/side_profile  FAIL (wrong-content-type — content-type text/html; charset=utf-8)
[39/152] sonata/hybrid-blue/interior_dashboard  FAIL (wrong-content-type — content-type text/html; charset=utf-8)
[40/152] sonata/hybrid-sel/front_three_quarter  FAIL (wrong-content-type — content-type text/html; charset=utf-8)
[41/152] sonata/hybrid-limited/front_three_quarter  FAIL (wrong-content-type — content-type text/html; charset=utf-8)
[42/152] kona/se/front_three_quarter  FAIL (wrong-content-type — content-type text/html; charset=utf-8)
[43/152] kona/se/rear_three_quarter  FAIL (wrong-content-type — content-type text/html; charset=utf-8)
[44/152] kona/se/side_profile  FAIL (wrong-content-type — content-type text/html; charset=utf-8)
[45/152] kona/se/interior_dashboard  FAIL (wrong-content-type — content-type text/html; charset=utf-8)
[46/152] kona/sel-sport/front_three_quarter  FAIL (wrong-content-type — content-type text/html; charset=utf-8)
[47/152] kona/sel-premium/front_three_quarter  FAIL (wrong-content-type — content-type text/html; charset=utf-8)
[48/152] kona/limited/front_three_quarter  FAIL (wrong-content-type — content-type text/html; charset=utf-8)
[49/152] tucson/se/front_three_quarter  FAIL (wrong-content-type — content-type text/html; charset=utf-8)
[50/152] tucson/se/rear_three_quarter  FAIL (wrong-content-type — content-type text/html; charset=utf-8)
[51/152] tucson/se/side_profile  FAIL (wrong-content-type — content-type text/html; charset=utf-8)
[52/152] tucson/se/interior_dashboard  FAIL (wrong-content-type — content-type text/html; charset=utf-8)
[53/152] tucson/sel/front_three_quarter  FAIL (wrong-content-type — content-type text/html; charset=utf-8)
[54/152] tucson/xrt/front_three_quarter  FAIL (wrong-content-type — content-type text/html; charset=utf-8)
[55/152] tucson/xrt/rear_three_quarter  FAIL (wrong-content-type — content-type text/html; charset=utf-8)
[56/152] tucson/xrt/side_profile  FAIL (wrong-content-type — content-type text/html; charset=utf-8)
[57/152] tucson/xrt/interior_dashboard  FAIL (wrong-content-type — content-type text/html; charset=utf-8)
[58/152] tucson/sel-premium/front_three_quarter  FAIL (wrong-content-type — content-type text/html; charset=utf-8)
[59/152] tucson/limited/front_three_quarter  FAIL (wrong-content-type — content-type text/html; charset=utf-8)
[60/152] tucson/hybrid-blue-se/front_three_quarter  FAIL (wrong-content-type — content-type text/html; charset=utf-8)
[61/152] tucson/hybrid-blue-se/rear_three_quarter  FAIL (wrong-content-type — content-type text/html; charset=utf-8)
[62/152] tucson/hybrid-blue-se/side_profile  FAIL (wrong-content-type — content-type text/html; charset=utf-8)
[63/152] tucson/hybrid-blue-se/interior_dashboard  FAIL (wrong-content-type — content-type text/html; charset=utf-8)
[64/152] tucson/hybrid-sel/front_three_quarter  FAIL (wrong-content-type — content-type text/html; charset=utf-8)
[65/152] tucson/hybrid-sel-convenience/front_three_quarter  FAIL (wrong-content-type — content-type text/html; charset=utf-8)
[66/152] tucson/hybrid-limited/front_three_quarter  FAIL (wrong-content-type — content-type text/html; charset=utf-8)
[67/152] tucson/phev-sel/front_three_quarter  FAIL (wrong-content-type — content-type text/html; charset=utf-8)
[68/152] tucson/phev-sel/rear_three_quarter  FAIL (wrong-content-type — content-type text/html; charset=utf-8)
[69/152] tucson/phev-sel/side_profile  FAIL (wrong-content-type — content-type text/html; charset=utf-8)
[70/152] tucson/phev-sel/interior_dashboard  FAIL (wrong-content-type — content-type text/html; charset=utf-8)
[71/152] tucson/phev-limited/front_three_quarter  FAIL (wrong-content-type — content-type text/html; charset=utf-8)
[72/152] santa-cruz/se/front_three_quarter  FAIL (wrong-content-type — content-type text/html; charset=utf-8)
[73/152] santa-cruz/se/rear_three_quarter  FAIL (wrong-content-type — content-type text/html; charset=utf-8)
[74/152] santa-cruz/se/side_profile  FAIL (wrong-content-type — content-type text/html; charset=utf-8)
[75/152] santa-cruz/se/interior_dashboard  FAIL (wrong-content-type — content-type text/html; charset=utf-8)
[76/152] santa-cruz/sel/front_three_quarter  FAIL (wrong-content-type — content-type text/html; charset=utf-8)
[77/152] santa-cruz/sel-activity/front_three_quarter  FAIL (wrong-content-type — content-type text/html; charset=utf-8)
[78/152] santa-cruz/xrt/front_three_quarter  FAIL (wrong-content-type — content-type text/html; charset=utf-8)
[79/152] santa-cruz/xrt/rear_three_quarter  FAIL (wrong-content-type — content-type text/html; charset=utf-8)
[80/152] santa-cruz/xrt/side_profile  FAIL (wrong-content-type — content-type text/html; charset=utf-8)
[81/152] santa-cruz/xrt/interior_dashboard  FAIL (wrong-content-type — content-type text/html; charset=utf-8)
[82/152] santa-cruz/limited/front_three_quarter  FAIL (wrong-content-type — content-type text/html; charset=utf-8)
[83/152] santa-fe/se/front_three_quarter  FAIL (wrong-content-type — content-type text/html; charset=utf-8)
[84/152] santa-fe/se/rear_three_quarter  FAIL (wrong-content-type — content-type text/html; charset=utf-8)
[85/152] santa-fe/se/side_profile  FAIL (wrong-content-type — content-type text/html; charset=utf-8)
[86/152] santa-fe/se/interior_dashboard  FAIL (wrong-content-type — content-type text/html; charset=utf-8)
[87/152] santa-fe/sel/front_three_quarter  FAIL (wrong-content-type — content-type text/html; charset=utf-8)
[88/152] santa-fe/xrt/front_three_quarter  FAIL (wrong-content-type — content-type text/html; charset=utf-8)
[89/152] santa-fe/xrt/rear_three_quarter  FAIL (wrong-content-type — content-type text/html; charset=utf-8)
[90/152] santa-fe/xrt/side_profile  FAIL (wrong-content-type — content-type text/html; charset=utf-8)
[91/152] santa-fe/xrt/interior_dashboard  FAIL (wrong-content-type — content-type text/html; charset=utf-8)
[92/152] santa-fe/limited/front_three_quarter  FAIL (wrong-content-type — content-type text/html; charset=utf-8)
[93/152] santa-fe/calligraphy/front_three_quarter  FAIL (wrong-content-type — content-type text/html; charset=utf-8)
[94/152] santa-fe/hybrid-se/front_three_quarter  FAIL (wrong-content-type — content-type text/html; charset=utf-8)
[95/152] santa-fe/hybrid-se/rear_three_quarter  FAIL (wrong-content-type — content-type text/html; charset=utf-8)
[96/152] santa-fe/hybrid-se/side_profile  FAIL (wrong-content-type — content-type text/html; charset=utf-8)
[97/152] santa-fe/hybrid-se/interior_dashboard  FAIL (wrong-content-type — content-type text/html; charset=utf-8)
[98/152] santa-fe/hybrid-sel/front_three_quarter  FAIL (wrong-content-type — content-type text/html; charset=utf-8)
[99/152] santa-fe/hybrid-limited/front_three_quarter  FAIL (wrong-content-type — content-type text/html; charset=utf-8)
[100/152] santa-fe/hybrid-calligraphy/front_three_quarter  FAIL (wrong-content-type — content-type text/html; charset=utf-8)
[101/152] palisade/se/front_three_quarter  FAIL (wrong-content-type — content-type text/html; charset=utf-8)
[102/152] palisade/se/rear_three_quarter  FAIL (wrong-content-type — content-type text/html; charset=utf-8)
[103/152] palisade/se/side_profile  FAIL (wrong-content-type — content-type text/html; charset=utf-8)
[104/152] palisade/se/interior_dashboard  FAIL (wrong-content-type — content-type text/html; charset=utf-8)
[105/152] palisade/sel/front_three_quarter  FAIL (wrong-content-type — content-type text/html; charset=utf-8)
[106/152] palisade/sel-convenience/front_three_quarter  FAIL (wrong-content-type — content-type text/html; charset=utf-8)
[107/152] palisade/sel-premium/front_three_quarter  FAIL (wrong-content-type — content-type text/html; charset=utf-8)
[108/152] palisade/limited/front_three_quarter  FAIL (wrong-content-type — content-type text/html; charset=utf-8)
[109/152] palisade/xrt-pro/front_three_quarter  FAIL (wrong-content-type — content-type text/html; charset=utf-8)
[110/152] palisade/xrt-pro/rear_three_quarter  FAIL (wrong-content-type — content-type text/html; charset=utf-8)
[111/152] palisade/xrt-pro/side_profile  FAIL (wrong-content-type — content-type text/html; charset=utf-8)
[112/152] palisade/xrt-pro/interior_dashboard  FAIL (wrong-content-type — content-type text/html; charset=utf-8)
[113/152] palisade/calligraphy/front_three_quarter  FAIL (wrong-content-type — content-type text/html; charset=utf-8)
[114/152] palisade/hybrid-blue-sel/front_three_quarter  FAIL (wrong-content-type — content-type text/html; charset=utf-8)
[115/152] palisade/hybrid-blue-sel/rear_three_quarter  FAIL (wrong-content-type — content-type text/html; charset=utf-8)
[116/152] palisade/hybrid-blue-sel/side_profile  FAIL (wrong-content-type — content-type text/html; charset=utf-8)
[117/152] palisade/hybrid-blue-sel/interior_dashboard  FAIL (wrong-content-type — content-type text/html; charset=utf-8)
[118/152] palisade/hybrid-limited/front_three_quarter  FAIL (wrong-content-type — content-type text/html; charset=utf-8)
[119/152] palisade/hybrid-calligraphy/front_three_quarter  FAIL (wrong-content-type — content-type text/html; charset=utf-8)
[120/152] ioniq-5/se-standard-range/front_three_quarter  FAIL (wrong-content-type — content-type text/html; charset=utf-8)
[121/152] ioniq-5/se-standard-range/rear_three_quarter  FAIL (wrong-content-type — content-type text/html; charset=utf-8)
[122/152] ioniq-5/se-standard-range/side_profile  FAIL (wrong-content-type — content-type text/html; charset=utf-8)
[123/152] ioniq-5/se-standard-range/interior_dashboard  FAIL (wrong-content-type — content-type text/html; charset=utf-8)
[124/152] ioniq-5/se/front_three_quarter  FAIL (wrong-content-type — content-type text/html; charset=utf-8)
[125/152] ioniq-5/sel/front_three_quarter  FAIL (wrong-content-type — content-type text/html; charset=utf-8)
[126/152] ioniq-5/xrt/front_three_quarter  FAIL (wrong-content-type — content-type text/html; charset=utf-8)
[127/152] ioniq-5/xrt/rear_three_quarter  FAIL (wrong-content-type — content-type text/html; charset=utf-8)
[128/152] ioniq-5/xrt/side_profile  FAIL (wrong-content-type — content-type text/html; charset=utf-8)
[129/152] ioniq-5/xrt/interior_dashboard  FAIL (wrong-content-type — content-type text/html; charset=utf-8)
[130/152] ioniq-5/limited/front_three_quarter  FAIL (wrong-content-type — content-type text/html; charset=utf-8)
[131/152] ioniq-5-n/ioniq-5-n/front_three_quarter  FAIL (wrong-content-type — content-type text/html; charset=utf-8)
[132/152] ioniq-5-n/ioniq-5-n/rear_three_quarter  FAIL (wrong-content-type — content-type text/html; charset=utf-8)
[133/152] ioniq-5-n/ioniq-5-n/side_profile  FAIL (wrong-content-type — content-type text/html; charset=utf-8)
[134/152] ioniq-5-n/ioniq-5-n/interior_dashboard  FAIL (wrong-content-type — content-type text/html; charset=utf-8)
[135/152] ioniq-6-n/ioniq-6-n/front_three_quarter  FAIL (wrong-content-type — content-type text/html; charset=utf-8)
[136/152] ioniq-6-n/ioniq-6-n/rear_three_quarter  FAIL (wrong-content-type — content-type text/html; charset=utf-8)
[137/152] ioniq-6-n/ioniq-6-n/side_profile  FAIL (wrong-content-type — content-type text/html; charset=utf-8)
[138/152] ioniq-6-n/ioniq-6-n/interior_dashboard  FAIL (wrong-content-type — content-type text/html; charset=utf-8)
[139/152] ioniq-9/s/front_three_quarter  FAIL (wrong-content-type — content-type text/html; charset=utf-8)
[140/152] ioniq-9/s/rear_three_quarter  FAIL (wrong-content-type — content-type text/html; charset=utf-8)
[141/152] ioniq-9/s/side_profile  FAIL (wrong-content-type — content-type text/html; charset=utf-8)
[142/152] ioniq-9/s/interior_dashboard  FAIL (wrong-content-type — content-type text/html; charset=utf-8)
[143/152] ioniq-9/se/front_three_quarter  FAIL (wrong-content-type — content-type text/html; charset=utf-8)
[144/152] ioniq-9/sel/front_three_quarter  FAIL (wrong-content-type — content-type text/html; charset=utf-8)
[145/152] ioniq-9/performance-limited/front_three_quarter  FAIL (wrong-content-type — content-type text/html; charset=utf-8)
[146/152] ioniq-9/performance-calligraphy/front_three_quarter  FAIL (wrong-content-type — content-type text/html; charset=utf-8)
[147/152] ioniq-9/performance-calligraphy-design/front_three_quarter  FAIL (wrong-content-type — content-type text/html; charset=utf-8)
[148/152] nexo/blue/front_three_quarter  FAIL (wrong-content-type — content-type text/html)
[149/152] nexo/blue/rear_three_quarter  FAIL (wrong-content-type — content-type text/html)
[150/152] nexo/blue/side_profile  FAIL (wrong-content-type — content-type text/html)
[151/152] nexo/blue/interior_dashboard  FAIL (wrong-content-type — content-type text/html)
[152/152] nexo/limited/front_three_quarter  FAIL (wrong-content-type — content-type text/html)

No downloads succeeded — JSON files left untouched.

========================================
  SUMMARY
========================================
Brand:                  hyundai
Total images attempted: 152
Successful:             0 (0.0%)
Failed:                 152

Failed by HTTP status:
  (none)

Failed by other error kind:
  wrong-content-type: 152

Models with zero successful images: 14 of 14
  - venue (5 attempted)
  - elantra (17 attempted)
  - elantra-n (4 attempted)
  - sonata (15 attempted)
  - kona (7 attempted)
  - tucson (23 attempted)
  - santa-cruz (11 attempted)
  - santa-fe (18 attempted)
  - palisade (19 attempted)
  - ioniq-5 (11 attempted)
  - ioniq-5-n (4 attempted)
  - ioniq-6-n (4 attempted)
  - ioniq-9 (9 attempted)
  - nexo (5 attempted)

Failure breakdown (one example per group):
  [wrong-content-type (text/html; charset=utf-8)] x147 — e.g. https://www.hyundaiusa.com/us/en/vehicles/venue
  [wrong-content-type (text/html)] x5 — e.g. https://www.hyundainews.com/models/hyundai-nexo-2026-nexo/overview
