Brand: jeep
Referer header: https://www.jeep.com/
Found 220 image entries across 12 models.

[1/220] wrangler/sport/front_three_quarter  ok (19906 bytes, image/avif)
[2/220] wrangler/sport/rear_three_quarter  ok (56893 bytes, image/avif)
[3/220] wrangler/sport/side_profile  FAIL (wrong-content-type — content-type text/html; charset=utf-8)
[4/220] wrangler/sport/interior_dashboard  ok (27680 bytes, image/avif)
[5/220] wrangler/sport-s/front_three_quarter  ok (19906 bytes, image/avif)
[6/220] wrangler/sport-s/rear_three_quarter  ok (56893 bytes, image/avif)
[7/220] wrangler/sport-s/side_profile  FAIL (wrong-content-type — content-type text/html; charset=utf-8)
[8/220] wrangler/sport-s/interior_dashboard  ok (27680 bytes, image/avif)
[9/220] wrangler/willys/front_three_quarter  ok (19906 bytes, image/avif)
[10/220] wrangler/willys/rear_three_quarter  ok (56893 bytes, image/avif)
[11/220] wrangler/willys/side_profile  FAIL (wrong-content-type — content-type text/html; charset=utf-8)
[12/220] wrangler/willys/interior_dashboard  ok (27680 bytes, image/avif)
[13/220] wrangler/sahara/front_three_quarter  ok (19906 bytes, image/avif)
[14/220] wrangler/sahara/rear_three_quarter  ok (56893 bytes, image/avif)
[15/220] wrangler/sahara/side_profile  FAIL (wrong-content-type — content-type text/html; charset=utf-8)
[16/220] wrangler/sahara/interior_dashboard  ok (27680 bytes, image/avif)
[17/220] wrangler/rubicon/front_three_quarter  ok (19906 bytes, image/avif)
[18/220] wrangler/rubicon/rear_three_quarter  ok (56893 bytes, image/avif)
[19/220] wrangler/rubicon/side_profile  FAIL (wrong-content-type — content-type text/html; charset=utf-8)
[20/220] wrangler/rubicon/interior_dashboard  ok (27680 bytes, image/avif)
[21/220] wrangler/rubicon-x/front_three_quarter  ok (19906 bytes, image/avif)
[22/220] wrangler/rubicon-x/rear_three_quarter  ok (56893 bytes, image/avif)
[23/220] wrangler/rubicon-x/side_profile  FAIL (wrong-content-type — content-type text/html; charset=utf-8)
[24/220] wrangler/rubicon-x/interior_dashboard  ok (27680 bytes, image/avif)
[25/220] wrangler-4xe/sport-s-4xe/front_three_quarter  FAIL (wrong-content-type — content-type text/html; charset=utf-8)
[26/220] wrangler-4xe/sport-s-4xe/rear_three_quarter  FAIL (wrong-content-type — content-type text/html; charset=utf-8)
[27/220] wrangler-4xe/sport-s-4xe/side_profile  FAIL (wrong-content-type — content-type text/html; charset=utf-8)
[28/220] wrangler-4xe/sport-s-4xe/interior_dashboard  FAIL (wrong-content-type — content-type text/html; charset=utf-8)
[29/220] wrangler-4xe/willys-4xe/front_three_quarter  FAIL (wrong-content-type — content-type text/html; charset=utf-8)
[30/220] wrangler-4xe/willys-4xe/rear_three_quarter  FAIL (wrong-content-type — content-type text/html; charset=utf-8)
[31/220] wrangler-4xe/willys-4xe/side_profile  FAIL (wrong-content-type — content-type text/html; charset=utf-8)
[32/220] wrangler-4xe/willys-4xe/interior_dashboard  FAIL (wrong-content-type — content-type text/html; charset=utf-8)
[33/220] wrangler-4xe/sahara-4xe/front_three_quarter  FAIL (wrong-content-type — content-type text/html; charset=utf-8)
[34/220] wrangler-4xe/sahara-4xe/rear_three_quarter  FAIL (wrong-content-type — content-type text/html; charset=utf-8)
[35/220] wrangler-4xe/sahara-4xe/side_profile  FAIL (wrong-content-type — content-type text/html; charset=utf-8)
[36/220] wrangler-4xe/sahara-4xe/interior_dashboard  FAIL (wrong-content-type — content-type text/html; charset=utf-8)
[37/220] wrangler-4xe/rubicon-4xe/front_three_quarter  FAIL (wrong-content-type — content-type text/html; charset=utf-8)
[38/220] wrangler-4xe/rubicon-4xe/rear_three_quarter  FAIL (wrong-content-type — content-type text/html; charset=utf-8)
[39/220] wrangler-4xe/rubicon-4xe/side_profile  FAIL (wrong-content-type — content-type text/html; charset=utf-8)
[40/220] wrangler-4xe/rubicon-4xe/interior_dashboard  FAIL (wrong-content-type — content-type text/html; charset=utf-8)
[41/220] wrangler-4xe/rubicon-x-4xe/front_three_quarter  FAIL (wrong-content-type — content-type text/html; charset=utf-8)
[42/220] wrangler-4xe/rubicon-x-4xe/rear_three_quarter  FAIL (wrong-content-type — content-type text/html; charset=utf-8)
[43/220] wrangler-4xe/rubicon-x-4xe/side_profile  FAIL (wrong-content-type — content-type text/html; charset=utf-8)
[44/220] wrangler-4xe/rubicon-x-4xe/interior_dashboard  FAIL (wrong-content-type — content-type text/html; charset=utf-8)
[45/220] wrangler-moab-392/moab-392/front_three_quarter  FAIL (wrong-content-type — content-type text/html; charset=utf-8)
[46/220] wrangler-moab-392/moab-392/rear_three_quarter  FAIL (wrong-content-type — content-type text/html; charset=utf-8)
[47/220] wrangler-moab-392/moab-392/side_profile  FAIL (wrong-content-type — content-type text/html; charset=utf-8)
[48/220] wrangler-moab-392/moab-392/interior_dashboard  FAIL (wrong-content-type — content-type text/html; charset=utf-8)
[49/220] gladiator/sport/front_three_quarter  ok (70123 bytes, image/avif)
[50/220] gladiator/sport/rear_three_quarter  ok (59290 bytes, image/avif)
[51/220] gladiator/sport/side_profile  cached (121925 bytes)
[52/220] gladiator/sport/interior_dashboard  ok (37073 bytes, image/avif)
[53/220] gladiator/sport-s/front_three_quarter  ok (70123 bytes, image/avif)
[54/220] gladiator/sport-s/rear_three_quarter  ok (59290 bytes, image/avif)
[55/220] gladiator/sport-s/side_profile  cached (121925 bytes)
[56/220] gladiator/sport-s/interior_dashboard  ok (37073 bytes, image/avif)
[57/220] gladiator/willys/front_three_quarter  ok (70123 bytes, image/avif)
[58/220] gladiator/willys/rear_three_quarter  ok (59290 bytes, image/avif)
[59/220] gladiator/willys/side_profile  cached (121925 bytes)
[60/220] gladiator/willys/interior_dashboard  ok (37073 bytes, image/avif)
[61/220] gladiator/sahara/front_three_quarter  ok (70123 bytes, image/avif)
[62/220] gladiator/sahara/rear_three_quarter  ok (59290 bytes, image/avif)
[63/220] gladiator/sahara/side_profile  cached (121925 bytes)
[64/220] gladiator/sahara/interior_dashboard  ok (37073 bytes, image/avif)
[65/220] gladiator/mojave/front_three_quarter  ok (70123 bytes, image/avif)
[66/220] gladiator/mojave/rear_three_quarter  ok (59290 bytes, image/avif)
[67/220] gladiator/mojave/side_profile  cached (121925 bytes)
[68/220] gladiator/mojave/interior_dashboard  ok (37073 bytes, image/avif)
[69/220] gladiator/rubicon/front_three_quarter  ok (70123 bytes, image/avif)
[70/220] gladiator/rubicon/rear_three_quarter  ok (59290 bytes, image/avif)
[71/220] gladiator/rubicon/side_profile  cached (121925 bytes)
[72/220] gladiator/rubicon/interior_dashboard  ok (37073 bytes, image/avif)
[73/220] gladiator/mojave-x/front_three_quarter  ok (70123 bytes, image/avif)
[74/220] gladiator/mojave-x/rear_three_quarter  ok (59290 bytes, image/avif)
[75/220] gladiator/mojave-x/side_profile  cached (121925 bytes)
[76/220] gladiator/mojave-x/interior_dashboard  ok (37073 bytes, image/avif)
[77/220] gladiator/rubicon-x/front_three_quarter  ok (70123 bytes, image/avif)
[78/220] gladiator/rubicon-x/rear_three_quarter  ok (59290 bytes, image/avif)
[79/220] gladiator/rubicon-x/side_profile  cached (121925 bytes)
[80/220] gladiator/rubicon-x/interior_dashboard  ok (37073 bytes, image/avif)
[81/220] grand-cherokee/laredo/front_three_quarter  cached (52452 bytes)
[82/220] grand-cherokee/laredo/rear_three_quarter  FAIL (wrong-content-type — content-type text/html; charset=utf-8)
[83/220] grand-cherokee/laredo/side_profile  cached (4228 bytes)
[84/220] grand-cherokee/laredo/interior_dashboard  FAIL (wrong-content-type — content-type text/html; charset=utf-8)
[85/220] grand-cherokee/laredo-x/front_three_quarter  cached (52452 bytes)
[86/220] grand-cherokee/laredo-x/rear_three_quarter  FAIL (wrong-content-type — content-type text/html; charset=utf-8)
[87/220] grand-cherokee/laredo-x/side_profile  cached (4228 bytes)
[88/220] grand-cherokee/laredo-x/interior_dashboard  FAIL (wrong-content-type — content-type text/html; charset=utf-8)
[89/220] grand-cherokee/laredo-altitude/front_three_quarter  cached (52452 bytes)
[90/220] grand-cherokee/laredo-altitude/rear_three_quarter  FAIL (wrong-content-type — content-type text/html; charset=utf-8)
[91/220] grand-cherokee/laredo-altitude/side_profile  cached (4228 bytes)
[92/220] grand-cherokee/laredo-altitude/interior_dashboard  FAIL (wrong-content-type — content-type text/html; charset=utf-8)
[93/220] grand-cherokee/limited/front_three_quarter  cached (52452 bytes)
[94/220] grand-cherokee/limited/rear_three_quarter  FAIL (wrong-content-type — content-type text/html; charset=utf-8)
[95/220] grand-cherokee/limited/side_profile  cached (4228 bytes)
[96/220] grand-cherokee/limited/interior_dashboard  FAIL (wrong-content-type — content-type text/html; charset=utf-8)
[97/220] grand-cherokee/limited-reserve/front_three_quarter  cached (52452 bytes)
[98/220] grand-cherokee/limited-reserve/rear_three_quarter  FAIL (wrong-content-type — content-type text/html; charset=utf-8)
[99/220] grand-cherokee/limited-reserve/side_profile  cached (4228 bytes)
[100/220] grand-cherokee/limited-reserve/interior_dashboard  FAIL (wrong-content-type — content-type text/html; charset=utf-8)
[101/220] grand-cherokee/overland/front_three_quarter  cached (52452 bytes)
[102/220] grand-cherokee/overland/rear_three_quarter  FAIL (wrong-content-type — content-type text/html; charset=utf-8)
[103/220] grand-cherokee/overland/side_profile  cached (4228 bytes)
[104/220] grand-cherokee/overland/interior_dashboard  FAIL (wrong-content-type — content-type text/html; charset=utf-8)
[105/220] grand-cherokee/summit/front_three_quarter  cached (52452 bytes)
[106/220] grand-cherokee/summit/rear_three_quarter  FAIL (wrong-content-type — content-type text/html; charset=utf-8)
[107/220] grand-cherokee/summit/side_profile  cached (4228 bytes)
[108/220] grand-cherokee/summit/interior_dashboard  FAIL (wrong-content-type — content-type text/html; charset=utf-8)
[109/220] grand-cherokee/summit-reserve/front_three_quarter  cached (52452 bytes)
[110/220] grand-cherokee/summit-reserve/rear_three_quarter  FAIL (wrong-content-type — content-type text/html; charset=utf-8)
[111/220] grand-cherokee/summit-reserve/side_profile  cached (4228 bytes)
[112/220] grand-cherokee/summit-reserve/interior_dashboard  FAIL (wrong-content-type — content-type text/html; charset=utf-8)
[113/220] grand-cherokee-l/laredo/front_three_quarter  ok (67115 bytes, image/avif)
[114/220] grand-cherokee-l/laredo/rear_three_quarter  FAIL (wrong-content-type — content-type text/html; charset=utf-8)
[115/220] grand-cherokee-l/laredo/side_profile  ok (72581 bytes, image/avif)
[116/220] grand-cherokee-l/laredo/interior_dashboard  FAIL (wrong-content-type — content-type text/html; charset=utf-8)
[117/220] grand-cherokee-l/laredo-x/front_three_quarter  ok (67115 bytes, image/avif)
[118/220] grand-cherokee-l/laredo-x/rear_three_quarter  FAIL (wrong-content-type — content-type text/html; charset=utf-8)
[119/220] grand-cherokee-l/laredo-x/side_profile  ok (72581 bytes, image/avif)
[120/220] grand-cherokee-l/laredo-x/interior_dashboard  FAIL (wrong-content-type — content-type text/html; charset=utf-8)
[121/220] grand-cherokee-l/laredo-altitude/front_three_quarter  ok (67115 bytes, image/avif)
[122/220] grand-cherokee-l/laredo-altitude/rear_three_quarter  FAIL (wrong-content-type — content-type text/html; charset=utf-8)
[123/220] grand-cherokee-l/laredo-altitude/side_profile  ok (72581 bytes, image/avif)
[124/220] grand-cherokee-l/laredo-altitude/interior_dashboard  FAIL (wrong-content-type — content-type text/html; charset=utf-8)
[125/220] grand-cherokee-l/limited/front_three_quarter  ok (67115 bytes, image/avif)
[126/220] grand-cherokee-l/limited/rear_three_quarter  FAIL (wrong-content-type — content-type text/html; charset=utf-8)
[127/220] grand-cherokee-l/limited/side_profile  ok (72581 bytes, image/avif)
[128/220] grand-cherokee-l/limited/interior_dashboard  FAIL (wrong-content-type — content-type text/html; charset=utf-8)
[129/220] grand-cherokee-l/limited-reserve/front_three_quarter  ok (67115 bytes, image/avif)
[130/220] grand-cherokee-l/limited-reserve/rear_three_quarter  FAIL (wrong-content-type — content-type text/html; charset=utf-8)
[131/220] grand-cherokee-l/limited-reserve/side_profile  ok (72581 bytes, image/avif)
[132/220] grand-cherokee-l/limited-reserve/interior_dashboard  FAIL (wrong-content-type — content-type text/html; charset=utf-8)
[133/220] grand-cherokee-l/overland/front_three_quarter  ok (67115 bytes, image/avif)
[134/220] grand-cherokee-l/overland/rear_three_quarter  FAIL (wrong-content-type — content-type text/html; charset=utf-8)
[135/220] grand-cherokee-l/overland/side_profile  ok (72581 bytes, image/avif)
[136/220] grand-cherokee-l/overland/interior_dashboard  FAIL (wrong-content-type — content-type text/html; charset=utf-8)
[137/220] grand-cherokee-l/summit/front_three_quarter  ok (67115 bytes, image/avif)
[138/220] grand-cherokee-l/summit/rear_three_quarter  FAIL (wrong-content-type — content-type text/html; charset=utf-8)
[139/220] grand-cherokee-l/summit/side_profile  ok (72581 bytes, image/avif)
[140/220] grand-cherokee-l/summit/interior_dashboard  FAIL (wrong-content-type — content-type text/html; charset=utf-8)
[141/220] grand-cherokee-l/summit-reserve/front_three_quarter  ok (67115 bytes, image/avif)
[142/220] grand-cherokee-l/summit-reserve/rear_three_quarter  FAIL (wrong-content-type — content-type text/html; charset=utf-8)
[143/220] grand-cherokee-l/summit-reserve/side_profile  ok (72581 bytes, image/avif)
[144/220] grand-cherokee-l/summit-reserve/interior_dashboard  FAIL (wrong-content-type — content-type text/html; charset=utf-8)
[145/220] grand-cherokee-4xe/limited-4xe/front_three_quarter  FAIL (wrong-content-type — content-type text/html; charset=utf-8)
[146/220] grand-cherokee-4xe/limited-4xe/rear_three_quarter  FAIL (wrong-content-type — content-type text/html; charset=utf-8)
[147/220] grand-cherokee-4xe/limited-4xe/side_profile  FAIL (wrong-content-type — content-type text/html; charset=utf-8)
[148/220] grand-cherokee-4xe/limited-4xe/interior_dashboard  FAIL (wrong-content-type — content-type text/html; charset=utf-8)
[149/220] grand-cherokee-4xe/trailhawk-4xe/front_three_quarter  FAIL (wrong-content-type — content-type text/html; charset=utf-8)
[150/220] grand-cherokee-4xe/trailhawk-4xe/rear_three_quarter  FAIL (wrong-content-type — content-type text/html; charset=utf-8)
[151/220] grand-cherokee-4xe/trailhawk-4xe/side_profile  FAIL (wrong-content-type — content-type text/html; charset=utf-8)
[152/220] grand-cherokee-4xe/trailhawk-4xe/interior_dashboard  FAIL (wrong-content-type — content-type text/html; charset=utf-8)
[153/220] grand-cherokee-4xe/summit-4xe/front_three_quarter  FAIL (wrong-content-type — content-type text/html; charset=utf-8)
[154/220] grand-cherokee-4xe/summit-4xe/rear_three_quarter  FAIL (wrong-content-type — content-type text/html; charset=utf-8)
[155/220] grand-cherokee-4xe/summit-4xe/side_profile  FAIL (wrong-content-type — content-type text/html; charset=utf-8)
[156/220] grand-cherokee-4xe/summit-4xe/interior_dashboard  FAIL (wrong-content-type — content-type text/html; charset=utf-8)
[157/220] compass/latitude/front_three_quarter  cached (44669 bytes)
[158/220] compass/latitude/rear_three_quarter  ok (18013 bytes, image/avif)
[159/220] compass/latitude/side_profile  cached (23525 bytes)
[160/220] compass/latitude/interior_dashboard  ok (32405 bytes, image/avif)
[161/220] compass/latitude-altitude/front_three_quarter  cached (44669 bytes)
[162/220] compass/latitude-altitude/rear_three_quarter  ok (18013 bytes, image/avif)
[163/220] compass/latitude-altitude/side_profile  cached (23525 bytes)
[164/220] compass/latitude-altitude/interior_dashboard  ok (32405 bytes, image/avif)
[165/220] compass/limited/front_three_quarter  cached (44669 bytes)
[166/220] compass/limited/rear_three_quarter  ok (18013 bytes, image/avif)
[167/220] compass/limited/side_profile  cached (23525 bytes)
[168/220] compass/limited/interior_dashboard  ok (32405 bytes, image/avif)
[169/220] compass/limited-altitude/front_three_quarter  cached (44669 bytes)
[170/220] compass/limited-altitude/rear_three_quarter  ok (18013 bytes, image/avif)
[171/220] compass/limited-altitude/side_profile  cached (23525 bytes)
[172/220] compass/limited-altitude/interior_dashboard  ok (32405 bytes, image/avif)
[173/220] compass/trailhawk/front_three_quarter  cached (44669 bytes)
[174/220] compass/trailhawk/rear_three_quarter  ok (18013 bytes, image/avif)
[175/220] compass/trailhawk/side_profile  cached (23525 bytes)
[176/220] compass/trailhawk/interior_dashboard  ok (32405 bytes, image/avif)
[177/220] cherokee/cherokee/front_three_quarter  cached (52154 bytes)
[178/220] cherokee/cherokee/rear_three_quarter  cached (75143 bytes)
[179/220] cherokee/cherokee/side_profile  cached (27068 bytes)
[180/220] cherokee/cherokee/interior_dashboard  FAIL (wrong-content-type — content-type text/html; charset=utf-8)
[181/220] cherokee/laredo/front_three_quarter  cached (52154 bytes)
[182/220] cherokee/laredo/rear_three_quarter  cached (75143 bytes)
[183/220] cherokee/laredo/side_profile  cached (27068 bytes)
[184/220] cherokee/laredo/interior_dashboard  FAIL (wrong-content-type — content-type text/html; charset=utf-8)
[185/220] cherokee/limited/front_three_quarter  cached (52154 bytes)
[186/220] cherokee/limited/rear_three_quarter  cached (75143 bytes)
[187/220] cherokee/limited/side_profile  cached (27068 bytes)
[188/220] cherokee/limited/interior_dashboard  FAIL (wrong-content-type — content-type text/html; charset=utf-8)
[189/220] cherokee/overland/front_three_quarter  cached (52154 bytes)
[190/220] cherokee/overland/rear_three_quarter  cached (75143 bytes)
[191/220] cherokee/overland/side_profile  cached (27068 bytes)
[192/220] cherokee/overland/interior_dashboard  FAIL (wrong-content-type — content-type text/html; charset=utf-8)
[193/220] grand-wagoneer/grand-wagoneer/front_three_quarter  ok (46253 bytes, image/avif)
[194/220] grand-wagoneer/grand-wagoneer/rear_three_quarter  ok (67397 bytes, image/avif)
[195/220] grand-wagoneer/grand-wagoneer/side_profile  ok (75053 bytes, image/avif)
[196/220] grand-wagoneer/grand-wagoneer/interior_dashboard  ok (33795 bytes, image/avif)
[197/220] grand-wagoneer/limited-altitude/front_three_quarter  ok (46253 bytes, image/avif)
[198/220] grand-wagoneer/limited-altitude/rear_three_quarter  ok (67397 bytes, image/avif)
[199/220] grand-wagoneer/limited-altitude/side_profile  ok (75053 bytes, image/avif)
[200/220] grand-wagoneer/limited-altitude/interior_dashboard  ok (33795 bytes, image/avif)
[201/220] grand-wagoneer/summit-obsidian/front_three_quarter  ok (46253 bytes, image/avif)
[202/220] grand-wagoneer/summit-obsidian/rear_three_quarter  ok (67397 bytes, image/avif)
[203/220] grand-wagoneer/summit-obsidian/side_profile  ok (75053 bytes, image/avif)
[204/220] grand-wagoneer/summit-obsidian/interior_dashboard  ok (33795 bytes, image/avif)
[205/220] grand-wagoneer-l/grand-wagoneer-l/front_three_quarter  ok (46253 bytes, image/avif)
[206/220] grand-wagoneer-l/grand-wagoneer-l/rear_three_quarter  ok (67397 bytes, image/avif)
[207/220] grand-wagoneer-l/grand-wagoneer-l/side_profile  ok (75053 bytes, image/avif)
[208/220] grand-wagoneer-l/grand-wagoneer-l/interior_dashboard  ok (33795 bytes, image/avif)
[209/220] grand-wagoneer-l/limited-altitude-l/front_three_quarter  ok (46253 bytes, image/avif)
[210/220] grand-wagoneer-l/limited-altitude-l/rear_three_quarter  ok (67397 bytes, image/avif)
[211/220] grand-wagoneer-l/limited-altitude-l/side_profile  ok (75053 bytes, image/avif)
[212/220] grand-wagoneer-l/limited-altitude-l/interior_dashboard  ok (33795 bytes, image/avif)
[213/220] grand-wagoneer-l/summit-obsidian-l/front_three_quarter  ok (46253 bytes, image/avif)
[214/220] grand-wagoneer-l/summit-obsidian-l/rear_three_quarter  ok (67397 bytes, image/avif)
[215/220] grand-wagoneer-l/summit-obsidian-l/side_profile  ok (75053 bytes, image/avif)
[216/220] grand-wagoneer-l/summit-obsidian-l/interior_dashboard  ok (33795 bytes, image/avif)
[217/220] recon/moab/front_three_quarter  cached (21855 bytes)
[218/220] recon/moab/rear_three_quarter  cached (14388 bytes)
[219/220] recon/moab/side_profile  cached (19199 bytes)
[220/220] recon/moab/interior_dashboard  cached (20597 bytes)

Updated catalog/data/jeep.json and data/jeep.json with downloaded flags.

========================================
  SUMMARY
========================================
Brand:                  jeep
Total images attempted: 220
Successful:             142 (64.5%)
Failed:                 78

Failed by HTTP status:
  (none)

Failed by other error kind:
  wrong-content-type: 78

Models with zero successful images: 3 of 12
  - wrangler-4xe (20 attempted)
  - wrangler-moab-392 (4 attempted)
  - grand-cherokee-4xe (12 attempted)

Failure breakdown (one example per group):
  [wrong-content-type (text/html; charset=utf-8)] x78 — e.g. https://www.jeep.com/wrangler/gallery.html
