Reset 64 image entries with needs_scraping:true to their model page URLs.
Brand: kia
Models in JSON: 16
Models with page URLs: 16
Playwright fallback: enabled
Brand-specific angle patterns: 1 regex(es) across 1 angle(s) — front_three_quarter

Scraping 16 model pages…

  fetch https://www.kia.com/us/en/k4  …  static ok (195 raw, 115 slug-matching)
  fetch https://www.kia.com/us/en/k4-hatchback  …  static ok (174 raw, 78 slug-matching)
  fetch https://www.kia.com/us/en/k5  …  static ok (203 raw, 91 slug-matching)
  fetch https://www.kia.com/us/en/seltos  …  static ok (197 raw, 96 slug-matching)
  fetch https://www.kia.com/us/en/sportage  …  static ok (253 raw, 154 slug-matching)
  fetch https://www.kia.com/us/en/sportage-hybrid  …  static ok (211 raw, 104 slug-matching)
  fetch https://www.kia.com/us/en/sportage-plug-in-hybrid  …  static ok (152 raw, 76 slug-matching)
  fetch https://www.kia.com/us/en/sorento  …  static ok (236 raw, 162 slug-matching)
  fetch https://www.kia.com/us/en/sorento-hybrid  …  static ok (148 raw, 66 slug-matching)
  fetch https://www.kia.com/us/en/sorento-plug-in-hybrid  …  static ok (171 raw, 84 slug-matching)
  fetch https://www.kia.com/us/en/carnival-mpv  …  static ok (232 raw, 77 slug-matching)
  fetch https://www.kia.com/us/en/carnival-mpv-hybrid  …  static ok (220 raw, 113 slug-matching)
  fetch https://www.kia.com/us/en/niro  …  static ok (184 raw, 65 slug-matching)
  fetch https://www.kia.com/us/en/niro-ev  …  static ok (151 raw, 64 slug-matching)
  fetch https://www.kia.com/us/en/ev6  …  static ok (253 raw, 140 slug-matching)
  fetch https://www.kia.com/us/en/ev9  …  static ok (227 raw, 110 slug-matching)

========================================
  SCRAPE SUMMARY
========================================
Brand:                          kia
Pages attempted:                16
Pages failed:                   0
Pages escalated to Playwright:  0 of 16
  Playwright successes:         0
  Playwright failures:          0
Image entries rewritten:        34
  via text/URL pattern match:   32
  via brand-specific angle:     2
  via positional fallback:      0
Brand-specific angle matches:   2
Resolution upgrades:            3 URLs preferred larger variants
Extension-less URLs accepted:   23 candidate(s) (would have been rejected by old IMG_EXT_RE filter)
Image entries via ext-less URL: 4
Image entries unchanged:        30

Sample rewrites:
  [15.0] k4/lx/front_three_quarter
        → https://www.kia.com/us/en/vehicles/k4/2026/_jcr_content/root/responsivegrid/fiftyfifty_copy_2142.coreimg.jpeg/1758813523096/my26-k4-5050-trim-highlight-gt-line.jpeg
  [6.9] k4/lx/interior_dashboard
        → https://www.kia.com/us/content/dam/kia/us/en/vehicles/k4/2026/trims/lxs/interior/000000/cloth/k4_2026_still_lxs_black_cloth.png
  [6.9] k4-hatchback/ex/interior_dashboard
        → https://www.kia.com/us/content/dam/kia/us/en/vehicles/k4-hatchback/2026/swatches/my26-k4hb-interior-swatch-black-syntex.jpg
  [B5.9] k5/lxs/front_three_quarter
        → https://www.kia.com/content/dam/kia/us/en/vehicles/k5/2026/mep/in-page-gallery-v2/my26_k5-mep-gallery-ext2.jpg
  [7.0] k5/lxs/side_profile
        → https://www.kia.com/us/en/vehicles/k5/2026/_jcr_content/root/responsivegrid/fiftyfifty.coreimg.jpeg/1751312434981/my26-k5-fifty-fifty-trim-highlight-gt.jpeg
  [6.9] k5/lxs/interior_dashboard
        → https://www.kia.com/us/content/dam/kia/us/en/vehicles/k5/2026/swatches/interior/kia-2026-k5-interior-swatch-black-cloth-syntex.jpg
  [17.0] seltos/lx/front_three_quarter
        → https://s7d2.scene7.com/is/image/kiamotors/my26-seltos-mep-hero-7:S?$LandscapeAsset_375x570$&fmt=jpg&qlt=100,0&resMode=sharp2&op_usm=1.75,0.9,1,0&dpr=on,2
  [6.9] seltos/lx/interior_dashboard
        → https://www.kia.com/us/content/dam/kia/us/en/vehicles/seltos/2025/swatches/interior/kia_2025_seltos_interior-swatches_black-cloth-seat-trim.jpg
  [9.0] sportage/lx/side_profile
        → https://s7d2.scene7.com/is/image/kiamotors/my26-sportage-ice-mep-hero:S?$LandscapeAsset_375x570$&fmt=jpg&qlt=100,0&resMode=sharp2&op_usm=1.75,0.9,1,0&dpr=on,2
  [6.9] sportage/lx/interior_dashboard
        → https://www.kia.com/us/content/dam/kia/us/en/vehicles/sportage/2026/swatches/interior/my26-sportage-ice-int-swatch-saturn-black-woven-cloth.jpg
  [6.9] sportage-hybrid/lx/interior_dashboard
        → https://www.kia.com/us/content/dam/kia/us/en/vehicles/sportage-hybrid/2026/swatches/interior/my26-sportage-hev-int-swatch-saturn-black-woven-cloth.jpg
  [17.0] sportage-plug-in-hybrid/x-line/front_three_quarter
        → https://www.kia.com/us/content/dam/kia/us/en/vehicles/sportage-phev/2026/mep/global-hero/375-hero-my26-sportage-phev.jpg

Models with unresolved angles:
  k4: 2 entries  (e.g. lx/rear_three_quarter, lx/side_profile)
  k4-hatchback: 3 entries  (e.g. ex/front_three_quarter, ex/rear_three_quarter, ex/side_profile)
  k5: 1 entries  (e.g. lxs/rear_three_quarter)
  seltos: 2 entries  (e.g. lx/rear_three_quarter, lx/side_profile)
  sportage: 2 entries  (e.g. lx/front_three_quarter, lx/rear_three_quarter)
  sportage-hybrid: 3 entries  (e.g. lx/front_three_quarter, lx/rear_three_quarter, lx/side_profile)
  sportage-plug-in-hybrid: 1 entries  (e.g. x-line/rear_three_quarter)
  sorento: 1 entries  (e.g. lx/rear_three_quarter)
  sorento-hybrid: 2 entries  (e.g. ex/rear_three_quarter, ex/side_profile)
  sorento-plug-in-hybrid: 2 entries  (e.g. ex-awd/rear_three_quarter, ex-awd/side_profile)
  carnival: 2 entries  (e.g. lx/front_three_quarter, lx/side_profile)
  carnival-hybrid: 1 entries  (e.g. lxs/front_three_quarter)
  niro-hybrid: 2 entries  (e.g. lx/rear_three_quarter, lx/side_profile)
  niro-ev: 2 entries  (e.g. wind/rear_three_quarter, wind/side_profile)
  ev6: 2 entries  (e.g. light-sr-rwd/rear_three_quarter, light-sr-rwd/side_profile)
  ev9: 2 entries  (e.g. light-rwd/rear_three_quarter, light-rwd/side_profile)
