Brand: lotus
Referer header: https://www.lotuscars.com/
Found 24 image entries across 3 models.

[1/24] emira/turbo-se/front_three_quarter  FAIL (wrong-content-type — content-type text/html; charset=utf-8)
[2/24] emira/turbo-se/rear_three_quarter  FAIL (wrong-content-type — content-type text/html; charset=utf-8)
[3/24] emira/turbo-se/side_profile  FAIL (wrong-content-type — content-type text/html; charset=utf-8)
[4/24] emira/turbo-se/interior_dashboard  FAIL (wrong-content-type — content-type text/html; charset=utf-8)
[5/24] emira/turbo-se-racing-line/front_three_quarter  FAIL (wrong-content-type — content-type text/html; charset=utf-8)
[6/24] emira/turbo-se-racing-line/rear_three_quarter  FAIL (wrong-content-type — content-type text/html; charset=utf-8)
[7/24] emira/turbo-se-racing-line/side_profile  FAIL (wrong-content-type — content-type text/html; charset=utf-8)
[8/24] emira/turbo-se-racing-line/interior_dashboard  FAIL (wrong-content-type — content-type text/html; charset=utf-8)
[9/24] emira/v6-se/front_three_quarter  FAIL (wrong-content-type — content-type text/html; charset=utf-8)
[10/24] emira/v6-se/rear_three_quarter  FAIL (wrong-content-type — content-type text/html; charset=utf-8)
[11/24] emira/v6-se/side_profile  FAIL (wrong-content-type — content-type text/html; charset=utf-8)
[12/24] emira/v6-se/interior_dashboard  FAIL (wrong-content-type — content-type text/html; charset=utf-8)
[13/24] emira/v6-se-racing-line/front_three_quarter  FAIL (wrong-content-type — content-type text/html; charset=utf-8)
[14/24] emira/v6-se-racing-line/rear_three_quarter  FAIL (wrong-content-type — content-type text/html; charset=utf-8)
[15/24] emira/v6-se-racing-line/side_profile  FAIL (wrong-content-type — content-type text/html; charset=utf-8)
[16/24] emira/v6-se-racing-line/interior_dashboard  FAIL (wrong-content-type — content-type text/html; charset=utf-8)
[17/24] eletre/carbon/front_three_quarter  FAIL (wrong-content-type — content-type text/html; charset=utf-8)
[18/24] eletre/carbon/rear_three_quarter  FAIL (wrong-content-type — content-type text/html; charset=utf-8)
[19/24] eletre/carbon/side_profile  FAIL (wrong-content-type — content-type text/html; charset=utf-8)
[20/24] eletre/carbon/interior_dashboard  FAIL (wrong-content-type — content-type text/html; charset=utf-8)
[21/24] emeya/r/front_three_quarter  FAIL (wrong-content-type — content-type text/html; charset=utf-8)
[22/24] emeya/r/rear_three_quarter  FAIL (wrong-content-type — content-type text/html; charset=utf-8)
[23/24] emeya/r/side_profile  FAIL (wrong-content-type — content-type text/html; charset=utf-8)
[24/24] emeya/r/interior_dashboard  FAIL (wrong-content-type — content-type text/html; charset=utf-8)

No downloads succeeded — JSON files left untouched.

========================================
  SUMMARY
========================================
Brand:                  lotus
Total images attempted: 24
Successful:             0 (0.0%)
Failed:                 24

Failed by HTTP status:
  (none)

Failed by other error kind:
  wrong-content-type: 24

Models with zero successful images: 3 of 3
  - emira (16 attempted)
  - eletre (4 attempted)
  - emeya (4 attempted)

Failure breakdown (one example per group):
  [wrong-content-type (text/html; charset=utf-8)] x24 — e.g. https://www.lotuscars.com/en-US/emira
