
=== https://www.lotuscars.com/en-US/emira ===
URL: https://wlt-p-001.sitecorecontenthub.cloud/api/public/content/43a9a99af30a4ffda067b9b586536c76?v=665ae417
ALT: Lotus Centre icon.svg

URL: https://wlt-p-001.sitecorecontenthub.cloud/api/public/content/9a1125e3829d401c911322ca043286bc?v=e9d2a0cb
ALT: my lotus login icon.svg

URL: https://wlt-p-001.sitecorecontenthub.cloud/api/public/content/99dc1507812743acaaa03db88d4f069e?v=a691afe5
ALT: 

URL: https://wlt-p-001.sitecorecontenthub.cloud/api/public/content/15e0b0ba0f6a416094f853432db123f1?v=fdce58e9
ALT: 

URL: https://wlt-p-001.sitecorecontenthub.cloud/api/public/content/08f31ff113344d669a8cdadfc1313867?v=eebf87a3
ALT: 

URL: https://wlt-p-001.sitecorecontenthub.cloud/api/public/content/e2521cd2457a43bbb3befa46b36b894c?v=544f538d
ALT: 

URL: https://wlt-p-001.sitecorecontenthub.cloud/api/public/content/ad9fc441f87b4b92901307915140dc43?v=34673ee1
ALT: 

URL: https://wlt-p-001.sitecorecontenthub.cloud/api/public/content/a0bb8b4823e04e28b50537f8dbb22d45?v=d4f92935
ALT: 

URL: https://wlt-p-001.sitecorecontenthub.cloud/api/public/content/99dc1507812743acaaa03db88d4f069e?v=a691afe5
ALT: 

URL: https://wlt-p-001.sitecorecontenthub.cloud/api/public/content/15e0b0ba0f6a416094f853432db123f1?v=fdce58e9
ALT: 

URL: https://wlt-p-001.sitecorecontenthub.cloud/api/public/content/08f31ff113344d669a8cdadfc1313867?v=eebf87a3
ALT: 

URL: https://wlt-p-001.sitecorecontenthub.cloud/api/public/content/e2521cd2457a43bbb3befa46b36b894c?v=544f538d
ALT: 

URL: https://wlt-p-001.sitecorecontenthub.cloud/api/public/content/82cf79e6b6ad4ca5822a7b518dc0425e?v=9095bc46
ALT: emira-my26-purple-imageslider

URL: https://wlt-p-001.sitecorecontenthub.cloud/api/public/content/a1f3a2190b504cd6a07b535d5cd7cc68?v=b0a311f4
ALT: emira-my26-purple-imageslider

URL: https://wlt-p-001.sitecorecontenthub.cloud/api/public/content/4c3f4f23f1904f3bbed754b6bcd50be7?v=cf7f46b4
ALT: 

URL: https://wlt-p-001.sitecorecontenthub.cloud/api/public/content/dd4f25ae69a34b26b61e3c3daad0a514?v=31f074b3
ALT: Emira-MY26-V6SE-green-image-slider-1080x800-desktop

Plausible images: 16 / 20

=== https://www.lotuscars.com/en-US/eletre ===
URL: https://wlt-p-001.sitecorecontenthub.cloud/api/public/content/43a9a99af30a4ffda067b9b586536c76?v=665ae417
ALT: Lotus Centre icon.svg

URL: https://wlt-p-001.sitecorecontenthub.cloud/api/public/content/9a1125e3829d401c911322ca043286bc?v=e9d2a0cb
ALT: my lotus login icon.svg

URL: https://wlt-p-001.sitecorecontenthub.cloud/api/public/content/65fb515f5e45491683fc61722155f829?v=b91aa09a
ALT: carbon hero desktop.webp

URL: https://wlt-p-001.sitecorecontenthub.cloud/api/public/content/9711931241bf4471acf0799e352bd65b?v=c8a168b8
ALT: city11.webp

Plausible images: 4 / 8

=== https://www.lotuscars.com/en-US/emeya ===
URL: https://wlt-p-001.sitecorecontenthub.cloud/api/public/content/43a9a99af30a4ffda067b9b586536c76?v=665ae417
ALT: Lotus Centre icon.svg

URL: https://wlt-p-001.sitecorecontenthub.cloud/api/public/content/9a1125e3829d401c911322ca043286bc?v=e9d2a0cb
ALT: my lotus login icon.svg

URL: https://wlt-p-001.sitecorecontenthub.cloud/api/public/content/ac37e0a650ef45c0a936ebf2f3fa500e?v=57ef9966
ALT: AlphaPDP_Header_Desktop.webp

URL: https://wlt-p-001.sitecorecontenthub.cloud/api/public/content/28c7fc7a9bb74cab9cac4525ae309bf9?v=bdbb8ccd
ALT: 

URL: https://wlt-p-001.sitecorecontenthub.cloud/api/public/content/478532214df049baad7f26f7ebabacb5?v=f6f293f4
ALT: 

URL: https://wlt-p-001.sitecorecontenthub.cloud/api/public/content/694af9f549b34e9a8b558b8cdcfc9c35?v=9232fdfe
ALT: 

URL: https://wlt-p-001.sitecorecontenthub.cloud/api/public/content/b7b84183f827487fb9c46db650f6634a?v=db40609a
ALT: 

URL: https://wlt-p-001.sitecorecontenthub.cloud/api/public/content/9748b6833c43465781ac6ccd0e86a939?v=7d6a5073
ALT: charge speed icon

URL: https://wlt-p-001.sitecorecontenthub.cloud/api/public/content/e2e0eb50e1a74b2196f832a85d32b0dc?v=3334fe9e
ALT: charge speed icon

URL: https://wlt-p-001.sitecorecontenthub.cloud/api/public/content/2df9bc9d84c54e0db036d3e2e0dc2db8?v=80906a7b
ALT: charge speed icon

URL: https://wlt-p-001.sitecorecontenthub.cloud/api/public/content/dae7f25a30cf4b1eb0b4666071716420?v=c458d4db
ALT: charge speed icon

URL: https://wlt-p-001.sitecorecontenthub.cloud/api/public/content/b9d9e62fb3124ff0b88d39590eedc00a?v=18015c6e
ALT: charge speed icon

Plausible images: 12 / 16
