Reset 24 image entries with needs_scraping:true to their model page URLs.
Brand: lotus
Models in JSON: 3
Models with page URLs: 3
Playwright fallback: enabled

Scraping 3 model pages…

  fetch https://www.lotuscars.com/en-US/emira  …  static ok (3 raw, 0 slug-matching)
    playwright https://www.lotuscars.com/en-US/emira  …  ok (13 raw candidates)
  fetch https://www.lotuscars.com/en-US/eletre  …  static ok (3 raw, 0 slug-matching)
    playwright https://www.lotuscars.com/en-US/eletre  …  ok (5 raw candidates)
  fetch https://www.lotuscars.com/en-US/emeya  …  static ok (8 raw, 0 slug-matching)
    playwright https://www.lotuscars.com/en-US/emeya  …  ok (13 raw candidates)

========================================
  SCRAPE SUMMARY
========================================
Brand:                          lotus
Pages attempted:                3
Pages failed:                   0
Pages escalated to Playwright:  3 of 3
  Playwright successes:         3
  Playwright failures:          0
Image entries rewritten:        0
  via text/URL pattern match:   0
  via brand-specific angle:     0
  via positional fallback:      0
Brand-specific angle matches:   0
Resolution upgrades:            0 URLs preferred larger variants
Extension-less URLs accepted:   45 candidate(s) (would have been rejected by old IMG_EXT_RE filter)
Image entries via ext-less URL: 0
Image entries unchanged:        24

Models with unresolved angles:
  emira: 16 entries  (e.g. turbo-se/front_three_quarter, turbo-se/rear_three_quarter, turbo-se/side_profile)
  eletre: 4 entries  (e.g. carbon/front_three_quarter, carbon/rear_three_quarter, carbon/side_profile)
  emeya: 4 entries  (e.g. r/front_three_quarter, r/rear_three_quarter, r/side_profile)
