Brand: mercedes-benz
Referer header: https://www.mbusa.com/
Found 317 image entries across 25 models.

[1/317] cla/cla-250-plus/front_three_quarter  cached (151528 bytes)
[2/317] cla/cla-250-plus/rear_three_quarter  FAIL (wrong-content-type — content-type text/html;charset=utf-8)
[3/317] cla/cla-250-plus/side_profile  FAIL (wrong-content-type — content-type text/html;charset=utf-8)
[4/317] cla/cla-250-plus/interior_dashboard  FAIL (wrong-content-type — content-type text/html;charset=utf-8)
[5/317] cla/cla-350-4matic/front_three_quarter  cached (151528 bytes)
[6/317] cla/cla-350-4matic/rear_three_quarter  FAIL (wrong-content-type — content-type text/html;charset=utf-8)
[7/317] cla/cla-350-4matic/side_profile  FAIL (wrong-content-type — content-type text/html;charset=utf-8)
[8/317] cla/cla-350-4matic/interior_dashboard  FAIL (wrong-content-type — content-type text/html;charset=utf-8)
[9/317] c-class/c-300/front_three_quarter  FAIL (wrong-content-type — content-type text/html;charset=utf-8)
[10/317] c-class/c-300/rear_three_quarter  FAIL (wrong-content-type — content-type text/html;charset=utf-8)
[11/317] c-class/c-300/side_profile  FAIL (wrong-content-type — content-type text/html;charset=utf-8)
[12/317] c-class/c-300/interior_dashboard  cached (956553 bytes)
[13/317] c-class/c-300-4matic/front_three_quarter  FAIL (wrong-content-type — content-type text/html;charset=utf-8)
[14/317] c-class/c-300-4matic/rear_three_quarter  FAIL (wrong-content-type — content-type text/html;charset=utf-8)
[15/317] c-class/c-300-4matic/side_profile  FAIL (wrong-content-type — content-type text/html;charset=utf-8)
[16/317] c-class/c-300-4matic/interior_dashboard  cached (956553 bytes)
[17/317] c-class/amg-c-43-4matic/front_three_quarter  FAIL (wrong-content-type — content-type text/html;charset=utf-8)
[18/317] c-class/amg-c-43-4matic/rear_three_quarter  FAIL (wrong-content-type — content-type text/html;charset=utf-8)
[19/317] c-class/amg-c-43-4matic/side_profile  FAIL (wrong-content-type — content-type text/html;charset=utf-8)
[20/317] c-class/amg-c-43-4matic/interior_dashboard  cached (956553 bytes)
[21/317] c-class/amg-c-63-s-e-performance/front_three_quarter  FAIL (wrong-content-type — content-type text/html;charset=utf-8)
[22/317] c-class/amg-c-63-s-e-performance/rear_three_quarter  FAIL (wrong-content-type — content-type text/html;charset=utf-8)
[23/317] c-class/amg-c-63-s-e-performance/side_profile  FAIL (wrong-content-type — content-type text/html;charset=utf-8)
[24/317] c-class/amg-c-63-s-e-performance/interior_dashboard  cached (956553 bytes)
[25/317] cle-coupe/cle-300-4matic/front_three_quarter  FAIL (wrong-content-type — content-type text/html;charset=utf-8)
[26/317] cle-coupe/cle-300-4matic/rear_three_quarter  FAIL (wrong-content-type — content-type text/html;charset=utf-8)
[27/317] cle-coupe/cle-300-4matic/side_profile  FAIL (wrong-content-type — content-type text/html;charset=utf-8)
[28/317] cle-coupe/cle-300-4matic/interior_dashboard  cached (161228 bytes)
[29/317] cle-coupe/cle-450-4matic/front_three_quarter  FAIL (wrong-content-type — content-type text/html;charset=utf-8)
[30/317] cle-coupe/cle-450-4matic/rear_three_quarter  FAIL (wrong-content-type — content-type text/html;charset=utf-8)
[31/317] cle-coupe/cle-450-4matic/side_profile  FAIL (wrong-content-type — content-type text/html;charset=utf-8)
[32/317] cle-coupe/cle-450-4matic/interior_dashboard  cached (161228 bytes)
[33/317] cle-coupe/amg-cle-53-4matic-plus/front_three_quarter  FAIL (wrong-content-type — content-type text/html;charset=utf-8)
[34/317] cle-coupe/amg-cle-53-4matic-plus/rear_three_quarter  FAIL (wrong-content-type — content-type text/html;charset=utf-8)
[35/317] cle-coupe/amg-cle-53-4matic-plus/side_profile  FAIL (wrong-content-type — content-type text/html;charset=utf-8)
[36/317] cle-coupe/amg-cle-53-4matic-plus/interior_dashboard  cached (161228 bytes)
[37/317] cle-cabriolet/cle-300-4matic-cabriolet/front_three_quarter  FAIL (wrong-content-type — content-type text/html;charset=utf-8)
[38/317] cle-cabriolet/cle-300-4matic-cabriolet/rear_three_quarter  FAIL (wrong-content-type — content-type text/html;charset=utf-8)
[39/317] cle-cabriolet/cle-300-4matic-cabriolet/side_profile  FAIL (wrong-content-type — content-type text/html;charset=utf-8)
[40/317] cle-cabriolet/cle-300-4matic-cabriolet/interior_dashboard  FAIL (wrong-content-type — content-type text/html;charset=utf-8)
[41/317] cle-cabriolet/cle-450-4matic-cabriolet/front_three_quarter  FAIL (wrong-content-type — content-type text/html;charset=utf-8)
[42/317] cle-cabriolet/cle-450-4matic-cabriolet/rear_three_quarter  FAIL (wrong-content-type — content-type text/html;charset=utf-8)
[43/317] cle-cabriolet/cle-450-4matic-cabriolet/side_profile  FAIL (wrong-content-type — content-type text/html;charset=utf-8)
[44/317] cle-cabriolet/cle-450-4matic-cabriolet/interior_dashboard  FAIL (wrong-content-type — content-type text/html;charset=utf-8)
[45/317] cle-cabriolet/amg-cle-53-4matic-cabriolet/front_three_quarter  FAIL (wrong-content-type — content-type text/html;charset=utf-8)
[46/317] cle-cabriolet/amg-cle-53-4matic-cabriolet/rear_three_quarter  FAIL (wrong-content-type — content-type text/html;charset=utf-8)
[47/317] cle-cabriolet/amg-cle-53-4matic-cabriolet/side_profile  FAIL (wrong-content-type — content-type text/html;charset=utf-8)
[48/317] cle-cabriolet/amg-cle-53-4matic-cabriolet/interior_dashboard  FAIL (wrong-content-type — content-type text/html;charset=utf-8)
[49/317] e-class-sedan/e-350/front_three_quarter  FAIL (wrong-content-type — content-type text/html;charset=utf-8)
[50/317] e-class-sedan/e-350/rear_three_quarter  FAIL (wrong-content-type — content-type text/html;charset=utf-8)
[51/317] e-class-sedan/e-350/side_profile  FAIL (wrong-content-type — content-type text/html;charset=utf-8)
[52/317] e-class-sedan/e-350/interior_dashboard  cached (99278 bytes)
[53/317] e-class-sedan/e-350-4matic/front_three_quarter  FAIL (wrong-content-type — content-type text/html;charset=utf-8)
[54/317] e-class-sedan/e-350-4matic/rear_three_quarter  FAIL (wrong-content-type — content-type text/html;charset=utf-8)
[55/317] e-class-sedan/e-350-4matic/side_profile  FAIL (wrong-content-type — content-type text/html;charset=utf-8)
[56/317] e-class-sedan/e-350-4matic/interior_dashboard  cached (99278 bytes)
[57/317] e-class-sedan/e-450-4matic/front_three_quarter  FAIL (wrong-content-type — content-type text/html;charset=utf-8)
[58/317] e-class-sedan/e-450-4matic/rear_three_quarter  FAIL (wrong-content-type — content-type text/html;charset=utf-8)
[59/317] e-class-sedan/e-450-4matic/side_profile  FAIL (wrong-content-type — content-type text/html;charset=utf-8)
[60/317] e-class-sedan/e-450-4matic/interior_dashboard  cached (99278 bytes)
[61/317] e-class-sedan/amg-e-53-hybrid-4matic-plus/front_three_quarter  FAIL (wrong-content-type — content-type text/html;charset=utf-8)
[62/317] e-class-sedan/amg-e-53-hybrid-4matic-plus/rear_three_quarter  FAIL (wrong-content-type — content-type text/html;charset=utf-8)
[63/317] e-class-sedan/amg-e-53-hybrid-4matic-plus/side_profile  FAIL (wrong-content-type — content-type text/html;charset=utf-8)
[64/317] e-class-sedan/amg-e-53-hybrid-4matic-plus/interior_dashboard  cached (99278 bytes)
[65/317] e-class-wagon/amg-e-53-hybrid-4matic-plus-wagon/front_three_quarter  cached (68448 bytes)
[66/317] e-class-wagon/amg-e-53-hybrid-4matic-plus-wagon/rear_three_quarter  cached (831090 bytes)
[67/317] e-class-wagon/amg-e-53-hybrid-4matic-plus-wagon/side_profile  FAIL (wrong-content-type — content-type text/html;charset=utf-8)
[68/317] e-class-wagon/amg-e-53-hybrid-4matic-plus-wagon/interior_dashboard  cached (88004 bytes)
[69/317] e-class-wagon/amg-e-53-hybrid-4matic-plus-wagon/cargo_area  FAIL (wrong-content-type — content-type text/html;charset=utf-8)
[70/317] s-class/s-500-4matic/front_three_quarter  FAIL (wrong-content-type — content-type text/html;charset=utf-8)
[71/317] s-class/s-500-4matic/rear_three_quarter  cached (132302 bytes)
[72/317] s-class/s-500-4matic/side_profile  cached (44028 bytes)
[73/317] s-class/s-500-4matic/interior_dashboard  FAIL (wrong-content-type — content-type text/html;charset=utf-8)
[74/317] s-class/s-580-4matic/front_three_quarter  FAIL (wrong-content-type — content-type text/html;charset=utf-8)
[75/317] s-class/s-580-4matic/rear_three_quarter  cached (132302 bytes)
[76/317] s-class/s-580-4matic/side_profile  cached (44028 bytes)
[77/317] s-class/s-580-4matic/interior_dashboard  FAIL (wrong-content-type — content-type text/html;charset=utf-8)
[78/317] s-class/s-580e-4matic/front_three_quarter  FAIL (wrong-content-type — content-type text/html;charset=utf-8)
[79/317] s-class/s-580e-4matic/rear_three_quarter  cached (132302 bytes)
[80/317] s-class/s-580e-4matic/side_profile  cached (44028 bytes)
[81/317] s-class/s-580e-4matic/interior_dashboard  FAIL (wrong-content-type — content-type text/html;charset=utf-8)
[82/317] s-class/amg-s-63-e-performance/front_three_quarter  FAIL (wrong-content-type — content-type text/html;charset=utf-8)
[83/317] s-class/amg-s-63-e-performance/rear_three_quarter  cached (132302 bytes)
[84/317] s-class/amg-s-63-e-performance/side_profile  cached (44028 bytes)
[85/317] s-class/amg-s-63-e-performance/interior_dashboard  FAIL (wrong-content-type — content-type text/html;charset=utf-8)
[86/317] maybach-s-class/maybach-s-580-4matic/front_three_quarter  ok (86954 bytes, image/webp)
[87/317] maybach-s-class/maybach-s-580-4matic/rear_three_quarter  FAIL (wrong-content-type — content-type text/html;charset=utf-8)
[88/317] maybach-s-class/maybach-s-580-4matic/side_profile  FAIL (wrong-content-type — content-type text/html;charset=utf-8)
[89/317] maybach-s-class/maybach-s-580-4matic/interior_dashboard  FAIL (wrong-content-type — content-type text/html;charset=utf-8)
[90/317] maybach-s-class/maybach-s-580-4matic/interior_rear_seats  FAIL (wrong-content-type — content-type text/html;charset=utf-8)
[91/317] maybach-s-class/maybach-s-680-4matic/front_three_quarter  ok (86954 bytes, image/webp)
[92/317] maybach-s-class/maybach-s-680-4matic/rear_three_quarter  FAIL (wrong-content-type — content-type text/html;charset=utf-8)
[93/317] maybach-s-class/maybach-s-680-4matic/side_profile  FAIL (wrong-content-type — content-type text/html;charset=utf-8)
[94/317] maybach-s-class/maybach-s-680-4matic/interior_dashboard  FAIL (wrong-content-type — content-type text/html;charset=utf-8)
[95/317] maybach-s-class/maybach-s-680-4matic/interior_rear_seats  FAIL (wrong-content-type — content-type text/html;charset=utf-8)
[96/317] amg-gt-coupe/amg-gt-55-4matic-plus/front_three_quarter  ok (1159512 bytes, image/webp)
[97/317] amg-gt-coupe/amg-gt-55-4matic-plus/rear_three_quarter  FAIL (wrong-content-type — content-type text/html;charset=utf-8)
[98/317] amg-gt-coupe/amg-gt-55-4matic-plus/side_profile  FAIL (wrong-content-type — content-type text/html;charset=utf-8)
[99/317] amg-gt-coupe/amg-gt-55-4matic-plus/interior_dashboard  FAIL (wrong-content-type — content-type text/html;charset=utf-8)
[100/317] amg-gt-coupe/amg-gt-63-4matic-plus/front_three_quarter  ok (1159512 bytes, image/webp)
[101/317] amg-gt-coupe/amg-gt-63-4matic-plus/rear_three_quarter  FAIL (wrong-content-type — content-type text/html;charset=utf-8)
[102/317] amg-gt-coupe/amg-gt-63-4matic-plus/side_profile  FAIL (wrong-content-type — content-type text/html;charset=utf-8)
[103/317] amg-gt-coupe/amg-gt-63-4matic-plus/interior_dashboard  FAIL (wrong-content-type — content-type text/html;charset=utf-8)
[104/317] amg-gt-coupe/amg-gt-63-pro-4matic-plus/front_three_quarter  ok (1159512 bytes, image/webp)
[105/317] amg-gt-coupe/amg-gt-63-pro-4matic-plus/rear_three_quarter  FAIL (wrong-content-type — content-type text/html;charset=utf-8)
[106/317] amg-gt-coupe/amg-gt-63-pro-4matic-plus/side_profile  FAIL (wrong-content-type — content-type text/html;charset=utf-8)
[107/317] amg-gt-coupe/amg-gt-63-pro-4matic-plus/interior_dashboard  FAIL (wrong-content-type — content-type text/html;charset=utf-8)
[108/317] amg-gt-coupe/amg-gt-63-s-e-performance/front_three_quarter  ok (1159512 bytes, image/webp)
[109/317] amg-gt-coupe/amg-gt-63-s-e-performance/rear_three_quarter  FAIL (wrong-content-type — content-type text/html;charset=utf-8)
[110/317] amg-gt-coupe/amg-gt-63-s-e-performance/side_profile  FAIL (wrong-content-type — content-type text/html;charset=utf-8)
[111/317] amg-gt-coupe/amg-gt-63-s-e-performance/interior_dashboard  FAIL (wrong-content-type — content-type text/html;charset=utf-8)
[112/317] amg-gt-4-door-coupe/amg-gt-43-4-door-coupe/front_three_quarter  ok (130440 bytes, image/webp)
[113/317] amg-gt-4-door-coupe/amg-gt-43-4-door-coupe/rear_three_quarter  FAIL (wrong-content-type — content-type text/html;charset=utf-8)
[114/317] amg-gt-4-door-coupe/amg-gt-43-4-door-coupe/side_profile  FAIL (wrong-content-type — content-type text/html;charset=utf-8)
[115/317] amg-gt-4-door-coupe/amg-gt-43-4-door-coupe/interior_dashboard  FAIL (wrong-content-type — content-type text/html;charset=utf-8)
[116/317] amg-gt-4-door-coupe/amg-gt-55-4-door-coupe/front_three_quarter  ok (130440 bytes, image/webp)
[117/317] amg-gt-4-door-coupe/amg-gt-55-4-door-coupe/rear_three_quarter  FAIL (wrong-content-type — content-type text/html;charset=utf-8)
[118/317] amg-gt-4-door-coupe/amg-gt-55-4-door-coupe/side_profile  FAIL (wrong-content-type — content-type text/html;charset=utf-8)
[119/317] amg-gt-4-door-coupe/amg-gt-55-4-door-coupe/interior_dashboard  FAIL (wrong-content-type — content-type text/html;charset=utf-8)
[120/317] amg-gt-4-door-coupe/amg-gt-63-4-door-coupe/front_three_quarter  ok (130440 bytes, image/webp)
[121/317] amg-gt-4-door-coupe/amg-gt-63-4-door-coupe/rear_three_quarter  FAIL (wrong-content-type — content-type text/html;charset=utf-8)
[122/317] amg-gt-4-door-coupe/amg-gt-63-4-door-coupe/side_profile  FAIL (wrong-content-type — content-type text/html;charset=utf-8)
[123/317] amg-gt-4-door-coupe/amg-gt-63-4-door-coupe/interior_dashboard  FAIL (wrong-content-type — content-type text/html;charset=utf-8)
[124/317] amg-gt-4-door-coupe/amg-gt-63-s-e-performance-4-door-coupe/front_three_quarter  ok (130440 bytes, image/webp)
[125/317] amg-gt-4-door-coupe/amg-gt-63-s-e-performance-4-door-coupe/rear_three_quarter  FAIL (wrong-content-type — content-type text/html;charset=utf-8)
[126/317] amg-gt-4-door-coupe/amg-gt-63-s-e-performance-4-door-coupe/side_profile  FAIL (wrong-content-type — content-type text/html;charset=utf-8)
[127/317] amg-gt-4-door-coupe/amg-gt-63-s-e-performance-4-door-coupe/interior_dashboard  FAIL (wrong-content-type — content-type text/html;charset=utf-8)
[128/317] sl-roadster/amg-sl-43/front_three_quarter  ok (787689 bytes, image/webp)
[129/317] sl-roadster/amg-sl-43/rear_three_quarter  ok (26146 bytes, image/webp)
[130/317] sl-roadster/amg-sl-43/side_profile  FAIL (wrong-content-type — content-type text/html;charset=utf-8)
[131/317] sl-roadster/amg-sl-43/interior_dashboard  FAIL (wrong-content-type — content-type text/html;charset=utf-8)
[132/317] sl-roadster/amg-sl-55-4matic/front_three_quarter  ok (787689 bytes, image/webp)
[133/317] sl-roadster/amg-sl-55-4matic/rear_three_quarter  ok (26146 bytes, image/webp)
[134/317] sl-roadster/amg-sl-55-4matic/side_profile  FAIL (wrong-content-type — content-type text/html;charset=utf-8)
[135/317] sl-roadster/amg-sl-55-4matic/interior_dashboard  FAIL (wrong-content-type — content-type text/html;charset=utf-8)
[136/317] sl-roadster/amg-sl-63-4matic/front_three_quarter  ok (787689 bytes, image/webp)
[137/317] sl-roadster/amg-sl-63-4matic/rear_three_quarter  ok (26146 bytes, image/webp)
[138/317] sl-roadster/amg-sl-63-4matic/side_profile  FAIL (wrong-content-type — content-type text/html;charset=utf-8)
[139/317] sl-roadster/amg-sl-63-4matic/interior_dashboard  FAIL (wrong-content-type — content-type text/html;charset=utf-8)
[140/317] sl-roadster/maybach-sl-680-monogram-series/front_three_quarter  ok (787689 bytes, image/webp)
[141/317] sl-roadster/maybach-sl-680-monogram-series/rear_three_quarter  ok (26146 bytes, image/webp)
[142/317] sl-roadster/maybach-sl-680-monogram-series/side_profile  FAIL (wrong-content-type — content-type text/html;charset=utf-8)
[143/317] sl-roadster/maybach-sl-680-monogram-series/interior_dashboard  FAIL (wrong-content-type — content-type text/html;charset=utf-8)
[144/317] sl-roadster/amg-sl-63-s-e-performance/front_three_quarter  ok (787689 bytes, image/webp)
[145/317] sl-roadster/amg-sl-63-s-e-performance/rear_three_quarter  ok (26146 bytes, image/webp)
[146/317] sl-roadster/amg-sl-63-s-e-performance/side_profile  FAIL (wrong-content-type — content-type text/html;charset=utf-8)
[147/317] sl-roadster/amg-sl-63-s-e-performance/interior_dashboard  FAIL (wrong-content-type — content-type text/html;charset=utf-8)
[148/317] gla-suv/gla-250/front_three_quarter  ok (78064 bytes, image/webp)
[149/317] gla-suv/gla-250/rear_three_quarter  FAIL (wrong-content-type — content-type text/html;charset=utf-8)
[150/317] gla-suv/gla-250/side_profile  FAIL (wrong-content-type — content-type text/html;charset=utf-8)
[151/317] gla-suv/gla-250/interior_dashboard  FAIL (wrong-content-type — content-type text/html;charset=utf-8)
[152/317] gla-suv/gla-250-4matic/front_three_quarter  ok (78064 bytes, image/webp)
[153/317] gla-suv/gla-250-4matic/rear_three_quarter  FAIL (wrong-content-type — content-type text/html;charset=utf-8)
[154/317] gla-suv/gla-250-4matic/side_profile  FAIL (wrong-content-type — content-type text/html;charset=utf-8)
[155/317] gla-suv/gla-250-4matic/interior_dashboard  FAIL (wrong-content-type — content-type text/html;charset=utf-8)
[156/317] glb-suv/glb-250/front_three_quarter  ok (61600 bytes, image/webp)
[157/317] glb-suv/glb-250/rear_three_quarter  FAIL (wrong-content-type — content-type text/html;charset=utf-8)
[158/317] glb-suv/glb-250/side_profile  FAIL (wrong-content-type — content-type text/html;charset=utf-8)
[159/317] glb-suv/glb-250/interior_dashboard  FAIL (wrong-content-type — content-type text/html;charset=utf-8)
[160/317] glb-suv/glb-250-4matic/front_three_quarter  ok (61600 bytes, image/webp)
[161/317] glb-suv/glb-250-4matic/rear_three_quarter  FAIL (wrong-content-type — content-type text/html;charset=utf-8)
[162/317] glb-suv/glb-250-4matic/side_profile  FAIL (wrong-content-type — content-type text/html;charset=utf-8)
[163/317] glb-suv/glb-250-4matic/interior_dashboard  FAIL (wrong-content-type — content-type text/html;charset=utf-8)
[164/317] glc-suv/glc-300/front_three_quarter  cached (93964 bytes)
[165/317] glc-suv/glc-300/rear_three_quarter  FAIL (wrong-content-type — content-type text/html;charset=utf-8)
[166/317] glc-suv/glc-300/side_profile  FAIL (wrong-content-type — content-type text/html;charset=utf-8)
[167/317] glc-suv/glc-300/interior_dashboard  cached (192826 bytes)
[168/317] glc-suv/glc-300-4matic/front_three_quarter  cached (93964 bytes)
[169/317] glc-suv/glc-300-4matic/rear_three_quarter  FAIL (wrong-content-type — content-type text/html;charset=utf-8)
[170/317] glc-suv/glc-300-4matic/side_profile  FAIL (wrong-content-type — content-type text/html;charset=utf-8)
[171/317] glc-suv/glc-300-4matic/interior_dashboard  cached (192826 bytes)
[172/317] glc-suv/amg-glc-43-4matic/front_three_quarter  cached (93964 bytes)
[173/317] glc-suv/amg-glc-43-4matic/rear_three_quarter  FAIL (wrong-content-type — content-type text/html;charset=utf-8)
[174/317] glc-suv/amg-glc-43-4matic/side_profile  FAIL (wrong-content-type — content-type text/html;charset=utf-8)
[175/317] glc-suv/amg-glc-43-4matic/interior_dashboard  cached (192826 bytes)
[176/317] glc-suv/glc-350e-4matic/front_three_quarter  cached (93964 bytes)
[177/317] glc-suv/glc-350e-4matic/rear_three_quarter  FAIL (wrong-content-type — content-type text/html;charset=utf-8)
[178/317] glc-suv/glc-350e-4matic/side_profile  FAIL (wrong-content-type — content-type text/html;charset=utf-8)
[179/317] glc-suv/glc-350e-4matic/interior_dashboard  cached (192826 bytes)
[180/317] glc-suv/amg-glc-63-s-e-performance/front_three_quarter  cached (93964 bytes)
[181/317] glc-suv/amg-glc-63-s-e-performance/rear_three_quarter  FAIL (wrong-content-type — content-type text/html;charset=utf-8)
[182/317] glc-suv/amg-glc-63-s-e-performance/side_profile  FAIL (wrong-content-type — content-type text/html;charset=utf-8)
[183/317] glc-suv/amg-glc-63-s-e-performance/interior_dashboard  cached (192826 bytes)
[184/317] glc-coupe/glc-300-4matic-coupe/front_three_quarter  cached (62408 bytes)
[185/317] glc-coupe/glc-300-4matic-coupe/rear_three_quarter  FAIL (wrong-content-type — content-type text/html;charset=utf-8)
[186/317] glc-coupe/glc-300-4matic-coupe/side_profile  FAIL (wrong-content-type — content-type text/html;charset=utf-8)
[187/317] glc-coupe/glc-300-4matic-coupe/interior_dashboard  cached (149282 bytes)
[188/317] glc-coupe/amg-glc-43-4matic-coupe/front_three_quarter  cached (62408 bytes)
[189/317] glc-coupe/amg-glc-43-4matic-coupe/rear_three_quarter  FAIL (wrong-content-type — content-type text/html;charset=utf-8)
[190/317] glc-coupe/amg-glc-43-4matic-coupe/side_profile  FAIL (wrong-content-type — content-type text/html;charset=utf-8)
[191/317] glc-coupe/amg-glc-43-4matic-coupe/interior_dashboard  cached (149282 bytes)
[192/317] glc-coupe/amg-glc-63-s-e-performance-coupe/front_three_quarter  cached (62408 bytes)
[193/317] glc-coupe/amg-glc-63-s-e-performance-coupe/rear_three_quarter  FAIL (wrong-content-type — content-type text/html;charset=utf-8)
[194/317] glc-coupe/amg-glc-63-s-e-performance-coupe/side_profile  FAIL (wrong-content-type — content-type text/html;charset=utf-8)
[195/317] glc-coupe/amg-glc-63-s-e-performance-coupe/interior_dashboard  cached (149282 bytes)
[196/317] gle-suv/gle-350/front_three_quarter  cached (137720 bytes)
[197/317] gle-suv/gle-350/rear_three_quarter  cached (87228 bytes)
[198/317] gle-suv/gle-350/side_profile  FAIL (wrong-content-type — content-type text/html;charset=utf-8)
[199/317] gle-suv/gle-350/interior_dashboard  FAIL (wrong-content-type — content-type text/html;charset=utf-8)
[200/317] gle-suv/gle-350-4matic/front_three_quarter  cached (137720 bytes)
[201/317] gle-suv/gle-350-4matic/rear_three_quarter  FAIL (wrong-content-type — content-type text/html;charset=utf-8)
[202/317] gle-suv/gle-350-4matic/side_profile  FAIL (wrong-content-type — content-type text/html;charset=utf-8)
[203/317] gle-suv/gle-350-4matic/interior_dashboard  FAIL (wrong-content-type — content-type text/html;charset=utf-8)
[204/317] gle-suv/gle-450-4matic/front_three_quarter  cached (202228 bytes)
[205/317] gle-suv/gle-450-4matic/rear_three_quarter  cached (87228 bytes)
[206/317] gle-suv/gle-450-4matic/side_profile  FAIL (wrong-content-type — content-type text/html;charset=utf-8)
[207/317] gle-suv/gle-450-4matic/interior_dashboard  FAIL (wrong-content-type — content-type text/html;charset=utf-8)
[208/317] gle-suv/gle-450e-4matic/front_three_quarter  cached (202228 bytes)
[209/317] gle-suv/gle-450e-4matic/rear_three_quarter  cached (87228 bytes)
[210/317] gle-suv/gle-450e-4matic/side_profile  FAIL (wrong-content-type — content-type text/html;charset=utf-8)
[211/317] gle-suv/gle-450e-4matic/interior_dashboard  FAIL (wrong-content-type — content-type text/html;charset=utf-8)
[212/317] gle-suv/gle-580-4matic/front_three_quarter  cached (202228 bytes)
[213/317] gle-suv/gle-580-4matic/rear_three_quarter  cached (87228 bytes)
[214/317] gle-suv/gle-580-4matic/side_profile  FAIL (wrong-content-type — content-type text/html;charset=utf-8)
[215/317] gle-suv/gle-580-4matic/interior_dashboard  FAIL (wrong-content-type — content-type text/html;charset=utf-8)
[216/317] gle-suv/amg-gle-53-4matic-plus/front_three_quarter  cached (202228 bytes)
[217/317] gle-suv/amg-gle-53-4matic-plus/rear_three_quarter  cached (87228 bytes)
[218/317] gle-suv/amg-gle-53-4matic-plus/side_profile  FAIL (wrong-content-type — content-type text/html;charset=utf-8)
[219/317] gle-suv/amg-gle-53-4matic-plus/interior_dashboard  FAIL (wrong-content-type — content-type text/html;charset=utf-8)
[220/317] gle-suv/amg-gle-63-s-4matic-plus/front_three_quarter  cached (202228 bytes)
[221/317] gle-suv/amg-gle-63-s-4matic-plus/rear_three_quarter  cached (87228 bytes)
[222/317] gle-suv/amg-gle-63-s-4matic-plus/side_profile  FAIL (wrong-content-type — content-type text/html;charset=utf-8)
[223/317] gle-suv/amg-gle-63-s-4matic-plus/interior_dashboard  FAIL (wrong-content-type — content-type text/html;charset=utf-8)
[224/317] gle-coupe/gle-450-4matic-coupe/front_three_quarter  cached (168174 bytes)
[225/317] gle-coupe/gle-450-4matic-coupe/rear_three_quarter  FAIL (wrong-content-type — content-type text/html;charset=utf-8)
[226/317] gle-coupe/gle-450-4matic-coupe/side_profile  FAIL (wrong-content-type — content-type text/html;charset=utf-8)
[227/317] gle-coupe/gle-450-4matic-coupe/interior_dashboard  cached (67444 bytes)
[228/317] gle-coupe/amg-gle-53-4matic-plus-coupe/front_three_quarter  cached (168174 bytes)
[229/317] gle-coupe/amg-gle-53-4matic-plus-coupe/rear_three_quarter  FAIL (wrong-content-type — content-type text/html;charset=utf-8)
[230/317] gle-coupe/amg-gle-53-4matic-plus-coupe/side_profile  FAIL (wrong-content-type — content-type text/html;charset=utf-8)
[231/317] gle-coupe/amg-gle-53-4matic-plus-coupe/interior_dashboard  cached (67444 bytes)
[232/317] gle-coupe/amg-gle-63-s-4matic-plus-coupe/front_three_quarter  cached (168174 bytes)
[233/317] gle-coupe/amg-gle-63-s-4matic-plus-coupe/rear_three_quarter  FAIL (wrong-content-type — content-type text/html;charset=utf-8)
[234/317] gle-coupe/amg-gle-63-s-4matic-plus-coupe/side_profile  FAIL (wrong-content-type — content-type text/html;charset=utf-8)
[235/317] gle-coupe/amg-gle-63-s-4matic-plus-coupe/interior_dashboard  cached (67444 bytes)
[236/317] gls-suv/gls-450-4matic/front_three_quarter  FAIL (wrong-content-type — content-type text/html;charset=utf-8)
[237/317] gls-suv/gls-450-4matic/rear_three_quarter  cached (69858 bytes)
[238/317] gls-suv/gls-450-4matic/side_profile  FAIL (wrong-content-type — content-type text/html;charset=utf-8)
[239/317] gls-suv/gls-450-4matic/interior_dashboard  FAIL (wrong-content-type — content-type text/html;charset=utf-8)
[240/317] gls-suv/gls-580-4matic/front_three_quarter  FAIL (wrong-content-type — content-type text/html;charset=utf-8)
[241/317] gls-suv/gls-580-4matic/rear_three_quarter  cached (69858 bytes)
[242/317] gls-suv/gls-580-4matic/side_profile  FAIL (wrong-content-type — content-type text/html;charset=utf-8)
[243/317] gls-suv/gls-580-4matic/interior_dashboard  FAIL (wrong-content-type — content-type text/html;charset=utf-8)
[244/317] gls-suv/amg-gls-63-4matic-plus/front_three_quarter  FAIL (wrong-content-type — content-type text/html;charset=utf-8)
[245/317] gls-suv/amg-gls-63-4matic-plus/rear_three_quarter  cached (69858 bytes)
[246/317] gls-suv/amg-gls-63-4matic-plus/side_profile  FAIL (wrong-content-type — content-type text/html;charset=utf-8)
[247/317] gls-suv/amg-gls-63-4matic-plus/interior_dashboard  FAIL (wrong-content-type — content-type text/html;charset=utf-8)
[248/317] maybach-gls/maybach-gls-600-4matic/front_three_quarter  FAIL (wrong-content-type — content-type text/html;charset=utf-8)
[249/317] maybach-gls/maybach-gls-600-4matic/rear_three_quarter  FAIL (wrong-content-type — content-type text/html;charset=utf-8)
[250/317] maybach-gls/maybach-gls-600-4matic/side_profile  FAIL (wrong-content-type — content-type text/html;charset=utf-8)
[251/317] maybach-gls/maybach-gls-600-4matic/interior_dashboard  FAIL (wrong-content-type — content-type text/html;charset=utf-8)
[252/317] maybach-gls/maybach-gls-600-4matic/interior_rear_seats  FAIL (wrong-content-type — content-type text/html;charset=utf-8)
[253/317] g-class/g-550/front_three_quarter  FAIL (wrong-content-type — content-type text/html;charset=utf-8)
[254/317] g-class/g-550/rear_three_quarter  FAIL (wrong-content-type — content-type text/html;charset=utf-8)
[255/317] g-class/g-550/side_profile  FAIL (wrong-content-type — content-type text/html;charset=utf-8)
[256/317] g-class/g-550/interior_dashboard  FAIL (wrong-content-type — content-type text/html;charset=utf-8)
[257/317] g-class/g-580-eq/front_three_quarter  FAIL (wrong-content-type — content-type text/html;charset=utf-8)
[258/317] g-class/g-580-eq/rear_three_quarter  FAIL (wrong-content-type — content-type text/html;charset=utf-8)
[259/317] g-class/g-580-eq/side_profile  FAIL (wrong-content-type — content-type text/html;charset=utf-8)
[260/317] g-class/g-580-eq/interior_dashboard  FAIL (wrong-content-type — content-type text/html;charset=utf-8)
[261/317] g-class/amg-g-63/front_three_quarter  FAIL (wrong-content-type — content-type text/html;charset=utf-8)
[262/317] g-class/amg-g-63/rear_three_quarter  FAIL (wrong-content-type — content-type text/html;charset=utf-8)
[263/317] g-class/amg-g-63/side_profile  FAIL (wrong-content-type — content-type text/html;charset=utf-8)
[264/317] g-class/amg-g-63/interior_dashboard  FAIL (wrong-content-type — content-type text/html;charset=utf-8)
[265/317] eqe-sedan/eqe-320-plus/front_three_quarter  ok (397214 bytes, image/webp)
[266/317] eqe-sedan/eqe-320-plus/rear_three_quarter  FAIL (wrong-content-type — content-type text/html;charset=utf-8)
[267/317] eqe-sedan/eqe-320-plus/side_profile  ok (29962 bytes, image/webp)
[268/317] eqe-sedan/eqe-320-plus/interior_dashboard  FAIL (wrong-content-type — content-type text/html;charset=utf-8)
[269/317] eqe-sedan/eqe-320-4matic/front_three_quarter  ok (397214 bytes, image/webp)
[270/317] eqe-sedan/eqe-320-4matic/rear_three_quarter  FAIL (wrong-content-type — content-type text/html;charset=utf-8)
[271/317] eqe-sedan/eqe-320-4matic/side_profile  ok (29962 bytes, image/webp)
[272/317] eqe-sedan/eqe-320-4matic/interior_dashboard  FAIL (wrong-content-type — content-type text/html;charset=utf-8)
[273/317] eqe-sedan/amg-eqe/front_three_quarter  ok (397214 bytes, image/webp)
[274/317] eqe-sedan/amg-eqe/rear_three_quarter  FAIL (wrong-content-type — content-type text/html;charset=utf-8)
[275/317] eqe-sedan/amg-eqe/side_profile  ok (29962 bytes, image/webp)
[276/317] eqe-sedan/amg-eqe/interior_dashboard  FAIL (wrong-content-type — content-type text/html;charset=utf-8)
[277/317] eqe-suv/eqe-320-plus/front_three_quarter  ok (252738 bytes, image/webp)
[278/317] eqe-suv/eqe-320-plus/rear_three_quarter  FAIL (wrong-content-type — content-type text/html;charset=utf-8)
[279/317] eqe-suv/eqe-320-plus/side_profile  FAIL (wrong-content-type — content-type text/html;charset=utf-8)
[280/317] eqe-suv/eqe-320-plus/interior_dashboard  FAIL (wrong-content-type — content-type text/html;charset=utf-8)
[281/317] eqe-suv/eqe-320-4matic/front_three_quarter  ok (252738 bytes, image/webp)
[282/317] eqe-suv/eqe-320-4matic/rear_three_quarter  FAIL (wrong-content-type — content-type text/html;charset=utf-8)
[283/317] eqe-suv/eqe-320-4matic/side_profile  FAIL (wrong-content-type — content-type text/html;charset=utf-8)
[284/317] eqe-suv/eqe-320-4matic/interior_dashboard  FAIL (wrong-content-type — content-type text/html;charset=utf-8)
[285/317] eqe-suv/amg-eqe-4matic-plus/front_three_quarter  ok (252738 bytes, image/webp)
[286/317] eqe-suv/amg-eqe-4matic-plus/rear_three_quarter  FAIL (wrong-content-type — content-type text/html;charset=utf-8)
[287/317] eqe-suv/amg-eqe-4matic-plus/side_profile  FAIL (wrong-content-type — content-type text/html;charset=utf-8)
[288/317] eqe-suv/amg-eqe-4matic-plus/interior_dashboard  FAIL (wrong-content-type — content-type text/html;charset=utf-8)
[289/317] eqs-sedan/eqs-450-plus/front_three_quarter  ok (71478 bytes, image/webp)
[290/317] eqs-sedan/eqs-450-plus/rear_three_quarter  FAIL (wrong-content-type — content-type text/html;charset=utf-8)
[291/317] eqs-sedan/eqs-450-plus/side_profile  FAIL (wrong-content-type — content-type text/html;charset=utf-8)
[292/317] eqs-sedan/eqs-450-plus/interior_dashboard  FAIL (wrong-content-type — content-type text/html;charset=utf-8)
[293/317] eqs-sedan/eqs-450-4matic/front_three_quarter  ok (71478 bytes, image/webp)
[294/317] eqs-sedan/eqs-450-4matic/rear_three_quarter  FAIL (wrong-content-type — content-type text/html;charset=utf-8)
[295/317] eqs-sedan/eqs-450-4matic/side_profile  FAIL (wrong-content-type — content-type text/html;charset=utf-8)
[296/317] eqs-sedan/eqs-450-4matic/interior_dashboard  FAIL (wrong-content-type — content-type text/html;charset=utf-8)
[297/317] eqs-sedan/eqs-580-4matic/front_three_quarter  ok (71478 bytes, image/webp)
[298/317] eqs-sedan/eqs-580-4matic/rear_three_quarter  FAIL (wrong-content-type — content-type text/html;charset=utf-8)
[299/317] eqs-sedan/eqs-580-4matic/side_profile  FAIL (wrong-content-type — content-type text/html;charset=utf-8)
[300/317] eqs-sedan/eqs-580-4matic/interior_dashboard  FAIL (wrong-content-type — content-type text/html;charset=utf-8)
[301/317] eqs-sedan/amg-eqs-53-4matic-plus/front_three_quarter  ok (71478 bytes, image/webp)
[302/317] eqs-sedan/amg-eqs-53-4matic-plus/rear_three_quarter  FAIL (wrong-content-type — content-type text/html;charset=utf-8)
[303/317] eqs-sedan/amg-eqs-53-4matic-plus/side_profile  FAIL (wrong-content-type — content-type text/html;charset=utf-8)
[304/317] eqs-sedan/amg-eqs-53-4matic-plus/interior_dashboard  FAIL (wrong-content-type — content-type text/html;charset=utf-8)
[305/317] eqs-suv/eqs-400-4matic/front_three_quarter  ok (102762 bytes, image/webp)
[306/317] eqs-suv/eqs-400-4matic/rear_three_quarter  FAIL (wrong-content-type — content-type text/html;charset=utf-8)
[307/317] eqs-suv/eqs-400-4matic/side_profile  FAIL (wrong-content-type — content-type text/html;charset=utf-8)
[308/317] eqs-suv/eqs-400-4matic/interior_dashboard  FAIL (wrong-content-type — content-type text/html;charset=utf-8)
[309/317] eqs-suv/eqs-550-4matic/front_three_quarter  ok (102762 bytes, image/webp)
[310/317] eqs-suv/eqs-550-4matic/rear_three_quarter  FAIL (wrong-content-type — content-type text/html;charset=utf-8)
[311/317] eqs-suv/eqs-550-4matic/side_profile  FAIL (wrong-content-type — content-type text/html;charset=utf-8)
[312/317] eqs-suv/eqs-550-4matic/interior_dashboard  FAIL (wrong-content-type — content-type text/html;charset=utf-8)
[313/317] maybach-eqs-suv/maybach-eqs-680-suv/front_three_quarter  ok (98054 bytes, image/webp)
[314/317] maybach-eqs-suv/maybach-eqs-680-suv/rear_three_quarter  FAIL (wrong-content-type — content-type text/html;charset=utf-8)
[315/317] maybach-eqs-suv/maybach-eqs-680-suv/side_profile  FAIL (wrong-content-type — content-type text/html;charset=utf-8)
[316/317] maybach-eqs-suv/maybach-eqs-680-suv/interior_dashboard  FAIL (wrong-content-type — content-type text/html;charset=utf-8)
[317/317] maybach-eqs-suv/maybach-eqs-680-suv/interior_rear_seats  FAIL (wrong-content-type — content-type text/html;charset=utf-8)

Updated catalog/data/mercedes-benz.json and data/mercedes-benz.json with downloaded flags.

========================================
  SUMMARY
========================================
Brand:                  mercedes-benz
Total images attempted: 317
Successful:             102 (32.2%)
Failed:                 215

Failed by HTTP status:
  (none)

Failed by other error kind:
  wrong-content-type: 215

Models with zero successful images: 3 of 25
  - cle-cabriolet (12 attempted)
  - maybach-gls (5 attempted)
  - g-class (12 attempted)

Failure breakdown (one example per group):
  [wrong-content-type (text/html;charset=utf-8)] x215 — e.g. https://www.mbusa.com/en/vehicles/class/cla/sedan
