Reset 96 image entries with needs_scraping:true to their model page URLs.
Brand: mitsubishi
Models in JSON: 4
Models with page URLs: 4
Playwright fallback: enabled

Scraping 4 model pages…

  fetch https://www.mitsubishicars.com/cars-and-suvs/outlander  …  static ok (53 raw, 53 slug-matching)
  fetch https://www.mitsubishicars.com/cars-and-suvs/outlander-phev  …  static ok (57 raw, 9 slug-matching)
  fetch https://www.mitsubishicars.com/cars-and-suvs/outlander-sport  …  static ok (37 raw, 37 slug-matching)
  fetch https://www.mitsubishicars.com/cars-and-suvs/eclipse-cross  …  static ok (32 raw, 32 slug-matching)

========================================
  SCRAPE SUMMARY
========================================
Brand:                          mitsubishi
Pages attempted:                4
Pages failed:                   0
Pages escalated to Playwright:  0 of 4
  Playwright successes:         0
  Playwright failures:          0
Image entries rewritten:        84
  via text/URL pattern match:   84
  via brand-specific angle:     0
  via positional fallback:      0
Brand-specific angle matches:   0
Resolution upgrades:            4 URLs preferred larger variants
Image entries unchanged:        12

Sample rewrites:
  [7.0] outlander/es-fwd/front_three_quarter
        → https://www.mitsubishicars.com/content/dam/mitsubishi-motors-us/images/siteimages/cars/outlander/my26/pfa/2026-mitsubishi-outlander-front-seat-driver-m.jpg
  [15.0] outlander/es-fwd/rear_three_quarter
        → https://www.mitsubishicars.com/content/dam/mitsubishi-motors-us/images/siteimages/cars/outlander/my26/desing/interior/2026-mitsubishi-outlander-digital-rear-view-mirror.jpg
  [7.0] outlander/es-fwd/side_profile
        → https://www.mitsubishicars.com/content/dam/mitsubishi-motors-us/images/siteimages/cars/outlander/my26/desing/exterior/2026-mitsubishi-outlander-power-side-mirrors.jpg
  [7.0] outlander/es-fwd/interior_dashboard
        → https://www.mitsubishicars.com/content/dam/mitsubishi-motors-us/images/siteimages/cars/outlander/my26/desing/interior/2026-mitsubishi-outlander-quilted-leather-seat.jpg
  [7.0] outlander/le-fwd/front_three_quarter
        → https://www.mitsubishicars.com/content/dam/mitsubishi-motors-us/images/siteimages/cars/outlander/my26/pfa/2026-mitsubishi-outlander-front-seat-driver-m.jpg
  [15.0] outlander/le-fwd/rear_three_quarter
        → https://www.mitsubishicars.com/content/dam/mitsubishi-motors-us/images/siteimages/cars/outlander/my26/desing/interior/2026-mitsubishi-outlander-digital-rear-view-mirror.jpg
  [7.0] outlander/le-fwd/side_profile
        → https://www.mitsubishicars.com/content/dam/mitsubishi-motors-us/images/siteimages/cars/outlander/my26/desing/exterior/2026-mitsubishi-outlander-power-side-mirrors.jpg
  [7.0] outlander/le-fwd/interior_dashboard
        → https://www.mitsubishicars.com/content/dam/mitsubishi-motors-us/images/siteimages/cars/outlander/my26/desing/interior/2026-mitsubishi-outlander-quilted-leather-seat.jpg
  [7.0] outlander/se-fwd/front_three_quarter
        → https://www.mitsubishicars.com/content/dam/mitsubishi-motors-us/images/siteimages/cars/outlander/my26/pfa/2026-mitsubishi-outlander-front-seat-driver-m.jpg
  [15.0] outlander/se-fwd/rear_three_quarter
        → https://www.mitsubishicars.com/content/dam/mitsubishi-motors-us/images/siteimages/cars/outlander/my26/desing/interior/2026-mitsubishi-outlander-digital-rear-view-mirror.jpg
  [7.0] outlander/se-fwd/side_profile
        → https://www.mitsubishicars.com/content/dam/mitsubishi-motors-us/images/siteimages/cars/outlander/my26/desing/exterior/2026-mitsubishi-outlander-power-side-mirrors.jpg
  [7.0] outlander/se-fwd/interior_dashboard
        → https://www.mitsubishicars.com/content/dam/mitsubishi-motors-us/images/siteimages/cars/outlander/my26/desing/interior/2026-mitsubishi-outlander-quilted-leather-seat.jpg

Models with unresolved angles:
  outlander-phev: 12 entries  (e.g. es-s-awc/front_three_quarter, es-s-awc/rear_three_quarter, es-s-awc/interior_dashboard)
