Brand: bentley
Found 88 image entries across 5 models.

[1/88] continental-gt/continental-gt/front_three_quarter  ok (7910 bytes, image/jpeg)
[2/88] continental-gt/continental-gt/rear_three_quarter  ok (79257 bytes, image/jpeg)
[3/88] continental-gt/continental-gt/side_profile  ok (55740 bytes, image/jpeg)
[4/88] continental-gt/continental-gt/interior_dashboard  ok (165307 bytes, image/jpeg)
[5/88] continental-gt/continental-gt-s/front_three_quarter  ok (7910 bytes, image/jpeg)
[6/88] continental-gt/continental-gt-s/rear_three_quarter  ok (79257 bytes, image/jpeg)
[7/88] continental-gt/continental-gt-s/side_profile  ok (55740 bytes, image/jpeg)
[8/88] continental-gt/continental-gt-s/interior_dashboard  ok (165307 bytes, image/jpeg)
[9/88] continental-gt/continental-gt-speed/front_three_quarter  ok (7910 bytes, image/jpeg)
[10/88] continental-gt/continental-gt-speed/rear_three_quarter  ok (79257 bytes, image/jpeg)
[11/88] continental-gt/continental-gt-speed/side_profile  ok (55740 bytes, image/jpeg)
[12/88] continental-gt/continental-gt-speed/interior_dashboard  ok (165307 bytes, image/jpeg)
[13/88] continental-gt/continental-gt-mulliner/front_three_quarter  ok (7910 bytes, image/jpeg)
[14/88] continental-gt/continental-gt-mulliner/rear_three_quarter  ok (79257 bytes, image/jpeg)
[15/88] continental-gt/continental-gt-mulliner/side_profile  ok (55740 bytes, image/jpeg)
[16/88] continental-gt/continental-gt-mulliner/interior_dashboard  ok (165307 bytes, image/jpeg)
[17/88] continental-gt/continental-gt-azure/front_three_quarter  ok (7910 bytes, image/jpeg)
[18/88] continental-gt/continental-gt-azure/rear_three_quarter  ok (79257 bytes, image/jpeg)
[19/88] continental-gt/continental-gt-azure/side_profile  ok (55740 bytes, image/jpeg)
[20/88] continental-gt/continental-gt-azure/interior_dashboard  ok (165307 bytes, image/jpeg)
[21/88] continental-gtc/continental-gtc/front_three_quarter  ok (6613 bytes, image/jpeg)
[22/88] continental-gtc/continental-gtc/rear_three_quarter  ok (81288 bytes, image/jpeg)
[23/88] continental-gtc/continental-gtc/side_profile  ok (57621 bytes, image/jpeg)
[24/88] continental-gtc/continental-gtc/interior_dashboard  ok (135750 bytes, image/jpeg)
[25/88] continental-gtc/continental-gtc-s/front_three_quarter  ok (6613 bytes, image/jpeg)
[26/88] continental-gtc/continental-gtc-s/rear_three_quarter  ok (81288 bytes, image/jpeg)
[27/88] continental-gtc/continental-gtc-s/side_profile  ok (57621 bytes, image/jpeg)
[28/88] continental-gtc/continental-gtc-s/interior_dashboard  ok (135750 bytes, image/jpeg)
[29/88] continental-gtc/continental-gtc-speed/front_three_quarter  ok (6613 bytes, image/jpeg)
[30/88] continental-gtc/continental-gtc-speed/rear_three_quarter  ok (81288 bytes, image/jpeg)
[31/88] continental-gtc/continental-gtc-speed/side_profile  ok (57621 bytes, image/jpeg)
[32/88] continental-gtc/continental-gtc-speed/interior_dashboard  ok (135750 bytes, image/jpeg)
[33/88] continental-gtc/continental-gtc-mulliner/front_three_quarter  ok (6613 bytes, image/jpeg)
[34/88] continental-gtc/continental-gtc-mulliner/rear_three_quarter  ok (81288 bytes, image/jpeg)
[35/88] continental-gtc/continental-gtc-mulliner/side_profile  ok (57621 bytes, image/jpeg)
[36/88] continental-gtc/continental-gtc-mulliner/interior_dashboard  ok (135750 bytes, image/jpeg)
[37/88] continental-gtc/continental-gtc-azure/front_three_quarter  ok (6613 bytes, image/jpeg)
[38/88] continental-gtc/continental-gtc-azure/rear_three_quarter  ok (81288 bytes, image/jpeg)
[39/88] continental-gtc/continental-gtc-azure/side_profile  ok (57621 bytes, image/jpeg)
[40/88] continental-gtc/continental-gtc-azure/interior_dashboard  ok (135750 bytes, image/jpeg)
[41/88] flying-spur/flying-spur/front_three_quarter  ok (83038 bytes, image/jpeg)
[42/88] flying-spur/flying-spur/rear_three_quarter  ok (80696 bytes, image/jpeg)
[43/88] flying-spur/flying-spur/side_profile  ok (9772 bytes, image/jpeg)
[44/88] flying-spur/flying-spur/interior_dashboard  ok (146494 bytes, image/jpeg)
[45/88] flying-spur/flying-spur-speed/front_three_quarter  ok (83038 bytes, image/jpeg)
[46/88] flying-spur/flying-spur-speed/rear_three_quarter  ok (80696 bytes, image/jpeg)
[47/88] flying-spur/flying-spur-speed/side_profile  ok (9772 bytes, image/jpeg)
[48/88] flying-spur/flying-spur-speed/interior_dashboard  ok (146494 bytes, image/jpeg)
[49/88] flying-spur/flying-spur-mulliner/front_three_quarter  ok (83038 bytes, image/jpeg)
[50/88] flying-spur/flying-spur-mulliner/rear_three_quarter  ok (80696 bytes, image/jpeg)
[51/88] flying-spur/flying-spur-mulliner/side_profile  ok (9772 bytes, image/jpeg)
[52/88] flying-spur/flying-spur-mulliner/interior_dashboard  ok (146494 bytes, image/jpeg)
[53/88] flying-spur/flying-spur-azure/front_three_quarter  ok (83038 bytes, image/jpeg)
[54/88] flying-spur/flying-spur-azure/rear_three_quarter  ok (80696 bytes, image/jpeg)
[55/88] flying-spur/flying-spur-azure/side_profile  ok (9772 bytes, image/jpeg)
[56/88] flying-spur/flying-spur-azure/interior_dashboard  ok (146494 bytes, image/jpeg)
[57/88] bentayga/bentayga/front_three_quarter  ok (83474 bytes, image/jpeg)
[58/88] bentayga/bentayga/rear_three_quarter  ok (72673 bytes, image/jpeg)
[59/88] bentayga/bentayga/side_profile  ok (62336 bytes, image/jpeg)
[60/88] bentayga/bentayga/interior_dashboard  ok (133076 bytes, image/jpeg)
[61/88] bentayga/bentayga-hybrid/front_three_quarter  ok (83474 bytes, image/jpeg)
[62/88] bentayga/bentayga-hybrid/rear_three_quarter  ok (72673 bytes, image/jpeg)
[63/88] bentayga/bentayga-hybrid/side_profile  ok (62336 bytes, image/jpeg)
[64/88] bentayga/bentayga-hybrid/interior_dashboard  ok (133076 bytes, image/jpeg)
[65/88] bentayga/bentayga-speed/front_three_quarter  ok (83474 bytes, image/jpeg)
[66/88] bentayga/bentayga-speed/rear_three_quarter  ok (72673 bytes, image/jpeg)
[67/88] bentayga/bentayga-speed/side_profile  ok (62336 bytes, image/jpeg)
[68/88] bentayga/bentayga-speed/interior_dashboard  ok (133076 bytes, image/jpeg)
[69/88] bentayga/bentayga-mulliner/front_three_quarter  ok (83474 bytes, image/jpeg)
[70/88] bentayga/bentayga-mulliner/rear_three_quarter  ok (72673 bytes, image/jpeg)
[71/88] bentayga/bentayga-mulliner/side_profile  ok (62336 bytes, image/jpeg)
[72/88] bentayga/bentayga-mulliner/interior_dashboard  ok (133076 bytes, image/jpeg)
[73/88] bentayga/bentayga-azure/front_three_quarter  ok (83474 bytes, image/jpeg)
[74/88] bentayga/bentayga-azure/rear_three_quarter  ok (72673 bytes, image/jpeg)
[75/88] bentayga/bentayga-azure/side_profile  ok (62336 bytes, image/jpeg)
[76/88] bentayga/bentayga-azure/interior_dashboard  ok (133076 bytes, image/jpeg)
[77/88] bentayga-ewb/bentayga-ewb/front_three_quarter  ok (96376 bytes, image/jpeg)
[78/88] bentayga-ewb/bentayga-ewb/rear_three_quarter  ok (90575 bytes, image/jpeg)
[79/88] bentayga-ewb/bentayga-ewb/side_profile  ok (82828 bytes, image/jpeg)
[80/88] bentayga-ewb/bentayga-ewb/interior_dashboard  ok (127421 bytes, image/jpeg)
[81/88] bentayga-ewb/bentayga-ewb-mulliner/front_three_quarter  ok (96376 bytes, image/jpeg)
[82/88] bentayga-ewb/bentayga-ewb-mulliner/rear_three_quarter  ok (90575 bytes, image/jpeg)
[83/88] bentayga-ewb/bentayga-ewb-mulliner/side_profile  ok (82828 bytes, image/jpeg)
[84/88] bentayga-ewb/bentayga-ewb-mulliner/interior_dashboard  ok (127421 bytes, image/jpeg)
[85/88] bentayga-ewb/bentayga-ewb-azure/front_three_quarter  ok (96376 bytes, image/jpeg)
[86/88] bentayga-ewb/bentayga-ewb-azure/rear_three_quarter  ok (90575 bytes, image/jpeg)
[87/88] bentayga-ewb/bentayga-ewb-azure/side_profile  ok (82828 bytes, image/jpeg)
[88/88] bentayga-ewb/bentayga-ewb-azure/interior_dashboard  ok (127421 bytes, image/jpeg)

Updated catalog/data/bentley.json and data/bentley.json with downloaded flags.

========================================
  SUMMARY
========================================
Brand:                  bentley
Total images attempted: 88
Successful:             88 (100.0%)
Failed:                 0

Failed by HTTP status:
  (none)

Failed by other error kind:
  (none)

Models with zero successful images: 0 of 5
