Brand: chevrolet
Found 288 image entries across 18 models.

[1/288] trax/ls/front_three_quarter  ok (41210 bytes, image/avif)
[2/288] trax/ls/rear_three_quarter  FAIL (wrong-content-type — content-type text/html;charset=utf-8)
[3/288] trax/ls/side_profile  FAIL (wrong-content-type — content-type text/html;charset=utf-8)
[4/288] trax/ls/interior_dashboard  ok (47400 bytes, image/avif)
[5/288] trax/1rs/front_three_quarter  ok (41210 bytes, image/avif)
[6/288] trax/1rs/rear_three_quarter  FAIL (wrong-content-type — content-type text/html;charset=utf-8)
[7/288] trax/1rs/side_profile  FAIL (wrong-content-type — content-type text/html;charset=utf-8)
[8/288] trax/1rs/interior_dashboard  ok (47400 bytes, image/avif)
[9/288] trax/lt/front_three_quarter  ok (41210 bytes, image/avif)
[10/288] trax/lt/rear_three_quarter  FAIL (wrong-content-type — content-type text/html;charset=utf-8)
[11/288] trax/lt/side_profile  FAIL (wrong-content-type — content-type text/html;charset=utf-8)
[12/288] trax/lt/interior_dashboard  ok (47400 bytes, image/avif)
[13/288] trax/2rs/front_three_quarter  ok (41210 bytes, image/avif)
[14/288] trax/2rs/rear_three_quarter  FAIL (wrong-content-type — content-type text/html;charset=utf-8)
[15/288] trax/2rs/side_profile  FAIL (wrong-content-type — content-type text/html;charset=utf-8)
[16/288] trax/2rs/interior_dashboard  ok (48453 bytes, image/avif)
[17/288] trax/activ/front_three_quarter  ok (41210 bytes, image/avif)
[18/288] trax/activ/rear_three_quarter  FAIL (wrong-content-type — content-type text/html;charset=utf-8)
[19/288] trax/activ/side_profile  FAIL (wrong-content-type — content-type text/html;charset=utf-8)
[20/288] trax/activ/interior_dashboard  ok (47400 bytes, image/avif)
[21/288] trailblazer/ls/front_three_quarter  ok (34113 bytes, image/avif)
[22/288] trailblazer/ls/rear_three_quarter  FAIL (wrong-content-type — content-type text/html;charset=utf-8)
[23/288] trailblazer/ls/side_profile  FAIL (wrong-content-type — content-type text/html;charset=utf-8)
[24/288] trailblazer/ls/interior_dashboard  ok (65297 bytes, image/avif)
[25/288] trailblazer/lt/front_three_quarter  ok (34113 bytes, image/avif)
[26/288] trailblazer/lt/rear_three_quarter  FAIL (wrong-content-type — content-type text/html;charset=utf-8)
[27/288] trailblazer/lt/side_profile  FAIL (wrong-content-type — content-type text/html;charset=utf-8)
[28/288] trailblazer/lt/interior_dashboard  ok (65297 bytes, image/avif)
[29/288] trailblazer/rs/front_three_quarter  ok (34113 bytes, image/avif)
[30/288] trailblazer/rs/rear_three_quarter  FAIL (wrong-content-type — content-type text/html;charset=utf-8)
[31/288] trailblazer/rs/side_profile  FAIL (wrong-content-type — content-type text/html;charset=utf-8)
[32/288] trailblazer/rs/interior_dashboard  ok (65297 bytes, image/avif)
[33/288] trailblazer/activ/front_three_quarter  ok (34113 bytes, image/avif)
[34/288] trailblazer/activ/rear_three_quarter  FAIL (wrong-content-type — content-type text/html;charset=utf-8)
[35/288] trailblazer/activ/side_profile  FAIL (wrong-content-type — content-type text/html;charset=utf-8)
[36/288] trailblazer/activ/interior_dashboard  ok (65297 bytes, image/avif)
[37/288] equinox/lt-fwd/front_three_quarter  ok (46498 bytes, image/avif)
[38/288] equinox/lt-fwd/rear_three_quarter  ok (105823 bytes, image/avif)
[39/288] equinox/lt-fwd/side_profile  ok (117180 bytes, image/avif)
[40/288] equinox/lt-fwd/interior_dashboard  ok (73182 bytes, image/avif)
[41/288] equinox/lt-awd/front_three_quarter  ok (46498 bytes, image/avif)
[42/288] equinox/lt-awd/rear_three_quarter  ok (145535 bytes, image/avif)
[43/288] equinox/lt-awd/side_profile  ok (63125 bytes, image/avif)
[44/288] equinox/lt-awd/interior_dashboard  ok (52743 bytes, image/avif)
[45/288] equinox/rs-fwd/front_three_quarter  ok (46498 bytes, image/avif)
[46/288] equinox/rs-fwd/rear_three_quarter  ok (105823 bytes, image/avif)
[47/288] equinox/rs-fwd/side_profile  ok (117180 bytes, image/avif)
[48/288] equinox/rs-fwd/interior_dashboard  ok (73182 bytes, image/avif)
[49/288] equinox/activ-awd/front_three_quarter  ok (46498 bytes, image/avif)
[50/288] equinox/activ-awd/rear_three_quarter  ok (105823 bytes, image/avif)
[51/288] equinox/activ-awd/side_profile  ok (117180 bytes, image/avif)
[52/288] equinox/activ-awd/interior_dashboard  ok (73182 bytes, image/avif)
[53/288] equinox-ev/lt-1-fwd/front_three_quarter  ok (46498 bytes, image/avif)
[54/288] equinox-ev/lt-1-fwd/rear_three_quarter  ok (26977 bytes, image/avif)
[55/288] equinox-ev/lt-1-fwd/side_profile  ok (89953 bytes, image/avif)
[56/288] equinox-ev/lt-1-fwd/interior_dashboard  ok (55125 bytes, image/avif)
[57/288] equinox-ev/lt-2-fwd/front_three_quarter  ok (46498 bytes, image/avif)
[58/288] equinox-ev/lt-2-fwd/rear_three_quarter  ok (40205 bytes, image/avif)
[59/288] equinox-ev/lt-2-fwd/side_profile  ok (50422 bytes, image/avif)
[60/288] equinox-ev/lt-2-fwd/interior_dashboard  ok (69941 bytes, image/avif)
[61/288] equinox-ev/rs-fwd/front_three_quarter  ok (46498 bytes, image/avif)
[62/288] equinox-ev/rs-fwd/rear_three_quarter  ok (26977 bytes, image/avif)
[63/288] equinox-ev/rs-fwd/side_profile  ok (89953 bytes, image/avif)
[64/288] equinox-ev/rs-fwd/interior_dashboard  ok (55125 bytes, image/avif)
[65/288] equinox-ev/lt-2-awd/front_three_quarter  ok (37833 bytes, image/avif)
[66/288] equinox-ev/lt-2-awd/rear_three_quarter  FAIL (wrong-content-type — content-type text/html;charset=utf-8)
[67/288] equinox-ev/lt-2-awd/side_profile  ok (103311 bytes, image/avif)
[68/288] equinox-ev/lt-2-awd/interior_dashboard  ok (13080 bytes, image/avif)
[69/288] blazer/2lt-fwd/front_three_quarter  ok (47304 bytes, image/avif)
[70/288] blazer/2lt-fwd/rear_three_quarter  ok (34964 bytes, image/avif)
[71/288] blazer/2lt-fwd/side_profile  FAIL (wrong-content-type — content-type text/html;charset=utf-8)
[72/288] blazer/2lt-fwd/interior_dashboard  ok (27816 bytes, image/avif)
[73/288] blazer/3lt-fwd/front_three_quarter  ok (47304 bytes, image/avif)
[74/288] blazer/3lt-fwd/rear_three_quarter  ok (87868 bytes, image/avif)
[75/288] blazer/3lt-fwd/side_profile  FAIL (wrong-content-type — content-type text/html;charset=utf-8)
[76/288] blazer/3lt-fwd/interior_dashboard  ok (94287 bytes, image/avif)
[77/288] blazer/rs-fwd/front_three_quarter  ok (47304 bytes, image/avif)
[78/288] blazer/rs-fwd/rear_three_quarter  ok (34964 bytes, image/avif)
[79/288] blazer/rs-fwd/side_profile  FAIL (wrong-content-type — content-type text/html;charset=utf-8)
[80/288] blazer/rs-fwd/interior_dashboard  ok (27816 bytes, image/avif)
[81/288] blazer/rs-awd-v6/front_three_quarter  ok (47304 bytes, image/avif)
[82/288] blazer/rs-awd-v6/rear_three_quarter  ok (87868 bytes, image/avif)
[83/288] blazer/rs-awd-v6/side_profile  FAIL (wrong-content-type — content-type text/html;charset=utf-8)
[84/288] blazer/rs-awd-v6/interior_dashboard  ok (94287 bytes, image/avif)
[85/288] blazer-ev/lt-fwd/front_three_quarter  ok (47304 bytes, image/avif)
[86/288] blazer-ev/lt-fwd/rear_three_quarter  ok (62606 bytes, image/avif)
[87/288] blazer-ev/lt-fwd/side_profile  ok (41019 bytes, image/avif)
[88/288] blazer-ev/lt-fwd/interior_dashboard  ok (39841 bytes, image/avif)
[89/288] blazer-ev/lt-awd/front_three_quarter  ok (47304 bytes, image/avif)
[90/288] blazer-ev/lt-awd/rear_three_quarter  FAIL (wrong-content-type — content-type text/html;charset=utf-8)
[91/288] blazer-ev/lt-awd/side_profile  ok (46232 bytes, image/avif)
[92/288] blazer-ev/lt-awd/interior_dashboard  ok (91904 bytes, image/avif)
[93/288] blazer-ev/rs-fwd/front_three_quarter  ok (47304 bytes, image/avif)
[94/288] blazer-ev/rs-fwd/rear_three_quarter  ok (62606 bytes, image/avif)
[95/288] blazer-ev/rs-fwd/side_profile  ok (41019 bytes, image/avif)
[96/288] blazer-ev/rs-fwd/interior_dashboard  ok (39841 bytes, image/avif)
[97/288] blazer-ev/rs-awd/front_three_quarter  ok (47304 bytes, image/avif)
[98/288] blazer-ev/rs-awd/rear_three_quarter  FAIL (wrong-content-type — content-type text/html;charset=utf-8)
[99/288] blazer-ev/rs-awd/side_profile  ok (46232 bytes, image/avif)
[100/288] blazer-ev/rs-awd/interior_dashboard  ok (91904 bytes, image/avif)
[101/288] blazer-ev/ss/front_three_quarter  ok (47304 bytes, image/avif)
[102/288] blazer-ev/ss/rear_three_quarter  ok (62606 bytes, image/avif)
[103/288] blazer-ev/ss/side_profile  ok (41019 bytes, image/avif)
[104/288] blazer-ev/ss/interior_dashboard  ok (39841 bytes, image/avif)
[105/288] traverse/lt-fwd/front_three_quarter  ok (48097 bytes, image/avif)
[106/288] traverse/lt-fwd/rear_three_quarter  FAIL (wrong-content-type — content-type text/html;charset=utf-8)
[107/288] traverse/lt-fwd/side_profile  FAIL (wrong-content-type — content-type text/html;charset=utf-8)
[108/288] traverse/lt-fwd/interior_dashboard  ok (94432 bytes, image/avif)
[109/288] traverse/z71-awd/front_three_quarter  ok (48097 bytes, image/avif)
[110/288] traverse/z71-awd/rear_three_quarter  FAIL (wrong-content-type — content-type text/html;charset=utf-8)
[111/288] traverse/z71-awd/side_profile  FAIL (wrong-content-type — content-type text/html;charset=utf-8)
[112/288] traverse/z71-awd/interior_dashboard  ok (94432 bytes, image/avif)
[113/288] traverse/rs-awd/front_three_quarter  ok (48097 bytes, image/avif)
[114/288] traverse/rs-awd/rear_three_quarter  FAIL (wrong-content-type — content-type text/html;charset=utf-8)
[115/288] traverse/rs-awd/side_profile  FAIL (wrong-content-type — content-type text/html;charset=utf-8)
[116/288] traverse/rs-awd/interior_dashboard  ok (94432 bytes, image/avif)
[117/288] traverse/high-country-awd/front_three_quarter  ok (48097 bytes, image/avif)
[118/288] traverse/high-country-awd/rear_three_quarter  FAIL (wrong-content-type — content-type text/html;charset=utf-8)
[119/288] traverse/high-country-awd/side_profile  FAIL (wrong-content-type — content-type text/html;charset=utf-8)
[120/288] traverse/high-country-awd/interior_dashboard  ok (94432 bytes, image/avif)
[121/288] tahoe/ls-rwd/front_three_quarter  ok (52821 bytes, image/avif)
[122/288] tahoe/ls-rwd/rear_three_quarter  ok (77704 bytes, image/avif)
[123/288] tahoe/ls-rwd/side_profile  ok (55973 bytes, image/avif)
[124/288] tahoe/ls-rwd/interior_dashboard  ok (37884 bytes, image/avif)
[125/288] tahoe/lt-4wd/front_three_quarter  ok (52821 bytes, image/avif)
[126/288] tahoe/lt-4wd/rear_three_quarter  ok (77704 bytes, image/avif)
[127/288] tahoe/lt-4wd/side_profile  ok (55973 bytes, image/avif)
[128/288] tahoe/lt-4wd/interior_dashboard  ok (37884 bytes, image/avif)
[129/288] tahoe/rst-4wd/front_three_quarter  ok (52821 bytes, image/avif)
[130/288] tahoe/rst-4wd/rear_three_quarter  ok (77704 bytes, image/avif)
[131/288] tahoe/rst-4wd/side_profile  ok (55973 bytes, image/avif)
[132/288] tahoe/rst-4wd/interior_dashboard  ok (37884 bytes, image/avif)
[133/288] tahoe/z71-4wd/front_three_quarter  ok (52821 bytes, image/avif)
[134/288] tahoe/z71-4wd/rear_three_quarter  ok (77704 bytes, image/avif)
[135/288] tahoe/z71-4wd/side_profile  ok (55973 bytes, image/avif)
[136/288] tahoe/z71-4wd/interior_dashboard  ok (37884 bytes, image/avif)
[137/288] tahoe/premier/front_three_quarter  ok (52821 bytes, image/avif)
[138/288] tahoe/premier/rear_three_quarter  ok (77704 bytes, image/avif)
[139/288] tahoe/premier/side_profile  ok (55973 bytes, image/avif)
[140/288] tahoe/premier/interior_dashboard  ok (37884 bytes, image/avif)
[141/288] tahoe/high-country-4wd/front_three_quarter  ok (52821 bytes, image/avif)
[142/288] tahoe/high-country-4wd/rear_three_quarter  ok (77704 bytes, image/avif)
[143/288] tahoe/high-country-4wd/side_profile  ok (55973 bytes, image/avif)
[144/288] tahoe/high-country-4wd/interior_dashboard  ok (37884 bytes, image/avif)
[145/288] suburban/ls-rwd/front_three_quarter  ok (47105 bytes, image/avif)
[146/288] suburban/ls-rwd/rear_three_quarter  ok (35026 bytes, image/avif)
[147/288] suburban/ls-rwd/side_profile  ok (77899 bytes, image/avif)
[148/288] suburban/ls-rwd/interior_dashboard  ok (37884 bytes, image/avif)
[149/288] suburban/lt-4wd/front_three_quarter  ok (47105 bytes, image/avif)
[150/288] suburban/lt-4wd/rear_three_quarter  ok (35026 bytes, image/avif)
[151/288] suburban/lt-4wd/side_profile  ok (77899 bytes, image/avif)
[152/288] suburban/lt-4wd/interior_dashboard  ok (37884 bytes, image/avif)
[153/288] suburban/rst-4wd/front_three_quarter  ok (47105 bytes, image/avif)
[154/288] suburban/rst-4wd/rear_three_quarter  ok (35026 bytes, image/avif)
[155/288] suburban/rst-4wd/side_profile  ok (77899 bytes, image/avif)
[156/288] suburban/rst-4wd/interior_dashboard  ok (37884 bytes, image/avif)
[157/288] suburban/z71-4wd/front_three_quarter  ok (47105 bytes, image/avif)
[158/288] suburban/z71-4wd/rear_three_quarter  ok (35026 bytes, image/avif)
[159/288] suburban/z71-4wd/side_profile  ok (77899 bytes, image/avif)
[160/288] suburban/z71-4wd/interior_dashboard  ok (37884 bytes, image/avif)
[161/288] suburban/premier/front_three_quarter  ok (47105 bytes, image/avif)
[162/288] suburban/premier/rear_three_quarter  ok (35026 bytes, image/avif)
[163/288] suburban/premier/side_profile  ok (77899 bytes, image/avif)
[164/288] suburban/premier/interior_dashboard  ok (37884 bytes, image/avif)
[165/288] suburban/high-country-4wd/front_three_quarter  ok (47105 bytes, image/avif)
[166/288] suburban/high-country-4wd/rear_three_quarter  ok (35026 bytes, image/avif)
[167/288] suburban/high-country-4wd/side_profile  ok (77899 bytes, image/avif)
[168/288] suburban/high-country-4wd/interior_dashboard  ok (37884 bytes, image/avif)
[169/288] colorado/wt-2wd/front_three_quarter  ok (21299 bytes, image/avif)
[170/288] colorado/wt-2wd/rear_three_quarter  ok (89410 bytes, image/avif)
[171/288] colorado/wt-2wd/side_profile  ok (33362 bytes, image/avif)
[172/288] colorado/wt-2wd/interior_dashboard  ok (42018 bytes, image/avif)
[173/288] colorado/lt-4wd/front_three_quarter  ok (21299 bytes, image/avif)
[174/288] colorado/lt-4wd/rear_three_quarter  ok (89410 bytes, image/avif)
[175/288] colorado/lt-4wd/side_profile  ok (33362 bytes, image/avif)
[176/288] colorado/lt-4wd/interior_dashboard  ok (42018 bytes, image/avif)
[177/288] colorado/trail-boss-4wd/front_three_quarter  ok (21299 bytes, image/avif)
[178/288] colorado/trail-boss-4wd/rear_three_quarter  ok (89410 bytes, image/avif)
[179/288] colorado/trail-boss-4wd/side_profile  ok (33362 bytes, image/avif)
[180/288] colorado/trail-boss-4wd/interior_dashboard  ok (42018 bytes, image/avif)
[181/288] colorado/z71-4wd/front_three_quarter  ok (21299 bytes, image/avif)
[182/288] colorado/z71-4wd/rear_three_quarter  ok (89410 bytes, image/avif)
[183/288] colorado/z71-4wd/side_profile  ok (33362 bytes, image/avif)
[184/288] colorado/z71-4wd/interior_dashboard  ok (42018 bytes, image/avif)
[185/288] colorado/zr2-4wd/front_three_quarter  ok (21299 bytes, image/avif)
[186/288] colorado/zr2-4wd/rear_three_quarter  ok (89410 bytes, image/avif)
[187/288] colorado/zr2-4wd/side_profile  ok (33362 bytes, image/avif)
[188/288] colorado/zr2-4wd/interior_dashboard  ok (42018 bytes, image/avif)
[189/288] silverado-1500/wt-2wd-regular-cab-long-bed/front_three_quarter  ok (64709 bytes, image/avif)
[190/288] silverado-1500/wt-2wd-regular-cab-long-bed/rear_three_quarter  ok (29345 bytes, image/avif)
[191/288] silverado-1500/wt-2wd-regular-cab-long-bed/side_profile  ok (18204 bytes, image/avif)
[192/288] silverado-1500/wt-2wd-regular-cab-long-bed/interior_dashboard  ok (34168 bytes, image/avif)
[193/288] silverado-1500/custom-2wd/front_three_quarter  ok (64709 bytes, image/avif)
[194/288] silverado-1500/custom-2wd/rear_three_quarter  ok (29345 bytes, image/avif)
[195/288] silverado-1500/custom-2wd/side_profile  ok (18204 bytes, image/avif)
[196/288] silverado-1500/custom-2wd/interior_dashboard  ok (34168 bytes, image/avif)
[197/288] silverado-1500/lt-4wd-crew-cab/front_three_quarter  ok (64709 bytes, image/avif)
[198/288] silverado-1500/lt-4wd-crew-cab/rear_three_quarter  ok (29345 bytes, image/avif)
[199/288] silverado-1500/lt-4wd-crew-cab/side_profile  ok (18204 bytes, image/avif)
[200/288] silverado-1500/lt-4wd-crew-cab/interior_dashboard  ok (34168 bytes, image/avif)
[201/288] silverado-1500/rst-4wd-crew-cab/front_three_quarter  ok (64709 bytes, image/avif)
[202/288] silverado-1500/rst-4wd-crew-cab/rear_three_quarter  ok (29345 bytes, image/avif)
[203/288] silverado-1500/rst-4wd-crew-cab/side_profile  ok (18204 bytes, image/avif)
[204/288] silverado-1500/rst-4wd-crew-cab/interior_dashboard  ok (34168 bytes, image/avif)
[205/288] silverado-1500/ltz-4wd-crew-cab/front_three_quarter  ok (64709 bytes, image/avif)
[206/288] silverado-1500/ltz-4wd-crew-cab/rear_three_quarter  ok (29345 bytes, image/avif)
[207/288] silverado-1500/ltz-4wd-crew-cab/side_profile  ok (18204 bytes, image/avif)
[208/288] silverado-1500/ltz-4wd-crew-cab/interior_dashboard  ok (34168 bytes, image/avif)
[209/288] silverado-1500/zr2-4wd-crew-cab/front_three_quarter  ok (64709 bytes, image/avif)
[210/288] silverado-1500/zr2-4wd-crew-cab/rear_three_quarter  ok (29345 bytes, image/avif)
[211/288] silverado-1500/zr2-4wd-crew-cab/side_profile  ok (18204 bytes, image/avif)
[212/288] silverado-1500/zr2-4wd-crew-cab/interior_dashboard  ok (34168 bytes, image/avif)
[213/288] silverado-1500/high-country-4wd-crew-cab/front_three_quarter  ok (64709 bytes, image/avif)
[214/288] silverado-1500/high-country-4wd-crew-cab/rear_three_quarter  ok (29345 bytes, image/avif)
[215/288] silverado-1500/high-country-4wd-crew-cab/side_profile  ok (18204 bytes, image/avif)
[216/288] silverado-1500/high-country-4wd-crew-cab/interior_dashboard  ok (34168 bytes, image/avif)
[217/288] silverado-hd/2500hd-wt-2wd/front_three_quarter  ok (64342 bytes, image/avif)
[218/288] silverado-hd/2500hd-wt-2wd/rear_three_quarter  ok (47082 bytes, image/avif)
[219/288] silverado-hd/2500hd-wt-2wd/side_profile  ok (20568 bytes, image/avif)
[220/288] silverado-hd/2500hd-wt-2wd/interior_dashboard  ok (83358 bytes, image/avif)
[221/288] silverado-hd/2500hd-lt-4wd/front_three_quarter  ok (64342 bytes, image/avif)
[222/288] silverado-hd/2500hd-lt-4wd/rear_three_quarter  ok (47082 bytes, image/avif)
[223/288] silverado-hd/2500hd-lt-4wd/side_profile  ok (20568 bytes, image/avif)
[224/288] silverado-hd/2500hd-lt-4wd/interior_dashboard  ok (83358 bytes, image/avif)
[225/288] silverado-hd/2500hd-ltz-4wd-duramax/front_three_quarter  ok (64342 bytes, image/avif)
[226/288] silverado-hd/2500hd-ltz-4wd-duramax/rear_three_quarter  ok (47082 bytes, image/avif)
[227/288] silverado-hd/2500hd-ltz-4wd-duramax/side_profile  ok (20568 bytes, image/avif)
[228/288] silverado-hd/2500hd-ltz-4wd-duramax/interior_dashboard  ok (83358 bytes, image/avif)
[229/288] silverado-hd/2500hd-zr2-4wd-duramax/front_three_quarter  ok (64342 bytes, image/avif)
[230/288] silverado-hd/2500hd-zr2-4wd-duramax/rear_three_quarter  ok (47082 bytes, image/avif)
[231/288] silverado-hd/2500hd-zr2-4wd-duramax/side_profile  ok (20568 bytes, image/avif)
[232/288] silverado-hd/2500hd-zr2-4wd-duramax/interior_dashboard  ok (83358 bytes, image/avif)
[233/288] silverado-hd/2500hd-high-country-4wd-duramax/front_three_quarter  ok (64342 bytes, image/avif)
[234/288] silverado-hd/2500hd-high-country-4wd-duramax/rear_three_quarter  ok (47082 bytes, image/avif)
[235/288] silverado-hd/2500hd-high-country-4wd-duramax/side_profile  ok (20568 bytes, image/avif)
[236/288] silverado-hd/2500hd-high-country-4wd-duramax/interior_dashboard  ok (83358 bytes, image/avif)
[237/288] silverado-ev/wt-standard-range/front_three_quarter  ok (48306 bytes, image/avif)
[238/288] silverado-ev/wt-standard-range/rear_three_quarter  ok (91552 bytes, image/avif)
[239/288] silverado-ev/wt-standard-range/side_profile  ok (47565 bytes, image/avif)
[240/288] silverado-ev/wt-standard-range/interior_dashboard  ok (30329 bytes, image/avif)
[241/288] silverado-ev/lt-standard-range/front_three_quarter  ok (48306 bytes, image/avif)
[242/288] silverado-ev/lt-standard-range/rear_three_quarter  ok (91552 bytes, image/avif)
[243/288] silverado-ev/lt-standard-range/side_profile  ok (47565 bytes, image/avif)
[244/288] silverado-ev/lt-standard-range/interior_dashboard  ok (30329 bytes, image/avif)
[245/288] silverado-ev/trail-boss-extended-range/front_three_quarter  ok (48306 bytes, image/avif)
[246/288] silverado-ev/trail-boss-extended-range/rear_three_quarter  ok (91552 bytes, image/avif)
[247/288] silverado-ev/trail-boss-extended-range/side_profile  ok (47565 bytes, image/avif)
[248/288] silverado-ev/trail-boss-extended-range/interior_dashboard  ok (30329 bytes, image/avif)
[249/288] corvette-stingray/1lt-coupe/front_three_quarter  ok (33562 bytes, image/avif)
[250/288] corvette-stingray/1lt-coupe/rear_three_quarter  ok (36177 bytes, image/avif)
[251/288] corvette-stingray/1lt-coupe/side_profile  ok (34141 bytes, image/avif)
[252/288] corvette-stingray/1lt-coupe/interior_dashboard  ok (24528 bytes, image/avif)
[253/288] corvette-stingray/1lt-convertible/front_three_quarter  ok (33562 bytes, image/avif)
[254/288] corvette-stingray/1lt-convertible/rear_three_quarter  ok (36177 bytes, image/avif)
[255/288] corvette-stingray/1lt-convertible/side_profile  ok (34141 bytes, image/avif)
[256/288] corvette-stingray/1lt-convertible/interior_dashboard  ok (24528 bytes, image/avif)
[257/288] corvette-e-ray/1lz-coupe/front_three_quarter  ok (33501 bytes, image/avif)
[258/288] corvette-e-ray/1lz-coupe/rear_three_quarter  ok (43840 bytes, image/avif)
[259/288] corvette-e-ray/1lz-coupe/side_profile  FAIL (wrong-content-type — content-type text/html;charset=utf-8)
[260/288] corvette-e-ray/1lz-coupe/interior_dashboard  ok (16786 bytes, image/avif)
[261/288] corvette-e-ray/1lz-convertible/front_three_quarter  ok (33501 bytes, image/avif)
[262/288] corvette-e-ray/1lz-convertible/rear_three_quarter  ok (43840 bytes, image/avif)
[263/288] corvette-e-ray/1lz-convertible/side_profile  FAIL (wrong-content-type — content-type text/html;charset=utf-8)
[264/288] corvette-e-ray/1lz-convertible/interior_dashboard  ok (16786 bytes, image/avif)
[265/288] corvette-z06/1lz-coupe/front_three_quarter  ok (33629 bytes, image/avif)
[266/288] corvette-z06/1lz-coupe/rear_three_quarter  ok (61920 bytes, image/avif)
[267/288] corvette-z06/1lz-coupe/side_profile  ok (41680 bytes, image/avif)
[268/288] corvette-z06/1lz-coupe/interior_dashboard  ok (20847 bytes, image/avif)
[269/288] corvette-z06/1lz-convertible/front_three_quarter  ok (33629 bytes, image/avif)
[270/288] corvette-z06/1lz-convertible/rear_three_quarter  ok (61920 bytes, image/avif)
[271/288] corvette-z06/1lz-convertible/side_profile  ok (41680 bytes, image/avif)
[272/288] corvette-z06/1lz-convertible/interior_dashboard  ok (20847 bytes, image/avif)
[273/288] corvette-zr1/1lz-coupe/front_three_quarter  ok (37230 bytes, image/avif)
[274/288] corvette-zr1/1lz-coupe/rear_three_quarter  ok (68494 bytes, image/avif)
[275/288] corvette-zr1/1lz-coupe/side_profile  ok (42568 bytes, image/avif)
[276/288] corvette-zr1/1lz-coupe/interior_dashboard  ok (29531 bytes, image/avif)
[277/288] corvette-zr1/1lz-convertible/front_three_quarter  ok (37230 bytes, image/avif)
[278/288] corvette-zr1/1lz-convertible/rear_three_quarter  ok (68494 bytes, image/avif)
[279/288] corvette-zr1/1lz-convertible/side_profile  ok (42568 bytes, image/avif)
[280/288] corvette-zr1/1lz-convertible/interior_dashboard  ok (29531 bytes, image/avif)
[281/288] corvette-zr1x/1lz-coupe-awd/front_three_quarter  ok (35286 bytes, image/avif)
[282/288] corvette-zr1x/1lz-coupe-awd/rear_three_quarter  ok (9973 bytes, image/avif)
[283/288] corvette-zr1x/1lz-coupe-awd/side_profile  ok (26446 bytes, image/avif)
[284/288] corvette-zr1x/1lz-coupe-awd/interior_dashboard  ok (39443 bytes, image/avif)
[285/288] corvette-zr1x/1lz-convertible-awd/front_three_quarter  ok (35286 bytes, image/avif)
[286/288] corvette-zr1x/1lz-convertible-awd/rear_three_quarter  ok (9973 bytes, image/avif)
[287/288] corvette-zr1x/1lz-convertible-awd/side_profile  ok (26446 bytes, image/avif)
[288/288] corvette-zr1x/1lz-convertible-awd/interior_dashboard  ok (39443 bytes, image/avif)

Updated catalog/data/chevrolet.json and data/chevrolet.json with downloaded flags.

========================================
  SUMMARY
========================================
Brand:                  chevrolet
Total images attempted: 288
Successful:             253 (87.8%)
Failed:                 35

Failed by HTTP status:
  (none)

Failed by other error kind:
  wrong-content-type: 35

Models with zero successful images: 0 of 18

Failure breakdown (one example per group):
  [wrong-content-type (text/html;charset=utf-8)] x35 — e.g. https://www.chevrolet.com/suvs/trax
