Brand: lexus
Found 216 image entries across 11 models.

[1/216] is/is-350-f-sport-design-rwd/front_three_quarter  ok (266513 bytes, image/avif)
[2/216] is/is-350-f-sport-design-rwd/rear_three_quarter  ok (284159 bytes, image/avif)
[3/216] is/is-350-f-sport-design-rwd/side_profile  FAIL (wrong-content-type — content-type text/html;charset=utf-8)
[4/216] is/is-350-f-sport-design-rwd/interior_dashboard  ok (60592 bytes, image/avif)
[5/216] is/is-350-f-sport-design-awd/front_three_quarter  ok (287111 bytes, image/avif)
[6/216] is/is-350-f-sport-design-awd/rear_three_quarter  ok (293610 bytes, image/avif)
[7/216] is/is-350-f-sport-design-awd/side_profile  FAIL (wrong-content-type — content-type text/html;charset=utf-8)
[8/216] is/is-350-f-sport-design-awd/interior_dashboard  ok (93658 bytes, image/avif)
[9/216] is/is-350-f-sport-rwd/front_three_quarter  ok (266513 bytes, image/avif)
[10/216] is/is-350-f-sport-rwd/rear_three_quarter  ok (284159 bytes, image/avif)
[11/216] is/is-350-f-sport-rwd/side_profile  FAIL (wrong-content-type — content-type text/html;charset=utf-8)
[12/216] is/is-350-f-sport-rwd/interior_dashboard  ok (60592 bytes, image/avif)
[13/216] is/is-350-f-sport-awd/front_three_quarter  ok (287111 bytes, image/avif)
[14/216] is/is-350-f-sport-awd/rear_three_quarter  ok (293610 bytes, image/avif)
[15/216] is/is-350-f-sport-awd/side_profile  FAIL (wrong-content-type — content-type text/html;charset=utf-8)
[16/216] is/is-350-f-sport-awd/interior_dashboard  ok (93658 bytes, image/avif)
[17/216] es/es-350h-premium-fwd/front_three_quarter  ok (56907 bytes, image/avif)
[18/216] es/es-350h-premium-fwd/rear_three_quarter  ok (230498 bytes, image/webp)
[19/216] es/es-350h-premium-fwd/side_profile  ok (86981 bytes, image/avif)
[20/216] es/es-350h-premium-fwd/interior_dashboard  ok (91479 bytes, image/avif)
[21/216] es/es-350h-premium-awd/front_three_quarter  ok (39009 bytes, image/avif)
[22/216] es/es-350h-premium-awd/rear_three_quarter  ok (81648 bytes, image/avif)
[23/216] es/es-350h-premium-awd/side_profile  FAIL (wrong-content-type — content-type text/html;charset=utf-8)
[24/216] es/es-350h-premium-awd/interior_dashboard  ok (44671 bytes, image/avif)
[25/216] es/es-350h-premium-plus-fwd/front_three_quarter  ok (56907 bytes, image/avif)
[26/216] es/es-350h-premium-plus-fwd/rear_three_quarter  ok (230498 bytes, image/webp)
[27/216] es/es-350h-premium-plus-fwd/side_profile  ok (86981 bytes, image/avif)
[28/216] es/es-350h-premium-plus-fwd/interior_dashboard  ok (91479 bytes, image/avif)
[29/216] es/es-350h-premium-plus-awd/front_three_quarter  ok (39009 bytes, image/avif)
[30/216] es/es-350h-premium-plus-awd/rear_three_quarter  ok (81648 bytes, image/avif)
[31/216] es/es-350h-premium-plus-awd/side_profile  FAIL (wrong-content-type — content-type text/html;charset=utf-8)
[32/216] es/es-350h-premium-plus-awd/interior_dashboard  ok (44671 bytes, image/avif)
[33/216] es/es-350e-premium-fwd/front_three_quarter  ok (56907 bytes, image/avif)
[34/216] es/es-350e-premium-fwd/rear_three_quarter  ok (230498 bytes, image/webp)
[35/216] es/es-350e-premium-fwd/side_profile  ok (86981 bytes, image/avif)
[36/216] es/es-350e-premium-fwd/interior_dashboard  ok (91479 bytes, image/avif)
[37/216] es/es-350e-luxury-fwd/front_three_quarter  ok (39009 bytes, image/avif)
[38/216] es/es-350e-luxury-fwd/rear_three_quarter  ok (81648 bytes, image/avif)
[39/216] es/es-350e-luxury-fwd/side_profile  FAIL (wrong-content-type — content-type text/html;charset=utf-8)
[40/216] es/es-350e-luxury-fwd/interior_dashboard  ok (44671 bytes, image/avif)
[41/216] es/es-500e-premium-awd/front_three_quarter  ok (56907 bytes, image/avif)
[42/216] es/es-500e-premium-awd/rear_three_quarter  ok (230498 bytes, image/webp)
[43/216] es/es-500e-premium-awd/side_profile  ok (86981 bytes, image/avif)
[44/216] es/es-500e-premium-awd/interior_dashboard  ok (91479 bytes, image/avif)
[45/216] es/es-500e-luxury-awd/front_three_quarter  ok (39009 bytes, image/avif)
[46/216] es/es-500e-luxury-awd/rear_three_quarter  ok (81648 bytes, image/avif)
[47/216] es/es-500e-luxury-awd/side_profile  FAIL (wrong-content-type — content-type text/html;charset=utf-8)
[48/216] es/es-500e-luxury-awd/interior_dashboard  ok (44671 bytes, image/avif)
[49/216] ls/ls-500-awd-heritage-edition/front_three_quarter  ok (677007 bytes, image/jpeg)
[50/216] ls/ls-500-awd-heritage-edition/rear_three_quarter  FAIL (wrong-content-type — content-type text/html;charset=utf-8)
[51/216] ls/ls-500-awd-heritage-edition/side_profile  FAIL (wrong-content-type — content-type text/html;charset=utf-8)
[52/216] ls/ls-500-awd-heritage-edition/interior_dashboard  FAIL (wrong-content-type — content-type text/html;charset=utf-8)
[53/216] lc/lc-500-coupe/front_three_quarter  ok (90851 bytes, image/avif)
[54/216] lc/lc-500-coupe/rear_three_quarter  FAIL (wrong-content-type — content-type text/html;charset=utf-8)
[55/216] lc/lc-500-coupe/side_profile  FAIL (wrong-content-type — content-type text/html;charset=utf-8)
[56/216] lc/lc-500-coupe/interior_dashboard  ok (108386 bytes, image/avif)
[57/216] lc/lc-500-convertible/front_three_quarter  ok (90851 bytes, image/avif)
[58/216] lc/lc-500-convertible/rear_three_quarter  FAIL (wrong-content-type — content-type text/html;charset=utf-8)
[59/216] lc/lc-500-convertible/side_profile  FAIL (wrong-content-type — content-type text/html;charset=utf-8)
[60/216] lc/lc-500-convertible/interior_dashboard  ok (108386 bytes, image/avif)
[61/216] nx/nx-350h-fwd/front_three_quarter  ok (10965 bytes, image/avif)
[62/216] nx/nx-350h-fwd/rear_three_quarter  ok (102001 bytes, image/avif)
[63/216] nx/nx-350h-fwd/side_profile  FAIL (wrong-content-type — content-type text/html;charset=utf-8)
[64/216] nx/nx-350h-fwd/interior_dashboard  ok (119429 bytes, image/avif)
[65/216] nx/nx-350h-awd/front_three_quarter  ok (149494 bytes, image/avif)
[66/216] nx/nx-350h-awd/rear_three_quarter  FAIL (wrong-content-type — content-type text/html;charset=utf-8)
[67/216] nx/nx-350h-awd/side_profile  FAIL (wrong-content-type — content-type text/html;charset=utf-8)
[68/216] nx/nx-350h-awd/interior_dashboard  ok (141478 bytes, image/avif)
[69/216] nx/nx-350-awd/front_three_quarter  ok (10965 bytes, image/avif)
[70/216] nx/nx-350-awd/rear_three_quarter  ok (102001 bytes, image/avif)
[71/216] nx/nx-350-awd/side_profile  FAIL (wrong-content-type — content-type text/html;charset=utf-8)
[72/216] nx/nx-350-awd/interior_dashboard  ok (119429 bytes, image/avif)
[73/216] nx/nx-350-f-sport-handling-awd/front_three_quarter  ok (149494 bytes, image/avif)
[74/216] nx/nx-350-f-sport-handling-awd/rear_three_quarter  FAIL (wrong-content-type — content-type text/html;charset=utf-8)
[75/216] nx/nx-350-f-sport-handling-awd/side_profile  FAIL (wrong-content-type — content-type text/html;charset=utf-8)
[76/216] nx/nx-350-f-sport-handling-awd/interior_dashboard  ok (141478 bytes, image/avif)
[77/216] nx/nx-450hplus-premium-awd/front_three_quarter  ok (10965 bytes, image/avif)
[78/216] nx/nx-450hplus-premium-awd/rear_three_quarter  ok (102001 bytes, image/avif)
[79/216] nx/nx-450hplus-premium-awd/side_profile  FAIL (wrong-content-type — content-type text/html;charset=utf-8)
[80/216] nx/nx-450hplus-premium-awd/interior_dashboard  ok (119429 bytes, image/avif)
[81/216] nx/nx-450hplus-f-sport-handling-awd/front_three_quarter  ok (149494 bytes, image/avif)
[82/216] nx/nx-450hplus-f-sport-handling-awd/rear_three_quarter  FAIL (wrong-content-type — content-type text/html;charset=utf-8)
[83/216] nx/nx-450hplus-f-sport-handling-awd/side_profile  FAIL (wrong-content-type — content-type text/html;charset=utf-8)
[84/216] nx/nx-450hplus-f-sport-handling-awd/interior_dashboard  ok (141478 bytes, image/avif)
[85/216] rx/rx-350-fwd/front_three_quarter  ok (133425 bytes, image/avif)
[86/216] rx/rx-350-fwd/rear_three_quarter  ok (117109 bytes, image/avif)
[87/216] rx/rx-350-fwd/side_profile  FAIL (wrong-content-type — content-type text/html;charset=utf-8)
[88/216] rx/rx-350-fwd/interior_dashboard  ok (48051 bytes, image/avif)
[89/216] rx/rx-350-awd/front_three_quarter  FAIL (wrong-content-type — content-type text/html;charset=utf-8)
[90/216] rx/rx-350-awd/rear_three_quarter  ok (101617 bytes, image/avif)
[91/216] rx/rx-350-awd/side_profile  FAIL (wrong-content-type — content-type text/html;charset=utf-8)
[92/216] rx/rx-350-awd/interior_dashboard  ok (127916 bytes, image/avif)
[93/216] rx/rx-350h-awd/front_three_quarter  ok (133425 bytes, image/avif)
[94/216] rx/rx-350h-awd/rear_three_quarter  ok (117109 bytes, image/avif)
[95/216] rx/rx-350h-awd/side_profile  FAIL (wrong-content-type — content-type text/html;charset=utf-8)
[96/216] rx/rx-350h-awd/interior_dashboard  ok (48051 bytes, image/avif)
[97/216] rx/rx-450hplus-premium-awd/front_three_quarter  ok (133425 bytes, image/avif)
[98/216] rx/rx-450hplus-premium-awd/rear_three_quarter  ok (117109 bytes, image/avif)
[99/216] rx/rx-450hplus-premium-awd/side_profile  FAIL (wrong-content-type — content-type text/html;charset=utf-8)
[100/216] rx/rx-450hplus-premium-awd/interior_dashboard  ok (48051 bytes, image/avif)
[101/216] rx/rx-450hplus-luxury-awd/front_three_quarter  FAIL (wrong-content-type — content-type text/html;charset=utf-8)
[102/216] rx/rx-450hplus-luxury-awd/rear_three_quarter  ok (101617 bytes, image/avif)
[103/216] rx/rx-450hplus-luxury-awd/side_profile  FAIL (wrong-content-type — content-type text/html;charset=utf-8)
[104/216] rx/rx-450hplus-luxury-awd/interior_dashboard  ok (127916 bytes, image/avif)
[105/216] rx/rx-500h-f-sport-performance-awd/front_three_quarter  ok (133425 bytes, image/avif)
[106/216] rx/rx-500h-f-sport-performance-awd/rear_three_quarter  ok (117109 bytes, image/avif)
[107/216] rx/rx-500h-f-sport-performance-awd/side_profile  FAIL (wrong-content-type — content-type text/html;charset=utf-8)
[108/216] rx/rx-500h-f-sport-performance-awd/interior_dashboard  ok (48051 bytes, image/avif)
[109/216] gx/gx-550-premium/front_three_quarter  ok (718255 bytes, image/jpeg)
[110/216] gx/gx-550-premium/rear_three_quarter  FAIL (wrong-content-type — content-type text/html;charset=utf-8)
[111/216] gx/gx-550-premium/side_profile  FAIL (wrong-content-type — content-type text/html;charset=utf-8)
[112/216] gx/gx-550-premium/interior_dashboard  ok (600753 bytes, image/jpeg)
[113/216] gx/gx-550-premium-plus/front_three_quarter  ok (764584 bytes, image/jpeg)
[114/216] gx/gx-550-premium-plus/rear_three_quarter  FAIL (wrong-content-type — content-type text/html;charset=utf-8)
[115/216] gx/gx-550-premium-plus/side_profile  FAIL (wrong-content-type — content-type text/html;charset=utf-8)
[116/216] gx/gx-550-premium-plus/interior_dashboard  ok (581259 bytes, image/jpeg)
[117/216] gx/gx-550-luxury/front_three_quarter  ok (718255 bytes, image/jpeg)
[118/216] gx/gx-550-luxury/rear_three_quarter  FAIL (wrong-content-type — content-type text/html;charset=utf-8)
[119/216] gx/gx-550-luxury/side_profile  FAIL (wrong-content-type — content-type text/html;charset=utf-8)
[120/216] gx/gx-550-luxury/interior_dashboard  ok (600753 bytes, image/jpeg)
[121/216] gx/gx-550-luxury-plus/front_three_quarter  ok (764584 bytes, image/jpeg)
[122/216] gx/gx-550-luxury-plus/rear_three_quarter  FAIL (wrong-content-type — content-type text/html;charset=utf-8)
[123/216] gx/gx-550-luxury-plus/side_profile  FAIL (wrong-content-type — content-type text/html;charset=utf-8)
[124/216] gx/gx-550-luxury-plus/interior_dashboard  ok (581259 bytes, image/jpeg)
[125/216] gx/gx-550-overtrail/front_three_quarter  ok (718255 bytes, image/jpeg)
[126/216] gx/gx-550-overtrail/rear_three_quarter  FAIL (wrong-content-type — content-type text/html;charset=utf-8)
[127/216] gx/gx-550-overtrail/side_profile  FAIL (wrong-content-type — content-type text/html;charset=utf-8)
[128/216] gx/gx-550-overtrail/interior_dashboard  ok (600753 bytes, image/jpeg)
[129/216] gx/gx-550-overtrail-plus/front_three_quarter  ok (764584 bytes, image/jpeg)
[130/216] gx/gx-550-overtrail-plus/rear_three_quarter  FAIL (wrong-content-type — content-type text/html;charset=utf-8)
[131/216] gx/gx-550-overtrail-plus/side_profile  FAIL (wrong-content-type — content-type text/html;charset=utf-8)
[132/216] gx/gx-550-overtrail-plus/interior_dashboard  ok (581259 bytes, image/jpeg)
[133/216] lx/lx-600-premium/front_three_quarter  ok (135613 bytes, image/avif)
[134/216] lx/lx-600-premium/rear_three_quarter  FAIL (wrong-content-type — content-type text/html;charset=utf-8)
[135/216] lx/lx-600-premium/side_profile  FAIL (wrong-content-type — content-type text/html;charset=utf-8)
[136/216] lx/lx-600-premium/interior_dashboard  ok (145175 bytes, image/avif)
[137/216] lx/lx-600-f-sport-handling/front_three_quarter  FAIL (wrong-content-type — content-type text/html;charset=utf-8)
[138/216] lx/lx-600-f-sport-handling/rear_three_quarter  FAIL (wrong-content-type — content-type text/html;charset=utf-8)
[139/216] lx/lx-600-f-sport-handling/side_profile  FAIL (wrong-content-type — content-type text/html;charset=utf-8)
[140/216] lx/lx-600-f-sport-handling/interior_dashboard  ok (151869 bytes, image/avif)
[141/216] lx/lx-600-luxury/front_three_quarter  FAIL (wrong-content-type — content-type text/html;charset=utf-8)
[142/216] lx/lx-600-luxury/rear_three_quarter  FAIL (wrong-content-type — content-type text/html;charset=utf-8)
[143/216] lx/lx-600-luxury/side_profile  FAIL (wrong-content-type — content-type text/html;charset=utf-8)
[144/216] lx/lx-600-luxury/interior_dashboard  ok (96389 bytes, image/avif)
[145/216] lx/lx-700h-overtrail/front_three_quarter  ok (135613 bytes, image/avif)
[146/216] lx/lx-700h-overtrail/rear_three_quarter  FAIL (wrong-content-type — content-type text/html;charset=utf-8)
[147/216] lx/lx-700h-overtrail/side_profile  FAIL (wrong-content-type — content-type text/html;charset=utf-8)
[148/216] lx/lx-700h-overtrail/interior_dashboard  ok (145175 bytes, image/avif)
[149/216] lx/lx-700h-f-sport-handling/front_three_quarter  FAIL (wrong-content-type — content-type text/html;charset=utf-8)
[150/216] lx/lx-700h-f-sport-handling/rear_three_quarter  FAIL (wrong-content-type — content-type text/html;charset=utf-8)
[151/216] lx/lx-700h-f-sport-handling/side_profile  FAIL (wrong-content-type — content-type text/html;charset=utf-8)
[152/216] lx/lx-700h-f-sport-handling/interior_dashboard  ok (151869 bytes, image/avif)
[153/216] lx/lx-700h-luxury/front_three_quarter  FAIL (wrong-content-type — content-type text/html;charset=utf-8)
[154/216] lx/lx-700h-luxury/rear_three_quarter  FAIL (wrong-content-type — content-type text/html;charset=utf-8)
[155/216] lx/lx-700h-luxury/side_profile  FAIL (wrong-content-type — content-type text/html;charset=utf-8)
[156/216] lx/lx-700h-luxury/interior_dashboard  ok (96389 bytes, image/avif)
[157/216] lx/lx-700h-ultra-luxury/front_three_quarter  FAIL (wrong-content-type — content-type text/html;charset=utf-8)
[158/216] lx/lx-700h-ultra-luxury/rear_three_quarter  FAIL (wrong-content-type — content-type text/html;charset=utf-8)
[159/216] lx/lx-700h-ultra-luxury/side_profile  FAIL (wrong-content-type — content-type text/html;charset=utf-8)
[160/216] lx/lx-700h-ultra-luxury/interior_dashboard  ok (85628 bytes, image/avif)
[161/216] tx/tx-350-fwd/front_three_quarter  ok (65166 bytes, image/avif)
[162/216] tx/tx-350-fwd/rear_three_quarter  ok (50287 bytes, image/avif)
[163/216] tx/tx-350-fwd/side_profile  FAIL (wrong-content-type — content-type text/html;charset=utf-8)
[164/216] tx/tx-350-fwd/interior_dashboard  ok (68399 bytes, image/avif)
[165/216] tx/tx-350-awd/front_three_quarter  ok (174159 bytes, image/avif)
[166/216] tx/tx-350-awd/rear_three_quarter  FAIL (wrong-content-type — content-type text/html;charset=utf-8)
[167/216] tx/tx-350-awd/side_profile  FAIL (wrong-content-type — content-type text/html;charset=utf-8)
[168/216] tx/tx-350-awd/interior_dashboard  ok (86833 bytes, image/avif)
[169/216] tx/tx-500h-f-sport-performance-awd/front_three_quarter  ok (65166 bytes, image/avif)
[170/216] tx/tx-500h-f-sport-performance-awd/rear_three_quarter  ok (50287 bytes, image/avif)
[171/216] tx/tx-500h-f-sport-performance-awd/side_profile  FAIL (wrong-content-type — content-type text/html;charset=utf-8)
[172/216] tx/tx-500h-f-sport-performance-awd/interior_dashboard  ok (68399 bytes, image/avif)
[173/216] tx/tx-550hplus-luxury-awd/front_three_quarter  ok (65166 bytes, image/avif)
[174/216] tx/tx-550hplus-luxury-awd/rear_three_quarter  ok (50287 bytes, image/avif)
[175/216] tx/tx-550hplus-luxury-awd/side_profile  FAIL (wrong-content-type — content-type text/html;charset=utf-8)
[176/216] tx/tx-550hplus-luxury-awd/interior_dashboard  ok (68399 bytes, image/avif)
[177/216] ux/ux-300h-fwd/front_three_quarter  ok (94881 bytes, image/avif)
[178/216] ux/ux-300h-fwd/rear_three_quarter  ok (59337 bytes, image/avif)
[179/216] ux/ux-300h-fwd/side_profile  FAIL (wrong-content-type — content-type text/html;charset=utf-8)
[180/216] ux/ux-300h-fwd/interior_dashboard  ok (72298 bytes, image/avif)
[181/216] ux/ux-300h-premium/front_three_quarter  ok (18267 bytes, image/avif)
[182/216] ux/ux-300h-premium/rear_three_quarter  ok (221517 bytes, image/avif)
[183/216] ux/ux-300h-premium/side_profile  FAIL (wrong-content-type — content-type text/html;charset=utf-8)
[184/216] ux/ux-300h-premium/interior_dashboard  ok (66730 bytes, image/avif)
[185/216] ux/ux-300h-f-sport-design/front_three_quarter  ok (291899 bytes, image/avif)
[186/216] ux/ux-300h-f-sport-design/rear_three_quarter  FAIL (wrong-content-type — content-type text/html;charset=utf-8)
[187/216] ux/ux-300h-f-sport-design/side_profile  FAIL (wrong-content-type — content-type text/html;charset=utf-8)
[188/216] ux/ux-300h-f-sport-design/interior_dashboard  FAIL (wrong-content-type — content-type text/html;charset=utf-8)
[189/216] ux/ux-300h-f-sport-handling/front_three_quarter  FAIL (wrong-content-type — content-type text/html;charset=utf-8)
[190/216] ux/ux-300h-f-sport-handling/rear_three_quarter  FAIL (wrong-content-type — content-type text/html;charset=utf-8)
[191/216] ux/ux-300h-f-sport-handling/side_profile  FAIL (wrong-content-type — content-type text/html;charset=utf-8)
[192/216] ux/ux-300h-f-sport-handling/interior_dashboard  FAIL (wrong-content-type — content-type text/html;charset=utf-8)
[193/216] rz/rz-350e-fwd/front_three_quarter  ok (93031 bytes, image/jpeg)
[194/216] rz/rz-350e-fwd/rear_three_quarter  ok (448644 bytes, image/jpeg)
[195/216] rz/rz-350e-fwd/side_profile  FAIL (wrong-content-type — content-type text/html;charset=utf-8)
[196/216] rz/rz-350e-fwd/interior_dashboard  ok (1231535 bytes, image/jpeg)
[197/216] rz/rz-350e-premium-fwd/front_three_quarter  ok (151397 bytes, image/avif)
[198/216] rz/rz-350e-premium-fwd/rear_three_quarter  FAIL (wrong-content-type — content-type text/html;charset=utf-8)
[199/216] rz/rz-350e-premium-fwd/side_profile  FAIL (wrong-content-type — content-type text/html;charset=utf-8)
[200/216] rz/rz-350e-premium-fwd/interior_dashboard  ok (381223 bytes, image/jpeg)
[201/216] rz/rz-450e-awd/front_three_quarter  ok (93031 bytes, image/jpeg)
[202/216] rz/rz-450e-awd/rear_three_quarter  ok (448644 bytes, image/jpeg)
[203/216] rz/rz-450e-awd/side_profile  FAIL (wrong-content-type — content-type text/html;charset=utf-8)
[204/216] rz/rz-450e-awd/interior_dashboard  ok (1231535 bytes, image/jpeg)
[205/216] rz/rz-450e-premium-awd/front_three_quarter  ok (151397 bytes, image/avif)
[206/216] rz/rz-450e-premium-awd/rear_three_quarter  FAIL (wrong-content-type — content-type text/html;charset=utf-8)
[207/216] rz/rz-450e-premium-awd/side_profile  FAIL (wrong-content-type — content-type text/html;charset=utf-8)
[208/216] rz/rz-450e-premium-awd/interior_dashboard  ok (381223 bytes, image/jpeg)
[209/216] rz/rz-450e-luxury-awd/front_three_quarter  FAIL (wrong-content-type — content-type text/html;charset=utf-8)
[210/216] rz/rz-450e-luxury-awd/rear_three_quarter  FAIL (wrong-content-type — content-type text/html;charset=utf-8)
[211/216] rz/rz-450e-luxury-awd/side_profile  FAIL (wrong-content-type — content-type text/html;charset=utf-8)
[212/216] rz/rz-450e-luxury-awd/interior_dashboard  ok (529041 bytes, image/jpeg)
[213/216] rz/rz-550e-f-sport-awd/front_three_quarter  ok (93031 bytes, image/jpeg)
[214/216] rz/rz-550e-f-sport-awd/rear_three_quarter  ok (448644 bytes, image/jpeg)
[215/216] rz/rz-550e-f-sport-awd/side_profile  FAIL (wrong-content-type — content-type text/html;charset=utf-8)
[216/216] rz/rz-550e-f-sport-awd/interior_dashboard  ok (1231535 bytes, image/jpeg)

Updated catalog/data/lexus.json and data/lexus.json with downloaded flags.

========================================
  SUMMARY
========================================
Brand:                  lexus
Total images attempted: 216
Successful:             129 (59.7%)
Failed:                 87

Failed by HTTP status:
  (none)

Failed by other error kind:
  wrong-content-type: 87

Models with zero successful images: 0 of 11

Failure breakdown (one example per group):
  [wrong-content-type (text/html;charset=utf-8)] x87 — e.g. https://www.lexus.com/models/IS
