Brand: genesis
Found 94 image entries across 8 models.

[1/94] g70/2-5t-rwd/front_three_quarter  ok (86140 bytes, image/webp)
[2/94] g70/2-5t-rwd/rear_three_quarter  ok (103038 bytes, image/webp)
[3/94] g70/2-5t-rwd/side_profile  ok (21450 bytes, image/webp)
[4/94] g70/2-5t-rwd/interior_dashboard  ok (157334 bytes, image/webp)
[5/94] g70/2-5t-awd/front_three_quarter  ok (76950 bytes, image/webp)
[6/94] g70/2-5t-prestige-rwd/interior_dashboard  ok (157334 bytes, image/webp)
[7/94] g70/2-5t-prestige-awd/front_three_quarter  ok (73364 bytes, image/webp)
[8/94] g70/3-3t-sport-prestige-rwd/front_three_quarter  ok (86140 bytes, image/webp)
[9/94] g70/3-3t-sport-prestige-rwd/rear_three_quarter  ok (123804 bytes, image/webp)
[10/94] g70/3-3t-sport-prestige-rwd/side_profile  ok (21450 bytes, image/webp)
[11/94] g70/3-3t-sport-prestige-rwd/interior_dashboard  FAIL (wrong-content-type — content-type text/html; charset=utf-8)
[12/94] g70/3-3t-sport-prestige-awd/front_three_quarter  ok (76950 bytes, image/webp)
[13/94] g70/3-3t-prestige-graphite-rwd/front_three_quarter  ok (86140 bytes, image/webp)
[14/94] g70/3-3t-prestige-graphite-rwd/rear_three_quarter  ok (123804 bytes, image/webp)
[15/94] g70/3-3t-prestige-graphite-rwd/side_profile  ok (21450 bytes, image/webp)
[16/94] g70/3-3t-prestige-graphite-rwd/interior_dashboard  FAIL (wrong-content-type — content-type text/html; charset=utf-8)
[17/94] g70/3-3t-prestige-graphite-awd/front_three_quarter  ok (76950 bytes, image/webp)
[18/94] g80/2-5t-awd/front_three_quarter  ok (82112 bytes, image/webp)
[19/94] g80/2-5t-awd/rear_three_quarter  ok (29094 bytes, image/webp)
[20/94] g80/2-5t-awd/side_profile  ok (67668 bytes, image/webp)
[21/94] g80/2-5t-awd/interior_dashboard  ok (82002 bytes, image/webp)
[22/94] g80/2-5t-advanced-awd/front_three_quarter  ok (82112 bytes, image/webp)
[23/94] g80/3-5t-sport-prestige-awd/front_three_quarter  ok (53628 bytes, image/webp)
[24/94] g80/3-5t-sport-prestige-awd/rear_three_quarter  ok (33808 bytes, image/webp)
[25/94] g80/3-5t-sport-prestige-awd/side_profile  ok (67668 bytes, image/webp)
[26/94] g80/3-5t-sport-prestige-awd/interior_dashboard  ok (39038 bytes, image/webp)
[27/94] g80/3-5t-prestige-black-awd/front_three_quarter  FAIL (wrong-content-type — content-type text/html; charset=utf-8)
[28/94] g80/3-5t-prestige-black-awd/rear_three_quarter  FAIL (wrong-content-type — content-type text/html; charset=utf-8)
[29/94] g80/3-5t-prestige-black-awd/side_profile  FAIL (wrong-content-type — content-type text/html; charset=utf-8)
[30/94] g80/3-5t-prestige-black-awd/interior_dashboard  FAIL (wrong-content-type — content-type text/html; charset=utf-8)
[31/94] g90/3-5t-awd/front_three_quarter  ok (87392 bytes, image/webp)
[32/94] g90/3-5t-awd/rear_three_quarter  ok (50778 bytes, image/webp)
[33/94] g90/3-5t-awd/side_profile  ok (90338 bytes, image/webp)
[34/94] g90/3-5t-awd/interior_dashboard  ok (93622 bytes, image/webp)
[35/94] g90/3-5t-e-supercharger-awd/front_three_quarter  ok (87392 bytes, image/webp)
[36/94] g90/3-5t-e-supercharger-awd/rear_three_quarter  ok (50778 bytes, image/webp)
[37/94] g90/3-5t-e-supercharger-awd/side_profile  ok (90338 bytes, image/webp)
[38/94] g90/3-5t-e-supercharger-awd/interior_dashboard  ok (156932 bytes, image/webp)
[39/94] g90/3-5t-e-sc-prestige-black-awd/front_three_quarter  FAIL (wrong-content-type — content-type text/html; charset=utf-8)
[40/94] g90/3-5t-e-sc-prestige-black-awd/rear_three_quarter  FAIL (wrong-content-type — content-type text/html; charset=utf-8)
[41/94] g90/3-5t-e-sc-prestige-black-awd/side_profile  FAIL (wrong-content-type — content-type text/html; charset=utf-8)
[42/94] g90/3-5t-e-sc-prestige-black-awd/interior_dashboard  FAIL (wrong-content-type — content-type text/html; charset=utf-8)
[43/94] gv60/standard-rwd/front_three_quarter  ok (220478 bytes, image/webp)
[44/94] gv60/standard-rwd/rear_three_quarter  ok (24340 bytes, image/webp)
[45/94] gv60/standard-rwd/side_profile  ok (30714 bytes, image/webp)
[46/94] gv60/standard-rwd/interior_dashboard  ok (185384 bytes, image/webp)
[47/94] gv60/standard-awd/front_three_quarter  ok (220478 bytes, image/webp)
[48/94] gv60/advanced-awd/front_three_quarter  ok (220478 bytes, image/webp)
[49/94] gv60/performance-awd/front_three_quarter  ok (220478 bytes, image/webp)
[50/94] gv60/performance-awd/rear_three_quarter  ok (24340 bytes, image/webp)
[51/94] gv60/performance-awd/side_profile  ok (30714 bytes, image/webp)
[52/94] gv60/performance-awd/interior_dashboard  ok (185384 bytes, image/webp)
[53/94] gv70/2-5t-awd/front_three_quarter  ok (23508 bytes, image/webp)
[54/94] gv70/2-5t-awd/rear_three_quarter  ok (166874 bytes, image/webp)
[55/94] gv70/2-5t-awd/side_profile  ok (20584 bytes, image/webp)
[56/94] gv70/2-5t-awd/interior_dashboard  ok (103786 bytes, image/webp)
[57/94] gv70/2-5t-select-awd/front_three_quarter  ok (194642 bytes, image/webp)
[58/94] gv70/2-5t-sport-prestige-awd/front_three_quarter  ok (194642 bytes, image/webp)
[59/94] gv70/2-5t-sport-prestige-awd/interior_dashboard  ok (112784 bytes, image/webp)
[60/94] gv70/3-5t-sport-advanced-awd/front_three_quarter  ok (23508 bytes, image/webp)
[61/94] gv70/3-5t-sport-advanced-awd/rear_three_quarter  ok (166874 bytes, image/webp)
[62/94] gv70/3-5t-sport-advanced-awd/side_profile  ok (20584 bytes, image/webp)
[63/94] gv70/3-5t-sport-advanced-awd/interior_dashboard  ok (103786 bytes, image/webp)
[64/94] gv70/3-5t-sport-prestige-awd/front_three_quarter  ok (194642 bytes, image/webp)
[65/94] electrified-gv70/awd/front_three_quarter  ok (81206 bytes, image/webp)
[66/94] electrified-gv70/awd/rear_three_quarter  ok (68518 bytes, image/webp)
[67/94] electrified-gv70/awd/side_profile  ok (29622 bytes, image/webp)
[68/94] electrified-gv70/awd/interior_dashboard  ok (205298 bytes, image/webp)
[69/94] electrified-gv70/advanced-awd/front_three_quarter  ok (81206 bytes, image/webp)
[70/94] electrified-gv70/prestige-awd/front_three_quarter  ok (51206 bytes, image/webp)
[71/94] gv80/2-5t-rwd/front_three_quarter  ok (87674 bytes, image/webp)
[72/94] gv80/2-5t-rwd/rear_three_quarter  ok (21656 bytes, image/webp)
[73/94] gv80/2-5t-rwd/side_profile  ok (123624 bytes, image/webp)
[74/94] gv80/2-5t-rwd/interior_dashboard  ok (169246 bytes, image/webp)
[75/94] gv80/2-5t-awd/front_three_quarter  ok (87674 bytes, image/webp)
[76/94] gv80/2-5t-advanced-awd/interior_dashboard  ok (185608 bytes, image/webp)
[77/94] gv80/3-5t-advanced-awd/front_three_quarter  ok (202858 bytes, image/webp)
[78/94] gv80/3-5t-advanced-awd/interior_dashboard  ok (48048 bytes, image/webp)
[79/94] gv80/3-5t-prestige-black-awd/front_three_quarter  FAIL (wrong-content-type — content-type text/html; charset=utf-8)
[80/94] gv80/3-5t-prestige-black-awd/rear_three_quarter  FAIL (wrong-content-type — content-type text/html; charset=utf-8)
[81/94] gv80/3-5t-prestige-black-awd/side_profile  FAIL (wrong-content-type — content-type text/html; charset=utf-8)
[82/94] gv80/3-5t-prestige-black-awd/interior_dashboard  FAIL (wrong-content-type — content-type text/html; charset=utf-8)
[83/94] gv80-coupe/3-5t-awd/front_three_quarter  ok (127714 bytes, image/webp)
[84/94] gv80-coupe/3-5t-awd/rear_three_quarter  ok (54010 bytes, image/webp)
[85/94] gv80-coupe/3-5t-awd/side_profile  ok (113742 bytes, image/webp)
[86/94] gv80-coupe/3-5t-awd/interior_dashboard  ok (35440 bytes, image/webp)
[87/94] gv80-coupe/3-5t-e-supercharger-awd/front_three_quarter  ok (29138 bytes, image/webp)
[88/94] gv80-coupe/3-5t-e-supercharger-awd/rear_three_quarter  ok (36886 bytes, image/webp)
[89/94] gv80-coupe/3-5t-e-supercharger-awd/side_profile  ok (66582 bytes, image/webp)
[90/94] gv80-coupe/3-5t-e-supercharger-awd/interior_dashboard  ok (68640 bytes, image/webp)
[91/94] gv80-coupe/3-5t-e-sc-prestige-black-awd/front_three_quarter  ok (105500 bytes, image/webp)
[92/94] gv80-coupe/3-5t-e-sc-prestige-black-awd/rear_three_quarter  FAIL (wrong-content-type — content-type text/html; charset=utf-8)
[93/94] gv80-coupe/3-5t-e-sc-prestige-black-awd/side_profile  FAIL (wrong-content-type — content-type text/html; charset=utf-8)
[94/94] gv80-coupe/3-5t-e-sc-prestige-black-awd/interior_dashboard  FAIL (wrong-content-type — content-type text/html; charset=utf-8)

Updated catalog/data/genesis.json and data/genesis.json with downloaded flags.

========================================
  SUMMARY
========================================
Brand:                  genesis
Total images attempted: 94
Successful:             77 (81.9%)
Failed:                 17

Failed by HTTP status:
  (none)

Failed by other error kind:
  wrong-content-type: 17

Models with zero successful images: 0 of 8

Failure breakdown (one example per group):
  [wrong-content-type (text/html; charset=utf-8)] x17 — e.g. https://www.genesis.com/us/en/g70
