Brand: audi
Found 128 image entries across 25 models.

[1/128] a3/premium-40-tfsi/front_three_quarter  ok (298830 bytes, image/avif)
[2/128] a3/premium-40-tfsi/rear_three_quarter  ok (102618 bytes, image/avif)
[3/128] a3/premium-40-tfsi/side_profile  ok (256591 bytes, image/avif)
[4/128] a3/premium-40-tfsi/interior_dashboard  ok (119374 bytes, image/avif)
[5/128] a3/premium-plus-40-tfsi/front_three_quarter  ok (222310 bytes, image/avif)
[6/128] s3/s3/front_three_quarter  ok (207649 bytes, image/avif)
[7/128] s3/s3/rear_three_quarter  ok (350548 bytes, image/avif)
[8/128] s3/s3/side_profile  ok (60995 bytes, image/avif)
[9/128] s3/s3/interior_dashboard  ok (84234 bytes, image/avif)
[10/128] rs-3/rs-3-performance/front_three_quarter  ok (74976 bytes, image/avif)
[11/128] rs-3/rs-3-performance/rear_three_quarter  ok (299764 bytes, image/avif)
[12/128] rs-3/rs-3-performance/side_profile  ok (202122 bytes, image/avif)
[13/128] rs-3/rs-3-performance/interior_dashboard  ok (145065 bytes, image/avif)
[14/128] a5/premium-45-tfsi/front_three_quarter  ok (10869 bytes, image/avif)
[15/128] a5/premium-45-tfsi/rear_three_quarter  ok (13068 bytes, image/avif)
[16/128] a5/premium-45-tfsi/side_profile  ok (40177 bytes, image/avif)
[17/128] a5/premium-45-tfsi/interior_dashboard  ok (9826 bytes, image/avif)
[18/128] a5/premium-plus-45-tfsi/front_three_quarter  ok (67561 bytes, image/avif)
[19/128] a5/prestige-45-tfsi/front_three_quarter  ok (126434 bytes, image/avif)
[20/128] s5/premium-3-0-tfsi/front_three_quarter  ok (11654 bytes, image/avif)
[21/128] s5/premium-3-0-tfsi/rear_three_quarter  ok (13348 bytes, image/avif)
[22/128] s5/premium-3-0-tfsi/side_profile  ok (30526 bytes, image/avif)
[23/128] s5/premium-3-0-tfsi/interior_dashboard  ok (9514 bytes, image/avif)
[24/128] s5/premium-plus-3-0-tfsi/front_three_quarter  ok (21507 bytes, image/avif)
[25/128] s5/prestige-3-0-tfsi/front_three_quarter  ok (82235 bytes, image/avif)
[26/128] a6-sedan/premium-55-tfsi/front_three_quarter  ok (16965 bytes, image/avif)
[27/128] a6-sedan/premium-55-tfsi/rear_three_quarter  ok (18039 bytes, image/avif)
[28/128] a6-sedan/premium-55-tfsi/side_profile  ok (29971 bytes, image/avif)
[29/128] a6-sedan/premium-55-tfsi/interior_dashboard  ok (14062 bytes, image/avif)
[30/128] a6-sedan/premium-plus-55-tfsi/front_three_quarter  ok (83149 bytes, image/jpeg)
[31/128] a6-sedan/prestige-55-tfsi/front_three_quarter  ok (73967 bytes, image/jpeg)
[32/128] a6-allroad/premium-plus-55-tfsi/front_three_quarter  FAIL (wrong-content-type — content-type text/html)
[33/128] a6-allroad/premium-plus-55-tfsi/rear_three_quarter  ok (92853 bytes, image/avif)
[34/128] a6-allroad/premium-plus-55-tfsi/side_profile  ok (268250 bytes, image/avif)
[35/128] a6-allroad/premium-plus-55-tfsi/interior_dashboard  ok (155665 bytes, image/avif)
[36/128] a6-allroad/prestige-55-tfsi/front_three_quarter  FAIL (wrong-content-type — content-type text/html)
[37/128] a8/l-55-tfsi/front_three_quarter  ok (57775 bytes, image/avif)
[38/128] a8/l-55-tfsi/rear_three_quarter  ok (229548 bytes, image/avif)
[39/128] a8/l-55-tfsi/side_profile  ok (119736 bytes, image/avif)
[40/128] a8/l-55-tfsi/interior_dashboard  ok (181466 bytes, image/avif)
[41/128] s8/s8/front_three_quarter  ok (259338 bytes, image/avif)
[42/128] s8/s8/rear_three_quarter  ok (62086 bytes, image/avif)
[43/128] s8/s8/side_profile  ok (139825 bytes, image/avif)
[44/128] s8/s8/interior_dashboard  ok (143560 bytes, image/avif)
[45/128] rs-6-avant/rs-6-avant-performance/front_three_quarter  ok (269220 bytes, image/avif)
[46/128] rs-6-avant/rs-6-avant-performance/rear_three_quarter  ok (95076 bytes, image/avif)
[47/128] rs-6-avant/rs-6-avant-performance/side_profile  ok (67707 bytes, image/avif)
[48/128] rs-6-avant/rs-6-avant-performance/interior_dashboard  ok (146239 bytes, image/avif)
[49/128] rs-7/rs-7-performance/front_three_quarter  ok (407092 bytes, image/avif)
[50/128] rs-7/rs-7-performance/rear_three_quarter  ok (69512 bytes, image/avif)
[51/128] rs-7/rs-7-performance/side_profile  ok (99282 bytes, image/avif)
[52/128] rs-7/rs-7-performance/interior_dashboard  ok (135155 bytes, image/avif)
[53/128] q3/s-line-45-tfsi/front_three_quarter  ok (14025 bytes, image/avif)
[54/128] q3/s-line-45-tfsi/rear_three_quarter  ok (94226 bytes, image/jpeg)
[55/128] q3/s-line-45-tfsi/side_profile  ok (123978 bytes, image/avif)
[56/128] q3/s-line-45-tfsi/interior_dashboard  ok (34344 bytes, image/avif)
[57/128] q4-e-tron/premium-45-e-tron/front_three_quarter  ok (265341 bytes, image/avif)
[58/128] q4-e-tron/premium-45-e-tron/rear_three_quarter  ok (157831 bytes, image/avif)
[59/128] q4-e-tron/premium-45-e-tron/side_profile  ok (99193 bytes, image/avif)
[60/128] q4-e-tron/premium-45-e-tron/interior_dashboard  ok (60145 bytes, image/avif)
[61/128] q4-e-tron/premium-55-e-tron/front_three_quarter  ok (265341 bytes, image/avif)
[62/128] q4-e-tron/premium-55-e-tron/rear_three_quarter  ok (157831 bytes, image/avif)
[63/128] q4-e-tron/premium-55-e-tron/side_profile  ok (99193 bytes, image/avif)
[64/128] q4-e-tron/premium-55-e-tron/interior_dashboard  ok (60145 bytes, image/avif)
[65/128] q4-e-tron/premium-plus-55-e-tron/front_three_quarter  ok (182583 bytes, image/avif)
[66/128] q4-sportback-e-tron/premium-55-e-tron/front_three_quarter  ok (186300 bytes, image/avif)
[67/128] q4-sportback-e-tron/premium-55-e-tron/rear_three_quarter  ok (63519 bytes, image/avif)
[68/128] q4-sportback-e-tron/premium-55-e-tron/side_profile  ok (218952 bytes, image/avif)
[69/128] q4-sportback-e-tron/premium-55-e-tron/interior_dashboard  ok (60145 bytes, image/avif)
[70/128] q4-sportback-e-tron/premium-plus-55-e-tron/front_three_quarter  ok (45763 bytes, image/avif)
[71/128] q5/premium-45-tfsi/front_three_quarter  ok (370947 bytes, image/avif)
[72/128] q5/premium-45-tfsi/rear_three_quarter  ok (37050 bytes, image/avif)
[73/128] q5/premium-45-tfsi/side_profile  ok (9669 bytes, image/avif)
[74/128] q5/premium-45-tfsi/interior_dashboard  ok (48782 bytes, image/avif)
[75/128] q5/premium-plus-45-tfsi/front_three_quarter  ok (214914 bytes, image/avif)
[76/128] q5/prestige-45-tfsi/front_three_quarter  ok (135898 bytes, image/avif)
[77/128] q5-sportback/premium-45-tfsi/front_three_quarter  ok (13525 bytes, image/avif)
[78/128] q5-sportback/premium-45-tfsi/rear_three_quarter  ok (11104 bytes, image/avif)
[79/128] q5-sportback/premium-45-tfsi/side_profile  ok (35899 bytes, image/avif)
[80/128] q5-sportback/premium-45-tfsi/interior_dashboard  ok (14168 bytes, image/avif)
[81/128] q5-sportback/premium-plus-45-tfsi/front_three_quarter  ok (125554 bytes, image/jpeg)
[82/128] q5-sportback/prestige-45-tfsi/front_three_quarter  ok (53404 bytes, image/avif)
[83/128] sq5/premium-plus-3-0-tfsi/front_three_quarter  ok (279065 bytes, image/avif)
[84/128] sq5/premium-plus-3-0-tfsi/rear_three_quarter  ok (41779 bytes, image/avif)
[85/128] sq5/premium-plus-3-0-tfsi/side_profile  ok (47811 bytes, image/avif)
[86/128] sq5/premium-plus-3-0-tfsi/interior_dashboard  ok (16796 bytes, image/avif)
[87/128] sq5/prestige-3-0-tfsi/front_three_quarter  ok (164330 bytes, image/avif)
[88/128] sq5-sportback/premium-plus-3-0-tfsi/front_three_quarter  ok (101954 bytes, image/avif)
[89/128] sq5-sportback/premium-plus-3-0-tfsi/rear_three_quarter  ok (13922 bytes, image/avif)
[90/128] sq5-sportback/premium-plus-3-0-tfsi/side_profile  ok (18870 bytes, image/avif)
[91/128] sq5-sportback/premium-plus-3-0-tfsi/interior_dashboard  ok (12883 bytes, image/avif)
[92/128] sq5-sportback/prestige-3-0-tfsi/front_three_quarter  ok (38926 bytes, image/avif)
[93/128] q7/premium-45-tfsi/front_three_quarter  ok (77588 bytes, image/avif)
[94/128] q7/premium-45-tfsi/rear_three_quarter  ok (243271 bytes, image/avif)
[95/128] q7/premium-45-tfsi/side_profile  ok (167615 bytes, image/avif)
[96/128] q7/premium-45-tfsi/interior_dashboard  ok (56656 bytes, image/avif)
[97/128] q7/premium-plus-55-tfsi/front_three_quarter  ok (77588 bytes, image/avif)
[98/128] q7/premium-plus-55-tfsi/rear_three_quarter  ok (243271 bytes, image/avif)
[99/128] q7/premium-plus-55-tfsi/side_profile  ok (167615 bytes, image/avif)
[100/128] q7/premium-plus-55-tfsi/interior_dashboard  ok (56656 bytes, image/avif)
[101/128] q7/prestige-55-tfsi/front_three_quarter  ok (25153 bytes, image/avif)
[102/128] sq7/premium-plus-4-0-tfsi/front_three_quarter  ok (388376 bytes, image/avif)
[103/128] sq7/premium-plus-4-0-tfsi/rear_three_quarter  ok (213833 bytes, image/avif)
[104/128] sq7/premium-plus-4-0-tfsi/side_profile  ok (80282 bytes, image/avif)
[105/128] sq7/premium-plus-4-0-tfsi/interior_dashboard  ok (140759 bytes, image/avif)
[106/128] q8/premium-55-tfsi/front_three_quarter  ok (107423 bytes, image/avif)
[107/128] q8/premium-55-tfsi/rear_three_quarter  ok (78120 bytes, image/avif)
[108/128] q8/premium-55-tfsi/side_profile  ok (116124 bytes, image/avif)
[109/128] q8/premium-55-tfsi/interior_dashboard  ok (115128 bytes, image/avif)
[110/128] q8/premium-plus-55-tfsi/front_three_quarter  ok (62917 bytes, image/avif)
[111/128] q8/prestige-55-tfsi/front_three_quarter  ok (30901 bytes, image/avif)
[112/128] sq8/premium-plus-4-0-tfsi/front_three_quarter  ok (279682 bytes, image/avif)
[113/128] sq8/premium-plus-4-0-tfsi/rear_three_quarter  ok (55310 bytes, image/avif)
[114/128] sq8/premium-plus-4-0-tfsi/side_profile  ok (99770 bytes, image/avif)
[115/128] sq8/premium-plus-4-0-tfsi/interior_dashboard  ok (31819 bytes, image/avif)
[116/128] sq8/prestige-4-0-tfsi/front_three_quarter  ok (50182 bytes, image/avif)
[117/128] rs-q8/rs-q8-performance/front_three_quarter  ok (68513 bytes, image/avif)
[118/128] rs-q8/rs-q8-performance/rear_three_quarter  ok (81635 bytes, image/avif)
[119/128] rs-q8/rs-q8-performance/side_profile  ok (57250 bytes, image/avif)
[120/128] rs-q8/rs-q8-performance/interior_dashboard  ok (71745 bytes, image/avif)
[121/128] s-e-tron-gt/s-e-tron-gt/front_three_quarter  ok (267759 bytes, image/avif)
[122/128] s-e-tron-gt/s-e-tron-gt/rear_three_quarter  ok (81433 bytes, image/avif)
[123/128] s-e-tron-gt/s-e-tron-gt/side_profile  ok (230172 bytes, image/avif)
[124/128] s-e-tron-gt/s-e-tron-gt/interior_dashboard  ok (67998 bytes, image/avif)
[125/128] rs-e-tron-gt/rs-e-tron-gt-performance/front_three_quarter  ok (135496 bytes, image/avif)
[126/128] rs-e-tron-gt/rs-e-tron-gt-performance/rear_three_quarter  ok (125680 bytes, image/avif)
[127/128] rs-e-tron-gt/rs-e-tron-gt-performance/side_profile  ok (386433 bytes, image/avif)
[128/128] rs-e-tron-gt/rs-e-tron-gt-performance/interior_dashboard  ok (127600 bytes, image/avif)

Updated catalog/data/audi.json and data/audi.json with downloaded flags.

========================================
  SUMMARY
========================================
Brand:                  audi
Total images attempted: 128
Successful:             126 (98.4%)
Failed:                 2

Failed by HTTP status:
  (none)

Failed by other error kind:
  wrong-content-type: 2

Models with zero successful images: 0 of 25

Failure breakdown (one example per group):
  [wrong-content-type (text/html)] x2 — e.g. https://www.audiusa.com/en/models/a6/a6-allroad/2026/overview/
