Reset 88 image entries with needs_scraping:true to their model page URLs.
Brand: ram
Models in JSON: 3
Models with page URLs: 3
Playwright fallback: enabled

Scraping 3 model pages…

  fetch https://www.ramtrucks.com/ram-1500.html  …  static ok (32 raw candidates)
  fetch https://www.ramtrucks.com/ram-2500.html  …  static ok (35 raw candidates)
  fetch https://www.ramtrucks.com/ram-3500.html  …  static ok (14 raw candidates)

========================================
  SCRAPE SUMMARY
========================================
Brand:                          ram
Pages attempted:                3
Pages failed:                   0
Pages escalated to Playwright:  0 of 3
  Playwright successes:         0
  Playwright failures:          0
Image entries rewritten:        14
  via text/URL pattern match:   14
  via positional fallback:      0
Image entries unchanged:        74

Sample rewrites:
  [15.0] ram-2500/tradesman/front_three_quarter
        → https://www.ramtrucks.com/content/dam/fca-brands/na/ramtrucks/en_us/2026/ram-2500/overview/desktop/my26-ram-lunar-vlp-desktop.jpg
  [30.0] ram-2500/tradesman/side_profile
        → https://www.ramtrucks.com/content/dam/fca-brands/na/ramtrucks/en_us/2026/ram-2500/overview/desktop/my26-ram-special-editions-2500-warlock-desktop.jpg
  [15.0] ram-2500/big-horn/front_three_quarter
        → https://www.ramtrucks.com/content/dam/fca-brands/na/ramtrucks/en_us/2026/ram-2500/overview/desktop/my26-ram-lunar-vlp-desktop.jpg
  [30.0] ram-2500/big-horn/side_profile
        → https://www.ramtrucks.com/content/dam/fca-brands/na/ramtrucks/en_us/2026/ram-2500/overview/desktop/my26-ram-special-editions-2500-warlock-desktop.jpg
  [15.0] ram-2500/rebel/front_three_quarter
        → https://www.ramtrucks.com/content/dam/fca-brands/na/ramtrucks/en_us/2026/ram-2500/overview/desktop/my26-ram-lunar-vlp-desktop.jpg
  [30.0] ram-2500/rebel/side_profile
        → https://www.ramtrucks.com/content/dam/fca-brands/na/ramtrucks/en_us/2026/ram-2500/overview/desktop/my26-ram-special-editions-2500-warlock-desktop.jpg
  [15.0] ram-2500/laramie/front_three_quarter
        → https://www.ramtrucks.com/content/dam/fca-brands/na/ramtrucks/en_us/2026/ram-2500/overview/desktop/my26-ram-lunar-vlp-desktop.jpg
  [30.0] ram-2500/laramie/side_profile
        → https://www.ramtrucks.com/content/dam/fca-brands/na/ramtrucks/en_us/2026/ram-2500/overview/desktop/my26-ram-special-editions-2500-warlock-desktop.jpg
  [15.0] ram-2500/power-wagon/front_three_quarter
        → https://www.ramtrucks.com/content/dam/fca-brands/na/ramtrucks/en_us/2026/ram-2500/overview/desktop/my26-ram-lunar-vlp-desktop.jpg
  [30.0] ram-2500/power-wagon/side_profile
        → https://www.ramtrucks.com/content/dam/fca-brands/na/ramtrucks/en_us/2026/ram-2500/overview/desktop/my26-ram-special-editions-2500-warlock-desktop.jpg
  [15.0] ram-2500/limited/front_three_quarter
        → https://www.ramtrucks.com/content/dam/fca-brands/na/ramtrucks/en_us/2026/ram-2500/overview/desktop/my26-ram-lunar-vlp-desktop.jpg
  [30.0] ram-2500/limited/side_profile
        → https://www.ramtrucks.com/content/dam/fca-brands/na/ramtrucks/en_us/2026/ram-2500/overview/desktop/my26-ram-special-editions-2500-warlock-desktop.jpg

Models with unresolved angles:
  ram-1500: 40 entries  (e.g. tradesman/front_three_quarter, tradesman/rear_three_quarter, tradesman/side_profile)
  ram-2500: 14 entries  (e.g. tradesman/rear_three_quarter, tradesman/interior_dashboard, big-horn/rear_three_quarter)
  ram-3500: 20 entries  (e.g. tradesman/front_three_quarter, tradesman/rear_three_quarter, tradesman/side_profile)
