Brand: cadillac
Found 168 image entries across 18 models.

[1/168] ct4/luxury/front_three_quarter  ok (58783 bytes, image/avif)
[2/168] ct4/luxury/rear_three_quarter  ok (11683 bytes, image/avif)
[3/168] ct4/luxury/side_profile  ok (26255 bytes, image/avif)
[4/168] ct4/luxury/interior_dashboard  ok (37956 bytes, image/avif)
[5/168] ct4/premium-luxury/front_three_quarter  ok (58783 bytes, image/avif)
[6/168] ct4/premium-luxury/rear_three_quarter  ok (11683 bytes, image/avif)
[7/168] ct4/premium-luxury/side_profile  ok (26255 bytes, image/avif)
[8/168] ct4/premium-luxury/interior_dashboard  ok (37956 bytes, image/avif)
[9/168] ct4/sport/front_three_quarter  ok (58783 bytes, image/avif)
[10/168] ct4/sport/rear_three_quarter  ok (11683 bytes, image/avif)
[11/168] ct4/sport/side_profile  ok (26255 bytes, image/avif)
[12/168] ct4/sport/interior_dashboard  ok (37956 bytes, image/avif)
[13/168] ct4-v/v-series/front_three_quarter  FAIL (wrong-content-type — content-type text/html; charset=utf-8)
[14/168] ct4-v/v-series/rear_three_quarter  FAIL (wrong-content-type — content-type text/html; charset=utf-8)
[15/168] ct4-v/v-series/side_profile  FAIL (wrong-content-type — content-type text/html; charset=utf-8)
[16/168] ct4-v/v-series/interior_dashboard  FAIL (wrong-content-type — content-type text/html; charset=utf-8)
[17/168] ct4-v-blackwing/v-series-blackwing/front_three_quarter  FAIL (wrong-content-type — content-type text/html;charset=utf-8)
[18/168] ct4-v-blackwing/v-series-blackwing/rear_three_quarter  FAIL (wrong-content-type — content-type text/html;charset=utf-8)
[19/168] ct4-v-blackwing/v-series-blackwing/side_profile  FAIL (wrong-content-type — content-type text/html;charset=utf-8)
[20/168] ct4-v-blackwing/v-series-blackwing/interior_dashboard  FAIL (wrong-content-type — content-type text/html;charset=utf-8)
[21/168] ct5/premium-luxury/front_three_quarter  ok (31967 bytes, image/avif)
[22/168] ct5/premium-luxury/rear_three_quarter  ok (64453 bytes, image/avif)
[23/168] ct5/premium-luxury/side_profile  ok (20664 bytes, image/avif)
[24/168] ct5/premium-luxury/interior_dashboard  ok (42885 bytes, image/avif)
[25/168] ct5/sport/front_three_quarter  ok (31967 bytes, image/avif)
[26/168] ct5/sport/rear_three_quarter  ok (64453 bytes, image/avif)
[27/168] ct5/sport/side_profile  ok (20664 bytes, image/avif)
[28/168] ct5/sport/interior_dashboard  ok (42885 bytes, image/avif)
[29/168] ct5-v/v-series/front_three_quarter  FAIL (wrong-content-type — content-type text/html; charset=utf-8)
[30/168] ct5-v/v-series/rear_three_quarter  FAIL (wrong-content-type — content-type text/html; charset=utf-8)
[31/168] ct5-v/v-series/side_profile  FAIL (wrong-content-type — content-type text/html; charset=utf-8)
[32/168] ct5-v/v-series/interior_dashboard  FAIL (wrong-content-type — content-type text/html; charset=utf-8)
[33/168] ct5-v-blackwing/v-series-blackwing/front_three_quarter  ok (51190 bytes, image/avif)
[34/168] ct5-v-blackwing/v-series-blackwing/rear_three_quarter  FAIL (wrong-content-type — content-type text/html;charset=utf-8)
[35/168] ct5-v-blackwing/v-series-blackwing/side_profile  FAIL (wrong-content-type — content-type text/html;charset=utf-8)
[36/168] ct5-v-blackwing/v-series-blackwing/interior_dashboard  FAIL (wrong-content-type — content-type text/html;charset=utf-8)
[37/168] xt5/luxury/front_three_quarter  ok (31473 bytes, image/avif)
[38/168] xt5/luxury/rear_three_quarter  ok (34116 bytes, image/avif)
[39/168] xt5/luxury/side_profile  ok (11054 bytes, image/avif)
[40/168] xt5/luxury/interior_dashboard  ok (24138 bytes, image/avif)
[41/168] xt5/premium-luxury/front_three_quarter  ok (31473 bytes, image/avif)
[42/168] xt5/premium-luxury/rear_three_quarter  ok (34116 bytes, image/avif)
[43/168] xt5/premium-luxury/side_profile  ok (11054 bytes, image/avif)
[44/168] xt5/premium-luxury/interior_dashboard  ok (24138 bytes, image/avif)
[45/168] xt5/sport/front_three_quarter  ok (31473 bytes, image/avif)
[46/168] xt5/sport/rear_three_quarter  ok (34116 bytes, image/avif)
[47/168] xt5/sport/side_profile  ok (11054 bytes, image/avif)
[48/168] xt5/sport/interior_dashboard  ok (24138 bytes, image/avif)
[49/168] lyriq/luxury/front_three_quarter  ok (24361 bytes, image/avif)
[50/168] lyriq/luxury/rear_three_quarter  FAIL (wrong-content-type — content-type text/html;charset=utf-8)
[51/168] lyriq/luxury/side_profile  ok (18102 bytes, image/avif)
[52/168] lyriq/luxury/interior_dashboard  ok (84536 bytes, image/avif)
[53/168] lyriq/sport/front_three_quarter  ok (24361 bytes, image/avif)
[54/168] lyriq/sport/rear_three_quarter  FAIL (wrong-content-type — content-type text/html;charset=utf-8)
[55/168] lyriq/sport/side_profile  ok (18102 bytes, image/avif)
[56/168] lyriq/sport/interior_dashboard  ok (84536 bytes, image/avif)
[57/168] lyriq-v/v-series/front_three_quarter  ok (19640 bytes, image/avif)
[58/168] lyriq-v/v-series/rear_three_quarter  ok (37778 bytes, image/avif)
[59/168] lyriq-v/v-series/side_profile  ok (15030 bytes, image/avif)
[60/168] lyriq-v/v-series/interior_dashboard  ok (31156 bytes, image/avif)
[61/168] optiq/luxury/front_three_quarter  ok (99736 bytes, image/avif)
[62/168] optiq/luxury/rear_three_quarter  FAIL (wrong-content-type — content-type text/html;charset=utf-8)
[63/168] optiq/luxury/side_profile  ok (19527 bytes, image/avif)
[64/168] optiq/luxury/interior_dashboard  ok (37054 bytes, image/avif)
[65/168] optiq/sport/front_three_quarter  ok (99736 bytes, image/avif)
[66/168] optiq/sport/rear_three_quarter  FAIL (wrong-content-type — content-type text/html;charset=utf-8)
[67/168] optiq/sport/side_profile  ok (19527 bytes, image/avif)
[68/168] optiq/sport/interior_dashboard  ok (37054 bytes, image/avif)
[69/168] optiq-v/v-series/front_three_quarter  ok (38657 bytes, image/avif)
[70/168] optiq-v/v-series/rear_three_quarter  ok (37889 bytes, image/avif)
[71/168] optiq-v/v-series/side_profile  ok (31968 bytes, image/avif)
[72/168] optiq-v/v-series/interior_dashboard  ok (36530 bytes, image/avif)
[73/168] vistiq/luxury/front_three_quarter  ok (46795 bytes, image/avif)
[74/168] vistiq/luxury/rear_three_quarter  ok (46568 bytes, image/avif)
[75/168] vistiq/luxury/side_profile  ok (98003 bytes, image/avif)
[76/168] vistiq/luxury/interior_dashboard  ok (30254 bytes, image/avif)
[77/168] vistiq/sport/front_three_quarter  ok (46795 bytes, image/avif)
[78/168] vistiq/sport/rear_three_quarter  ok (46568 bytes, image/avif)
[79/168] vistiq/sport/side_profile  ok (98003 bytes, image/avif)
[80/168] vistiq/sport/interior_dashboard  ok (30254 bytes, image/avif)
[81/168] vistiq/premium-luxury/front_three_quarter  ok (46795 bytes, image/avif)
[82/168] vistiq/premium-luxury/rear_three_quarter  ok (46568 bytes, image/avif)
[83/168] vistiq/premium-luxury/side_profile  ok (98003 bytes, image/avif)
[84/168] vistiq/premium-luxury/interior_dashboard  ok (30254 bytes, image/avif)
[85/168] vistiq/platinum/front_three_quarter  ok (46795 bytes, image/avif)
[86/168] vistiq/platinum/rear_three_quarter  ok (46568 bytes, image/avif)
[87/168] vistiq/platinum/side_profile  ok (98003 bytes, image/avif)
[88/168] vistiq/platinum/interior_dashboard  ok (30254 bytes, image/avif)
[89/168] escalade-iq/luxury/front_three_quarter  ok (35935 bytes, image/avif)
[90/168] escalade-iq/luxury/rear_three_quarter  ok (27636 bytes, image/avif)
[91/168] escalade-iq/luxury/side_profile  ok (19302 bytes, image/avif)
[92/168] escalade-iq/luxury/interior_dashboard  ok (95001 bytes, image/avif)
[93/168] escalade-iq/sport/front_three_quarter  ok (35935 bytes, image/avif)
[94/168] escalade-iq/sport/rear_three_quarter  ok (27636 bytes, image/avif)
[95/168] escalade-iq/sport/side_profile  ok (19302 bytes, image/avif)
[96/168] escalade-iq/sport/interior_dashboard  ok (95001 bytes, image/avif)
[97/168] escalade-iq/premium-luxury/front_three_quarter  ok (35935 bytes, image/avif)
[98/168] escalade-iq/premium-luxury/rear_three_quarter  ok (27636 bytes, image/avif)
[99/168] escalade-iq/premium-luxury/side_profile  ok (19302 bytes, image/avif)
[100/168] escalade-iq/premium-luxury/interior_dashboard  ok (95001 bytes, image/avif)
[101/168] escalade-iq/premium-sport/front_three_quarter  ok (35935 bytes, image/avif)
[102/168] escalade-iq/premium-sport/rear_three_quarter  ok (27636 bytes, image/avif)
[103/168] escalade-iq/premium-sport/side_profile  ok (19302 bytes, image/avif)
[104/168] escalade-iq/premium-sport/interior_dashboard  ok (95001 bytes, image/avif)
[105/168] escalade-iql/luxury/front_three_quarter  ok (82728 bytes, image/avif)
[106/168] escalade-iql/luxury/rear_three_quarter  ok (74822 bytes, image/avif)
[107/168] escalade-iql/luxury/side_profile  ok (36878 bytes, image/avif)
[108/168] escalade-iql/luxury/interior_dashboard  ok (52885 bytes, image/avif)
[109/168] escalade-iql/sport/front_three_quarter  ok (82728 bytes, image/avif)
[110/168] escalade-iql/sport/rear_three_quarter  ok (74822 bytes, image/avif)
[111/168] escalade-iql/sport/side_profile  ok (36878 bytes, image/avif)
[112/168] escalade-iql/sport/interior_dashboard  ok (52885 bytes, image/avif)
[113/168] escalade-iql/premium-luxury/front_three_quarter  ok (82728 bytes, image/avif)
[114/168] escalade-iql/premium-luxury/rear_three_quarter  ok (74822 bytes, image/avif)
[115/168] escalade-iql/premium-luxury/side_profile  ok (36878 bytes, image/avif)
[116/168] escalade-iql/premium-luxury/interior_dashboard  ok (52885 bytes, image/avif)
[117/168] escalade-iql/premium-sport/front_three_quarter  ok (82728 bytes, image/avif)
[118/168] escalade-iql/premium-sport/rear_three_quarter  ok (74822 bytes, image/avif)
[119/168] escalade-iql/premium-sport/side_profile  ok (36878 bytes, image/avif)
[120/168] escalade-iql/premium-sport/interior_dashboard  ok (52885 bytes, image/avif)
[121/168] escalade/1sa/front_three_quarter  ok (67316 bytes, image/avif)
[122/168] escalade/1sa/rear_three_quarter  ok (48634 bytes, image/avif)
[123/168] escalade/1sa/side_profile  ok (81667 bytes, image/avif)
[124/168] escalade/1sa/interior_dashboard  ok (40951 bytes, image/avif)
[125/168] escalade/luxury/front_three_quarter  ok (67316 bytes, image/avif)
[126/168] escalade/luxury/rear_three_quarter  ok (48634 bytes, image/avif)
[127/168] escalade/luxury/side_profile  ok (81667 bytes, image/avif)
[128/168] escalade/luxury/interior_dashboard  ok (40951 bytes, image/avif)
[129/168] escalade/sport/front_three_quarter  ok (67316 bytes, image/avif)
[130/168] escalade/sport/rear_three_quarter  ok (48634 bytes, image/avif)
[131/168] escalade/sport/side_profile  ok (81667 bytes, image/avif)
[132/168] escalade/sport/interior_dashboard  ok (40951 bytes, image/avif)
[133/168] escalade/platinum-luxury/front_three_quarter  ok (67316 bytes, image/avif)
[134/168] escalade/platinum-luxury/rear_three_quarter  ok (48634 bytes, image/avif)
[135/168] escalade/platinum-luxury/side_profile  ok (81667 bytes, image/avif)
[136/168] escalade/platinum-luxury/interior_dashboard  ok (40951 bytes, image/avif)
[137/168] escalade/platinum-sport/front_three_quarter  ok (67316 bytes, image/avif)
[138/168] escalade/platinum-sport/rear_three_quarter  ok (48634 bytes, image/avif)
[139/168] escalade/platinum-sport/side_profile  ok (81667 bytes, image/avif)
[140/168] escalade/platinum-sport/interior_dashboard  ok (40951 bytes, image/avif)
[141/168] escalade-esv/1sa/front_three_quarter  FAIL (wrong-content-type — content-type text/html;charset=utf-8)
[142/168] escalade-esv/1sa/rear_three_quarter  FAIL (wrong-content-type — content-type text/html;charset=utf-8)
[143/168] escalade-esv/1sa/side_profile  FAIL (wrong-content-type — content-type text/html;charset=utf-8)
[144/168] escalade-esv/1sa/interior_dashboard  FAIL (wrong-content-type — content-type text/html;charset=utf-8)
[145/168] escalade-esv/luxury/front_three_quarter  FAIL (wrong-content-type — content-type text/html;charset=utf-8)
[146/168] escalade-esv/luxury/rear_three_quarter  FAIL (wrong-content-type — content-type text/html;charset=utf-8)
[147/168] escalade-esv/luxury/side_profile  FAIL (wrong-content-type — content-type text/html;charset=utf-8)
[148/168] escalade-esv/luxury/interior_dashboard  FAIL (wrong-content-type — content-type text/html;charset=utf-8)
[149/168] escalade-esv/sport/front_three_quarter  FAIL (wrong-content-type — content-type text/html;charset=utf-8)
[150/168] escalade-esv/sport/rear_three_quarter  FAIL (wrong-content-type — content-type text/html;charset=utf-8)
[151/168] escalade-esv/sport/side_profile  FAIL (wrong-content-type — content-type text/html;charset=utf-8)
[152/168] escalade-esv/sport/interior_dashboard  FAIL (wrong-content-type — content-type text/html;charset=utf-8)
[153/168] escalade-esv/platinum-luxury/front_three_quarter  FAIL (wrong-content-type — content-type text/html;charset=utf-8)
[154/168] escalade-esv/platinum-luxury/rear_three_quarter  FAIL (wrong-content-type — content-type text/html;charset=utf-8)
[155/168] escalade-esv/platinum-luxury/side_profile  FAIL (wrong-content-type — content-type text/html;charset=utf-8)
[156/168] escalade-esv/platinum-luxury/interior_dashboard  FAIL (wrong-content-type — content-type text/html;charset=utf-8)
[157/168] escalade-esv/platinum-sport/front_three_quarter  FAIL (wrong-content-type — content-type text/html;charset=utf-8)
[158/168] escalade-esv/platinum-sport/rear_three_quarter  FAIL (wrong-content-type — content-type text/html;charset=utf-8)
[159/168] escalade-esv/platinum-sport/side_profile  FAIL (wrong-content-type — content-type text/html;charset=utf-8)
[160/168] escalade-esv/platinum-sport/interior_dashboard  FAIL (wrong-content-type — content-type text/html;charset=utf-8)
[161/168] escalade-v/v-series/front_three_quarter  FAIL (wrong-content-type — content-type text/html;charset=utf-8)
[162/168] escalade-v/v-series/rear_three_quarter  ok (6947 bytes, image/avif)
[163/168] escalade-v/v-series/side_profile  ok (40957 bytes, image/avif)
[164/168] escalade-v/v-series/interior_dashboard  FAIL (wrong-content-type — content-type text/html;charset=utf-8)
[165/168] celestiq/bespoke/front_three_quarter  ok (44821 bytes, image/avif)
[166/168] celestiq/bespoke/rear_three_quarter  ok (26661 bytes, image/avif)
[167/168] celestiq/bespoke/side_profile  ok (30977 bytes, image/avif)
[168/168] celestiq/bespoke/interior_dashboard  ok (30685 bytes, image/avif)

Updated catalog/data/cadillac.json and data/cadillac.json with downloaded flags.

========================================
  SUMMARY
========================================
Brand:                  cadillac
Total images attempted: 168
Successful:             127 (75.6%)
Failed:                 41

Failed by HTTP status:
  (none)

Failed by other error kind:
  wrong-content-type: 41

Models with zero successful images: 4 of 18
  - ct4-v (4 attempted)
  - ct4-v-blackwing (4 attempted)
  - ct5-v (4 attempted)
  - escalade-esv (20 attempted)

Failure breakdown (one example per group):
  [wrong-content-type (text/html; charset=utf-8)] x8 — e.g. https://www.cadillac.com/shopping/configurator/car/2026/ct4v/ct4v
  [wrong-content-type (text/html;charset=utf-8)] x33 — e.g. https://www.cadillac.com/sedans/ct4-v-blackwing
