Brand: subaru
Found 131 image entries across 10 models.

[1/131] impreza/sport/front_three_quarter  FAIL (wrong-content-type — content-type text/html;charset=utf-8)
[2/131] impreza/sport/rear_three_quarter  FAIL (wrong-content-type — content-type text/html;charset=utf-8)
[3/131] impreza/sport/side_profile  FAIL (wrong-content-type — content-type text/html;charset=utf-8)
[4/131] impreza/sport/interior_dashboard  FAIL (wrong-content-type — content-type text/html;charset=utf-8)
[5/131] impreza/rs/front_three_quarter  FAIL (wrong-content-type — content-type text/html;charset=utf-8)
[6/131] impreza/rs/rear_three_quarter  FAIL (wrong-content-type — content-type text/html;charset=utf-8)
[7/131] impreza/rs/side_profile  FAIL (wrong-content-type — content-type text/html;charset=utf-8)
[8/131] impreza/rs/interior_dashboard  FAIL (wrong-content-type — content-type text/html;charset=utf-8)
[9/131] crosstrek/base/front_three_quarter  FAIL (wrong-content-type — content-type text/html;charset=utf-8)
[10/131] crosstrek/base/rear_three_quarter  FAIL (wrong-content-type — content-type text/html;charset=utf-8)
[11/131] crosstrek/base/side_profile  FAIL (wrong-content-type — content-type text/html;charset=utf-8)
[12/131] crosstrek/base/interior_dashboard  FAIL (wrong-content-type — content-type text/html;charset=utf-8)
[13/131] crosstrek/premium/front_three_quarter  FAIL (wrong-content-type — content-type text/html;charset=utf-8)
[14/131] crosstrek/sport/front_three_quarter  FAIL (wrong-content-type — content-type text/html;charset=utf-8)
[15/131] crosstrek/limited/front_three_quarter  FAIL (wrong-content-type — content-type text/html;charset=utf-8)
[16/131] crosstrek/wilderness/front_three_quarter  FAIL (wrong-content-type — content-type text/html;charset=utf-8)
[17/131] crosstrek/wilderness/rear_three_quarter  FAIL (wrong-content-type — content-type text/html;charset=utf-8)
[18/131] crosstrek/wilderness/side_profile  FAIL (wrong-content-type — content-type text/html;charset=utf-8)
[19/131] crosstrek/wilderness/interior_dashboard  FAIL (wrong-content-type — content-type text/html;charset=utf-8)
[20/131] crosstrek/sport-hybrid/front_three_quarter  FAIL (wrong-content-type — content-type text/html;charset=utf-8)
[21/131] crosstrek/sport-hybrid/rear_three_quarter  FAIL (wrong-content-type — content-type text/html;charset=utf-8)
[22/131] crosstrek/sport-hybrid/side_profile  FAIL (wrong-content-type — content-type text/html;charset=utf-8)
[23/131] crosstrek/sport-hybrid/interior_dashboard  FAIL (wrong-content-type — content-type text/html;charset=utf-8)
[24/131] crosstrek/limited-hybrid/front_three_quarter  FAIL (wrong-content-type — content-type text/html;charset=utf-8)
[25/131] forester/base/front_three_quarter  FAIL (wrong-content-type — content-type text/html;charset=utf-8)
[26/131] forester/base/rear_three_quarter  FAIL (wrong-content-type — content-type text/html;charset=utf-8)
[27/131] forester/base/side_profile  FAIL (wrong-content-type — content-type text/html;charset=utf-8)
[28/131] forester/base/interior_dashboard  FAIL (wrong-content-type — content-type text/html;charset=utf-8)
[29/131] forester/premium/front_three_quarter  FAIL (wrong-content-type — content-type text/html;charset=utf-8)
[30/131] forester/sport/front_three_quarter  FAIL (wrong-content-type — content-type text/html;charset=utf-8)
[31/131] forester/sport-onyx-edition/front_three_quarter  FAIL (wrong-content-type — content-type text/html;charset=utf-8)
[32/131] forester/sport-onyx-edition/rear_three_quarter  FAIL (wrong-content-type — content-type text/html;charset=utf-8)
[33/131] forester/sport-onyx-edition/side_profile  FAIL (wrong-content-type — content-type text/html;charset=utf-8)
[34/131] forester/sport-onyx-edition/interior_dashboard  FAIL (wrong-content-type — content-type text/html;charset=utf-8)
[35/131] forester/limited/front_three_quarter  FAIL (wrong-content-type — content-type text/html;charset=utf-8)
[36/131] forester/touring/front_three_quarter  FAIL (wrong-content-type — content-type text/html;charset=utf-8)
[37/131] forester/wilderness/front_three_quarter  FAIL (wrong-content-type — content-type text/html;charset=utf-8)
[38/131] forester/wilderness/rear_three_quarter  FAIL (wrong-content-type — content-type text/html;charset=utf-8)
[39/131] forester/wilderness/side_profile  FAIL (wrong-content-type — content-type text/html;charset=utf-8)
[40/131] forester/wilderness/interior_dashboard  FAIL (wrong-content-type — content-type text/html;charset=utf-8)
[41/131] forester/premium-hybrid/front_three_quarter  FAIL (wrong-content-type — content-type text/html;charset=utf-8)
[42/131] forester/premium-hybrid/rear_three_quarter  FAIL (wrong-content-type — content-type text/html;charset=utf-8)
[43/131] forester/premium-hybrid/side_profile  FAIL (wrong-content-type — content-type text/html;charset=utf-8)
[44/131] forester/premium-hybrid/interior_dashboard  FAIL (wrong-content-type — content-type text/html;charset=utf-8)
[45/131] forester/sport-hybrid/front_three_quarter  FAIL (wrong-content-type — content-type text/html;charset=utf-8)
[46/131] forester/sport-hybrid/rear_three_quarter  FAIL (wrong-content-type — content-type text/html;charset=utf-8)
[47/131] forester/sport-hybrid/side_profile  FAIL (wrong-content-type — content-type text/html;charset=utf-8)
[48/131] forester/sport-hybrid/interior_dashboard  FAIL (wrong-content-type — content-type text/html;charset=utf-8)
[49/131] forester/limited-hybrid/front_three_quarter  FAIL (wrong-content-type — content-type text/html;charset=utf-8)
[50/131] forester/touring-hybrid/front_three_quarter  FAIL (wrong-content-type — content-type text/html;charset=utf-8)
[51/131] outback/premium/front_three_quarter  FAIL (wrong-content-type — content-type text/html;charset=utf-8)
[52/131] outback/premium/rear_three_quarter  FAIL (wrong-content-type — content-type text/html;charset=utf-8)
[53/131] outback/premium/side_profile  FAIL (wrong-content-type — content-type text/html;charset=utf-8)
[54/131] outback/premium/interior_dashboard  FAIL (wrong-content-type — content-type text/html;charset=utf-8)
[55/131] outback/limited/front_three_quarter  FAIL (wrong-content-type — content-type text/html;charset=utf-8)
[56/131] outback/touring/front_three_quarter  FAIL (wrong-content-type — content-type text/html;charset=utf-8)
[57/131] outback/limited-xt/front_three_quarter  FAIL (wrong-content-type — content-type text/html;charset=utf-8)
[58/131] outback/touring-xt/front_three_quarter  FAIL (wrong-content-type — content-type text/html;charset=utf-8)
[59/131] outback/wilderness/front_three_quarter  FAIL (wrong-content-type — content-type text/html;charset=utf-8)
[60/131] outback/wilderness/rear_three_quarter  FAIL (wrong-content-type — content-type text/html;charset=utf-8)
[61/131] outback/wilderness/side_profile  FAIL (wrong-content-type — content-type text/html;charset=utf-8)
[62/131] outback/wilderness/interior_dashboard  FAIL (wrong-content-type — content-type text/html;charset=utf-8)
[63/131] ascent/premium/front_three_quarter  FAIL (wrong-content-type — content-type text/html;charset=utf-8)
[64/131] ascent/premium/rear_three_quarter  FAIL (wrong-content-type — content-type text/html;charset=utf-8)
[65/131] ascent/premium/side_profile  FAIL (wrong-content-type — content-type text/html;charset=utf-8)
[66/131] ascent/premium/interior_dashboard  FAIL (wrong-content-type — content-type text/html;charset=utf-8)
[67/131] ascent/limited/front_three_quarter  FAIL (wrong-content-type — content-type text/html;charset=utf-8)
[68/131] ascent/limited-bronze-edition/front_three_quarter  FAIL (wrong-content-type — content-type text/html;charset=utf-8)
[69/131] ascent/limited-bronze-edition/rear_three_quarter  FAIL (wrong-content-type — content-type text/html;charset=utf-8)
[70/131] ascent/limited-bronze-edition/side_profile  FAIL (wrong-content-type — content-type text/html;charset=utf-8)
[71/131] ascent/limited-bronze-edition/interior_dashboard  FAIL (wrong-content-type — content-type text/html;charset=utf-8)
[72/131] ascent/touring/front_three_quarter  FAIL (wrong-content-type — content-type text/html;charset=utf-8)
[73/131] ascent/onyx-edition-touring/front_three_quarter  FAIL (wrong-content-type — content-type text/html;charset=utf-8)
[74/131] ascent/onyx-edition-touring/rear_three_quarter  FAIL (wrong-content-type — content-type text/html;charset=utf-8)
[75/131] ascent/onyx-edition-touring/side_profile  FAIL (wrong-content-type — content-type text/html;charset=utf-8)
[76/131] ascent/onyx-edition-touring/interior_dashboard  FAIL (wrong-content-type — content-type text/html;charset=utf-8)
[77/131] brz/limited/front_three_quarter  ok (132664 bytes, image/webp)
[78/131] brz/limited/rear_three_quarter  FAIL (wrong-content-type — content-type text/html;charset=utf-8)
[79/131] brz/limited/side_profile  FAIL (wrong-content-type — content-type text/html;charset=utf-8)
[80/131] brz/limited/interior_dashboard  FAIL (wrong-content-type — content-type text/html;charset=utf-8)
[81/131] brz/ts/front_three_quarter  ok (132664 bytes, image/webp)
[82/131] brz/ts/rear_three_quarter  FAIL (wrong-content-type — content-type text/html;charset=utf-8)
[83/131] brz/ts/side_profile  FAIL (wrong-content-type — content-type text/html;charset=utf-8)
[84/131] brz/ts/interior_dashboard  FAIL (wrong-content-type — content-type text/html;charset=utf-8)
[85/131] brz/series-yellow/front_three_quarter  ok (132664 bytes, image/webp)
[86/131] brz/series-yellow/rear_three_quarter  FAIL (wrong-content-type — content-type text/html;charset=utf-8)
[87/131] brz/series-yellow/side_profile  FAIL (wrong-content-type — content-type text/html;charset=utf-8)
[88/131] brz/series-yellow/interior_dashboard  FAIL (wrong-content-type — content-type text/html;charset=utf-8)
[89/131] wrx/base/front_three_quarter  ok (116560 bytes, image/webp)
[90/131] wrx/base/rear_three_quarter  FAIL (wrong-content-type — content-type text/html;charset=utf-8)
[91/131] wrx/base/side_profile  FAIL (wrong-content-type — content-type text/html;charset=utf-8)
[92/131] wrx/base/interior_dashboard  FAIL (wrong-content-type — content-type text/html;charset=utf-8)
[93/131] wrx/premium/front_three_quarter  ok (80508 bytes, image/webp)
[94/131] wrx/limited/front_three_quarter  ok (907581 bytes, image/png)
[95/131] wrx/gt/front_three_quarter  ok (116560 bytes, image/webp)
[96/131] wrx/gt/rear_three_quarter  FAIL (wrong-content-type — content-type text/html;charset=utf-8)
[97/131] wrx/gt/side_profile  FAIL (wrong-content-type — content-type text/html;charset=utf-8)
[98/131] wrx/gt/interior_dashboard  FAIL (wrong-content-type — content-type text/html;charset=utf-8)
[99/131] wrx/ts/front_three_quarter  ok (116560 bytes, image/webp)
[100/131] wrx/ts/rear_three_quarter  FAIL (wrong-content-type — content-type text/html;charset=utf-8)
[101/131] wrx/ts/side_profile  FAIL (wrong-content-type — content-type text/html;charset=utf-8)
[102/131] wrx/ts/interior_dashboard  FAIL (wrong-content-type — content-type text/html;charset=utf-8)
[103/131] wrx/series-yellow/front_three_quarter  ok (116560 bytes, image/webp)
[104/131] wrx/series-yellow/rear_three_quarter  FAIL (wrong-content-type — content-type text/html;charset=utf-8)
[105/131] wrx/series-yellow/side_profile  FAIL (wrong-content-type — content-type text/html;charset=utf-8)
[106/131] wrx/series-yellow/interior_dashboard  FAIL (wrong-content-type — content-type text/html;charset=utf-8)
[107/131] solterra/premium/front_three_quarter  FAIL (wrong-content-type — content-type text/html;charset=utf-8)
[108/131] solterra/premium/rear_three_quarter  FAIL (wrong-content-type — content-type text/html;charset=utf-8)
[109/131] solterra/premium/side_profile  FAIL (wrong-content-type — content-type text/html;charset=utf-8)
[110/131] solterra/premium/interior_dashboard  FAIL (wrong-content-type — content-type text/html;charset=utf-8)
[111/131] solterra/limited/front_three_quarter  FAIL (wrong-content-type — content-type text/html;charset=utf-8)
[112/131] solterra/limited-xt/front_three_quarter  FAIL (wrong-content-type — content-type text/html;charset=utf-8)
[113/131] solterra/limited-xt/rear_three_quarter  FAIL (wrong-content-type — content-type text/html;charset=utf-8)
[114/131] solterra/limited-xt/side_profile  FAIL (wrong-content-type — content-type text/html;charset=utf-8)
[115/131] solterra/limited-xt/interior_dashboard  FAIL (wrong-content-type — content-type text/html;charset=utf-8)
[116/131] solterra/touring-xt/front_three_quarter  FAIL (wrong-content-type — content-type text/html;charset=utf-8)
[117/131] trailseeker/premium/front_three_quarter  FAIL (wrong-content-type — content-type text/html;charset=utf-8)
[118/131] trailseeker/premium/rear_three_quarter  FAIL (wrong-content-type — content-type text/html;charset=utf-8)
[119/131] trailseeker/premium/side_profile  FAIL (wrong-content-type — content-type text/html;charset=utf-8)
[120/131] trailseeker/premium/interior_dashboard  FAIL (wrong-content-type — content-type text/html;charset=utf-8)
[121/131] trailseeker/limited/front_three_quarter  FAIL (wrong-content-type — content-type text/html;charset=utf-8)
[122/131] trailseeker/touring/front_three_quarter  FAIL (wrong-content-type — content-type text/html;charset=utf-8)
[123/131] uncharted/premium-fwd/front_three_quarter  FAIL (wrong-content-type — content-type text/html;charset=utf-8)
[124/131] uncharted/premium-fwd/rear_three_quarter  FAIL (wrong-content-type — content-type text/html;charset=utf-8)
[125/131] uncharted/premium-fwd/side_profile  FAIL (wrong-content-type — content-type text/html;charset=utf-8)
[126/131] uncharted/premium-fwd/interior_dashboard  FAIL (wrong-content-type — content-type text/html;charset=utf-8)
[127/131] uncharted/sport/front_three_quarter  FAIL (wrong-content-type — content-type text/html;charset=utf-8)
[128/131] uncharted/sport/rear_three_quarter  FAIL (wrong-content-type — content-type text/html;charset=utf-8)
[129/131] uncharted/sport/side_profile  FAIL (wrong-content-type — content-type text/html;charset=utf-8)
[130/131] uncharted/sport/interior_dashboard  FAIL (wrong-content-type — content-type text/html;charset=utf-8)
[131/131] uncharted/gt/front_three_quarter  FAIL (wrong-content-type — content-type text/html;charset=utf-8)

Updated catalog/data/subaru.json and data/subaru.json with downloaded flags.

========================================
  SUMMARY
========================================
Brand:                  subaru
Total images attempted: 131
Successful:             9 (6.9%)
Failed:                 122

Failed by HTTP status:
  (none)

Failed by other error kind:
  wrong-content-type: 122

Models with zero successful images: 8 of 10
  - impreza (8 attempted)
  - crosstrek (16 attempted)
  - forester (26 attempted)
  - outback (12 attempted)
  - ascent (14 attempted)
  - solterra (10 attempted)
  - trailseeker (6 attempted)
  - uncharted (9 attempted)

Failure breakdown (one example per group):
  [wrong-content-type (text/html;charset=utf-8)] x122 — e.g. https://www.subaru.com/vehicles/impreza
