Brand: mini
Found 38 image entries across 7 models.

[1/38] cooper-hardtop-2-door/cooper-c/front_three_quarter  cached (43392 bytes)
[2/38] cooper-hardtop-2-door/cooper-c/rear_three_quarter  cached (9578 bytes)
[3/38] cooper-hardtop-2-door/cooper-c/side_profile  cached (15552 bytes)
[4/38] cooper-hardtop-2-door/cooper-c/interior_dashboard  cached (16766 bytes)
[5/38] cooper-hardtop-2-door/cooper-s/front_three_quarter  cached (43392 bytes)
[6/38] cooper-hardtop-2-door/cooper-s/rear_three_quarter  cached (9578 bytes)
[7/38] cooper-hardtop-4-door/cooper-c/front_three_quarter  cached (25762 bytes)
[8/38] cooper-hardtop-4-door/cooper-c/rear_three_quarter  cached (154762 bytes)
[9/38] cooper-hardtop-4-door/cooper-c/side_profile  cached (83706 bytes)
[10/38] cooper-hardtop-4-door/cooper-c/interior_dashboard  cached (56402 bytes)
[11/38] cooper-hardtop-4-door/cooper-s/front_three_quarter  cached (25762 bytes)
[12/38] cooper-hardtop-4-door/cooper-s/rear_three_quarter  FAIL (wrong-content-type — content-type text/html)
[13/38] cooper-convertible/cooper-c-convertible/front_three_quarter  cached (9657 bytes)
[14/38] cooper-convertible/cooper-c-convertible/rear_three_quarter  cached (18846 bytes)
[15/38] cooper-convertible/cooper-c-convertible/side_profile  cached (76048 bytes)
[16/38] cooper-convertible/cooper-c-convertible/interior_dashboard  cached (54020 bytes)
[17/38] cooper-convertible/cooper-s-convertible/front_three_quarter  cached (9657 bytes)
[18/38] cooper-convertible/cooper-s-convertible/rear_three_quarter  FAIL (wrong-content-type — content-type text/html)
[19/38] jcw-2-door/jcw-2-door/front_three_quarter  cached (104773 bytes)
[20/38] jcw-2-door/jcw-2-door/rear_three_quarter  cached (13054 bytes)
[21/38] jcw-2-door/jcw-2-door/side_profile  cached (40541 bytes)
[22/38] jcw-2-door/jcw-2-door/interior_dashboard  cached (46578 bytes)
[23/38] jcw-convertible/jcw-convertible/front_three_quarter  cached (848113 bytes)
[24/38] jcw-convertible/jcw-convertible/rear_three_quarter  cached (41236 bytes)
[25/38] jcw-convertible/jcw-convertible/side_profile  cached (94932 bytes)
[26/38] jcw-convertible/jcw-convertible/interior_dashboard  cached (110975 bytes)
[27/38] countryman/countryman-s-all4/front_three_quarter  cached (23241 bytes)
[28/38] countryman/countryman-s-all4/rear_three_quarter  cached (26113 bytes)
[29/38] countryman/countryman-s-all4/side_profile  cached (45282 bytes)
[30/38] countryman/countryman-s-all4/interior_dashboard  cached (83987 bytes)
[31/38] countryman/countryman-se-all4/front_three_quarter  cached (23241 bytes)
[32/38] countryman/countryman-se-all4/rear_three_quarter  cached (26113 bytes)
[33/38] countryman/countryman-se-all4/side_profile  cached (45282 bytes)
[34/38] countryman/countryman-se-all4/interior_dashboard  cached (83987 bytes)
[35/38] jcw-countryman-all4/jcw-countryman-all4/front_three_quarter  cached (848113 bytes)
[36/38] jcw-countryman-all4/jcw-countryman-all4/rear_three_quarter  cached (41236 bytes)
[37/38] jcw-countryman-all4/jcw-countryman-all4/side_profile  cached (336775 bytes)
[38/38] jcw-countryman-all4/jcw-countryman-all4/interior_dashboard  cached (185019 bytes)

Updated catalog/data/mini.json and data/mini.json with downloaded flags.

========================================
  SUMMARY
========================================
Brand:                  mini
Total images attempted: 38
Successful:             36 (94.7%)
Failed:                 2

Failed by HTTP status:
  (none)

Failed by other error kind:
  wrong-content-type: 2

Models with zero successful images: 0 of 7

Failure breakdown (one example per group):
  [wrong-content-type (text/html)] x2 — e.g. https://www.miniusa.com/model/4-door.html
