Brand: bmw
Found 284 image entries across 30 models.

[1/284] 2-series-coupe/230i/front_three_quarter  cached (847562 bytes)
[2/284] 2-series-coupe/230i/side_profile  cached (417402 bytes)
[3/284] 2-series-coupe/230i/rear_three_quarter  cached (312980 bytes)
[4/284] 2-series-coupe/230i/interior_dashboard  cached (117810 bytes)
[5/284] 2-series-coupe/230i/wheel_detail  cached (73238 bytes)
[6/284] 2-series-coupe/230i-xdrive/front_three_quarter  cached (847562 bytes)
[7/284] 2-series-coupe/230i-xdrive/side_profile  cached (417402 bytes)
[8/284] 2-series-coupe/230i-xdrive/rear_three_quarter  cached (312980 bytes)
[9/284] 2-series-coupe/230i-xdrive/interior_dashboard  cached (117810 bytes)
[10/284] 2-series-coupe/m240i/front_three_quarter  cached (44641 bytes)
[11/284] 2-series-coupe/m240i/rear_three_quarter  cached (171826 bytes)
[12/284] 2-series-coupe/m240i/side_profile  cached (163092 bytes)
[13/284] 2-series-coupe/m240i/interior_dashboard  cached (117810 bytes)
[14/284] 2-series-coupe/m240i-xdrive/front_three_quarter  cached (44641 bytes)
[15/284] 2-series-coupe/m240i-xdrive/rear_three_quarter  cached (171826 bytes)
[16/284] 2-series-coupe/m240i-xdrive/side_profile  cached (163092 bytes)
[17/284] 2-series-coupe/m240i-xdrive/interior_dashboard  cached (117810 bytes)
[18/284] 2-series-gran-coupe/228-gran-coupe/front_three_quarter  FAIL (wrong-content-type — content-type text/html;charset=utf-8)
[19/284] 2-series-gran-coupe/228-gran-coupe/rear_three_quarter  FAIL (wrong-content-type — content-type text/html;charset=utf-8)
[20/284] 2-series-gran-coupe/228-gran-coupe/side_profile  FAIL (wrong-content-type — content-type text/html;charset=utf-8)
[21/284] 2-series-gran-coupe/228-gran-coupe/interior_dashboard  FAIL (wrong-content-type — content-type text/html;charset=utf-8)
[22/284] 2-series-gran-coupe/228-xdrive-gran-coupe/front_three_quarter  cached (76458 bytes)
[23/284] 2-series-gran-coupe/228-xdrive-gran-coupe/rear_three_quarter  cached (205682 bytes)
[24/284] 2-series-gran-coupe/228-xdrive-gran-coupe/side_profile  cached (185636 bytes)
[25/284] 2-series-gran-coupe/228-xdrive-gran-coupe/interior_dashboard  cached (103056 bytes)
[26/284] 2-series-gran-coupe/m235-xdrive-gran-coupe/front_three_quarter  FAIL (wrong-content-type — content-type text/html;charset=utf-8)
[27/284] 2-series-gran-coupe/m235-xdrive-gran-coupe/rear_three_quarter  FAIL (wrong-content-type — content-type text/html;charset=utf-8)
[28/284] 2-series-gran-coupe/m235-xdrive-gran-coupe/side_profile  FAIL (wrong-content-type — content-type text/html;charset=utf-8)
[29/284] 2-series-gran-coupe/m235-xdrive-gran-coupe/interior_dashboard  FAIL (wrong-content-type — content-type text/html;charset=utf-8)
[30/284] 3-series/330i/front_three_quarter  cached (453140 bytes)
[31/284] 3-series/330i/rear_three_quarter  cached (380620 bytes)
[32/284] 3-series/330i/wheel_detail  cached (246278 bytes)
[33/284] 3-series/330i/interior_dashboard  cached (204708 bytes)
[34/284] 3-series/330i/side_profile  FAIL (wrong-content-type — content-type text/html;charset=utf-8)
[35/284] 3-series/330i-xdrive/front_three_quarter  cached (453140 bytes)
[36/284] 3-series/m340i/front_three_quarter  ok (147334 bytes, image/webp)
[37/284] 3-series/m340i/rear_three_quarter  FAIL (wrong-content-type — content-type text/html;charset=utf-8)
[38/284] 3-series/m340i/side_profile  FAIL (wrong-content-type — content-type text/html;charset=utf-8)
[39/284] 3-series/m340i/interior_dashboard  cached (204708 bytes)
[40/284] 3-series/m340i-xdrive/front_three_quarter  ok (45484 bytes, image/webp)
[41/284] 4-series-coupe/430i-coupe/front_three_quarter  cached (240252 bytes)
[42/284] 4-series-coupe/430i-coupe/interior_dashboard  cached (184392 bytes)
[43/284] 4-series-coupe/430i-coupe/side_profile  cached (170612 bytes)
[44/284] 4-series-coupe/430i-coupe/rear_three_quarter  cached (183272 bytes)
[45/284] 4-series-coupe/430i-xdrive-coupe/front_three_quarter  cached (240252 bytes)
[46/284] 4-series-coupe/m440i-coupe/front_three_quarter  cached (240252 bytes)
[47/284] 4-series-coupe/m440i-coupe/rear_three_quarter  cached (183272 bytes)
[48/284] 4-series-coupe/m440i-coupe/side_profile  cached (170612 bytes)
[49/284] 4-series-coupe/m440i-coupe/interior_dashboard  cached (167278 bytes)
[50/284] 4-series-coupe/m440i-xdrive-coupe/front_three_quarter  cached (240252 bytes)
[51/284] 4-series-convertible/430i-convertible/front_three_quarter  cached (47700 bytes)
[52/284] 4-series-convertible/430i-convertible/interior_dashboard  cached (33425 bytes)
[53/284] 4-series-convertible/430i-convertible/side_profile  cached (327196 bytes)
[54/284] 4-series-convertible/430i-convertible/rear_three_quarter  cached (191426 bytes)
[55/284] 4-series-convertible/430i-xdrive-convertible/front_three_quarter  cached (47700 bytes)
[56/284] 4-series-convertible/m440i-convertible/front_three_quarter  cached (371472 bytes)
[57/284] 4-series-convertible/m440i-convertible/interior_dashboard  cached (267912 bytes)
[58/284] 4-series-convertible/m440i-convertible/side_profile  cached (327196 bytes)
[59/284] 4-series-convertible/m440i-convertible/interior_rear_seats  cached (218130 bytes)
[60/284] 4-series-convertible/m440i-xdrive-convertible/front_three_quarter  cached (371472 bytes)
[61/284] 4-series-gran-coupe/430i-gran-coupe/front_three_quarter  cached (6429001 bytes)
[62/284] 4-series-gran-coupe/430i-gran-coupe/side_profile  cached (4703490 bytes)
[63/284] 4-series-gran-coupe/430i-gran-coupe/rear_three_quarter  cached (5579399 bytes)
[64/284] 4-series-gran-coupe/430i-gran-coupe/interior_dashboard  cached (4511433 bytes)
[65/284] 4-series-gran-coupe/430i-xdrive-gran-coupe/front_three_quarter  cached (6429001 bytes)
[66/284] 4-series-gran-coupe/430i-xdrive-gran-coupe/rear_three_quarter  cached (5579399 bytes)
[67/284] 4-series-gran-coupe/m440i-gran-coupe/front_three_quarter  cached (6429001 bytes)
[68/284] 4-series-gran-coupe/m440i-gran-coupe/side_profile  cached (4703490 bytes)
[69/284] 4-series-gran-coupe/m440i-gran-coupe/rear_three_quarter  cached (5579399 bytes)
[70/284] 4-series-gran-coupe/m440i-gran-coupe/interior_dashboard  cached (4511433 bytes)
[71/284] 4-series-gran-coupe/m440i-gran-coupe/interior_rear_seats  cached (3327141 bytes)
[72/284] 4-series-gran-coupe/m440i-xdrive-gran-coupe/front_three_quarter  cached (6429001 bytes)
[73/284] 4-series-gran-coupe/m440i-xdrive-gran-coupe/rear_three_quarter  cached (5579399 bytes)
[74/284] 5-series/530i/front_three_quarter  cached (431214 bytes)
[75/284] 5-series/530i/rear_three_quarter  cached (216646 bytes)
[76/284] 5-series/530i/side_profile  cached (212626 bytes)
[77/284] 5-series/530i/interior_dashboard  cached (185512 bytes)
[78/284] 5-series/530i-xdrive/front_three_quarter  cached (431214 bytes)
[79/284] 5-series/540i-xdrive/front_three_quarter  cached (535010 bytes)
[80/284] 5-series/540i-xdrive/interior_dashboard  cached (369384 bytes)
[81/284] 5-series/540i-xdrive/side_profile  FAIL (wrong-content-type — content-type text/html;charset=utf-8)
[82/284] 5-series/540i-xdrive/rear_three_quarter  FAIL (wrong-content-type — content-type text/html;charset=utf-8)
[83/284] 5-series/550e-xdrive/front_three_quarter  cached (212626 bytes)
[84/284] 5-series/550e-xdrive/rear_three_quarter  cached (216646 bytes)
[85/284] 5-series/550e-xdrive/side_profile  cached (535010 bytes)
[86/284] 5-series/550e-xdrive/interior_dashboard  cached (185512 bytes)
[87/284] 7-series/740i/front_three_quarter  cached (141842 bytes)
[88/284] 7-series/740i/side_profile  cached (206648 bytes)
[89/284] 7-series/740i/rear_three_quarter  cached (249642 bytes)
[90/284] 7-series/740i/interior_dashboard  cached (271986 bytes)
[91/284] 7-series/740i/interior_rear_seats  cached (217174 bytes)
[92/284] 7-series/740i-xdrive/front_three_quarter  cached (280384 bytes)
[93/284] 7-series/750e-xdrive/front_three_quarter  cached (343668 bytes)
[94/284] 7-series/750e-xdrive/side_profile  cached (206648 bytes)
[95/284] 7-series/750e-xdrive/rear_three_quarter  cached (249642 bytes)
[96/284] 7-series/750e-xdrive/interior_dashboard  cached (271986 bytes)
[97/284] 7-series/760i-xdrive/front_three_quarter  cached (280384 bytes)
[98/284] 7-series/760i-xdrive/rear_three_quarter  cached (249642 bytes)
[99/284] 7-series/760i-xdrive/side_profile  cached (206648 bytes)
[100/284] 7-series/760i-xdrive/interior_dashboard  cached (254154 bytes)
[101/284] x1/xdrive28i/front_three_quarter  cached (607812 bytes)
[102/284] x1/xdrive28i/rear_three_quarter  cached (360986 bytes)
[103/284] x1/xdrive28i/side_profile  cached (99136 bytes)
[104/284] x1/xdrive28i/interior_dashboard  cached (240664 bytes)
[105/284] x1/xdrive28i/cargo_area  cached (531882 bytes)
[106/284] x1/m35i/front_three_quarter  cached (224016 bytes)
[107/284] x1/m35i/rear_three_quarter  cached (389112 bytes)
[108/284] x1/m35i/side_profile  cached (223306 bytes)
[109/284] x1/m35i/interior_dashboard  cached (462638 bytes)
[110/284] x1/m35i/wheel_detail  cached (421114 bytes)
[111/284] x2/xdrive28i/front_three_quarter  cached (177629 bytes)
[112/284] x2/xdrive28i/side_profile  cached (78698 bytes)
[113/284] x2/xdrive28i/rear_three_quarter  cached (199131 bytes)
[114/284] x2/xdrive28i/interior_dashboard  cached (219203 bytes)
[115/284] x2/m35i/front_three_quarter  cached (198476 bytes)
[116/284] x2/m35i/rear_three_quarter  cached (219494 bytes)
[117/284] x2/m35i/side_profile  cached (290480 bytes)
[118/284] x2/m35i/interior_dashboard  cached (219203 bytes)
[119/284] x2/m35i/front_three_quarter  cached (207221 bytes)
[120/284] x3/30-xdrive/front_three_quarter  cached (26277428 bytes)
[121/284] x3/30-xdrive/rear_three_quarter  cached (7682311 bytes)
[122/284] x3/30-xdrive/side_profile  cached (28926199 bytes)
[123/284] x3/30-xdrive/interior_dashboard  cached (2644204 bytes)
[124/284] x3/30-xdrive/front_three_quarter  FAIL (wrong-content-type — content-type text/html;charset=utf-8)
[125/284] x3/m50-xdrive/front_three_quarter  cached (11189730 bytes)
[126/284] x3/m50-xdrive/rear_three_quarter  cached (13799018 bytes)
[127/284] x3/m50-xdrive/side_profile  cached (9433769 bytes)
[128/284] x3/m50-xdrive/interior_dashboard  cached (7457505 bytes)
[129/284] x3/m50-xdrive/wheel_detail  cached (14465733 bytes)
[130/284] x3/m50-xdrive/front_three_quarter  FAIL (wrong-content-type — content-type text/html;charset=utf-8)
[131/284] x5/sdrive40i/front_three_quarter  cached (137076 bytes)
[132/284] x5/sdrive40i/rear_three_quarter  cached (278718 bytes)
[133/284] x5/sdrive40i/side_profile  cached (143182 bytes)
[134/284] x5/sdrive40i/interior_dashboard  cached (269690 bytes)
[135/284] x5/sdrive40i/interior_rear_seats  cached (310300 bytes)
[136/284] x5/xdrive40i/front_three_quarter  cached (98338 bytes)
[137/284] x5/xdrive40i/rear_three_quarter  cached (119580 bytes)
[138/284] x5/xdrive50e/front_three_quarter  cached (222086 bytes)
[139/284] x5/xdrive50e/rear_three_quarter  cached (204846 bytes)
[140/284] x5/xdrive50e/side_profile  cached (280590 bytes)
[141/284] x5/xdrive50e/interior_dashboard  cached (354788 bytes)
[142/284] x5/xdrive50e/wheel_detail  cached (397308 bytes)
[143/284] x5/m60i/front_three_quarter  cached (153426 bytes)
[144/284] x5/m60i/rear_three_quarter  cached (404708 bytes)
[145/284] x5/m60i/side_profile  cached (461386 bytes)
[146/284] x5/m60i/interior_dashboard  cached (295650 bytes)
[147/284] x5/m60i/wheel_detail  cached (347022 bytes)
[148/284] x6/x6-xdrive40i/front_three_quarter  cached (107542 bytes)
[149/284] x6/x6-xdrive40i/rear_three_quarter  cached (136618 bytes)
[150/284] x6/x6-xdrive40i/side_profile  cached (92774 bytes)
[151/284] x6/x6-xdrive40i/interior_dashboard  cached (201426 bytes)
[152/284] x6/x6-xdrive40i/interior_rear_seats  cached (213855 bytes)
[153/284] x6/x6-m60i/front_three_quarter  cached (397446 bytes)
[154/284] x6/x6-m60i/rear_three_quarter  cached (124628 bytes)
[155/284] x6/x6-m60i/side_profile  cached (135306 bytes)
[156/284] x6/x6-m60i/interior_dashboard  cached (248892 bytes)
[157/284] x6/x6-m60i/wheel_detail  cached (182060 bytes)
[158/284] x7/xdrive40i/front_three_quarter  cached (184256 bytes)
[159/284] x7/xdrive40i/rear_three_quarter  cached (196288 bytes)
[160/284] x7/xdrive40i/side_profile  cached (146024 bytes)
[161/284] x7/xdrive40i/interior_dashboard  cached (177392 bytes)
[162/284] x7/m60i/front_three_quarter  cached (185010 bytes)
[163/284] x7/m60i/rear_three_quarter  cached (194096 bytes)
[164/284] x7/m60i/side_profile  cached (109550 bytes)
[165/284] x7/m60i/interior_dashboard  cached (113118 bytes)
[166/284] alpina-xb7/alpina-xb7/front_three_quarter  cached (4009042 bytes)
[167/284] alpina-xb7/alpina-xb7/rear_three_quarter  cached (6216706 bytes)
[168/284] alpina-xb7/alpina-xb7/side_profile  cached (2942995 bytes)
[169/284] alpina-xb7/alpina-xb7/interior_dashboard  cached (5367330 bytes)
[170/284] xm/xm-label/front_three_quarter  cached (154810 bytes)
[171/284] xm/xm-label/rear_three_quarter  cached (414176 bytes)
[172/284] xm/xm-label/side_profile  cached (140702 bytes)
[173/284] xm/xm-label/interior_dashboard  cached (169450 bytes)
[174/284] xm/xm-label/interior_rear_seats  FAIL (wrong-content-type — content-type text/html;charset=utf-8)
[175/284] z4/z4-sdrive30i/front_three_quarter  cached (386560 bytes)
[176/284] z4/z4-sdrive30i/side_profile  cached (560304 bytes)
[177/284] z4/z4-sdrive30i/rear_three_quarter  cached (160310 bytes)
[178/284] z4/z4-sdrive30i/interior_dashboard  cached (145906 bytes)
[179/284] z4/z4-m40i/front_three_quarter  cached (192872 bytes)
[180/284] z4/z4-m40i/rear_three_quarter  cached (110330 bytes)
[181/284] z4/z4-m40i/side_profile  cached (410802 bytes)
[182/284] z4/z4-m40i/interior_dashboard  cached (211414 bytes)
[183/284] z4/z4-m40i/engine_bay  cached (276086 bytes)
[184/284] m2/m2-coupe/front_three_quarter  cached (230438 bytes)
[185/284] m2/m2-coupe/rear_three_quarter  cached (565574 bytes)
[186/284] m2/m2-coupe/side_profile  cached (86984 bytes)
[187/284] m2/m2-coupe/interior_dashboard  cached (294602 bytes)
[188/284] m3/m3-manual/front_three_quarter  cached (31076 bytes)
[189/284] m3/m3-manual/rear_three_quarter  cached (401824 bytes)
[190/284] m3/m3-manual/side_profile  cached (296580 bytes)
[191/284] m3/m3-manual/interior_dashboard  cached (218582 bytes)
[192/284] m3/m3-competition/front_three_quarter  cached (31076 bytes)
[193/284] m3/m3-competition/rear_three_quarter  cached (401824 bytes)
[194/284] m3/m3-competition/interior_dashboard  cached (218582 bytes)
[195/284] m3/m3-competition-xdrive/front_three_quarter  cached (31076 bytes)
[196/284] m3/m3-competition-xdrive/side_profile  cached (296580 bytes)
[197/284] m3/m3-competition-xdrive/rear_three_quarter  cached (401824 bytes)
[198/284] m3/m3-competition-xdrive/interior_dashboard  cached (218582 bytes)
[199/284] m4-coupe/m4-coupe/front_three_quarter  cached (292676 bytes)
[200/284] m4-coupe/m4-coupe/rear_three_quarter  cached (805210 bytes)
[201/284] m4-coupe/m4-coupe/side_profile  cached (420686 bytes)
[202/284] m4-coupe/m4-coupe/interior_dashboard  cached (261632 bytes)
[203/284] m4-coupe/m4-competition-coupe/front_three_quarter  cached (292676 bytes)
[204/284] m4-coupe/m4-competition-xdrive-coupe/front_three_quarter  cached (292676 bytes)
[205/284] m4-coupe/m4-competition-xdrive-coupe/side_profile  cached (420686 bytes)
[206/284] m4-convertible/competition-xdrive-convertible/front_three_quarter  cached (7348496 bytes)
[207/284] m4-convertible/competition-xdrive-convertible/rear_three_quarter  cached (7015507 bytes)
[208/284] m4-convertible/competition-xdrive-convertible/side_profile  cached (6669534 bytes)
[209/284] m4-convertible/competition-xdrive-convertible/interior_dashboard  cached (5899910 bytes)
[210/284] m4-convertible/competition-xdrive-convertible/front_three_quarter  cached (5633411 bytes)
[211/284] m4-convertible/competition-xdrive-convertible/rear_three_quarter  cached (4857101 bytes)
[212/284] m5-sedan/m5-sedan/front_three_quarter  cached (15544982 bytes)
[213/284] m5-sedan/m5-sedan/rear_three_quarter  cached (27410351 bytes)
[214/284] m5-sedan/m5-sedan/side_profile  cached (23461130 bytes)
[215/284] m5-sedan/m5-sedan/interior_dashboard  cached (27200960 bytes)
[216/284] m5-touring/m5-touring/front_three_quarter  cached (187828 bytes)
[217/284] m5-touring/m5-touring/rear_three_quarter  cached (180786 bytes)
[218/284] m5-touring/m5-touring/side_profile  cached (172438 bytes)
[219/284] m5-touring/m5-touring/interior_dashboard  cached (208310 bytes)
[220/284] m5-touring/m5-touring/cargo_area  FAIL (wrong-content-type — content-type text/html;charset=utf-8)
[221/284] x5-m-competition/x5-m-competition/front_three_quarter  cached (187738 bytes)
[222/284] x5-m-competition/x5-m-competition/rear_three_quarter  cached (186616 bytes)
[223/284] x5-m-competition/x5-m-competition/side_profile  cached (244936 bytes)
[224/284] x5-m-competition/x5-m-competition/interior_dashboard  cached (188616 bytes)
[225/284] x5-m-competition/x5-m-competition/interior_rear_seats  cached (295650 bytes)
[226/284] x5-m-competition/x5-m-competition/engine_bay  cached (205602 bytes)
[227/284] x6-m-competition/x6-m-competition/front_three_quarter  cached (182220 bytes)
[228/284] x6-m-competition/x6-m-competition/rear_three_quarter  cached (314814 bytes)
[229/284] x6-m-competition/x6-m-competition/side_profile  cached (280510 bytes)
[230/284] x6-m-competition/x6-m-competition/interior_dashboard  cached (366776 bytes)
[231/284] x6-m-competition/x6-m-competition/wheel_detail  cached (162284 bytes)
[232/284] x6-m-competition/x6-m-competition/engine_bay  cached (205474 bytes)
[233/284] i4/i4-edrive40/front_three_quarter  cached (13154 bytes)
[234/284] i4/i4-edrive40/side_profile  cached (4846 bytes)
[235/284] i4/i4-edrive40/rear_three_quarter  cached (8336 bytes)
[236/284] i4/i4-edrive40/interior_dashboard  cached (13502 bytes)
[237/284] i4/i4-xdrive40/front_three_quarter  cached (13154 bytes)
[238/284] i4/i4-xdrive40/side_profile  cached (16810 bytes)
[239/284] i4/i4-xdrive40/rear_three_quarter  cached (8336 bytes)
[240/284] i4/i4-xdrive40/interior_dashboard  cached (11000 bytes)
[241/284] i4/i4-m60/front_three_quarter  cached (4684 bytes)
[242/284] i4/i4-m60/side_profile  cached (6586 bytes)
[243/284] i4/i4-m60/rear_three_quarter  cached (3234 bytes)
[244/284] i4/i4-m60/interior_dashboard  cached (12882 bytes)
[245/284] i5/edrive40/front_three_quarter  cached (205106 bytes)
[246/284] i5/edrive40/side_profile  cached (469080 bytes)
[247/284] i5/edrive40/interior_dashboard  cached (134276 bytes)
[248/284] i5/edrive40/rear_three_quarter  FAIL (wrong-content-type — content-type text/html;charset=utf-8)
[249/284] i5/xdrive40/front_three_quarter  cached (205106 bytes)
[250/284] i5/m60-xdrive/front_three_quarter  cached (226526 bytes)
[251/284] i5/m60-xdrive/side_profile  cached (239766 bytes)
[252/284] i5/m60-xdrive/interior_dashboard  cached (282042 bytes)
[253/284] i5/m60-xdrive/interior_rear_seats  cached (1004360 bytes)
[254/284] i7/edrive50/front_three_quarter  cached (115782 bytes)
[255/284] i7/edrive50/side_profile  cached (167856 bytes)
[256/284] i7/edrive50/rear_three_quarter  cached (196452 bytes)
[257/284] i7/edrive50/interior_dashboard  cached (253686 bytes)
[258/284] i7/edrive50/interior_rear_seats  cached (179578 bytes)
[259/284] i7/xdrive60/front_three_quarter  cached (115782 bytes)
[260/284] i7/xdrive60/interior_dashboard  cached (253686 bytes)
[261/284] i7/m70-xdrive/front_three_quarter  cached (186674 bytes)
[262/284] i7/m70-xdrive/rear_three_quarter  cached (357840 bytes)
[263/284] i7/m70-xdrive/side_profile  cached (673588 bytes)
[264/284] i7/m70-xdrive/interior_dashboard  cached (285096 bytes)
[265/284] i7/m70-xdrive/interior_rear_seats  cached (216514 bytes)
[266/284] i7/m70-xdrive/wheel_detail  cached (185534 bytes)
[267/284] ix/ix-xdrive45/front_three_quarter  cached (10350 bytes)
[268/284] ix/ix-xdrive45/rear_three_quarter  cached (6286 bytes)
[269/284] ix/ix-xdrive45/side_profile  cached (9124 bytes)
[270/284] ix/ix-xdrive45/interior_dashboard  cached (17128 bytes)
[271/284] ix/ix-xdrive60/front_three_quarter  cached (9124 bytes)
[272/284] ix/ix-xdrive60/rear_three_quarter  cached (7528 bytes)
[273/284] ix/ix-xdrive60/side_profile  cached (11240 bytes)
[274/284] ix/ix-xdrive60/interior_dashboard  cached (17128 bytes)
[275/284] ix/ix-xdrive60/interior_rear_seats  cached (10178 bytes)
[276/284] ix/ix-xdrive60/wheel_detail  cached (25496 bytes)
[277/284] ix/ix-m70-xdrive/front_three_quarter  cached (5892 bytes)
[278/284] ix/ix-m70-xdrive/rear_three_quarter  cached (12014 bytes)
[279/284] ix/ix-m70-xdrive/side_profile  cached (6756 bytes)
[280/284] ix/ix-m70-xdrive/interior_dashboard  cached (15204 bytes)
[281/284] ix3/ix3-50-xdrive/front_three_quarter  cached (197964 bytes)
[282/284] ix3/ix3-50-xdrive/rear_three_quarter  cached (15172 bytes)
[283/284] ix3/ix3-50-xdrive/side_profile  cached (12372 bytes)
[284/284] ix3/ix3-50-xdrive/interior_dashboard  cached (18486 bytes)

Updated catalog/data/bmw.json and data/bmw.json with downloaded flags.

========================================
  SUMMARY
========================================
Brand:                  bmw
Total images attempted: 284
Successful:             266 (93.7%)
Failed:                 18

Failed by HTTP status:
  (none)

Failed by other error kind:
  wrong-content-type: 18

Models with zero successful images: 0 of 30

Failure breakdown (one example per group):
  [wrong-content-type (text/html;charset=utf-8)] x18 — e.g. https://www.bmwusa.com/vehicles/2-series/bmw-gran-coupe/bmw-2-series-gran-coupe.html
