Brand: nissan
Found 150 image entries across 13 models.

[1/150] sentra/s/front_three_quarter  ok (52731 bytes, image/jpeg)
[2/150] sentra/s/rear_three_quarter  ok (60434 bytes, image/jpeg)
[3/150] sentra/s/side_profile  ok (10628 bytes, image/avif)
[4/150] sentra/s/interior_dashboard  ok (41454 bytes, image/webp)
[5/150] sentra/sv/front_three_quarter  ok (55458 bytes, image/webp)
[6/150] sentra/sv/interior_dashboard  ok (45436 bytes, image/webp)
[7/150] sentra/sr/front_three_quarter  ok (52731 bytes, image/jpeg)
[8/150] sentra/sr/rear_three_quarter  ok (60434 bytes, image/jpeg)
[9/150] sentra/sr/side_profile  ok (10628 bytes, image/avif)
[10/150] sentra/sr/interior_dashboard  ok (41454 bytes, image/webp)
[11/150] sentra/sl/front_three_quarter  ok (27527 bytes, image/jpeg)
[12/150] sentra/sl/interior_dashboard  ok (135934 bytes, image/jpeg)
[13/150] altima/sv/front_three_quarter  ok (75104 bytes, image/jpeg)
[14/150] altima/sv/rear_three_quarter  ok (11082 bytes, image/webp)
[15/150] altima/sv/side_profile  ok (13368 bytes, image/webp)
[16/150] altima/sv/interior_dashboard  ok (68256 bytes, image/webp)
[17/150] altima/sv-special-edition/front_three_quarter  ok (68547 bytes, image/jpeg)
[18/150] altima/sv-awd/front_three_quarter  ok (17950 bytes, image/webp)
[19/150] altima/sr/front_three_quarter  ok (75104 bytes, image/jpeg)
[20/150] altima/sr/rear_three_quarter  ok (11082 bytes, image/webp)
[21/150] altima/sr/side_profile  ok (13368 bytes, image/webp)
[22/150] altima/sr/interior_dashboard  ok (68256 bytes, image/webp)
[23/150] altima/sr-midnight-edition/front_three_quarter  ok (68547 bytes, image/jpeg)
[24/150] altima/sr-awd/front_three_quarter  ok (17950 bytes, image/webp)
[25/150] z/sport/front_three_quarter  ok (27009 bytes, image/jpeg)
[26/150] z/sport/rear_three_quarter  ok (17440 bytes, image/webp)
[27/150] z/sport/side_profile  ok (55384 bytes, image/webp)
[28/150] z/sport/interior_dashboard  ok (34772 bytes, image/webp)
[29/150] z/sport-automatic/front_three_quarter  ok (22236 bytes, image/jpeg)
[30/150] z/performance/front_three_quarter  ok (27009 bytes, image/jpeg)
[31/150] z/performance/rear_three_quarter  ok (17440 bytes, image/webp)
[32/150] z/performance/side_profile  ok (55384 bytes, image/webp)
[33/150] z/performance/interior_dashboard  ok (34772 bytes, image/webp)
[34/150] z/performance-heritage-edition/front_three_quarter  ok (27009 bytes, image/jpeg)
[35/150] z/performance-heritage-edition/rear_three_quarter  ok (17440 bytes, image/webp)
[36/150] z/performance-heritage-edition/side_profile  ok (55384 bytes, image/webp)
[37/150] z/performance-heritage-edition/interior_dashboard  ok (34772 bytes, image/webp)
[38/150] z-nismo/nismo/front_three_quarter  ok (98174 bytes, image/webp)
[39/150] z-nismo/nismo/rear_three_quarter  ok (55630 bytes, image/webp)
[40/150] z-nismo/nismo/side_profile  ok (57094 bytes, image/webp)
[41/150] z-nismo/nismo/interior_dashboard  ok (52312 bytes, image/webp)
[42/150] leaf/s-plus/front_three_quarter  ok (46723 bytes, image/jpeg)
[43/150] leaf/s-plus/rear_three_quarter  ok (25134 bytes, image/webp)
[44/150] leaf/s-plus/side_profile  ok (9755 bytes, image/avif)
[45/150] leaf/s-plus/interior_dashboard  ok (95068 bytes, image/webp)
[46/150] leaf/sv-plus/front_three_quarter  ok (62946 bytes, image/webp)
[47/150] leaf/sv-plus/interior_dashboard  ok (30640 bytes, image/webp)
[48/150] leaf/platinum-plus/front_three_quarter  ok (46723 bytes, image/jpeg)
[49/150] leaf/platinum-plus/rear_three_quarter  ok (25134 bytes, image/webp)
[50/150] leaf/platinum-plus/side_profile  ok (9755 bytes, image/avif)
[51/150] leaf/platinum-plus/interior_dashboard  ok (95068 bytes, image/webp)
[52/150] kicks/s/front_three_quarter  ok (35502 bytes, image/webp)
[53/150] kicks/s/rear_three_quarter  FAIL (wrong-content-type — content-type text/html; charset=utf-8)
[54/150] kicks/s/side_profile  ok (61760 bytes, image/jpeg)
[55/150] kicks/s/interior_dashboard  ok (15124 bytes, image/webp)
[56/150] kicks/sv/front_three_quarter  ok (29556 bytes, image/webp)
[57/150] kicks/sv/interior_dashboard  ok (52528 bytes, image/webp)
[58/150] kicks/sr-fwd/front_three_quarter  ok (35502 bytes, image/webp)
[59/150] kicks/sr-fwd/rear_three_quarter  FAIL (wrong-content-type — content-type text/html; charset=utf-8)
[60/150] kicks/sr-fwd/side_profile  ok (61760 bytes, image/jpeg)
[61/150] kicks/sr-fwd/interior_dashboard  ok (15124 bytes, image/webp)
[62/150] kicks/sr-awd/front_three_quarter  ok (29556 bytes, image/webp)
[63/150] rogue/s/front_three_quarter  ok (5772 bytes, image/webp)
[64/150] rogue/s/rear_three_quarter  ok (79676 bytes, image/webp)
[65/150] rogue/s/side_profile  ok (26778 bytes, image/webp)
[66/150] rogue/s/interior_dashboard  ok (20482 bytes, image/webp)
[67/150] rogue/sv/front_three_quarter  FAIL (wrong-content-type — content-type text/html; charset=utf-8)
[68/150] rogue/sv/interior_dashboard  ok (9970 bytes, image/webp)
[69/150] rogue/dark-armor/front_three_quarter  ok (5772 bytes, image/webp)
[70/150] rogue/dark-armor/rear_three_quarter  ok (79676 bytes, image/webp)
[71/150] rogue/dark-armor/side_profile  ok (26778 bytes, image/webp)
[72/150] rogue/dark-armor/interior_dashboard  ok (20482 bytes, image/webp)
[73/150] rogue/rock-creek/front_three_quarter  ok (5772 bytes, image/webp)
[74/150] rogue/rock-creek/rear_three_quarter  ok (79676 bytes, image/webp)
[75/150] rogue/rock-creek/side_profile  ok (26778 bytes, image/webp)
[76/150] rogue/rock-creek/interior_dashboard  ok (20482 bytes, image/webp)
[77/150] rogue/sl/front_three_quarter  FAIL (wrong-content-type — content-type text/html; charset=utf-8)
[78/150] rogue/sl/interior_dashboard  ok (26914 bytes, image/webp)
[79/150] rogue/platinum-awd/front_three_quarter  ok (5772 bytes, image/webp)
[80/150] rogue/platinum-awd/rear_three_quarter  ok (79676 bytes, image/webp)
[81/150] rogue/platinum-awd/side_profile  ok (26778 bytes, image/webp)
[82/150] rogue/platinum-awd/interior_dashboard  ok (20482 bytes, image/webp)
[83/150] rogue-plug-in-hybrid/sl/front_three_quarter  ok (152004 bytes, image/webp)
[84/150] rogue-plug-in-hybrid/sl/rear_three_quarter  ok (246006 bytes, image/webp)
[85/150] rogue-plug-in-hybrid/sl/side_profile  ok (6302 bytes, image/webp)
[86/150] rogue-plug-in-hybrid/sl/interior_dashboard  ok (302859 bytes, image/jpeg)
[87/150] rogue-plug-in-hybrid/platinum/front_three_quarter  ok (64830 bytes, image/webp)
[88/150] rogue-plug-in-hybrid/platinum/interior_dashboard  ok (191250 bytes, image/webp)
[89/150] murano/sv/front_three_quarter  ok (16550 bytes, image/webp)
[90/150] murano/sv/rear_three_quarter  FAIL (wrong-content-type — content-type text/html; charset=utf-8)
[91/150] murano/sv/side_profile  ok (55992 bytes, image/webp)
[92/150] murano/sv/interior_dashboard  ok (11120 bytes, image/webp)
[93/150] murano/sl/front_three_quarter  ok (41142 bytes, image/webp)
[94/150] murano/sl/interior_dashboard  ok (13436 bytes, image/webp)
[95/150] murano/platinum/front_three_quarter  ok (16550 bytes, image/webp)
[96/150] murano/platinum/rear_three_quarter  FAIL (wrong-content-type — content-type text/html; charset=utf-8)
[97/150] murano/platinum/side_profile  ok (55992 bytes, image/webp)
[98/150] murano/platinum/interior_dashboard  ok (11120 bytes, image/webp)
[99/150] pathfinder/sv/front_three_quarter  FAIL (wrong-content-type — content-type text/html; charset=utf-8)
[100/150] pathfinder/sv/rear_three_quarter  ok (71390 bytes, image/jpeg)
[101/150] pathfinder/sv/side_profile  ok (7411 bytes, image/avif)
[102/150] pathfinder/sv/interior_dashboard  ok (6094 bytes, image/webp)
[103/150] pathfinder/rock-creek/front_three_quarter  FAIL (wrong-content-type — content-type text/html; charset=utf-8)
[104/150] pathfinder/rock-creek/rear_three_quarter  ok (71390 bytes, image/jpeg)
[105/150] pathfinder/rock-creek/side_profile  ok (7411 bytes, image/avif)
[106/150] pathfinder/rock-creek/interior_dashboard  ok (6094 bytes, image/webp)
[107/150] pathfinder/sl/front_three_quarter  FAIL (wrong-content-type — content-type text/html; charset=utf-8)
[108/150] pathfinder/sl/interior_dashboard  ok (36130 bytes, image/webp)
[109/150] pathfinder/platinum/front_three_quarter  FAIL (wrong-content-type — content-type text/html; charset=utf-8)
[110/150] pathfinder/platinum/rear_three_quarter  ok (71390 bytes, image/jpeg)
[111/150] pathfinder/platinum/side_profile  ok (7411 bytes, image/avif)
[112/150] pathfinder/platinum/interior_dashboard  ok (6094 bytes, image/webp)
[113/150] armada/sv/front_three_quarter  ok (38491 bytes, image/jpeg)
[114/150] armada/sv/rear_three_quarter  ok (56064 bytes, image/webp)
[115/150] armada/sv/side_profile  ok (98908 bytes, image/webp)
[116/150] armada/sv/interior_dashboard  ok (75756 bytes, image/webp)
[117/150] armada/sl/front_three_quarter  ok (127016 bytes, image/webp)
[118/150] armada/sl/interior_dashboard  ok (54850 bytes, image/webp)
[119/150] armada/pro-4x/front_three_quarter  ok (38491 bytes, image/jpeg)
[120/150] armada/pro-4x/rear_three_quarter  ok (56064 bytes, image/webp)
[121/150] armada/pro-4x/side_profile  ok (98908 bytes, image/webp)
[122/150] armada/pro-4x/interior_dashboard  ok (75756 bytes, image/webp)
[123/150] armada/platinum/front_three_quarter  ok (41202 bytes, image/webp)
[124/150] armada/platinum/interior_dashboard  ok (26518 bytes, image/webp)
[125/150] armada/platinum-reserve/front_three_quarter  ok (38491 bytes, image/jpeg)
[126/150] armada/platinum-reserve/rear_three_quarter  ok (56064 bytes, image/webp)
[127/150] armada/platinum-reserve/side_profile  ok (98908 bytes, image/webp)
[128/150] armada/platinum-reserve/interior_dashboard  ok (75756 bytes, image/webp)
[129/150] armada-nismo/nismo/front_three_quarter  ok (66430 bytes, image/webp)
[130/150] armada-nismo/nismo/rear_three_quarter  ok (48644 bytes, image/webp)
[131/150] armada-nismo/nismo/side_profile  ok (26300 bytes, image/webp)
[132/150] armada-nismo/nismo/interior_dashboard  ok (86056 bytes, image/webp)
[133/150] frontier/s-king-cab/front_three_quarter  ok (203238 bytes, image/webp)
[134/150] frontier/s-king-cab/rear_three_quarter  ok (180215 bytes, image/jpeg)
[135/150] frontier/s-king-cab/side_profile  ok (7931 bytes, image/avif)
[136/150] frontier/s-king-cab/interior_dashboard  ok (26354 bytes, image/webp)
[137/150] frontier/sv-crew-cab/front_three_quarter  ok (28816 bytes, image/webp)
[138/150] frontier/sv-crew-cab/interior_dashboard  ok (38150 bytes, image/webp)
[139/150] frontier/pro-x/front_three_quarter  ok (203238 bytes, image/webp)
[140/150] frontier/pro-x/rear_three_quarter  ok (180215 bytes, image/jpeg)
[141/150] frontier/pro-x/side_profile  ok (7931 bytes, image/avif)
[142/150] frontier/pro-x/interior_dashboard  ok (26354 bytes, image/webp)
[143/150] frontier/pro-4x/front_three_quarter  ok (203238 bytes, image/webp)
[144/150] frontier/pro-4x/rear_three_quarter  ok (180215 bytes, image/jpeg)
[145/150] frontier/pro-4x/side_profile  ok (7931 bytes, image/avif)
[146/150] frontier/pro-4x/interior_dashboard  ok (26354 bytes, image/webp)
[147/150] frontier/sl/front_three_quarter  ok (203238 bytes, image/webp)
[148/150] frontier/sl/rear_three_quarter  ok (180215 bytes, image/jpeg)
[149/150] frontier/sl/side_profile  ok (7931 bytes, image/avif)
[150/150] frontier/sl/interior_dashboard  ok (26354 bytes, image/webp)

Updated catalog/data/nissan.json and data/nissan.json with downloaded flags.

========================================
  SUMMARY
========================================
Brand:                  nissan
Total images attempted: 150
Successful:             140 (93.3%)
Failed:                 10

Failed by HTTP status:
  (none)

Failed by other error kind:
  wrong-content-type: 10

Models with zero successful images: 0 of 13

Failure breakdown (one example per group):
  [wrong-content-type (text/html; charset=utf-8)] x10 — e.g. https://www.nissanusa.com/vehicles/crossovers-suvs/kicks.html
