Brand: porsche
Referer header: https://www.porsche.com/
Found 155 image entries across 16 models.

[1/155] 911/carrera/front_three_quarter  cached (1368904 bytes)
[2/155] 911/carrera/side_profile  cached (34106 bytes)
[3/155] 911/carrera/rear_three_quarter  FAIL (wrong-content-type — content-type text/html)
[4/155] 911/carrera/interior_dashboard  FAIL (wrong-content-type — content-type text/html)
[5/155] 911/carrera-cabriolet/front_three_quarter  FAIL (wrong-content-type — content-type text/html)
[6/155] 911/carrera-cabriolet/side_profile  ok (34106 bytes, image/avif)
[7/155] 911/carrera-cabriolet/rear_three_quarter  FAIL (wrong-content-type — content-type text/html)
[8/155] 911/carrera-cabriolet/interior_dashboard  FAIL (wrong-content-type — content-type text/html)
[9/155] 911/carrera-t/front_three_quarter  FAIL (wrong-content-type — content-type text/html)
[10/155] 911/carrera-t/side_profile  ok (35368 bytes, image/avif)
[11/155] 911/carrera-s/front_three_quarter  cached (881419 bytes)
[12/155] 911/carrera-s/side_profile  cached (34106 bytes)
[13/155] 911/carrera-s/rear_three_quarter  FAIL (wrong-content-type — content-type text/html)
[14/155] 911/carrera-s/interior_dashboard  FAIL (wrong-content-type — content-type text/html)
[15/155] 911/carrera-s-cabriolet/front_three_quarter  FAIL (wrong-content-type — content-type text/html)
[16/155] 911/carrera-s-cabriolet/side_profile  ok (34106 bytes, image/avif)
[17/155] 911/carrera-s-cabriolet/rear_three_quarter  FAIL (wrong-content-type — content-type text/html)
[18/155] 911/carrera-s-cabriolet/interior_dashboard  FAIL (wrong-content-type — content-type text/html)
[19/155] 911/carrera-4s/side_profile  cached (35368 bytes)
[20/155] 911/carrera-4s/front_three_quarter  FAIL (wrong-content-type — content-type text/html)
[21/155] 911/carrera-4s-cabriolet/front_three_quarter  FAIL (wrong-content-type — content-type text/html)
[22/155] 911/targa-4s/front_three_quarter  cached (1823294 bytes)
[23/155] 911/targa-4s/side_profile  cached (34106 bytes)
[24/155] 911/targa-4s/rear_three_quarter  FAIL (wrong-content-type — content-type text/html)
[25/155] 911/targa-4s/interior_dashboard  FAIL (wrong-content-type — content-type text/html)
[26/155] 911/carrera-gts/front_three_quarter  cached (1091455 bytes)
[27/155] 911/carrera-gts/side_profile  cached (34106 bytes)
[28/155] 911/carrera-gts/rear_three_quarter  FAIL (wrong-content-type — content-type text/html)
[29/155] 911/carrera-gts/interior_dashboard  FAIL (wrong-content-type — content-type text/html)
[30/155] 911/carrera-gts-cabriolet/front_three_quarter  FAIL (wrong-content-type — content-type text/html)
[31/155] 911/carrera-gts-cabriolet/side_profile  ok (34106 bytes, image/avif)
[32/155] 911/carrera-gts-cabriolet/rear_three_quarter  FAIL (wrong-content-type — content-type text/html)
[33/155] 911/carrera-gts-cabriolet/interior_dashboard  FAIL (wrong-content-type — content-type text/html)
[34/155] 911/carrera-4-gts/front_three_quarter  FAIL (wrong-content-type — content-type text/html)
[35/155] 911/carrera-4-gts-cabriolet/front_three_quarter  FAIL (wrong-content-type — content-type text/html)
[36/155] 911/targa-4-gts/front_three_quarter  FAIL (wrong-content-type — content-type text/html)
[37/155] 911/targa-4-gts/side_profile  ok (34106 bytes, image/avif)
[38/155] 911/targa-4-gts/rear_three_quarter  FAIL (wrong-content-type — content-type text/html)
[39/155] 911/targa-4-gts/interior_dashboard  FAIL (wrong-content-type — content-type text/html)
[40/155] 911-gt3/gt3/front_three_quarter  ok (98613 bytes, image/avif)
[41/155] 911-gt3/gt3/side_profile  ok (43844 bytes, image/avif)
[42/155] 911-gt3/gt3/rear_three_quarter  ok (53279 bytes, image/avif)
[43/155] 911-gt3/gt3/interior_dashboard  FAIL (wrong-content-type — content-type text/html)
[44/155] 911-gt3/gt3-touring/front_three_quarter  ok (98613 bytes, image/avif)
[45/155] 911-gt3/gt3-touring/side_profile  ok (43844 bytes, image/avif)
[46/155] 911-gt3/gt3-touring/rear_three_quarter  ok (53279 bytes, image/avif)
[47/155] 911-gt3/gt3-touring/interior_dashboard  FAIL (wrong-content-type — content-type text/html)
[48/155] 911-gt3-rs/gt3-rs/front_three_quarter  FAIL (wrong-content-type — content-type text/html)
[49/155] 911-gt3-rs/gt3-rs/side_profile  FAIL (wrong-content-type — content-type text/html)
[50/155] 911-gt3-rs/gt3-rs/rear_three_quarter  FAIL (wrong-content-type — content-type text/html)
[51/155] 911-gt3-rs/gt3-rs/interior_dashboard  FAIL (wrong-content-type — content-type text/html)
[52/155] 911-turbo-s/turbo-s-coupe/front_three_quarter  ok (144028 bytes, image/avif)
[53/155] 911-turbo-s/turbo-s-coupe/side_profile  ok (133632 bytes, image/avif)
[54/155] 911-turbo-s/turbo-s-coupe/rear_three_quarter  ok (227207 bytes, image/avif)
[55/155] 911-turbo-s/turbo-s-coupe/interior_dashboard  ok (130302 bytes, image/avif)
[56/155] 911-turbo-s/turbo-s-cabriolet/front_three_quarter  ok (144028 bytes, image/avif)
[57/155] 911-turbo-s/turbo-s-cabriolet/side_profile  ok (133632 bytes, image/avif)
[58/155] 911-turbo-s/turbo-s-cabriolet/rear_three_quarter  ok (227207 bytes, image/avif)
[59/155] 911-turbo-s/turbo-s-cabriolet/interior_dashboard  ok (130302 bytes, image/avif)
[60/155] 911-spirit-70/spirit-70/front_three_quarter  ok (50305 bytes, image/avif)
[61/155] 911-spirit-70/spirit-70/side_profile  ok (36588 bytes, image/avif)
[62/155] 911-spirit-70/spirit-70/rear_three_quarter  ok (247151 bytes, image/avif)
[63/155] 911-spirit-70/spirit-70/interior_dashboard  ok (51808 bytes, image/avif)
[64/155] 718-cayman-gt4-rs/gt4-rs/front_three_quarter  FAIL (wrong-content-type — content-type text/html)
[65/155] 718-cayman-gt4-rs/gt4-rs/side_profile  FAIL (wrong-content-type — content-type text/html)
[66/155] 718-cayman-gt4-rs/gt4-rs/rear_three_quarter  FAIL (wrong-content-type — content-type text/html)
[67/155] 718-cayman-gt4-rs/gt4-rs/interior_dashboard  FAIL (wrong-content-type — content-type text/html)
[68/155] 718-spyder-rs/spyder-rs/front_three_quarter  FAIL (wrong-content-type — content-type text/html)
[69/155] 718-spyder-rs/spyder-rs/side_profile  FAIL (wrong-content-type — content-type text/html)
[70/155] 718-spyder-rs/spyder-rs/rear_three_quarter  FAIL (wrong-content-type — content-type text/html)
[71/155] 718-spyder-rs/spyder-rs/interior_dashboard  FAIL (wrong-content-type — content-type text/html)
[72/155] taycan/taycan/front_three_quarter  cached (1944563 bytes)
[73/155] taycan/taycan/side_profile  cached (32372 bytes)
[74/155] taycan/taycan/rear_three_quarter  cached (858981 bytes)
[75/155] taycan/taycan/interior_dashboard  cached (3512584 bytes)
[76/155] taycan/taycan-4s/front_three_quarter  cached (1863232 bytes)
[77/155] taycan/taycan-4s/side_profile  cached (32372 bytes)
[78/155] taycan/taycan-gts/front_three_quarter  FAIL (wrong-content-type — content-type text/html)
[79/155] taycan/taycan-turbo/front_three_quarter  FAIL (wrong-content-type — content-type text/html)
[80/155] taycan/taycan-turbo-s/front_three_quarter  FAIL (wrong-content-type — content-type text/html)
[81/155] taycan/taycan-gts-sport-turismo/front_three_quarter  FAIL (wrong-content-type — content-type text/html)
[82/155] taycan/taycan-gts-sport-turismo/side_profile  ok (32372 bytes, image/avif)
[83/155] taycan/taycan-gts-sport-turismo/rear_three_quarter  FAIL (wrong-content-type — content-type text/html)
[84/155] taycan/taycan-gts-sport-turismo/interior_dashboard  FAIL (wrong-content-type — content-type text/html)
[85/155] taycan-turbo-gt/turbo-gt/front_three_quarter  cached (50168 bytes)
[86/155] taycan-turbo-gt/turbo-gt/side_profile  cached (39745 bytes)
[87/155] taycan-turbo-gt/turbo-gt/rear_three_quarter  ok (119761 bytes, image/avif)
[88/155] taycan-turbo-gt/turbo-gt/interior_dashboard  ok (13039 bytes, image/avif)
[89/155] taycan-cross-turismo/taycan-4-cross-turismo/front_three_quarter  ok (48116 bytes, image/avif)
[90/155] taycan-cross-turismo/taycan-4-cross-turismo/side_profile  ok (36922 bytes, image/avif)
[91/155] taycan-cross-turismo/taycan-4-cross-turismo/rear_three_quarter  ok (50413 bytes, image/avif)
[92/155] taycan-cross-turismo/taycan-4-cross-turismo/interior_dashboard  ok (13039 bytes, image/avif)
[93/155] taycan-cross-turismo/taycan-4s-cross-turismo/front_three_quarter  ok (70820 bytes, image/avif)
[94/155] taycan-cross-turismo/taycan-turbo-cross-turismo/front_three_quarter  ok (33263 bytes, image/avif)
[95/155] taycan-cross-turismo/taycan-turbo-s-cross-turismo/front_three_quarter  ok (20144 bytes, image/avif)
[96/155] panamera/panamera/front_three_quarter  cached (4529591 bytes)
[97/155] panamera/panamera/side_profile  cached (30747 bytes)
[98/155] panamera/panamera/rear_three_quarter  FAIL (wrong-content-type — content-type text/html)
[99/155] panamera/panamera/interior_dashboard  FAIL (wrong-content-type — content-type text/html)
[100/155] panamera/panamera-4/front_three_quarter  cached (4943201 bytes)
[101/155] panamera/panamera-4/side_profile  cached (30737 bytes)
[102/155] panamera/panamera-gts/front_three_quarter  cached (4967292 bytes)
[103/155] panamera/panamera-gts/side_profile  cached (30747 bytes)
[104/155] panamera/panamera-gts/rear_three_quarter  FAIL (wrong-content-type — content-type text/html)
[105/155] panamera/panamera-gts/interior_dashboard  FAIL (wrong-content-type — content-type text/html)
[106/155] panamera/panamera-4-e-hybrid/front_three_quarter  FAIL (wrong-content-type — content-type text/html)
[107/155] panamera/panamera-4s-e-hybrid/front_three_quarter  FAIL (wrong-content-type — content-type text/html)
[108/155] panamera/panamera-turbo-e-hybrid/front_three_quarter  FAIL (wrong-content-type — content-type text/html)
[109/155] panamera/panamera-turbo-s-e-hybrid/front_three_quarter  FAIL (wrong-content-type — content-type text/html)
[110/155] cayenne/cayenne/front_three_quarter  cached (1202647 bytes)
[111/155] cayenne/cayenne/side_profile  cached (31879 bytes)
[112/155] cayenne/cayenne/rear_three_quarter  cached (6439470 bytes)
[113/155] cayenne/cayenne/interior_dashboard  FAIL (wrong-content-type — content-type text/html)
[114/155] cayenne/cayenne-s/front_three_quarter  cached (1199783 bytes)
[115/155] cayenne/cayenne-s/side_profile  cached (32958 bytes)
[116/155] cayenne/cayenne-gts/front_three_quarter  FAIL (wrong-content-type — content-type text/html)
[117/155] cayenne/cayenne-e-hybrid/front_three_quarter  FAIL (wrong-content-type — content-type text/html)
[118/155] cayenne/cayenne-turbo-e-hybrid/front_three_quarter  FAIL (wrong-content-type — content-type text/html)
[119/155] cayenne-coupe/cayenne-coupe/front_three_quarter  ok (42414 bytes, image/avif)
[120/155] cayenne-coupe/cayenne-coupe/side_profile  cached (31818 bytes)
[121/155] cayenne-coupe/cayenne-coupe/rear_three_quarter  FAIL (wrong-content-type — content-type text/html)
[122/155] cayenne-coupe/cayenne-coupe/interior_dashboard  FAIL (wrong-content-type — content-type text/html)
[123/155] cayenne-coupe/cayenne-s-coupe/front_three_quarter  ok (57572 bytes, image/avif)
[124/155] cayenne-coupe/cayenne-gts-coupe/front_three_quarter  ok (30113 bytes, image/avif)
[125/155] cayenne-coupe/cayenne-e-hybrid-coupe/front_three_quarter  ok (18815 bytes, image/avif)
[126/155] cayenne-coupe/cayenne-turbo-e-hybrid-coupe/front_three_quarter  ok (8619 bytes, image/avif)
[127/155] cayenne-coupe/cayenne-turbo-gt/front_three_quarter  ok (42414 bytes, image/avif)
[128/155] cayenne-coupe/cayenne-turbo-gt/side_profile  ok (31818 bytes, image/avif)
[129/155] cayenne-coupe/cayenne-turbo-gt/rear_three_quarter  FAIL (wrong-content-type — content-type text/html)
[130/155] cayenne-coupe/cayenne-turbo-gt/interior_dashboard  FAIL (wrong-content-type — content-type text/html)
[131/155] cayenne-electric/cayenne-electric/front_three_quarter  FAIL (wrong-content-type — content-type text/html)
[132/155] cayenne-electric/cayenne-electric/side_profile  ok (34612 bytes, image/avif)
[133/155] cayenne-electric/cayenne-electric/rear_three_quarter  ok (45937 bytes, image/avif)
[134/155] cayenne-electric/cayenne-electric/interior_dashboard  FAIL (wrong-content-type — content-type text/html)
[135/155] cayenne-electric/cayenne-s-electric/front_three_quarter  FAIL (wrong-content-type — content-type text/html)
[136/155] cayenne-electric/cayenne-turbo-electric/front_three_quarter  FAIL (wrong-content-type — content-type text/html)
[137/155] macan/macan/front_three_quarter  FAIL (wrong-content-type — content-type text/html)
[138/155] macan/macan/side_profile  cached (49117 bytes)
[139/155] macan/macan/rear_three_quarter  FAIL (wrong-content-type — content-type text/html)
[140/155] macan/macan/interior_dashboard  FAIL (wrong-content-type — content-type text/html)
[141/155] macan/macan-t/side_profile  cached (40862 bytes)
[142/155] macan/macan-s/front_three_quarter  cached (2088831 bytes)
[143/155] macan/macan-s/side_profile  cached (46491 bytes)
[144/155] macan/macan-gts/front_three_quarter  cached (1775660 bytes)
[145/155] macan/macan-gts/side_profile  cached (45032 bytes)
[146/155] macan/macan-gts/rear_three_quarter  FAIL (wrong-content-type — content-type text/html)
[147/155] macan/macan-gts/interior_dashboard  FAIL (wrong-content-type — content-type text/html)
[148/155] macan-electric/macan-electric/front_three_quarter  FAIL (wrong-content-type — content-type text/html)
[149/155] macan-electric/macan-electric/side_profile  ok (56164 bytes, image/avif)
[150/155] macan-electric/macan-electric/rear_three_quarter  FAIL (wrong-content-type — content-type text/html)
[151/155] macan-electric/macan-electric/interior_dashboard  FAIL (wrong-content-type — content-type text/html)
[152/155] macan-electric/macan-4-electric/front_three_quarter  FAIL (wrong-content-type — content-type text/html)
[153/155] macan-electric/macan-4s-electric/front_three_quarter  FAIL (wrong-content-type — content-type text/html)
[154/155] macan-electric/macan-gts-electric/front_three_quarter  FAIL (wrong-content-type — content-type text/html)
[155/155] macan-electric/macan-turbo-electric/front_three_quarter  FAIL (wrong-content-type — content-type text/html)

Updated catalog/data/porsche.json and data/porsche.json with downloaded flags.

========================================
  SUMMARY
========================================
Brand:                  porsche
Total images attempted: 155
Successful:             78 (50.3%)
Failed:                 77

Failed by HTTP status:
  (none)

Failed by other error kind:
  wrong-content-type: 77

Models with zero successful images: 3 of 16
  - 911-gt3-rs (4 attempted)
  - 718-cayman-gt4-rs (4 attempted)
  - 718-spyder-rs (4 attempted)

Failure breakdown (one example per group):
  [wrong-content-type (text/html)] x77 — e.g. https://www.porsche.com/usa/models/911/
