Brand: rolls-royce
Referer header: https://www.rolls-roycemotorcars.com/
Found 38 image entries across 7 models.

[1/38] phantom/phantom/front_three_quarter  ok (529117 bytes, image/jpeg)
[2/38] phantom/phantom/rear_three_quarter  ok (432627 bytes, image/jpeg)
[3/38] phantom/phantom/side_profile  ok (486026 bytes, image/jpeg)
[4/38] phantom/phantom/interior_dashboard  ok (1849449 bytes, image/png)
[5/38] phantom/phantom-extended/front_three_quarter  ok (529117 bytes, image/jpeg)
[6/38] phantom/phantom-extended/rear_three_quarter  ok (432627 bytes, image/jpeg)
[7/38] phantom/phantom-extended/side_profile  ok (486026 bytes, image/jpeg)
[8/38] phantom/phantom-extended/interior_dashboard  ok (1849449 bytes, image/png)
[9/38] phantom/phantom-extended/interior_rear_seats  FAIL (wrong-content-type — content-type text/html;charset=utf-8)
[10/38] ghost/ghost/front_three_quarter  FAIL (wrong-content-type — content-type text/html;charset=utf-8)
[11/38] ghost/ghost/rear_three_quarter  FAIL (wrong-content-type — content-type text/html;charset=utf-8)
[12/38] ghost/ghost/side_profile  ok (3094097 bytes, image/jpeg)
[13/38] ghost/ghost/interior_dashboard  FAIL (wrong-content-type — content-type text/html;charset=utf-8)
[14/38] ghost/ghost-extended/front_three_quarter  FAIL (wrong-content-type — content-type text/html;charset=utf-8)
[15/38] ghost/ghost-extended/rear_three_quarter  FAIL (wrong-content-type — content-type text/html;charset=utf-8)
[16/38] ghost/ghost-extended/side_profile  ok (3094097 bytes, image/jpeg)
[17/38] ghost/ghost-extended/interior_dashboard  FAIL (wrong-content-type — content-type text/html;charset=utf-8)
[18/38] ghost/ghost-extended/interior_rear_seats  FAIL (wrong-content-type — content-type text/html;charset=utf-8)
[19/38] ghost-black-badge/black-badge-ghost/front_three_quarter  FAIL (wrong-content-type — content-type text/html;charset=utf-8)
[20/38] ghost-black-badge/black-badge-ghost/rear_three_quarter  FAIL (wrong-content-type — content-type text/html;charset=utf-8)
[21/38] ghost-black-badge/black-badge-ghost/side_profile  FAIL (wrong-content-type — content-type text/html;charset=utf-8)
[22/38] ghost-black-badge/black-badge-ghost/interior_dashboard  FAIL (wrong-content-type — content-type text/html;charset=utf-8)
[23/38] spectre/spectre/front_three_quarter  ok (1437365 bytes, image/jpeg)
[24/38] spectre/spectre/rear_three_quarter  FAIL (wrong-content-type — content-type text/html;charset=utf-8)
[25/38] spectre/spectre/side_profile  ok (1044647 bytes, image/jpeg)
[26/38] spectre/spectre/interior_dashboard  ok (1862780 bytes, image/jpeg)
[27/38] spectre-black-badge/black-badge-spectre/front_three_quarter  FAIL (wrong-content-type — content-type text/html;charset=utf-8)
[28/38] spectre-black-badge/black-badge-spectre/rear_three_quarter  FAIL (wrong-content-type — content-type text/html;charset=utf-8)
[29/38] spectre-black-badge/black-badge-spectre/side_profile  FAIL (wrong-content-type — content-type text/html;charset=utf-8)
[30/38] spectre-black-badge/black-badge-spectre/interior_dashboard  FAIL (wrong-content-type — content-type text/html;charset=utf-8)
[31/38] cullinan/cullinan/front_three_quarter  FAIL (wrong-content-type — content-type text/html;charset=utf-8)
[32/38] cullinan/cullinan/rear_three_quarter  FAIL (wrong-content-type — content-type text/html;charset=utf-8)
[33/38] cullinan/cullinan/side_profile  ok (1883977 bytes, image/jpeg)
[34/38] cullinan/cullinan/interior_dashboard  ok (1085921 bytes, image/jpeg)
[35/38] cullinan-black-badge/black-badge-cullinan/front_three_quarter  FAIL (wrong-content-type — content-type text/html;charset=utf-8)
[36/38] cullinan-black-badge/black-badge-cullinan/rear_three_quarter  FAIL (wrong-content-type — content-type text/html;charset=utf-8)
[37/38] cullinan-black-badge/black-badge-cullinan/side_profile  FAIL (wrong-content-type — content-type text/html;charset=utf-8)
[38/38] cullinan-black-badge/black-badge-cullinan/interior_dashboard  FAIL (wrong-content-type — content-type text/html;charset=utf-8)

Updated catalog/data/rolls-royce.json and data/rolls-royce.json with downloaded flags.

========================================
  SUMMARY
========================================
Brand:                  rolls-royce
Total images attempted: 38
Successful:             15 (39.5%)
Failed:                 23

Failed by HTTP status:
  (none)

Failed by other error kind:
  wrong-content-type: 23

Models with zero successful images: 3 of 7
  - ghost-black-badge (4 attempted)
  - spectre-black-badge (4 attempted)
  - cullinan-black-badge (4 attempted)

Failure breakdown (one example per group):
  [wrong-content-type (text/html;charset=utf-8)] x23 — e.g. https://www.rolls-roycemotorcars.com/en_US/showroom/phantom.html
