Brand: toyota
Referer header: https://www.toyota.com/
Found 140 image entries across 23 models.

[1/140] 4runner/sr5/front_three_quarter  FAIL (status — HTTP 403 Forbidden)
[2/140] 4runner/sr5/rear_three_quarter  FAIL (status — HTTP 403 Forbidden)
[3/140] 4runner/trd-sport/front_three_quarter  FAIL (status — HTTP 403 Forbidden)
[4/140] 4runner/trd-off-road/front_three_quarter  FAIL (status — HTTP 403 Forbidden)
[5/140] 4runner/limited/front_three_quarter  FAIL (status — HTTP 403 Forbidden)
[6/140] 4runner/limited/rear_three_quarter  FAIL (status — HTTP 403 Forbidden)
[7/140] 4runner/limited/side_profile  FAIL (status — HTTP 403 Forbidden)
[8/140] 4runner/limited/interior_dashboard  FAIL (status — HTTP 403 Forbidden)
[9/140] 4runner/platinum/front_three_quarter  FAIL (status — HTTP 403 Forbidden)
[10/140] 4runner/platinum/rear_three_quarter  FAIL (status — HTTP 403 Forbidden)
[11/140] 4runner/trailhunter/front_three_quarter  FAIL (status — HTTP 403 Forbidden)
[12/140] 4runner/trailhunter/rear_three_quarter  FAIL (status — HTTP 403 Forbidden)
[13/140] 4runner/trailhunter/side_profile  FAIL (status — HTTP 403 Forbidden)
[14/140] 4runner/trailhunter/interior_dashboard  FAIL (status — HTTP 403 Forbidden)
[15/140] 4runner/trd-pro/front_three_quarter  FAIL (status — HTTP 403 Forbidden)
[16/140] 4runner/trd-pro/rear_three_quarter  FAIL (status — HTTP 403 Forbidden)
[17/140] 4runner/trd-pro/side_profile  FAIL (status — HTTP 403 Forbidden)
[18/140] 4runner/trd-pro/interior_dashboard  FAIL (status — HTTP 403 Forbidden)
[19/140] bz/xle/front_three_quarter  FAIL (status — HTTP 403 Forbidden)
[20/140] bz/xle/rear_three_quarter  FAIL (status — HTTP 403 Forbidden)
[21/140] bz/xle/side_profile  FAIL (status — HTTP 403 Forbidden)
[22/140] bz/xle/interior_dashboard  FAIL (status — HTTP 403 Forbidden)
[23/140] bz/limited/front_three_quarter  FAIL (status — HTTP 403 Forbidden)
[24/140] bz-woodland/woodland/front_three_quarter  FAIL (status — HTTP 403 Forbidden)
[25/140] bz-woodland/woodland/rear_three_quarter  FAIL (status — HTTP 403 Forbidden)
[26/140] bz-woodland/woodland/side_profile  FAIL (status — HTTP 403 Forbidden)
[27/140] bz-woodland/woodland/interior_dashboard  FAIL (status — HTTP 403 Forbidden)
[28/140] bz-woodland/woodland-premium/front_three_quarter  FAIL (status — HTTP 403 Forbidden)
[29/140] c-hr/se/front_three_quarter  FAIL (status — HTTP 403 Forbidden)
[30/140] c-hr/se/rear_three_quarter  FAIL (status — HTTP 403 Forbidden)
[31/140] c-hr/se/side_profile  FAIL (status — HTTP 403 Forbidden)
[32/140] c-hr/se/interior_dashboard  FAIL (status — HTTP 403 Forbidden)
[33/140] c-hr/xse/front_three_quarter  FAIL (status — HTTP 403 Forbidden)
[34/140] c-hr/xse/interior_dashboard  FAIL (status — HTTP 403 Forbidden)
[35/140] camry/le/front_three_quarter  FAIL (status — HTTP 403 Forbidden)
[36/140] camry/le/rear_three_quarter  FAIL (status — HTTP 403 Forbidden)
[37/140] camry/le/side_profile  FAIL (status — HTTP 403 Forbidden)
[38/140] camry/le/interior_dashboard  FAIL (status — HTTP 403 Forbidden)
[39/140] camry/se/front_three_quarter  FAIL (status — HTTP 403 Forbidden)
[40/140] camry/se/rear_three_quarter  FAIL (status — HTTP 403 Forbidden)
[41/140] camry/se/side_profile  FAIL (status — HTTP 403 Forbidden)
[42/140] camry/se/interior_dashboard  FAIL (status — HTTP 403 Forbidden)
[43/140] camry/nightshade/front_three_quarter  FAIL (status — HTTP 403 Forbidden)
[44/140] camry/nightshade/rear_three_quarter  FAIL (status — HTTP 403 Forbidden)
[45/140] camry/nightshade/side_profile  FAIL (status — HTTP 403 Forbidden)
[46/140] camry/nightshade/interior_dashboard  FAIL (status — HTTP 403 Forbidden)
[47/140] camry/xle/front_three_quarter  FAIL (status — HTTP 403 Forbidden)
[48/140] camry/xle/rear_three_quarter  FAIL (status — HTTP 403 Forbidden)
[49/140] camry/xle/side_profile  FAIL (status — HTTP 403 Forbidden)
[50/140] camry/xle/interior_dashboard  FAIL (status — HTTP 403 Forbidden)
[51/140] camry/xle-awd/front_three_quarter  FAIL (status — HTTP 403 Forbidden)
[52/140] camry/xse/front_three_quarter  FAIL (status — HTTP 403 Forbidden)
[53/140] camry/xse/rear_three_quarter  FAIL (status — HTTP 403 Forbidden)
[54/140] camry/xse/side_profile  FAIL (status — HTTP 403 Forbidden)
[55/140] camry/xse/interior_dashboard  FAIL (status — HTTP 403 Forbidden)
[56/140] camry/xse-awd/front_three_quarter  FAIL (status — HTTP 403 Forbidden)
[57/140] camry/xse-awd/side_profile  FAIL (status — HTTP 403 Forbidden)
[58/140] corolla/le/front_three_quarter  FAIL (status — HTTP 403 Forbidden)
[59/140] corolla/le/rear_three_quarter  FAIL (status — HTTP 403 Forbidden)
[60/140] corolla/le/side_profile  FAIL (status — HTTP 403 Forbidden)
[61/140] corolla/le/interior_dashboard  FAIL (status — HTTP 403 Forbidden)
[62/140] corolla/xse/front_three_quarter  FAIL (status — HTTP 403 Forbidden)
[63/140] corolla/xse/rear_three_quarter  FAIL (status — HTTP 403 Forbidden)
[64/140] corolla/xse/side_profile  FAIL (status — HTTP 403 Forbidden)
[65/140] corolla/xse/interior_dashboard  FAIL (status — HTTP 403 Forbidden)
[66/140] corolla/hybrid-le/front_three_quarter  FAIL (status — HTTP 403 Forbidden)
[67/140] corolla/hybrid-le/rear_three_quarter  FAIL (status — HTTP 403 Forbidden)
[68/140] corolla/hybrid-le/side_profile  FAIL (status — HTTP 403 Forbidden)
[69/140] corolla/hybrid-le/interior_dashboard  FAIL (status — HTTP 403 Forbidden)
[70/140] corolla/hybrid-se-awd/front_three_quarter  FAIL (status — HTTP 403 Forbidden)
[71/140] corolla-cross/l/front_three_quarter  FAIL (status — HTTP 403 Forbidden)
[72/140] corolla-cross/l/rear_three_quarter  FAIL (status — HTTP 403 Forbidden)
[73/140] corolla-cross/xle/front_three_quarter  FAIL (status — HTTP 403 Forbidden)
[74/140] corolla-cross/xle/rear_three_quarter  FAIL (status — HTTP 403 Forbidden)
[75/140] corolla-cross/xle/interior_dashboard  FAIL (status — HTTP 403 Forbidden)
[76/140] corolla-cross/hybrid-s/front_three_quarter  FAIL (status — HTTP 403 Forbidden)
[77/140] corolla-cross/hybrid-s/rear_three_quarter  FAIL (status — HTTP 403 Forbidden)
[78/140] corolla-cross/hybrid-s/interior_dashboard  FAIL (status — HTTP 403 Forbidden)
[79/140] corolla-hatchback/se/front_three_quarter  FAIL (status — HTTP 403 Forbidden)
[80/140] corolla-hatchback/se/rear_three_quarter  FAIL (status — HTTP 403 Forbidden)
[81/140] corolla-hatchback/se/side_profile  FAIL (status — HTTP 403 Forbidden)
[82/140] corolla-hatchback/se/interior_dashboard  FAIL (status — HTTP 403 Forbidden)
[83/140] corolla-hatchback/fx-edition/front_three_quarter  FAIL (status — HTTP 403 Forbidden)
[84/140] crown/xle/front_three_quarter  FAIL (status — HTTP 403 Forbidden)
[85/140] crown/xle/rear_three_quarter  FAIL (status — HTTP 403 Forbidden)
[86/140] crown/xle/side_profile  FAIL (status — HTTP 403 Forbidden)
[87/140] crown/xle/interior_dashboard  FAIL (status — HTTP 403 Forbidden)
[88/140] crown/limited/front_three_quarter  FAIL (status — HTTP 403 Forbidden)
[89/140] crown/nightshade/front_three_quarter  FAIL (status — HTTP 403 Forbidden)
[90/140] crown/nightshade/interior_dashboard  FAIL (status — HTTP 403 Forbidden)
[91/140] crown/platinum/front_three_quarter  FAIL (status — HTTP 403 Forbidden)
[92/140] crown/platinum/rear_three_quarter  FAIL (status — HTTP 403 Forbidden)
[93/140] crown/platinum/side_profile  FAIL (status — HTTP 403 Forbidden)
[94/140] crown/platinum/interior_dashboard  FAIL (status — HTTP 403 Forbidden)
[95/140] crown-signia/xle/front_three_quarter  FAIL (status — HTTP 403 Forbidden)
[96/140] crown-signia/xle/rear_three_quarter  FAIL (status — HTTP 403 Forbidden)
[97/140] crown-signia/xle/side_profile  FAIL (status — HTTP 403 Forbidden)
[98/140] crown-signia/xle/interior_dashboard  FAIL (status — HTTP 403 Forbidden)
[99/140] crown-signia/limited/front_three_quarter  FAIL (status — HTTP 403 Forbidden)
[100/140] crown-signia/limited/side_profile  FAIL (status — HTTP 403 Forbidden)
[101/140] gr-corolla/core/front_three_quarter  FAIL (wrong-content-type — content-type text/html;charset=utf-8)
[102/140] gr-supra/3-0/front_three_quarter  FAIL (wrong-content-type — content-type text/html;charset=utf-8)
[103/140] gr86/base/front_three_quarter  FAIL (wrong-content-type — content-type text/html;charset=utf-8)
[104/140] grand-highlander/le/front_three_quarter  FAIL (status — HTTP 403 Forbidden)
[105/140] grand-highlander/hybrid-le/front_three_quarter  FAIL (status — HTTP 403 Forbidden)
[106/140] grand-highlander/hybrid-max-limited/front_three_quarter  FAIL (status — HTTP 403 Forbidden)
[107/140] highlander/xle/front_three_quarter  FAIL (status — HTTP 403 Forbidden)
[108/140] highlander/xle/rear_three_quarter  FAIL (status — HTTP 403 Forbidden)
[109/140] highlander/xse/front_three_quarter  FAIL (status — HTTP 403 Forbidden)
[110/140] highlander/limited/front_three_quarter  FAIL (status — HTTP 403 Forbidden)
[111/140] highlander/platinum/front_three_quarter  FAIL (status — HTTP 403 Forbidden)
[112/140] highlander/hybrid-xle/front_three_quarter  FAIL (status — HTTP 403 Forbidden)
[113/140] highlander/hybrid-xle/rear_three_quarter  FAIL (status — HTTP 403 Forbidden)
[114/140] land-cruiser/1958/front_three_quarter  FAIL (status — HTTP 403 Forbidden)
[115/140] mirai/xle/front_three_quarter  FAIL (status — HTTP 403 Forbidden)
[116/140] mirai/xle/rear_three_quarter  FAIL (status — HTTP 403 Forbidden)
[117/140] mirai/xle/side_profile  FAIL (status — HTTP 403 Forbidden)
[118/140] mirai/xle/interior_dashboard  FAIL (status — HTTP 403 Forbidden)
[119/140] prius/le/front_three_quarter  FAIL (status — HTTP 403 Forbidden)
[120/140] prius/le/rear_three_quarter  FAIL (status — HTTP 403 Forbidden)
[121/140] prius/le/side_profile  FAIL (status — HTTP 403 Forbidden)
[122/140] prius/le/interior_dashboard  FAIL (status — HTTP 403 Forbidden)
[123/140] prius/xle/front_three_quarter  FAIL (status — HTTP 403 Forbidden)
[124/140] prius/nightshade/front_three_quarter  FAIL (status — HTTP 403 Forbidden)
[125/140] prius/nightshade/rear_three_quarter  FAIL (status — HTTP 403 Forbidden)
[126/140] prius/nightshade/side_profile  FAIL (status — HTTP 403 Forbidden)
[127/140] prius/nightshade/interior_dashboard  FAIL (status — HTTP 403 Forbidden)
[128/140] prius/limited/front_three_quarter  FAIL (status — HTTP 403 Forbidden)
[129/140] prius/phev-se/front_three_quarter  FAIL (status — HTTP 403 Forbidden)
[130/140] prius/phev-se/rear_three_quarter  FAIL (status — HTTP 403 Forbidden)
[131/140] prius/phev-se/side_profile  FAIL (status — HTTP 403 Forbidden)
[132/140] prius/phev-se/interior_dashboard  FAIL (status — HTTP 403 Forbidden)
[133/140] prius/phev-nightshade/front_three_quarter  FAIL (status — HTTP 403 Forbidden)
[134/140] prius/phev-nightshade/rear_three_quarter  FAIL (status — HTTP 403 Forbidden)
[135/140] prius/phev-nightshade/side_profile  FAIL (status — HTTP 403 Forbidden)
[136/140] prius/phev-xse-premium/interior_dashboard  FAIL (status — HTTP 403 Forbidden)
[137/140] rav4/hybrid-le/front_three_quarter  FAIL (status — HTTP 403 Forbidden)
[138/140] rav4/hybrid-limited-awd/front_three_quarter  FAIL (status — HTTP 403 Forbidden)
[139/140] rav4/hybrid-woodland-awd/front_three_quarter  FAIL (status — HTTP 403 Forbidden)
[140/140] rav4/phev-gr-sport-awd/front_three_quarter  FAIL (status — HTTP 403 Forbidden)

No downloads succeeded — JSON files left untouched.

========================================
  SUMMARY
========================================
Brand:                  toyota
Total images attempted: 140
Successful:             0 (0.0%)
Failed:                 140

Failed by HTTP status:
  403: 137

Failed by other error kind:
  wrong-content-type: 3

Models with zero successful images: 19 of 23
  - 4runner (18 attempted)
  - bz (5 attempted)
  - bz-woodland (5 attempted)
  - c-hr (6 attempted)
  - camry (23 attempted)
  - corolla (13 attempted)
  - corolla-cross (8 attempted)
  - corolla-hatchback (5 attempted)
  - crown (11 attempted)
  - crown-signia (6 attempted)
  - gr-corolla (1 attempted)
  - gr-supra (1 attempted)
  - gr86 (1 attempted)
  - grand-highlander (3 attempted)
  - highlander (7 attempted)
  - land-cruiser (1 attempted)
  - mirai (4 attempted)
  - prius (18 attempted)
  - rav4 (4 attempted)

Failure breakdown (one example per group):
  [status-403] x137 — e.g. https://toyota-cms-media.s3.amazonaws.com/wp-content/uploads/2025/10/2026_Toyota_4Runner_Group_1.jpg
  [wrong-content-type (text/html;charset=utf-8)] x3 — e.g. https://www.toyota.com/grcorolla/
