# Extra hyundai vlp-hero probe — 2026-05-15T05:13:19.595Z

========== venue ==========
  finalUrl: https://www.hyundaiusa.com/us/en/vehicles/venue  (8267469 bytes)
  0 vlp-hero URLs (any size):
  no vlp-hero URL found on this page

========== sonata ==========
  finalUrl: https://www.hyundaiusa.com/us/en/vehicles/sonata  (9803273 bytes)
  0 vlp-hero URLs (any size):
  no vlp-hero URL found on this page

========== kona ==========
  finalUrl: https://www.hyundaiusa.com/us/en/vehicles/kona  (8672807 bytes)
  0 vlp-hero URLs (any size):
  no vlp-hero URL found on this page

========== santa-cruz ==========
  finalUrl: https://www.hyundaiusa.com/us/en/vehicles/santa-cruz  (9047916 bytes)
  0 vlp-hero URLs (any size):
  no vlp-hero URL found on this page

========== palisade ==========
  finalUrl: https://www.hyundaiusa.com/us/en/vehicles/palisade  (9327633 bytes)
  0 vlp-hero URLs (any size):
  no vlp-hero URL found on this page

========== ioniq-9 ==========
  finalUrl: https://www.hyundaiusa.com/us/en/vehicles/ioniq-9  (8989831 bytes)
  0 vlp-hero URLs (any size):
  no vlp-hero URL found on this page

========== elantra-n ==========
  finalUrl: https://www.hyundaiusa.com/us/en/vehicles/elantra-n  (8239922 bytes)
  0 vlp-hero URLs (any size):
  no vlp-hero URL found on this page

========== ioniq-5-n ==========
  finalUrl: https://www.hyundaiusa.com/us/en/vehicles/ioniq-5-n  (8405304 bytes)
  0 vlp-hero URLs (any size):
  no vlp-hero URL found on this page

========== ioniq-6-n ==========
  finalUrl: https://www.hyundaiusa.com/us/en/vehicles/ioniq-6-n  (7721409 bytes)
  0 vlp-hero URLs (any size):
  no vlp-hero URL found on this page
